0001_0104_0082_0031_0031.jpg 1 104 82 31 31
0002_0021_0025_0101_0101.jpg 1 21 25 101 101
0003_0042_0041_0075_0075.jpg 1 42 41 75 75
0004_0044_0062_0064_0064.jpg 1 44 62 64 64
0005_0037_0055_0050_0050.jpg 1 37 55 50 50
0006_0039_0041_0081_0081.jpg 1 39 41 81 81
0007_0058_0053_0080_0080.jpg 1 58 53 80 80
0008_0025_0052_0086_0086.jpg 1 25 52 86 86
0009_0051_0020_0090_0090.jpg 1 51 20 90 90
0010_0042_0018_0069_0069.jpg 1 42 18 69 69
0011_0009_0011_0061_0061.jpg 1 9 11 61 61
0012_0036_0041_0069_0069.jpg 1 36 41 69 69
0013_0044_0044_0074_0074.jpg 1 44 44 74 74
0014_0043_0036_0055_0055.jpg 1 43 36 55 55
0015_0027_0035_0099_0099.jpg 1 27 35 99 99
0016_0044_0039_0079_0079.jpg 1 44 39 79 79
0017_0019_0028_0081_0081.jpg 1 19 28 81 81
0018_0031_0005_0098_0098.jpg 1 31 5 98 98
0019_0037_0047_0094_0094.jpg 1 37 47 94 94
0020_0026_0027_0065_0065.jpg 1 26 27 65 65
0021_0060_0056_0068_0068.jpg 1 60 56 68 68
0022_0036_0063_0079_0079.jpg 1 36 63 79 79
0023_0019_0026_0094_0094.jpg 1 19 26 94 94
0024_0063_0074_0047_0047.jpg 1 63 74 47 47
0025_0034_0037_0097_0097.jpg 1 34 37 97 97
0026_0011_0025_0067_0067.jpg 1 11 25 67 67
0027_0033_0049_0043_0043.jpg 1 33 49 43 43
0028_0031_0049_0039_0039.jpg 1 31 49 39 39
0029_0034_0035_0076_0076.jpg 1 34 35 76 76
0030_0081_0016_0034_0034.jpg 1 81 16 34 34
0031_0012_0024_0093_0093.jpg 1 12 24 93 93
0032_0015_0094_0035_0035.jpg 1 15 94 35 35
0033_0026_0078_0029_0029.jpg 1 26 78 29 29
0034_0041_0010_0043_0043.jpg 1 41 10 43 43
0035_0042_0029_0090_0090.jpg 1 42 29 90 90
0036_0106_0093_0030_0030.jpg 1 106 93 30 30
0037_0035_0059_0081_0081.jpg 1 35 59 81 81
0038_0083_0086_0039_0039.jpg 1 83 86 39 39
0039_0014_0038_0087_0087.jpg 1 14 38 87 87
0040_0051_0073_0032_0032.jpg 1 51 73 32 32
0041_0058_0060_0024_0024.jpg 1 58 60 24 24
0042_0025_0052_0078_0078.jpg 1 25 52 78 78
0043_0059_0080_0032_0032.jpg 1 59 80 32 32
0044_0073_0039_0045_0045.jpg 1 73 39 45 45
0045_0017_0033_0103_0103.jpg 1 17 33 103 103
0046_0042_0044_0076_0076.jpg 1 42 44 76 76
0047_0040_0047_0085_0085.jpg 1 40 47 85 85
0048_0011_0040_0085_0085.jpg 1 11 40 85 85
0049_0041_0037_0052_0052.jpg 1 41 37 52 52
0050_0057_0046_0073_0073.jpg 1 57 46 73 73
0051_0023_0022_0048_0048.jpg 1 23 22 48 48
0052_0072_0020_0042_0042.jpg 1 72 20 42 42
0053_0043_0051_0043_0043.jpg 1 43 51 43 43
0054_0072_0031_0057_0057.jpg 1 72 31 57 57
0055_0020_0017_0053_0053.jpg 1 20 17 53 53
0056_0064_0085_0032_0032.jpg 1 64 85 32 32
0057_0034_0012_0062_0062.jpg 1 34 12 62 62
0058_0047_0009_0086_0086.jpg 1 47 9 86 86
0059_0023_0051_0066_0066.jpg 1 23 51 66 66
0060_0018_0095_0024_0024.jpg 1 18 95 24 24
0061_0063_0054_0068_0068.jpg 1 63 54 68 68
0062_0074_0049_0064_0064.jpg 1 74 49 64 64
0063_0053_0046_0058_0058.jpg 1 53 46 58 58
0064_0050_0008_0084_0084.jpg 1 50 8 84 84
0065_0031_0067_0042_0042.jpg 1 31 67 42 42
0066_0020_0014_0099_0099.jpg 1 20 14 99 99
0067_0054_0044_0040_0040.jpg 1 54 44 40 40
0068_0023_0050_0091_0091.jpg 1 23 50 91 91
0069_0037_0028_0103_0103.jpg 1 37 28 103 103
0070_0054_0044_0080_0080.jpg 1 54 44 80 80
0071_0069_0036_0036_0036.jpg 1 69 36 36 36
0072_0045_0060_0077_0077.jpg 1 45 60 77 77
0073_0048_0043_0093_0093.jpg 1 48 43 93 93
0074_0047_0064_0024_0024.jpg 1 47 64 24 24
0075_0018_0078_0051_0051.jpg 1 18 78 51 51
0076_0055_0063_0041_0041.jpg 1 55 63 41 41
0077_0059_0058_0026_0026.jpg 1 59 58 26 26
0078_0091_0043_0042_0042.jpg 1 91 43 42 42
0079_0053_0032_0077_0077.jpg 1 53 32 77 77
0080_0012_0054_0055_0055.jpg 1 12 54 55 55
0081_0046_0093_0028_0028.jpg 1 46 93 28 28
0082_0030_0055_0062_0062.jpg 1 30 55 62 62
0083_0088_0037_0030_0030.jpg 1 88 37 30 30
0084_0078_0032_0028_0028.jpg 1 78 32 28 28
0085_0017_0035_0064_0064.jpg 1 17 35 64 64
0086_0038_0045_0072_0072.jpg 1 38 45 72 72
0087_0007_0043_0095_0095.jpg 1 7 43 95 95
0088_0042_0012_0102_0102.jpg 1 42 12 102 102
0089_0070_0011_0068_0068.jpg 1 70 11 68 68
0090_0039_0050_0075_0075.jpg 1 39 50 75 75
0091_0012_0014_0086_0086.jpg 1 12 14 86 86
0092_0043_0008_0089_0089.jpg 1 43 8 89 89
0093_0085_0057_0041_0041.jpg 1 85 57 41 41
0094_0049_0033_0091_0091.jpg 1 49 33 91 91
0095_0064_0042_0043_0043.jpg 1 64 42 43 43
0096_0078_0014_0024_0024.jpg 1 78 14 24 24
0097_0019_0042_0100_0100.jpg 1 19 42 100 100
0098_0042_0041_0026_0026.jpg 1 42 41 26 26
0099_0039_0025_0096_0096.jpg 1 39 25 96 96
0100_0060_0034_0076_0076.jpg 1 60 34 76 76
0101_0017_0058_0024_0024.jpg 1 17 58 24 24
0102_0010_0013_0077_0077.jpg 1 10 13 77 77
0103_0053_0060_0077_0077.jpg 1 53 60 77 77
0104_0020_0031_0045_0045.jpg 1 20 31 45 45
0105_0073_0047_0024_0024.jpg 1 73 47 24 24
0106_0080_0032_0043_0043.jpg 1 80 32 43 43
0107_0075_0088_0046_0046.jpg 1 75 88 46 46
0108_0016_0008_0098_0098.jpg 1 16 8 98 98
0109_0014_0030_0079_0079.jpg 1 14 30 79 79
0110_0031_0012_0097_0097.jpg 1 31 12 97 97
0111_0091_0092_0035_0035.jpg 1 91 92 35 35
0112_0070_0039_0033_0033.jpg 1 70 39 33 33
0113_0010_0064_0078_0078.jpg 1 10 64 78 78
0114_0020_0034_0063_0063.jpg 1 20 34 63 63
0115_0060_0019_0079_0079.jpg 1 60 19 79 79
0116_0083_0077_0049_0049.jpg 1 83 77 49 49
0117_0026_0018_0101_0101.jpg 1 26 18 101 101
0118_0033_0057_0068_0068.jpg 1 33 57 68 68
0119_0044_0042_0040_0040.jpg 1 44 42 40 40
0120_0011_0086_0049_0049.jpg 1 11 86 49 49
0121_0111_0109_0024_0024.jpg 1 111 109 24 24
0122_0012_0034_0061_0061.jpg 1 12 34 61 61
0123_0025_0054_0053_0053.jpg 1 25 54 53 53
0124_0044_0068_0037_0037.jpg 1 44 68 37 37
0125_0035_0012_0084_0084.jpg 1 35 12 84 84
0126_0013_0058_0064_0064.jpg 1 13 58 64 64
0127_0023_0063_0038_0038.jpg 1 23 63 38 38
0128_0005_0015_0096_0096.jpg 1 5 15 96 96
0129_0069_0070_0037_0037.jpg 1 69 70 37 37
0130_0108_0093_0025_0025.jpg 1 108 93 25 25
0131_0055_0025_0030_0030.jpg 1 55 25 30 30
0132_0094_0038_0030_0030.jpg 1 94 38 30 30
0133_0014_0093_0045_0045.jpg 1 14 93 45 45
0134_0016_0008_0079_0079.jpg 1 16 8 79 79
0135_0068_0022_0056_0056.jpg 1 68 22 56 56
0136_0025_0026_0099_0099.jpg 1 25 26 99 99
0137_0056_0030_0078_0078.jpg 1 56 30 78 78
0138_0012_0036_0091_0091.jpg 1 12 36 91 91
0139_0060_0045_0059_0059.jpg 1 60 45 59 59
0140_0049_0041_0067_0067.jpg 1 49 41 67 67
0141_0018_0013_0079_0079.jpg 1 18 13 79 79
0142_0045_0046_0094_0094.jpg 1 45 46 94 94
0143_0010_0037_0086_0086.jpg 1 10 37 86 86
0144_0016_0038_0104_0104.jpg 1 16 38 104 104
0145_0030_0007_0091_0091.jpg 1 30 7 91 91
0146_0043_0025_0043_0043.jpg 1 43 25 43 43
0147_0046_0009_0059_0059.jpg 1 46 9 59 59
0148_0050_0058_0049_0049.jpg 1 50 58 49 49
0149_0026_0050_0075_0075.jpg 1 26 50 75 75
0150_0055_0086_0039_0039.jpg 1 55 86 39 39
0151_0015_0013_0085_0085.jpg 1 15 13 85 85
0152_0091_0070_0030_0030.jpg 1 91 70 30 30
0153_0027_0049_0093_0093.jpg 1 27 49 93 93
0154_0059_0030_0061_0061.jpg 1 59 30 61 61
0155_0103_0033_0032_0032.jpg 1 103 33 32 32
0156_0075_0063_0050_0050.jpg 1 75 63 50 50
0157_0058_0041_0078_0078.jpg 1 58 41 78 78
0158_0055_0052_0056_0056.jpg 1 55 52 56 56
0159_0027_0026_0087_0087.jpg 1 27 26 87 87
0160_0029_0055_0061_0061.jpg 1 29 55 61 61
0161_0042_0039_0026_0026.jpg 1 42 39 26 26
0162_0011_0037_0104_0104.jpg 1 11 37 104 104
0163_0033_0067_0070_0070.jpg 1 33 67 70 70
0164_0085_0054_0052_0052.jpg 1 85 54 52 52
0165_0027_0048_0083_0083.jpg 1 27 48 83 83
0166_0088_0049_0025_0025.jpg 1 88 49 25 25
0167_0091_0068_0043_0043.jpg 1 91 68 43 43
0168_0065_0072_0036_0036.jpg 1 65 72 36 36
0169_0058_0054_0059_0059.jpg 1 58 54 59 59
0170_0029_0028_0101_0101.jpg 1 29 28 101 101
0171_0072_0009_0062_0062.jpg 1 72 9 62 62
0172_0082_0075_0052_0052.jpg 1 82 75 52 52
0173_0069_0026_0033_0033.jpg 1 69 26 33 33
0174_0028_0016_0103_0103.jpg 1 28 16 103 103
0175_0016_0016_0063_0063.jpg 1 16 16 63 63
0176_0010_0040_0094_0094.jpg 1 10 40 94 94
0177_0078_0059_0061_0061.jpg 1 78 59 61 61
0178_0023_0103_0034_0034.jpg 1 23 103 34 34
0179_0041_0054_0028_0028.jpg 1 41 54 28 28
0180_0029_0058_0067_0067.jpg 1 29 58 67 67
0181_0009_0035_0078_0078.jpg 1 9 35 78 78
0182_0024_0029_0086_0086.jpg 1 24 29 86 86
0183_0045_0050_0082_0082.jpg 1 45 50 82 82
0184_0008_0025_0072_0072.jpg 1 8 25 72 72
0185_0047_0023_0045_0045.jpg 1 47 23 45 45
0186_0075_0038_0034_0034.jpg 1 75 38 34 34
0187_0048_0017_0057_0057.jpg 1 48 17 57 57
0188_0079_0030_0047_0047.jpg 1 79 30 47 47
0189_0016_0026_0101_0101.jpg 1 16 26 101 101
0190_0068_0053_0054_0054.jpg 1 68 53 54 54
0191_0059_0058_0075_0075.jpg 1 59 58 75 75
0192_0071_0111_0026_0026.jpg 1 71 111 26 26
0193_0056_0054_0046_0046.jpg 1 56 54 46 46
0194_0033_0016_0041_0041.jpg 1 33 16 41 41
0195_0033_0071_0063_0063.jpg 1 33 71 63 63
0196_0016_0032_0099_0099.jpg 1 16 32 99 99
0197_0036_0041_0103_0103.jpg 1 36 41 103 103
0198_0057_0037_0049_0049.jpg 1 57 37 49 49
0199_0042_0064_0043_0043.jpg 1 42 64 43 43
0200_0037_0023_0033_0033.jpg 1 37 23 33 33
0201_0037_0008_0080_0080.jpg 1 37 8 80 80
0202_0042_0038_0095_0095.jpg 1 42 38 95 95
0203_0062_0046_0028_0028.jpg 1 62 46 28 28
0204_0026_0063_0071_0071.jpg 1 26 63 71 71
0205_0027_0030_0097_0097.jpg 1 27 30 97 97
0206_0032_0052_0092_0092.jpg 1 32 52 92 92
0207_0023_0059_0061_0061.jpg 1 23 59 61 61
0208_0034_0050_0088_0088.jpg 1 34 50 88 88
0209_0046_0009_0090_0090.jpg 1 46 9 90 90
0210_0012_0050_0081_0081.jpg 1 12 50 81 81
0211_0088_0091_0046_0046.jpg 1 88 91 46 46
0212_0022_0058_0065_0065.jpg 1 22 58 65 65
0213_0009_0014_0083_0083.jpg 1 9 14 83 83
0214_0011_0041_0087_0087.jpg 1 11 41 87 87
0215_0084_0023_0036_0036.jpg 1 84 23 36 36
0216_0036_0028_0098_0098.jpg 1 36 28 98 98
0217_0066_0038_0029_0029.jpg 1 66 38 29 29
0218_0042_0041_0090_0090.jpg 1 42 41 90 90
0219_0035_0049_0073_0073.jpg 1 35 49 73 73
0220_0064_0029_0027_0027.jpg 1 64 29 27 27
0221_0012_0012_0063_0063.jpg 1 12 12 63 63
0222_0033_0017_0093_0093.jpg 1 33 17 93 93
0223_0070_0017_0071_0071.jpg 1 70 17 71 71
0224_0044_0014_0088_0088.jpg 1 44 14 88 88
0225_0016_0089_0039_0039.jpg 1 16 89 39 39
0226_0084_0034_0034_0034.jpg 1 84 34 34 34
0227_0036_0014_0073_0073.jpg 1 36 14 73 73
0228_0017_0020_0104_0104.jpg 1 17 20 104 104
0229_0012_0043_0083_0083.jpg 1 12 43 83 83
0230_0026_0017_0051_0051.jpg 1 26 17 51 51
0231_0028_0070_0052_0052.jpg 1 28 70 52 52
0232_0054_0058_0025_0025.jpg 1 54 58 25 25
0233_0022_0037_0096_0096.jpg 1 22 37 96 96
0234_0023_0065_0074_0074.jpg 1 23 65 74 74
0235_0101_0050_0029_0029.jpg 1 101 50 29 29
0236_0013_0007_0103_0103.jpg 1 13 7 103 103
0237_0036_0025_0103_0103.jpg 1 36 25 103 103
0238_0060_0052_0038_0038.jpg 1 60 52 38 38
0239_0032_0047_0091_0091.jpg 1 32 47 91 91
0240_0044_0044_0092_0092.jpg 1 44 44 92 92
0241_0027_0066_0057_0057.jpg 1 27 66 57 57
0242_0107_0091_0027_0027.jpg 1 107 91 27 27
0243_0056_0008_0085_0085.jpg 1 56 8 85 85
0244_0028_0025_0094_0094.jpg 1 28 25 94 94
0245_0018_0014_0097_0097.jpg 1 18 14 97 97
0246_0085_0098_0032_0032.jpg 1 85 98 32 32
0247_0018_0041_0096_0096.jpg 1 18 41 96 96
0248_0020_0047_0033_0033.jpg 1 20 47 33 33
0249_0048_0041_0071_0071.jpg 1 48 41 71 71
0250_0025_0028_0102_0102.jpg 1 25 28 102 102
0251_0023_0049_0037_0037.jpg 1 23 49 37 37
0252_0036_0091_0025_0025.jpg 1 36 91 25 25
0253_0075_0075_0037_0037.jpg 1 75 75 37 37
0254_0011_0099_0038_0038.jpg 1 11 99 38 38
0255_0033_0032_0072_0072.jpg 1 33 32 72 72
0256_0079_0052_0033_0033.jpg 1 79 52 33 33
0257_0064_0055_0041_0041.jpg 1 64 55 41 41
0258_0053_0046_0077_0077.jpg 1 53 46 77 77
0259_0021_0039_0027_0027.jpg 1 21 39 27 27
0260_0023_0034_0092_0092.jpg 1 23 34 92 92
0261_0016_0011_0095_0095.jpg 1 16 11 95 95
0262_0096_0065_0025_0025.jpg 1 96 65 25 25
0263_0019_0043_0096_0096.jpg 1 19 43 96 96
0264_0025_0079_0061_0061.jpg 1 25 79 61 61
0265_0056_0060_0056_0056.jpg 1 56 60 56 56
0266_0011_0072_0040_0040.jpg 1 11 72 40 40
0267_0043_0039_0094_0094.jpg 1 43 39 94 94
0268_0075_0021_0045_0045.jpg 1 75 21 45 45
0269_0018_0068_0059_0059.jpg 1 18 68 59 59
0270_0076_0012_0035_0035.jpg 1 76 12 35 35
0271_0027_0054_0028_0028.jpg 1 27 54 28 28
0272_0032_0024_0079_0079.jpg 1 32 24 79 79
0273_0031_0089_0036_0036.jpg 1 31 89 36 36
0274_0107_0077_0030_0030.jpg 1 107 77 30 30
0275_0060_0085_0044_0044.jpg 1 60 85 44 44
0276_0038_0063_0063_0063.jpg 1 38 63 63 63
0277_0072_0055_0059_0059.jpg 1 72 55 59 59
0278_0032_0075_0054_0054.jpg 1 32 75 54 54
0279_0023_0013_0076_0076.jpg 1 23 13 76 76
0280_0016_0042_0069_0069.jpg 1 16 42 69 69
0281_0016_0059_0076_0076.jpg 1 16 59 76 76
0282_0048_0021_0051_0051.jpg 1 48 21 51 51
0283_0063_0064_0070_0070.jpg 1 63 64 70 70
0284_0037_0028_0082_0082.jpg 1 37 28 82 82
0285_0050_0046_0065_0065.jpg 1 50 46 65 65
0286_0056_0042_0063_0063.jpg 1 56 42 63 63
0287_0043_0076_0024_0024.jpg 1 43 76 24 24
0288_0027_0079_0051_0051.jpg 1 27 79 51 51
0289_0057_0016_0083_0083.jpg 1 57 16 83 83
0290_0099_0048_0028_0028.jpg 1 99 48 28 28
0291_0038_0080_0034_0034.jpg 1 38 80 34 34
0292_0031_0032_0076_0076.jpg 1 31 32 76 76
0293_0090_0092_0041_0041.jpg 1 90 92 41 41
0294_0010_0016_0104_0104.jpg 1 10 16 104 104
0295_0052_0034_0087_0087.jpg 1 52 34 87 87
0296_0026_0043_0095_0095.jpg 1 26 43 95 95
0297_0047_0038_0092_0092.jpg 1 47 38 92 92
0298_0047_0092_0031_0031.jpg 1 47 92 31 31
0299_0031_0059_0080_0080.jpg 1 31 59 80 80
0300_0027_0070_0034_0034.jpg 1 27 70 34 34
0301_0028_0017_0064_0064.jpg 1 28 17 64 64
0302_0038_0024_0100_0100.jpg 1 38 24 100 100
0303_0016_0018_0077_0077.jpg 1 16 18 77 77
0304_0086_0084_0028_0028.jpg 1 86 84 28 28
0305_0084_0106_0027_0027.jpg 1 84 106 27 27
0306_0053_0066_0055_0055.jpg 1 53 66 55 55
0307_0084_0034_0039_0039.jpg 1 84 34 39 39
0308_0071_0039_0051_0051.jpg 1 71 39 51 51
0309_0038_0043_0060_0060.jpg 1 38 43 60 60
0310_0023_0059_0030_0030.jpg 1 23 59 30 30
0311_0018_0011_0061_0061.jpg 1 18 11 61 61
0312_0020_0031_0090_0090.jpg 1 20 31 90 90
0313_0047_0031_0093_0093.jpg 1 47 31 93 93
0314_0045_0063_0073_0073.jpg 1 45 63 73 73
0315_0067_0080_0041_0041.jpg 1 67 80 41 41
0316_0016_0018_0102_0102.jpg 1 16 18 102 102
0317_0052_0019_0085_0085.jpg 1 52 19 85 85
0318_0031_0052_0039_0039.jpg 1 31 52 39 39
0319_0058_0044_0082_0082.jpg 1 58 44 82 82
0320_0059_0059_0075_0075.jpg 1 59 59 75 75
0321_0055_0052_0032_0032.jpg 1 55 52 32 32
0322_0046_0051_0050_0050.jpg 1 46 51 50 50
0323_0015_0010_0087_0087.jpg 1 15 10 87 87
0324_0015_0029_0088_0088.jpg 1 15 29 88 88
0325_0046_0067_0043_0043.jpg 1 46 67 43 43
0326_0049_0043_0073_0073.jpg 1 49 43 73 73
0327_0057_0034_0064_0064.jpg 1 57 34 64 64
0328_0048_0100_0032_0032.jpg 1 48 100 32 32
0329_0008_0067_0074_0074.jpg 1 8 67 74 74
0330_0040_0043_0090_0090.jpg 1 40 43 90 90
0331_0095_0030_0026_0026.jpg 1 95 30 26 26
0332_0101_0108_0029_0029.jpg 1 101 108 29 29
0333_0089_0011_0048_0048.jpg 1 89 11 48 48
0334_0043_0045_0090_0090.jpg 1 43 45 90 90
0335_0021_0021_0050_0050.jpg 1 21 21 50 50
0336_0036_0018_0026_0026.jpg 1 36 18 26 26
0337_0011_0022_0086_0086.jpg 1 11 22 86 86
0338_0047_0022_0066_0066.jpg 1 47 22 66 66
0339_0072_0024_0047_0047.jpg 1 72 24 47 47
0340_0032_0021_0074_0074.jpg 1 32 21 74 74
0341_0046_0048_0038_0038.jpg 1 46 48 38 38
0342_0039_0015_0047_0047.jpg 1 39 15 47 47
0343_0029_0039_0104_0104.jpg 1 29 39 104 104
0344_0032_0020_0099_0099.jpg 1 32 20 99 99
0345_0045_0038_0046_0046.jpg 1 45 38 46 46
0346_0064_0106_0029_0029.jpg 1 64 106 29 29
0347_0028_0051_0055_0055.jpg 1 28 51 55 55
0348_0030_0021_0103_0103.jpg 1 30 21 103 103
0349_0073_0084_0054_0054.jpg 1 73 84 54 54
0350_0029_0045_0062_0062.jpg 1 29 45 62 62
0351_0097_0050_0028_0028.jpg 1 97 50 28 28
0352_0031_0034_0074_0074.jpg 1 31 34 74 74
0353_0043_0030_0044_0044.jpg 1 43 30 44 44
0354_0056_0010_0062_0062.jpg 1 56 10 62 62
0355_0046_0069_0064_0064.jpg 1 46 69 64 64
0356_0029_0040_0078_0078.jpg 1 29 40 78 78
0357_0084_0045_0047_0047.jpg 1 84 45 47 47
0358_0099_0070_0035_0035.jpg 1 99 70 35 35
0359_0037_0075_0057_0057.jpg 1 37 75 57 57
0360_0033_0009_0104_0104.jpg 1 33 9 104 104
0361_0054_0030_0072_0072.jpg 1 54 30 72 72
0362_0012_0074_0044_0044.jpg 1 12 74 44 44
0363_0058_0060_0080_0080.jpg 1 58 60 80 80
0364_0089_0068_0045_0045.jpg 1 89 68 45 45
0365_0032_0074_0064_0064.jpg 1 32 74 64 64
0366_0018_0085_0040_0040.jpg 1 18 85 40 40
0367_0058_0045_0054_0054.jpg 1 58 45 54 54
0368_0055_0051_0056_0056.jpg 1 55 51 56 56
0369_0044_0073_0024_0024.jpg 1 44 73 24 24
0370_0047_0063_0026_0026.jpg 1 47 63 26 26
0371_0049_0054_0073_0073.jpg 1 49 54 73 73
0372_0020_0017_0047_0047.jpg 1 20 17 47 47
0373_0077_0087_0026_0026.jpg 1 77 87 26 26
0374_0022_0021_0096_0096.jpg 1 22 21 96 96
0375_0042_0016_0101_0101.jpg 1 42 16 101 101
0376_0006_0034_0101_0101.jpg 1 6 34 101 101
0377_0021_0033_0095_0095.jpg 1 21 33 95 95
0378_0053_0059_0051_0051.jpg 1 53 59 51 51
0379_0039_0038_0085_0085.jpg 1 39 38 85 85
0380_0063_0058_0040_0040.jpg 1 63 58 40 40
0381_0061_0016_0078_0078.jpg 1 61 16 78 78
0382_0038_0048_0085_0085.jpg 1 38 48 85 85
0383_0094_0037_0042_0042.jpg 1 94 37 42 42
0384_0055_0013_0046_0046.jpg 1 55 13 46 46
0385_0055_0008_0072_0072.jpg 1 55 8 72 72
0386_0086_0062_0039_0039.jpg 1 86 62 39 39
0387_0084_0028_0048_0048.jpg 1 84 28 48 48
0388_0056_0024_0053_0053.jpg 1 56 24 53 53
0389_0070_0013_0045_0045.jpg 1 70 13 45 45
0390_0023_0027_0092_0092.jpg 1 23 27 92 92
0391_0044_0075_0063_0063.jpg 1 44 75 63 63
0392_0009_0046_0089_0089.jpg 1 9 46 89 89
0393_0026_0045_0095_0095.jpg 1 26 45 95 95
0394_0016_0027_0093_0093.jpg 1 16 27 93 93
0395_0019_0021_0079_0079.jpg 1 19 21 79 79
0396_0028_0018_0061_0061.jpg 1 28 18 61 61
0397_0040_0045_0039_0039.jpg 1 40 45 39 39
0398_0085_0064_0053_0053.jpg 1 85 64 53 53
0399_0027_0042_0056_0056.jpg 1 27 42 56 56
0400_0025_0049_0088_0088.jpg 1 25 49 88 88
0401_0033_0031_0052_0052.jpg 1 33 31 52 52
0402_0016_0048_0082_0082.jpg 1 16 48 82 82
0403_0018_0036_0093_0093.jpg 1 18 36 93 93
0404_0058_0057_0079_0079.jpg 1 58 57 79 79
0405_0084_0072_0024_0024.jpg 1 84 72 24 24
0406_0043_0073_0066_0066.jpg 1 43 73 66 66
0407_0028_0034_0080_0080.jpg 1 28 34 80 80
0408_0011_0035_0045_0045.jpg 1 11 35 45 45
0409_0010_0062_0075_0075.jpg 1 10 62 75 75
0410_0042_0042_0077_0077.jpg 1 42 42 77 77
0411_0049_0047_0080_0080.jpg 1 49 47 80 80
0412_0059_0043_0073_0073.jpg 1 59 43 73 73
0413_0031_0053_0071_0071.jpg 1 31 53 71 71
0414_0065_0033_0074_0074.jpg 1 65 33 74 74
0415_0059_0058_0065_0065.jpg 1 59 58 65 65
0416_0085_0045_0032_0032.jpg 1 85 45 32 32
0417_0048_0036_0080_0080.jpg 1 48 36 80 80
0418_0097_0098_0026_0026.jpg 1 97 98 26 26
0419_0020_0031_0069_0069.jpg 1 20 31 69 69
0420_0023_0018_0035_0035.jpg 1 23 18 35 35
0421_0054_0013_0035_0035.jpg 1 54 13 35 35
0422_0010_0044_0075_0075.jpg 1 10 44 75 75
0423_0014_0043_0076_0076.jpg 1 14 43 76 76
0424_0031_0036_0091_0091.jpg 1 31 36 91 91
0425_0072_0086_0053_0053.jpg 1 72 86 53 53
0426_0031_0017_0086_0086.jpg 1 31 17 86 86
0427_0027_0093_0043_0043.jpg 1 27 93 43 43
0428_0031_0049_0069_0069.jpg 1 31 49 69 69
0429_0053_0021_0090_0090.jpg 1 53 21 90 90
0430_0022_0072_0042_0042.jpg 1 22 72 42 42
0431_0009_0014_0072_0072.jpg 1 9 14 72 72
0432_0018_0044_0046_0046.jpg 1 18 44 46 46
0433_0032_0079_0050_0050.jpg 1 32 79 50 50
0434_0008_0025_0072_0072.jpg 1 8 25 72 72
0435_0060_0097_0034_0034.jpg 1 60 97 34 34
0436_0009_0031_0097_0097.jpg 1 9 31 97 97
0437_0040_0012_0061_0061.jpg 1 40 12 61 61
0438_0014_0023_0092_0092.jpg 1 14 23 92 92
0439_0041_0043_0094_0094.jpg 1 41 43 94 94
0440_0073_0022_0039_0039.jpg 1 73 22 39 39
0441_0036_0041_0088_0088.jpg 1 36 41 88 88
0442_0026_0063_0070_0070.jpg 1 26 63 70 70
0443_0042_0057_0069_0069.jpg 1 42 57 69 69
0444_0008_0030_0077_0077.jpg 1 8 30 77 77
0445_0045_0068_0066_0066.jpg 1 45 68 66 66
0446_0069_0071_0050_0050.jpg 1 69 71 50 50
0447_0012_0018_0062_0062.jpg 1 12 18 62 62
0448_0032_0026_0095_0095.jpg 1 32 26 95 95
0449_0069_0085_0039_0039.jpg 1 69 85 39 39
0450_0019_0083_0039_0039.jpg 1 19 83 39 39
0451_0081_0039_0049_0049.jpg 1 81 39 49 49
0452_0021_0053_0068_0068.jpg 1 21 53 68 68
0453_0019_0027_0090_0090.jpg 1 19 27 90 90
0454_0018_0017_0097_0097.jpg 1 18 17 97 97
0455_0060_0025_0073_0073.jpg 1 60 25 73 73
0456_0048_0038_0091_0091.jpg 1 48 38 91 91
0457_0018_0048_0053_0053.jpg 1 18 48 53 53
0458_0067_0027_0047_0047.jpg 1 67 27 47 47
0459_0043_0046_0042_0042.jpg 1 43 46 42 42
0460_0009_0044_0082_0082.jpg 1 9 44 82 82
0461_0013_0083_0045_0045.jpg 1 13 83 45 45
0462_0053_0045_0075_0075.jpg 1 53 45 75 75
0463_0070_0015_0046_0046.jpg 1 70 15 46 46
0464_0056_0042_0086_0086.jpg 1 56 42 86 86
0465_0076_0025_0050_0050.jpg 1 76 25 50 50
0466_0044_0080_0028_0028.jpg 1 44 80 28 28
0467_0029_0039_0079_0079.jpg 1 29 39 79 79
0468_0013_0025_0093_0093.jpg 1 13 25 93 93
0469_0029_0014_0099_0099.jpg 1 29 14 99 99
0470_0019_0083_0037_0037.jpg 1 19 83 37 37
0471_0038_0029_0072_0072.jpg 1 38 29 72 72
0472_0028_0010_0066_0066.jpg 1 28 10 66 66
0473_0096_0040_0042_0042.jpg 1 96 40 42 42
0474_0027_0089_0024_0024.jpg 1 27 89 24 24
0475_0028_0028_0072_0072.jpg 1 28 28 72 72
0476_0013_0011_0081_0081.jpg 1 13 11 81 81
0477_0085_0072_0043_0043.jpg 1 85 72 43 43
0478_0046_0017_0033_0033.jpg 1 46 17 33 33
0479_0054_0027_0030_0030.jpg 1 54 27 30 30
0480_0020_0030_0084_0084.jpg 1 20 30 84 84
0481_0031_0061_0079_0079.jpg 1 31 61 79 79
0482_0006_0051_0091_0091.jpg 1 6 51 91 91
0483_0105_0069_0029_0029.jpg 1 105 69 29 29
0484_0074_0035_0060_0060.jpg 1 74 35 60 60
0485_0070_0072_0046_0046.jpg 1 70 72 46 46
0486_0044_0044_0092_0092.jpg 1 44 44 92 92
0487_0024_0020_0102_0102.jpg 1 24 20 102 102
0488_0063_0067_0049_0049.jpg 1 63 67 49 49
0489_0014_0102_0031_0031.jpg 1 14 102 31 31
0490_0013_0012_0092_0092.jpg 1 13 12 92 92
0491_0048_0097_0027_0027.jpg 1 48 97 27 27
0492_0024_0012_0069_0069.jpg 1 24 12 69 69
0493_0098_0093_0026_0026.jpg 1 98 93 26 26
0494_0065_0030_0065_0065.jpg 1 65 30 65 65
0495_0023_0066_0055_0055.jpg 1 23 66 55 55
0496_0014_0069_0072_0072.jpg 1 14 69 72 72
0497_0055_0049_0087_0087.jpg 1 55 49 87 87
0498_0022_0013_0060_0060.jpg 1 22 13 60 60
0499_0079_0077_0057_0057.jpg 1 79 77 57 57
0500_0088_0061_0049_0049.jpg 1 88 61 49 49
0501_0092_0060_0028_0028.jpg 1 92 60 28 28
0502_0023_0015_0100_0100.jpg 1 23 15 100 100
0503_0027_0026_0100_0100.jpg 1 27 26 100 100
0504_0031_0076_0054_0054.jpg 1 31 76 54 54
0505_0026_0017_0093_0093.jpg 1 26 17 93 93
0506_0028_0036_0092_0092.jpg 1 28 36 92 92
0507_0046_0013_0029_0029.jpg 1 46 13 29 29
0508_0041_0037_0064_0064.jpg 1 41 37 64 64
0509_0036_0089_0030_0030.jpg 1 36 89 30 30
0510_0032_0040_0056_0056.jpg 1 32 40 56 56
0511_0034_0082_0043_0043.jpg 1 34 82 43 43
0512_0019_0015_0037_0037.jpg 1 19 15 37 37
0513_0041_0041_0087_0087.jpg 1 41 41 87 87
0514_0068_0017_0065_0065.jpg 1 68 17 65 65
0515_0040_0015_0096_0096.jpg 1 40 15 96 96
0516_0070_0012_0037_0037.jpg 1 70 12 37 37
0517_0024_0023_0087_0087.jpg 1 24 23 87 87
0518_0061_0027_0059_0059.jpg 1 61 27 59 59
0519_0017_0010_0085_0085.jpg 1 17 10 85 85
0520_0071_0036_0061_0061.jpg 1 71 36 61 61
0521_0045_0019_0082_0082.jpg 1 45 19 82 82
0522_0039_0037_0102_0102.jpg 1 39 37 102 102
0523_0071_0059_0037_0037.jpg 1 71 59 37 37
0524_0045_0050_0093_0093.jpg 1 45 50 93 93
0525_0026_0076_0038_0038.jpg 1 26 76 38 38
0526_0034_0025_0045_0045.jpg 1 34 25 45 45
0527_0042_0010_0095_0095.jpg 1 42 10 95 95
0528_0063_0080_0040_0040.jpg 1 63 80 40 40
0529_0020_0019_0066_0066.jpg 1 20 19 66 66
0530_0041_0032_0045_0045.jpg 1 41 32 45 45
0531_0025_0026_0078_0078.jpg 1 25 26 78 78
0532_0058_0079_0058_0058.jpg 1 58 79 58 58
0533_0019_0036_0095_0095.jpg 1 19 36 95 95
0534_0059_0050_0056_0056.jpg 1 59 50 56 56
0535_0068_0051_0064_0064.jpg 1 68 51 64 64
0536_0065_0075_0054_0054.jpg 1 65 75 54 54
0537_0056_0024_0085_0085.jpg 1 56 24 85 85
0538_0024_0037_0047_0047.jpg 1 24 37 47 47
0539_0040_0064_0071_0071.jpg 1 40 64 71 71
0540_0087_0015_0045_0045.jpg 1 87 15 45 45
0541_0038_0081_0047_0047.jpg 1 38 81 47 47
0542_0063_0073_0037_0037.jpg 1 63 73 37 37
0543_0042_0019_0092_0092.jpg 1 42 19 92 92
0544_0051_0020_0068_0068.jpg 1 51 20 68 68
0545_0010_0030_0053_0053.jpg 1 10 30 53 53
0546_0095_0089_0037_0037.jpg 1 95 89 37 37
0547_0062_0072_0043_0043.jpg 1 62 72 43 43
0548_0009_0032_0094_0094.jpg 1 9 32 94 94
0549_0010_0081_0041_0041.jpg 1 10 81 41 41
0550_0037_0045_0055_0055.jpg 1 37 45 55 55
0551_0036_0007_0104_0104.jpg 1 36 7 104 104
0552_0097_0077_0041_0041.jpg 1 97 77 41 41
0553_0022_0052_0073_0073.jpg 1 22 52 73 73
0554_0034_0017_0095_0095.jpg 1 34 17 95 95
0555_0041_0039_0102_0102.jpg 1 41 39 102 102
0556_0041_0014_0085_0085.jpg 1 41 14 85 85
0557_0057_0022_0027_0027.jpg 1 57 22 27 27
0558_0031_0043_0059_0059.jpg 1 31 43 59 59
0559_0062_0008_0062_0062.jpg 1 62 8 62 62
0560_0031_0043_0060_0060.jpg 1 31 43 60 60
0561_0064_0035_0073_0073.jpg 1 64 35 73 73
0562_0033_0037_0063_0063.jpg 1 33 37 63 63
0563_0055_0047_0034_0034.jpg 1 55 47 34 34
0564_0024_0092_0035_0035.jpg 1 24 92 35 35
0565_0041_0029_0066_0066.jpg 1 41 29 66 66
0566_0105_0068_0030_0030.jpg 1 105 68 30 30
0567_0085_0071_0054_0054.jpg 1 85 71 54 54
0568_0016_0014_0103_0103.jpg 1 16 14 103 103
0569_0010_0055_0088_0088.jpg 1 10 55 88 88
0570_0035_0025_0038_0038.jpg 1 35 25 38 38
0571_0045_0078_0025_0025.jpg 1 45 78 25 25
0572_0041_0077_0042_0042.jpg 1 41 77 42 42
0573_0030_0011_0102_0102.jpg 1 30 11 102 102
0574_0057_0014_0072_0072.jpg 1 57 14 72 72
0575_0017_0046_0088_0088.jpg 1 17 46 88 88
0576_0027_0039_0053_0053.jpg 1 27 39 53 53
0577_0070_0080_0052_0052.jpg 1 70 80 52 52
0578_0053_0057_0076_0076.jpg 1 53 57 76 76
0579_0057_0056_0036_0036.jpg 1 57 56 36 36
0580_0062_0067_0033_0033.jpg 1 62 67 33 33
0581_0059_0054_0072_0072.jpg 1 59 54 72 72
0582_0077_0055_0058_0058.jpg 1 77 55 58 58
0583_0109_0083_0026_0026.jpg 1 109 83 26 26
0584_0028_0043_0074_0074.jpg 1 28 43 74 74
0585_0056_0010_0075_0075.jpg 1 56 10 75 75
0586_0054_0064_0058_0058.jpg 1 54 64 58 58
0587_0022_0038_0101_0101.jpg 1 22 38 101 101
0588_0064_0065_0056_0056.jpg 1 64 65 56 56
0589_0052_0028_0049_0049.jpg 1 52 28 49 49
0590_0012_0024_0089_0089.jpg 1 12 24 89 89
0591_0009_0044_0100_0100.jpg 1 9 44 100 100
0592_0012_0056_0084_0084.jpg 1 12 56 84 84
0593_0019_0074_0047_0047.jpg 1 19 74 47 47
0594_0072_0072_0056_0056.jpg 1 72 72 56 56
0595_0023_0059_0034_0034.jpg 1 23 59 34 34
0596_0022_0012_0090_0090.jpg 1 22 12 90 90
0597_0041_0040_0104_0104.jpg 1 41 40 104 104
0598_0029_0014_0088_0088.jpg 1 29 14 88 88
0599_0097_0060_0036_0036.jpg 1 97 60 36 36
0600_0020_0022_0103_0103.jpg 1 20 22 103 103
0601_0029_0061_0055_0055.jpg 1 29 61 55 55
0602_0020_0014_0024_0024.jpg 1 20 14 24 24
0603_0037_0069_0071_0071.jpg 1 37 69 71 71
0604_0085_0084_0036_0036.jpg 1 85 84 36 36
0605_0094_0058_0041_0041.jpg 1 94 58 41 41
0606_0082_0043_0055_0055.jpg 1 82 43 55 55
0607_0039_0047_0072_0072.jpg 1 39 47 72 72
0608_0020_0020_0046_0046.jpg 1 20 20 46 46
0609_0084_0024_0056_0056.jpg 1 84 24 56 56
0610_0091_0065_0038_0038.jpg 1 91 65 38 38
0611_0082_0110_0025_0025.jpg 1 82 110 25 25
0612_0049_0039_0082_0082.jpg 1 49 39 82 82
0613_0079_0056_0048_0048.jpg 1 79 56 48 48
0614_0093_0030_0031_0031.jpg 1 93 30 31 31
0615_0009_0072_0060_0060.jpg 1 9 72 60 60
0616_0029_0010_0099_0099.jpg 1 29 10 99 99
0617_0025_0047_0074_0074.jpg 1 25 47 74 74
0618_0016_0050_0072_0072.jpg 1 16 50 72 72
0619_0019_0071_0049_0049.jpg 1 19 71 49 49
0620_0018_0046_0098_0098.jpg 1 18 46 98 98
0621_0012_0016_0088_0088.jpg 1 12 16 88 88
0622_0015_0034_0025_0025.jpg 1 15 34 25 25
0623_0015_0030_0084_0084.jpg 1 15 30 84 84
0624_0067_0066_0055_0055.jpg 1 67 66 55 55
0625_0039_0025_0050_0050.jpg 1 39 25 50 50
0626_0013_0034_0074_0074.jpg 1 13 34 74 74
0627_0037_0047_0074_0074.jpg 1 37 47 74 74
0628_0064_0022_0028_0028.jpg 1 64 22 28 28
0629_0048_0045_0077_0077.jpg 1 48 45 77 77
0630_0022_0021_0104_0104.jpg 1 22 21 104 104
0631_0024_0042_0096_0096.jpg 1 24 42 96 96
0632_0078_0100_0035_0035.jpg 1 78 100 35 35
0633_0009_0019_0080_0080.jpg 1 9 19 80 80
0634_0035_0024_0043_0043.jpg 1 35 24 43 43
0635_0019_0067_0071_0071.jpg 1 19 67 71 71
0636_0063_0022_0064_0064.jpg 1 63 22 64 64
0637_0026_0023_0065_0065.jpg 1 26 23 65 65
0638_0053_0043_0073_0073.jpg 1 53 43 73 73
0639_0074_0077_0034_0034.jpg 1 74 77 34 34
0640_0032_0023_0089_0089.jpg 1 32 23 89 89
0641_0028_0041_0072_0072.jpg 1 28 41 72 72
0642_0026_0015_0044_0044.jpg 1 26 15 44 44
0643_0049_0044_0037_0037.jpg 1 49 44 37 37
0644_0058_0018_0054_0054.jpg 1 58 18 54 54
0645_0071_0038_0029_0029.jpg 1 71 38 29 29
0646_0045_0036_0056_0056.jpg 1 45 36 56 56
0647_0034_0025_0052_0052.jpg 1 34 25 52 52
0648_0018_0027_0096_0096.jpg 1 18 27 96 96
0649_0089_0052_0043_0043.jpg 1 89 52 43 43
0650_0066_0087_0050_0050.jpg 1 66 87 50 50
0651_0040_0060_0033_0033.jpg 1 40 60 33 33
0652_0057_0055_0081_0081.jpg 1 57 55 81 81
0653_0072_0069_0047_0047.jpg 1 72 69 47 47
0654_0007_0027_0080_0080.jpg 1 7 27 80 80
0655_0074_0011_0045_0045.jpg 1 74 11 45 45
0656_0059_0035_0065_0065.jpg 1 59 35 65 65
0657_0014_0037_0083_0083.jpg 1 14 37 83 83
0658_0070_0015_0068_0068.jpg 1 70 15 68 68
0659_0024_0081_0024_0024.jpg 1 24 81 24 24
0660_0023_0055_0065_0065.jpg 1 23 55 65 65
0661_0033_0067_0044_0044.jpg 1 33 67 44 44
0662_0034_0104_0028_0028.jpg 1 34 104 28 28
0663_0039_0029_0084_0084.jpg 1 39 29 84 84
0664_0011_0078_0058_0058.jpg 1 11 78 58 58
0665_0010_0038_0065_0065.jpg 1 10 38 65 65
0666_0060_0058_0026_0026.jpg 1 60 58 26 26
0667_0035_0094_0037_0037.jpg 1 35 94 37 37
0668_0059_0082_0043_0043.jpg 1 59 82 43 43
0669_0087_0083_0044_0044.jpg 1 87 83 44 44
0670_0048_0071_0046_0046.jpg 1 48 71 46 46
0671_0011_0053_0037_0037.jpg 1 11 53 37 37
0672_0083_0017_0047_0047.jpg 1 83 17 47 47
0673_0012_0072_0059_0059.jpg 1 12 72 59 59
0674_0055_0027_0065_0065.jpg 1 55 27 65 65
0675_0050_0009_0080_0080.jpg 1 50 9 80 80
0676_0036_0038_0048_0048.jpg 1 36 38 48 48
0677_0046_0055_0077_0077.jpg 1 46 55 77 77
0678_0009_0069_0052_0052.jpg 1 9 69 52 52
0679_0014_0010_0100_0100.jpg 1 14 10 100 100
0680_0037_0037_0087_0087.jpg 1 37 37 87 87
0681_0088_0046_0047_0047.jpg 1 88 46 47 47
0682_0073_0088_0045_0045.jpg 1 73 88 45 45
0683_0071_0029_0067_0067.jpg 1 71 29 67 67
0684_0027_0061_0080_0080.jpg 1 27 61 80 80
0685_0056_0045_0080_0080.jpg 1 56 45 80 80
0686_0034_0037_0067_0067.jpg 1 34 37 67 67
0687_0041_0056_0057_0057.jpg 1 41 56 57 57
0688_0019_0006_0095_0095.jpg 1 19 6 95 95
0689_0053_0011_0084_0084.jpg 1 53 11 84 84
0690_0046_0017_0058_0058.jpg 1 46 17 58 58
0691_0084_0069_0043_0043.jpg 1 84 69 43 43
0692_0050_0038_0082_0082.jpg 1 50 38 82 82
0693_0045_0037_0077_0077.jpg 1 45 37 77 77
0694_0034_0020_0090_0090.jpg 1 34 20 90 90
0695_0041_0044_0069_0069.jpg 1 41 44 69 69
0696_0038_0020_0060_0060.jpg 1 38 20 60 60
0697_0025_0025_0069_0069.jpg 1 25 25 69 69
0698_0054_0041_0074_0074.jpg 1 54 41 74 74
0699_0041_0076_0062_0062.jpg 1 41 76 62 62
0700_0029_0019_0088_0088.jpg 1 29 19 88 88
0701_0027_0014_0082_0082.jpg 1 27 14 82 82
0702_0033_0049_0075_0075.jpg 1 33 49 75 75
0703_0010_0039_0100_0100.jpg 1 10 39 100 100
0704_0037_0033_0091_0091.jpg 1 37 33 91 91
0705_0050_0049_0079_0079.jpg 1 50 49 79 79
0706_0085_0083_0045_0045.jpg 1 85 83 45 45
0707_0026_0016_0047_0047.jpg 1 26 16 47 47
0708_0018_0032_0087_0087.jpg 1 18 32 87 87
0709_0023_0083_0035_0035.jpg 1 23 83 35 35
0710_0046_0096_0038_0038.jpg 1 46 96 38 38
0711_0032_0028_0092_0092.jpg 1 32 28 92 92
0712_0072_0024_0056_0056.jpg 1 72 24 56 56
0713_0028_0043_0100_0100.jpg 1 28 43 100 100
0714_0052_0044_0091_0091.jpg 1 52 44 91 91
0715_0072_0070_0042_0042.jpg 1 72 70 42 42
0716_0032_0043_0037_0037.jpg 1 32 43 37 37
0717_0027_0028_0053_0053.jpg 1 27 28 53 53
0718_0052_0025_0071_0071.jpg 1 52 25 71 71
0719_0057_0033_0077_0077.jpg 1 57 33 77 77
0720_0101_0050_0025_0025.jpg 1 101 50 25 25
0721_0024_0076_0029_0029.jpg 1 24 76 29 29
0722_0021_0018_0073_0073.jpg 1 21 18 73 73
0723_0052_0058_0069_0069.jpg 1 52 58 69 69
0724_0074_0050_0063_0063.jpg 1 74 50 63 63
0725_0063_0022_0024_0024.jpg 1 63 22 24 24
0726_0038_0028_0037_0037.jpg 1 38 28 37 37
0727_0056_0041_0033_0033.jpg 1 56 41 33 33
0728_0051_0017_0079_0079.jpg 1 51 17 79 79
0729_0028_0054_0055_0055.jpg 1 28 54 55 55
0730_0023_0043_0086_0086.jpg 1 23 43 86 86
0731_0101_0102_0033_0033.jpg 1 101 102 33 33
0732_0029_0023_0032_0032.jpg 1 29 23 32 32
0733_0044_0044_0092_0092.jpg 1 44 44 92 92
0734_0036_0019_0099_0099.jpg 1 36 19 99 99
0735_0027_0028_0103_0103.jpg 1 27 28 103 103
0736_0053_0035_0042_0042.jpg 1 53 35 42 42
0737_0028_0052_0088_0088.jpg 1 28 52 88 88
0738_0014_0031_0098_0098.jpg 1 14 31 98 98
0739_0054_0010_0085_0085.jpg 1 54 10 85 85
0740_0011_0008_0096_0096.jpg 1 11 8 96 96
0741_0033_0026_0075_0075.jpg 1 33 26 75 75
0742_0071_0043_0066_0066.jpg 1 71 43 66 66
0743_0073_0101_0028_0028.jpg 1 73 101 28 28
0744_0090_0070_0036_0036.jpg 1 90 70 36 36
0745_0016_0062_0045_0045.jpg 1 16 62 45 45
0746_0011_0039_0071_0071.jpg 1 11 39 71 71
0747_0012_0024_0097_0097.jpg 1 12 24 97 97
0748_0012_0009_0088_0088.jpg 1 12 9 88 88
0749_0042_0064_0060_0060.jpg 1 42 64 60 60
0750_0029_0029_0087_0087.jpg 1 29 29 87 87
0751_0072_0040_0062_0062.jpg 1 72 40 62 62
0752_0016_0045_0074_0074.jpg 1 16 45 74 74
0753_0028_0047_0089_0089.jpg 1 28 47 89 89
0754_0048_0031_0065_0065.jpg 1 48 31 65 65
0755_0033_0045_0072_0072.jpg 1 33 45 72 72
0756_0022_0068_0072_0072.jpg 1 22 68 72 72
0757_0033_0013_0080_0080.jpg 1 33 13 80 80
0758_0023_0031_0047_0047.jpg 1 23 31 47 47
0759_0037_0043_0098_0098.jpg 1 37 43 98 98
0760_0031_0049_0090_0090.jpg 1 31 49 90 90
0761_0085_0031_0042_0042.jpg 1 85 31 42 42
0762_0025_0066_0038_0038.jpg 1 25 66 38 38
0763_0072_0071_0049_0049.jpg 1 72 71 49 49
0764_0053_0013_0078_0078.jpg 1 53 13 78 78
0765_0037_0048_0081_0081.jpg 1 37 48 81 81
0766_0103_0044_0032_0032.jpg 1 103 44 32 32
0767_0026_0059_0052_0052.jpg 1 26 59 52 52
0768_0071_0085_0026_0026.jpg 1 71 85 26 26
0769_0067_0018_0046_0046.jpg 1 67 18 46 46
0770_0025_0022_0090_0090.jpg 1 25 22 90 90
0771_0028_0018_0034_0034.jpg 1 28 18 34 34
0772_0056_0035_0051_0051.jpg 1 56 35 51 51
0773_0058_0013_0049_0049.jpg 1 58 13 49 49
0774_0018_0032_0099_0099.jpg 1 18 32 99 99
0775_0037_0082_0045_0045.jpg 1 37 82 45 45
0776_0061_0059_0073_0073.jpg 1 61 59 73 73
0777_0018_0016_0042_0042.jpg 1 18 16 42 42
0778_0037_0012_0079_0079.jpg 1 37 12 79 79
0779_0040_0043_0083_0083.jpg 1 40 43 83 83
0780_0028_0056_0062_0062.jpg 1 28 56 62 62
0781_0007_0042_0089_0089.jpg 1 7 42 89 89
0782_0042_0092_0038_0038.jpg 1 42 92 38 38
0783_0084_0079_0043_0043.jpg 1 84 79 43 43
0784_0068_0056_0032_0032.jpg 1 68 56 32 32
0785_0091_0035_0028_0028.jpg 1 91 35 28 28
0786_0023_0049_0047_0047.jpg 1 23 49 47 47
0787_0046_0080_0048_0048.jpg 1 46 80 48 48
0788_0036_0020_0091_0091.jpg 1 36 20 91 91
0789_0043_0073_0028_0028.jpg 1 43 73 28 28
0790_0085_0060_0041_0041.jpg 1 85 60 41 41
0791_0015_0046_0086_0086.jpg 1 15 46 86 86
0792_0031_0017_0042_0042.jpg 1 31 17 42 42
0793_0076_0018_0045_0045.jpg 1 76 18 45 45
0794_0012_0045_0082_0082.jpg 1 12 45 82 82
0795_0051_0086_0044_0044.jpg 1 51 86 44 44
0796_0066_0061_0028_0028.jpg 1 66 61 28 28
0797_0067_0040_0025_0025.jpg 1 67 40 25 25
0798_0050_0052_0083_0083.jpg 1 50 52 83 83
0799_0035_0041_0102_0102.jpg 1 35 41 102 102
0800_0043_0022_0030_0030.jpg 1 43 22 30 30
0801_0005_0013_0103_0103.jpg 1 5 13 103 103
0802_0030_0040_0068_0068.jpg 1 30 40 68 68
0803_0047_0062_0037_0037.jpg 1 47 62 37 37
0804_0039_0033_0068_0068.jpg 1 39 33 68 68
0805_0052_0072_0034_0034.jpg 1 52 72 34 34
0806_0034_0018_0096_0096.jpg 1 34 18 96 96
0807_0014_0019_0089_0089.jpg 1 14 19 89 89
0808_0028_0021_0070_0070.jpg 1 28 21 70 70
0809_0008_0040_0096_0096.jpg 1 8 40 96 96
0810_0012_0055_0062_0062.jpg 1 12 55 62 62
0811_0036_0027_0086_0086.jpg 1 36 27 86 86
0812_0068_0023_0074_0074.jpg 1 68 23 74 74
0813_0029_0036_0084_0084.jpg 1 29 36 84 84
0814_0022_0050_0083_0083.jpg 1 22 50 83 83
0815_0058_0012_0074_0074.jpg 1 58 12 74 74
0816_0034_0063_0035_0035.jpg 1 34 63 35 35
0817_0062_0068_0064_0064.jpg 1 62 68 64 64
0818_0061_0087_0035_0035.jpg 1 61 87 35 35
0819_0049_0022_0073_0073.jpg 1 49 22 73 73
0820_0037_0084_0038_0038.jpg 1 37 84 38 38
0821_0026_0019_0050_0050.jpg 1 26 19 50 50
0822_0026_0010_0091_0091.jpg 1 26 10 91 91
0823_0012_0050_0073_0073.jpg 1 12 50 73 73
0824_0017_0030_0066_0066.jpg 1 17 30 66 66
0825_0070_0021_0041_0041.jpg 1 70 21 41 41
0826_0073_0062_0052_0052.jpg 1 73 62 52 52
0827_0090_0043_0042_0042.jpg 1 90 43 42 42
0828_0035_0033_0095_0095.jpg 1 35 33 95 95
0829_0017_0025_0081_0081.jpg 1 17 25 81 81
0830_0021_0030_0052_0052.jpg 1 21 30 52 52
0831_0076_0048_0057_0057.jpg 1 76 48 57 57
0832_0023_0026_0089_0089.jpg 1 23 26 89 89
0833_0017_0062_0078_0078.jpg 1 17 62 78 78
0834_0030_0059_0059_0059.jpg 1 30 59 59 59
0835_0060_0032_0078_0078.jpg 1 60 32 78 78
0836_0018_0081_0050_0050.jpg 1 18 81 50 50
0837_0009_0030_0102_0102.jpg 1 9 30 102 102
0838_0077_0081_0051_0051.jpg 1 77 81 51 51
0839_0016_0022_0078_0078.jpg 1 16 22 78 78
0840_0082_0081_0038_0038.jpg 1 82 81 38 38
0841_0050_0070_0071_0071.jpg 1 50 70 71 71
0842_0032_0046_0033_0033.jpg 1 32 46 33 33
0843_0094_0024_0028_0028.jpg 1 94 24 28 28
0844_0079_0105_0026_0026.jpg 1 79 105 26 26
0845_0037_0057_0044_0044.jpg 1 37 57 44 44
0846_0060_0048_0047_0047.jpg 1 60 48 47 47
0847_0109_0089_0024_0024.jpg 1 109 89 24 24
0848_0058_0081_0044_0044.jpg 1 58 81 44 44
0849_0012_0027_0103_0103.jpg 1 12 27 103 103
0850_0087_0056_0042_0042.jpg 1 87 56 42 42
0851_0041_0019_0098_0098.jpg 1 41 19 98 98
0852_0012_0023_0058_0058.jpg 1 12 23 58 58
0853_0090_0057_0046_0046.jpg 1 90 57 46 46
0854_0082_0040_0024_0024.jpg 1 82 40 24 24
0855_0056_0066_0059_0059.jpg 1 56 66 59 59
0856_0038_0028_0026_0026.jpg 1 38 28 26 26
0857_0014_0065_0073_0073.jpg 1 14 65 73 73
0858_0070_0060_0042_0042.jpg 1 70 60 42 42
0859_0030_0061_0040_0040.jpg 1 30 61 40 40
0860_0081_0053_0030_0030.jpg 1 81 53 30 30
0861_0089_0074_0043_0043.jpg 1 89 74 43 43
0862_0039_0034_0066_0066.jpg 1 39 34 66 66
0863_0018_0030_0104_0104.jpg 1 18 30 104 104
0864_0020_0035_0074_0074.jpg 1 20 35 74 74
0865_0040_0030_0090_0090.jpg 1 40 30 90 90
0866_0085_0049_0041_0041.jpg 1 85 49 41 41
0867_0099_0091_0026_0026.jpg 1 99 91 26 26
0868_0047_0036_0050_0050.jpg 1 47 36 50 50
0869_0039_0017_0104_0104.jpg 1 39 17 104 104
0870_0056_0047_0032_0032.jpg 1 56 47 32 32
0871_0029_0019_0098_0098.jpg 1 29 19 98 98
0872_0027_0056_0085_0085.jpg 1 27 56 85 85
0873_0042_0029_0031_0031.jpg 1 42 29 31 31
0874_0014_0027_0045_0045.jpg 1 14 27 45 45
0875_0034_0017_0078_0078.jpg 1 34 17 78 78
0876_0048_0057_0082_0082.jpg 1 48 57 82 82
0877_0035_0034_0098_0098.jpg 1 35 34 98 98
0878_0070_0064_0052_0052.jpg 1 70 64 52 52
0879_0024_0021_0071_0071.jpg 1 24 21 71 71
0880_0008_0009_0067_0067.jpg 1 8 9 67 67
0881_0028_0084_0025_0025.jpg 1 28 84 25 25
0882_0039_0037_0102_0102.jpg 1 39 37 102 102
0883_0047_0025_0032_0032.jpg 1 47 25 32 32
0884_0021_0008_0075_0075.jpg 1 21 8 75 75
0885_0082_0059_0029_0029.jpg 1 82 59 29 29
0886_0055_0086_0035_0035.jpg 1 55 86 35 35
0887_0049_0027_0056_0056.jpg 1 49 27 56 56
0888_0020_0014_0077_0077.jpg 1 20 14 77 77
0889_0018_0050_0080_0080.jpg 1 18 50 80 80
0890_0104_0068_0031_0031.jpg 1 104 68 31 31
0891_0020_0034_0064_0064.jpg 1 20 34 64 64
0892_0026_0011_0055_0055.jpg 1 26 11 55 55
0893_0053_0024_0065_0065.jpg 1 53 24 65 65
0894_0095_0025_0026_0026.jpg 1 95 25 26 26
0895_0011_0022_0087_0087.jpg 1 11 22 87 87
0896_0036_0023_0046_0046.jpg 1 36 23 46 46
0897_0014_0057_0054_0054.jpg 1 14 57 54 54
0898_0089_0037_0036_0036.jpg 1 89 37 36 36
0899_0030_0046_0088_0088.jpg 1 30 46 88 88
0900_0015_0027_0075_0075.jpg 1 15 27 75 75
0901_0011_0006_0089_0089.jpg 1 11 6 89 89
0902_0028_0035_0034_0034.jpg 1 28 35 34 34
0903_0037_0051_0082_0082.jpg 1 37 51 82 82
0904_0025_0027_0051_0051.jpg 1 25 27 51 51
0905_0025_0042_0083_0083.jpg 1 25 42 83 83
0906_0043_0039_0091_0091.jpg 1 43 39 91 91
0907_0077_0026_0033_0033.jpg 1 77 26 33 33
0908_0059_0040_0081_0081.jpg 1 59 40 81 81
0909_0067_0049_0067_0067.jpg 1 67 49 67 67
0910_0031_0008_0097_0097.jpg 1 31 8 97 97
0911_0019_0035_0040_0040.jpg 1 19 35 40 40
0912_0061_0056_0069_0069.jpg 1 61 56 69 69
0913_0049_0049_0054_0054.jpg 1 49 49 54 54
0914_0087_0065_0047_0047.jpg 1 87 65 47 47
0915_0063_0025_0031_0031.jpg 1 63 25 31 31
0916_0061_0026_0068_0068.jpg 1 61 26 68 68
0917_0072_0077_0047_0047.jpg 1 72 77 47 47
0918_0084_0069_0041_0041.jpg 1 84 69 41 41
0919_0047_0066_0072_0072.jpg 1 47 66 72 72
0920_0034_0066_0055_0055.jpg 1 34 66 55 55
0921_0050_0068_0066_0066.jpg 1 50 68 66 66
0922_0064_0014_0061_0061.jpg 1 64 14 61 61
0923_0007_0047_0094_0094.jpg 1 7 47 94 94
0924_0046_0066_0048_0048.jpg 1 46 66 48 48
0925_0033_0028_0051_0051.jpg 1 33 28 51 51
0926_0046_0054_0077_0077.jpg 1 46 54 77 77
0927_0013_0071_0065_0065.jpg 1 13 71 65 65
0928_0078_0029_0030_0030.jpg 1 78 29 30 30
0929_0009_0046_0093_0093.jpg 1 9 46 93 93
0930_0067_0067_0026_0026.jpg 1 67 67 26 26
0931_0052_0018_0064_0064.jpg 1 52 18 64 64
0932_0033_0028_0038_0038.jpg 1 33 28 38 38
0933_0015_0020_0029_0029.jpg 1 15 20 29 29
0934_0022_0046_0096_0096.jpg 1 22 46 96 96
0935_0054_0042_0050_0050.jpg 1 54 42 50 50
0936_0058_0059_0069_0069.jpg 1 58 59 69 69
0937_0015_0047_0061_0061.jpg 1 15 47 61 61
0938_0023_0047_0052_0052.jpg 1 23 47 52 52
0939_0024_0009_0096_0096.jpg 1 24 9 96 96
0940_0092_0069_0046_0046.jpg 1 92 69 46 46
0941_0019_0055_0068_0068.jpg 1 19 55 68 68
0942_0021_0033_0101_0101.jpg 1 21 33 101 101
0943_0085_0071_0048_0048.jpg 1 85 71 48 48
0944_0063_0104_0032_0032.jpg 1 63 104 32 32
0945_0077_0028_0045_0045.jpg 1 77 28 45 45
0946_0008_0036_0082_0082.jpg 1 8 36 82 82
0947_0024_0007_0100_0100.jpg 1 24 7 100 100
0948_0034_0022_0073_0073.jpg 1 34 22 73 73
0949_0047_0013_0060_0060.jpg 1 47 13 60 60
0950_0015_0032_0088_0088.jpg 1 15 32 88 88
0951_0057_0040_0083_0083.jpg 1 57 40 83 83
0952_0049_0024_0094_0094.jpg 1 49 24 94 94
0953_0030_0032_0091_0091.jpg 1 30 32 91 91
0954_0046_0059_0080_0080.jpg 1 46 59 80 80
0955_0032_0072_0062_0062.jpg 1 32 72 62 62
0956_0098_0061_0032_0032.jpg 1 98 61 32 32
0957_0042_0042_0041_0041.jpg 1 42 42 41 41
0958_0005_0009_0094_0094.jpg 1 5 9 94 94
0959_0036_0020_0100_0100.jpg 1 36 20 100 100
0960_0037_0092_0043_0043.jpg 1 37 92 43 43
0961_0068_0036_0031_0031.jpg 1 68 36 31 31
0962_0087_0013_0034_0034.jpg 1 87 13 34 34
0963_0058_0089_0035_0035.jpg 1 58 89 35 35
0964_0052_0037_0055_0055.jpg 1 52 37 55 55
0965_0037_0022_0082_0082.jpg 1 37 22 82 82
0966_0052_0026_0062_0062.jpg 1 52 26 62 62
0967_0075_0026_0054_0054.jpg 1 75 26 54 54
0968_0063_0076_0051_0051.jpg 1 63 76 51 51
0969_0031_0086_0034_0034.jpg 1 31 86 34 34
0970_0012_0021_0081_0081.jpg 1 12 21 81 81
0971_0052_0047_0053_0053.jpg 1 52 47 53 53
0972_0022_0042_0102_0102.jpg 1 22 42 102 102
0973_0068_0021_0062_0062.jpg 1 68 21 62 62
0974_0028_0067_0069_0069.jpg 1 28 67 69 69
0975_0051_0063_0073_0073.jpg 1 51 63 73 73
0976_0061_0083_0057_0057.jpg 1 61 83 57 57
0977_0018_0067_0039_0039.jpg 1 18 67 39 39
0978_0035_0015_0071_0071.jpg 1 35 15 71 71
0979_0017_0038_0047_0047.jpg 1 17 38 47 47
0980_0070_0068_0048_0048.jpg 1 70 68 48 48
0981_0009_0036_0093_0093.jpg 1 9 36 93 93
0982_0022_0070_0064_0064.jpg 1 22 70 64 64
0983_0050_0066_0068_0068.jpg 1 50 66 68 68
0984_0017_0026_0065_0065.jpg 1 17 26 65 65
0985_0074_0056_0049_0049.jpg 1 74 56 49 49
0986_0081_0014_0041_0041.jpg 1 81 14 41 41
0987_0068_0077_0060_0060.jpg 1 68 77 60 60
0988_0042_0019_0078_0078.jpg 1 42 19 78 78
0989_0087_0028_0052_0052.jpg 1 87 28 52 52
0990_0017_0008_0090_0090.jpg 1 17 8 90 90
0991_0021_0041_0075_0075.jpg 1 21 41 75 75
0992_0039_0014_0085_0085.jpg 1 39 14 85 85
0993_0022_0052_0065_0065.jpg 1 22 52 65 65
0994_0036_0018_0098_0098.jpg 1 36 18 98 98
0995_0061_0062_0064_0064.jpg 1 61 62 64 64
0996_0046_0105_0033_0033.jpg 1 46 105 33 33
0997_0070_0015_0049_0049.jpg 1 70 15 49 49
0998_0045_0069_0044_0044.jpg 1 45 69 44 44
0999_0021_0049_0076_0076.jpg 1 21 49 76 76
1000_0037_0014_0087_0087.jpg 1 37 14 87 87
1001_0040_0021_0044_0044.jpg 1 40 21 44 44
1002_0085_0037_0039_0039.jpg 1 85 37 39 39
1003_0056_0029_0082_0082.jpg 1 56 29 82 82
1004_0077_0033_0027_0027.jpg 1 77 33 27 27
1005_0041_0016_0100_0100.jpg 1 41 16 100 100
1006_0042_0062_0025_0025.jpg 1 42 62 25 25
1007_0025_0042_0050_0050.jpg 1 25 42 50 50
1008_0019_0057_0085_0085.jpg 1 19 57 85 85
1009_0036_0023_0078_0078.jpg 1 36 23 78 78
1010_0031_0012_0094_0094.jpg 1 31 12 94 94
1011_0022_0029_0097_0097.jpg 1 22 29 97 97
1012_0012_0014_0096_0096.jpg 1 12 14 96 96
1013_0023_0015_0036_0036.jpg 1 23 15 36 36
1014_0078_0010_0047_0047.jpg 1 78 10 47 47
1015_0095_0050_0034_0034.jpg 1 95 50 34 34
1016_0017_0030_0050_0050.jpg 1 17 30 50 50
1017_0069_0060_0059_0059.jpg 1 69 60 59 59
1018_0034_0100_0034_0034.jpg 1 34 100 34 34
1019_0052_0016_0091_0091.jpg 1 52 16 91 91
1020_0016_0051_0039_0039.jpg 1 16 51 39 39
1021_0056_0029_0070_0070.jpg 1 56 29 70 70
1022_0011_0006_0100_0100.jpg 1 11 6 100 100
1023_0079_0093_0031_0031.jpg 1 79 93 31 31
1024_0059_0050_0034_0034.jpg 1 59 50 34 34
1025_0028_0037_0098_0098.jpg 1 28 37 98 98
1026_0075_0021_0058_0058.jpg 1 75 21 58 58
1027_0030_0030_0100_0100.jpg 1 30 30 100 100
1028_0051_0029_0059_0059.jpg 1 51 29 59 59
1029_0061_0049_0047_0047.jpg 1 61 49 47 47
1030_0045_0022_0094_0094.jpg 1 45 22 94 94
1031_0028_0064_0074_0074.jpg 1 28 64 74 74
1032_0022_0028_0055_0055.jpg 1 22 28 55 55
1033_0037_0013_0052_0052.jpg 1 37 13 52 52
1034_0038_0054_0039_0039.jpg 1 38 54 39 39
1035_0021_0048_0083_0083.jpg 1 21 48 83 83
1036_0063_0043_0043_0043.jpg 1 63 43 43 43
1037_0035_0019_0064_0064.jpg 1 35 19 64 64
1038_0059_0044_0061_0061.jpg 1 59 44 61 61
1039_0068_0087_0024_0024.jpg 1 68 87 24 24
1040_0086_0025_0028_0028.jpg 1 86 25 28 28
1041_0035_0031_0091_0091.jpg 1 35 31 91 91
1042_0050_0012_0060_0060.jpg 1 50 12 60 60
1043_0085_0064_0049_0049.jpg 1 85 64 49 49
1044_0015_0008_0092_0092.jpg 1 15 8 92 92
1045_0032_0025_0083_0083.jpg 1 32 25 83 83
1046_0012_0049_0086_0086.jpg 1 12 49 86 86
1047_0046_0052_0073_0073.jpg 1 46 52 73 73
1048_0028_0042_0093_0093.jpg 1 28 42 93 93
1049_0076_0022_0065_0065.jpg 1 76 22 65 65
1050_0060_0098_0036_0036.jpg 1 60 98 36 36
1051_0072_0083_0054_0054.jpg 1 72 83 54 54
1052_0022_0016_0087_0087.jpg 1 22 16 87 87
1053_0071_0013_0060_0060.jpg 1 71 13 60 60
1054_0040_0045_0024_0024.jpg 1 40 45 24 24
1055_0027_0012_0042_0042.jpg 1 27 12 42 42
1056_0044_0011_0082_0082.jpg 1 44 11 82 82
1057_0022_0060_0041_0041.jpg 1 22 60 41 41
1058_0053_0040_0086_0086.jpg 1 53 40 86 86
1059_0065_0009_0073_0073.jpg 1 65 9 73 73
1060_0032_0045_0074_0074.jpg 1 32 45 74 74
1061_0094_0080_0036_0036.jpg 1 94 80 36 36
1062_0035_0051_0030_0030.jpg 1 35 51 30 30
1063_0016_0037_0040_0040.jpg 1 16 37 40 40
1064_0062_0018_0026_0026.jpg 1 62 18 26 26
1065_0046_0012_0051_0051.jpg 1 46 12 51 51
1066_0029_0027_0098_0098.jpg 1 29 27 98 98
1067_0012_0042_0103_0103.jpg 1 12 42 103 103
1068_0048_0099_0029_0029.jpg 1 48 99 29 29
1069_0058_0028_0076_0076.jpg 1 58 28 76 76
1070_0039_0046_0093_0093.jpg 1 39 46 93 93
1071_0053_0079_0024_0024.jpg 1 53 79 24 24
1072_0086_0014_0040_0040.jpg 1 86 14 40 40
1073_0020_0091_0036_0036.jpg 1 20 91 36 36
1074_0037_0036_0085_0085.jpg 1 37 36 85 85
1075_0013_0049_0088_0088.jpg 1 13 49 88 88
1076_0026_0022_0084_0084.jpg 1 26 22 84 84
1077_0016_0030_0082_0082.jpg 1 16 30 82 82
1078_0018_0038_0091_0091.jpg 1 18 38 91 91
1079_0069_0075_0029_0029.jpg 1 69 75 29 29
1080_0073_0082_0051_0051.jpg 1 73 82 51 51
1081_0022_0038_0061_0061.jpg 1 22 38 61 61
1082_0007_0021_0090_0090.jpg 1 7 21 90 90
1083_0026_0027_0068_0068.jpg 1 26 27 68 68
1084_0013_0047_0050_0050.jpg 1 13 47 50 50
1085_0018_0081_0044_0044.jpg 1 18 81 44 44
1086_0048_0067_0069_0069.jpg 1 48 67 69 69
1087_0021_0020_0065_0065.jpg 1 21 20 65 65
1088_0021_0023_0089_0089.jpg 1 21 23 89 89
1089_0070_0053_0055_0055.jpg 1 70 53 55 55
1090_0039_0034_0034_0034.jpg 1 39 34 34 34
1091_0057_0031_0036_0036.jpg 1 57 31 36 36
1092_0087_0055_0031_0031.jpg 1 87 55 31 31
1093_0042_0010_0085_0085.jpg 1 42 10 85 85
1094_0055_0083_0038_0038.jpg 1 55 83 38 38
1095_0032_0037_0083_0083.jpg 1 32 37 83 83
1096_0066_0067_0038_0038.jpg 1 66 67 38 38
1097_0033_0044_0072_0072.jpg 1 33 44 72 72
1098_0059_0023_0079_0079.jpg 1 59 23 79 79
1099_0030_0089_0041_0041.jpg 1 30 89 41 41
1100_0008_0034_0096_0096.jpg 1 8 34 96 96
1101_0006_0038_0093_0093.jpg 1 6 38 93 93
1102_0042_0008_0100_0100.jpg 1 42 8 100 100
1103_0043_0063_0026_0026.jpg 1 43 63 26 26
1104_0059_0030_0059_0059.jpg 1 59 30 59 59
1105_0059_0072_0063_0063.jpg 1 59 72 63 63
1106_0082_0078_0041_0041.jpg 1 82 78 41 41
1107_0065_0040_0067_0067.jpg 1 65 40 67 67
1108_0055_0043_0072_0072.jpg 1 55 43 72 72
1109_0032_0083_0033_0033.jpg 1 32 83 33 33
1110_0030_0029_0081_0081.jpg 1 30 29 81 81
1111_0069_0016_0035_0035.jpg 1 69 16 35 35
1112_0025_0041_0097_0097.jpg 1 25 41 97 97
1113_0045_0050_0069_0069.jpg 1 45 50 69 69
1114_0043_0046_0094_0094.jpg 1 43 46 94 94
1115_0087_0039_0029_0029.jpg 1 87 39 29 29
1116_0069_0022_0026_0026.jpg 1 69 22 26 26
1117_0065_0063_0077_0077.jpg 1 65 63 77 77
1118_0067_0066_0061_0061.jpg 1 67 66 61 61
1119_0069_0045_0046_0046.jpg 1 69 45 46 46
1120_0039_0041_0091_0091.jpg 1 39 41 91 91
1121_0067_0044_0070_0070.jpg 1 67 44 70 70
1122_0020_0019_0025_0025.jpg 1 20 19 25 25
1123_0017_0052_0046_0046.jpg 1 17 52 46 46
1124_0022_0105_0029_0029.jpg 1 22 105 29 29
1125_0018_0028_0091_0091.jpg 1 18 28 91 91
1126_0016_0032_0102_0102.jpg 1 16 32 102 102
1127_0032_0031_0104_0104.jpg 1 32 31 104 104
1128_0037_0081_0034_0034.jpg 1 37 81 34 34
1129_0055_0057_0052_0052.jpg 1 55 57 52 52
1130_0036_0013_0073_0073.jpg 1 36 13 73 73
1131_0041_0040_0067_0067.jpg 1 41 40 67 67
1132_0065_0028_0044_0044.jpg 1 65 28 44 44
1133_0038_0046_0098_0098.jpg 1 38 46 98 98
1134_0032_0022_0089_0089.jpg 1 32 22 89 89
1135_0077_0091_0046_0046.jpg 1 77 91 46 46
1136_0042_0028_0074_0074.jpg 1 42 28 74 74
1137_0058_0059_0070_0070.jpg 1 58 59 70 70
1138_0039_0043_0097_0097.jpg 1 39 43 97 97
1139_0019_0030_0104_0104.jpg 1 19 30 104 104
1140_0050_0038_0094_0094.jpg 1 50 38 94 94
1141_0014_0026_0067_0067.jpg 1 14 26 67 67
1142_0037_0021_0101_0101.jpg 1 37 21 101 101
1143_0011_0026_0094_0094.jpg 1 11 26 94 94
