0001_0022_0050_0088_0088.jpg 1 22 50 88 88
0002_0031_0042_0086_0086.jpg 1 31 42 86 86
0003_0019_0041_0089_0089.jpg 1 19 41 89 89
0004_0070_0059_0067_0067.jpg 1 70 59 67 67
0005_0105_0041_0025_0025.jpg 1 105 41 25 25
0006_0049_0025_0030_0030.jpg 1 49 25 30 30
0007_0022_0063_0068_0068.jpg 1 22 63 68 68
0008_0025_0044_0091_0091.jpg 1 25 44 91 91
0009_0053_0014_0062_0062.jpg 1 53 14 62 62
0010_0051_0054_0045_0045.jpg 1 51 54 45 45
0011_0071_0012_0063_0063.jpg 1 71 12 63 63
0012_0018_0023_0087_0087.jpg 1 18 23 87 87
0013_0054_0030_0078_0078.jpg 1 54 30 78 78
0014_0032_0046_0044_0044.jpg 1 32 46 44 44
0015_0049_0037_0034_0034.jpg 1 49 37 34 34
0016_0048_0030_0095_0095.jpg 1 48 30 95 95
0017_0007_0012_0089_0089.jpg 1 7 12 89 89
0018_0073_0013_0044_0044.jpg 1 73 13 44 44
0019_0056_0028_0085_0085.jpg 1 56 28 85 85
0020_0022_0008_0091_0091.jpg 1 22 8 91 91
0021_0037_0025_0102_0102.jpg 1 37 25 102 102
0022_0008_0031_0104_0104.jpg 1 8 31 104 104
0023_0012_0046_0080_0080.jpg 1 12 46 80 80
0024_0061_0076_0061_0061.jpg 1 61 76 61 61
0025_0048_0029_0041_0041.jpg 1 48 29 41 41
0026_0037_0062_0054_0054.jpg 1 37 62 54 54
0027_0095_0040_0024_0024.jpg 1 95 40 24 24
0028_0078_0048_0048_0048.jpg 1 78 48 48 48
0029_0048_0048_0063_0063.jpg 1 48 48 63 63
0030_0046_0051_0066_0066.jpg 1 46 51 66 66
0031_0043_0047_0087_0087.jpg 1 43 47 87 87
0032_0013_0039_0091_0091.jpg 1 13 39 91 91
0033_0043_0035_0088_0088.jpg 1 43 35 88 88
0034_0043_0050_0056_0056.jpg 1 43 50 56 56
0035_0051_0055_0040_0040.jpg 1 51 55 40 40
0036_0048_0058_0069_0069.jpg 1 48 58 69 69
0037_0021_0023_0104_0104.jpg 1 21 23 104 104
0038_0052_0023_0035_0035.jpg 1 52 23 35 35
0039_0048_0036_0085_0085.jpg 1 48 36 85 85
0040_0042_0010_0100_0100.jpg 1 42 10 100 100
0041_0089_0053_0037_0037.jpg 1 89 53 37 37
0042_0033_0034_0101_0101.jpg 1 33 34 101 101
0043_0014_0029_0102_0102.jpg 1 14 29 102 102
0044_0086_0028_0028_0028.jpg 1 86 28 28 28
0045_0028_0031_0033_0033.jpg 1 28 31 33 33
0046_0078_0085_0042_0042.jpg 1 78 85 42 42
0047_0026_0027_0089_0089.jpg 1 26 27 89 89
0048_0041_0033_0075_0075.jpg 1 41 33 75 75
0049_0011_0077_0047_0047.jpg 1 11 77 47 47
0050_0017_0036_0102_0102.jpg 1 17 36 102 102
0051_0074_0047_0038_0038.jpg 1 74 47 38 38
0052_0028_0036_0072_0072.jpg 1 28 36 72 72
0053_0014_0009_0089_0089.jpg 1 14 9 89 89
0054_0030_0008_0104_0104.jpg 1 30 8 104 104
0055_0043_0036_0041_0041.jpg 1 43 36 41 41
0056_0036_0065_0065_0065.jpg 1 36 65 65 65
0057_0051_0018_0053_0053.jpg 1 51 18 53 53
0058_0030_0035_0079_0079.jpg 1 30 35 79 79
0059_0060_0013_0028_0028.jpg 1 60 13 28 28
0060_0071_0056_0029_0029.jpg 1 71 56 29 29
0061_0036_0034_0096_0096.jpg 1 36 34 96 96
0062_0032_0008_0084_0084.jpg 1 32 8 84 84
0063_0063_0048_0045_0045.jpg 1 63 48 45 45
0064_0012_0070_0064_0064.jpg 1 12 70 64 64
0065_0048_0015_0072_0072.jpg 1 48 15 72 72
0066_0043_0017_0034_0034.jpg 1 43 17 34 34
0067_0039_0018_0103_0103.jpg 1 39 18 103 103
0068_0040_0053_0089_0089.jpg 1 40 53 89 89
0069_0018_0029_0104_0104.jpg 1 18 29 104 104
0070_0024_0044_0078_0078.jpg 1 24 44 78 78
0071_0056_0089_0035_0035.jpg 1 56 89 35 35
0072_0040_0045_0083_0083.jpg 1 40 45 83 83
0073_0034_0026_0090_0090.jpg 1 34 26 90 90
0074_0046_0065_0041_0041.jpg 1 46 65 41 41
0075_0065_0058_0050_0050.jpg 1 65 58 50 50
0076_0069_0053_0027_0027.jpg 1 69 53 27 27
0077_0080_0031_0024_0024.jpg 1 80 31 24 24
0078_0086_0035_0036_0036.jpg 1 86 35 36 36
0079_0066_0028_0044_0044.jpg 1 66 28 44 44
0080_0061_0051_0078_0078.jpg 1 61 51 78 78
0081_0012_0068_0055_0055.jpg 1 12 68 55 55
0082_0042_0039_0101_0101.jpg 1 42 39 101 101
0083_0038_0037_0093_0093.jpg 1 38 37 93 93
0084_0052_0108_0026_0026.jpg 1 52 108 26 26
0085_0033_0062_0052_0052.jpg 1 33 62 52 52
0086_0074_0050_0041_0041.jpg 1 74 50 41 41
0087_0073_0040_0048_0048.jpg 1 73 40 48 48
0088_0047_0029_0068_0068.jpg 1 47 29 68 68
0089_0054_0096_0030_0030.jpg 1 54 96 30 30
0090_0040_0020_0098_0098.jpg 1 40 20 98 98
0091_0044_0012_0097_0097.jpg 1 44 12 97 97
0092_0083_0044_0039_0039.jpg 1 83 44 39 39
0093_0022_0010_0099_0099.jpg 1 22 10 99 99
0094_0084_0058_0038_0038.jpg 1 84 58 38 38
0095_0040_0050_0075_0075.jpg 1 40 50 75 75
0096_0053_0057_0044_0044.jpg 1 53 57 44 44
0097_0011_0056_0065_0065.jpg 1 11 56 65 65
0098_0064_0012_0029_0029.jpg 1 64 12 29 29
0099_0018_0019_0055_0055.jpg 1 18 19 55 55
0100_0035_0037_0028_0028.jpg 1 35 37 28 28
0101_0037_0076_0037_0037.jpg 1 37 76 37 37
0102_0083_0072_0033_0033.jpg 1 83 72 33 33
0103_0041_0051_0084_0084.jpg 1 41 51 84 84
0104_0017_0104_0026_0026.jpg 1 17 104 26 26
0105_0074_0078_0059_0059.jpg 1 74 78 59 59
0106_0012_0010_0057_0057.jpg 1 12 10 57 57
0107_0050_0052_0091_0091.jpg 1 50 52 91 91
0108_0044_0037_0033_0033.jpg 1 44 37 33 33
0109_0032_0018_0095_0095.jpg 1 32 18 95 95
0110_0058_0045_0054_0054.jpg 1 58 45 54 54
0111_0041_0042_0095_0095.jpg 1 41 42 95 95
0112_0027_0036_0092_0092.jpg 1 27 36 92 92
0113_0018_0070_0067_0067.jpg 1 18 70 67 67
0114_0046_0019_0089_0089.jpg 1 46 19 89 89
0115_0022_0022_0099_0099.jpg 1 22 22 99 99
0116_0070_0021_0033_0033.jpg 1 70 21 33 33
0117_0020_0036_0102_0102.jpg 1 20 36 102 102
0118_0048_0019_0040_0040.jpg 1 48 19 40 40
0119_0045_0034_0059_0059.jpg 1 45 34 59 59
0120_0086_0106_0024_0024.jpg 1 86 106 24 24
0121_0057_0018_0081_0081.jpg 1 57 18 81 81
0122_0022_0074_0025_0025.jpg 1 22 74 25 25
0123_0062_0049_0049_0049.jpg 1 62 49 49 49
0124_0011_0020_0074_0074.jpg 1 11 20 74 74
0125_0027_0044_0024_0024.jpg 1 27 44 24 24
0126_0010_0042_0100_0100.jpg 1 10 42 100 100
0127_0029_0037_0079_0079.jpg 1 29 37 79 79
0128_0047_0070_0067_0067.jpg 1 47 70 67 67
0129_0039_0012_0078_0078.jpg 1 39 12 78 78
0130_0017_0085_0033_0033.jpg 1 17 85 33 33
0131_0052_0039_0075_0075.jpg 1 52 39 75 75
0132_0036_0012_0057_0057.jpg 1 36 12 57 57
0133_0009_0036_0103_0103.jpg 1 9 36 103 103
0134_0040_0037_0100_0100.jpg 1 40 37 100 100
0135_0058_0008_0069_0069.jpg 1 58 8 69 69
0136_0037_0014_0102_0102.jpg 1 37 14 102 102
0137_0009_0019_0061_0061.jpg 1 9 19 61 61
0138_0037_0011_0091_0091.jpg 1 37 11 91 91
0139_0022_0009_0089_0089.jpg 1 22 9 89 89
0140_0006_0026_0100_0100.jpg 1 6 26 100 100
0141_0080_0080_0043_0043.jpg 1 80 80 43 43
0142_0033_0032_0032_0032.jpg 1 33 32 32 32
0143_0048_0020_0057_0057.jpg 1 48 20 57 57
0144_0051_0051_0084_0084.jpg 1 51 51 84 84
0145_0067_0018_0055_0055.jpg 1 67 18 55 55
0146_0056_0054_0026_0026.jpg 1 56 54 26 26
0147_0082_0076_0047_0047.jpg 1 82 76 47 47
0148_0023_0092_0043_0043.jpg 1 23 92 43 43
0149_0042_0066_0068_0068.jpg 1 42 66 68 68
0150_0045_0011_0086_0086.jpg 1 45 11 86 86
0151_0037_0010_0085_0085.jpg 1 37 10 85 85
0152_0010_0040_0083_0083.jpg 1 10 40 83 83
0153_0029_0029_0069_0069.jpg 1 29 29 69 69
0154_0055_0041_0088_0088.jpg 1 55 41 88 88
0155_0023_0022_0088_0088.jpg 1 23 22 88 88
0156_0058_0040_0067_0067.jpg 1 58 40 67 67
0157_0048_0069_0068_0068.jpg 1 48 69 68 68
0158_0028_0019_0100_0100.jpg 1 28 19 100 100
0159_0095_0106_0027_0027.jpg 1 95 106 27 27
0160_0035_0021_0096_0096.jpg 1 35 21 96 96
0161_0088_0080_0043_0043.jpg 1 88 80 43 43
0162_0051_0015_0093_0093.jpg 1 51 15 93 93
0163_0049_0090_0027_0027.jpg 1 49 90 27 27
0164_0014_0031_0081_0081.jpg 1 14 31 81 81
0165_0083_0024_0041_0041.jpg 1 83 24 41 41
0166_0043_0005_0093_0093.jpg 1 43 5 93 93
0167_0010_0054_0055_0055.jpg 1 10 54 55 55
0168_0055_0022_0072_0072.jpg 1 55 22 72 72
0169_0045_0018_0081_0081.jpg 1 45 18 81 81
0170_0014_0015_0071_0071.jpg 1 14 15 71 71
0171_0010_0052_0091_0091.jpg 1 10 52 91 91
0172_0047_0052_0044_0044.jpg 1 47 52 44 44
0173_0076_0013_0051_0051.jpg 1 76 13 51 51
0174_0034_0107_0025_0025.jpg 1 34 107 25 25
0175_0068_0054_0050_0050.jpg 1 68 54 50 50
0176_0037_0014_0028_0028.jpg 1 37 14 28 28
0177_0060_0072_0026_0026.jpg 1 60 72 26 26
0178_0020_0051_0084_0084.jpg 1 20 51 84 84
0179_0022_0044_0080_0080.jpg 1 22 44 80 80
0180_0045_0047_0043_0043.jpg 1 45 47 43 43
0181_0060_0024_0079_0079.jpg 1 60 24 79 79
0182_0034_0023_0045_0045.jpg 1 34 23 45 45
0183_0025_0023_0063_0063.jpg 1 25 23 63 63
0184_0058_0026_0034_0034.jpg 1 58 26 34 34
0185_0071_0064_0061_0061.jpg 1 71 64 61 61
0186_0045_0047_0073_0073.jpg 1 45 47 73 73
0187_0036_0015_0091_0091.jpg 1 36 15 91 91
0188_0020_0020_0059_0059.jpg 1 20 20 59 59
0189_0020_0033_0061_0061.jpg 1 20 33 61 61
0190_0016_0016_0045_0045.jpg 1 16 16 45 45
0191_0026_0042_0053_0053.jpg 1 26 42 53 53
0192_0025_0057_0025_0025.jpg 1 25 57 25 25
0193_0030_0078_0051_0051.jpg 1 30 78 51 51
0194_0010_0013_0063_0063.jpg 1 10 13 63 63
0195_0027_0021_0093_0093.jpg 1 27 21 93 93
0196_0047_0061_0033_0033.jpg 1 47 61 33 33
0197_0013_0040_0045_0045.jpg 1 13 40 45 45
0198_0026_0035_0085_0085.jpg 1 26 35 85 85
0199_0074_0019_0066_0066.jpg 1 74 19 66 66
0200_0022_0015_0060_0060.jpg 1 22 15 60 60
0201_0018_0020_0080_0080.jpg 1 18 20 80 80
0202_0049_0040_0083_0083.jpg 1 49 40 83 83
0203_0048_0013_0063_0063.jpg 1 48 13 63 63
0204_0049_0093_0042_0042.jpg 1 49 93 42 42
0205_0020_0018_0097_0097.jpg 1 20 18 97 97
0206_0109_0042_0026_0026.jpg 1 109 42 26 26
0207_0018_0026_0101_0101.jpg 1 18 26 101 101
0208_0039_0031_0059_0059.jpg 1 39 31 59 59
0209_0100_0077_0035_0035.jpg 1 100 77 35 35
0210_0063_0008_0066_0066.jpg 1 63 8 66 66
0211_0019_0062_0080_0080.jpg 1 19 62 80 80
0212_0048_0055_0086_0086.jpg 1 48 55 86 86
0213_0067_0057_0035_0035.jpg 1 67 57 35 35
0214_0025_0039_0088_0088.jpg 1 25 39 88 88
0215_0050_0019_0091_0091.jpg 1 50 19 91 91
0216_0057_0056_0080_0080.jpg 1 57 56 80 80
0217_0063_0043_0033_0033.jpg 1 63 43 33 33
0218_0054_0017_0082_0082.jpg 1 54 17 82 82
0219_0084_0068_0043_0043.jpg 1 84 68 43 43
0220_0029_0059_0081_0081.jpg 1 29 59 81 81
0221_0074_0016_0063_0063.jpg 1 74 16 63 63
0222_0006_0036_0095_0095.jpg 1 6 36 95 95
0223_0037_0012_0061_0061.jpg 1 37 12 61 61
0224_0008_0044_0078_0078.jpg 1 8 44 78 78
0225_0058_0012_0077_0077.jpg 1 58 12 77 77
0226_0040_0082_0048_0048.jpg 1 40 82 48 48
0227_0039_0035_0074_0074.jpg 1 39 35 74 74
0228_0058_0007_0082_0082.jpg 1 58 7 82 82
0229_0015_0060_0054_0054.jpg 1 15 60 54 54
0230_0024_0008_0089_0089.jpg 1 24 8 89 89
0231_0056_0027_0071_0071.jpg 1 56 27 71 71
0232_0026_0034_0103_0103.jpg 1 26 34 103 103
0233_0031_0055_0055_0055.jpg 1 31 55 55 55
0234_0049_0044_0083_0083.jpg 1 49 44 83 83
0235_0044_0035_0075_0075.jpg 1 44 35 75 75
0236_0007_0034_0096_0096.jpg 1 7 34 96 96
0237_0043_0050_0052_0052.jpg 1 43 50 52 52
0238_0050_0077_0049_0049.jpg 1 50 77 49 49
0239_0107_0077_0030_0030.jpg 1 107 77 30 30
0240_0009_0033_0101_0101.jpg 1 9 33 101 101
0241_0072_0062_0039_0039.jpg 1 72 62 39 39
0242_0023_0021_0089_0089.jpg 1 23 21 89 89
0243_0064_0060_0040_0040.jpg 1 64 60 40 40
0244_0046_0017_0030_0030.jpg 1 46 17 30 30
0245_0032_0028_0032_0032.jpg 1 32 28 32 32
0246_0020_0019_0088_0088.jpg 1 20 19 88 88
0247_0034_0073_0067_0067.jpg 1 34 73 67 67
0248_0018_0043_0067_0067.jpg 1 18 43 67 67
0249_0055_0049_0087_0087.jpg 1 55 49 87 87
0250_0020_0008_0090_0090.jpg 1 20 8 90 90
0251_0024_0039_0102_0102.jpg 1 24 39 102 102
0252_0081_0022_0049_0049.jpg 1 81 22 49 49
0253_0020_0051_0059_0059.jpg 1 20 51 59 59
0254_0032_0007_0072_0072.jpg 1 32 7 72 72
0255_0017_0051_0090_0090.jpg 1 17 51 90 90
0256_0036_0031_0034_0034.jpg 1 36 31 34 34
0257_0053_0078_0055_0055.jpg 1 53 78 55 55
0258_0059_0065_0071_0071.jpg 1 59 65 71 71
0259_0038_0038_0104_0104.jpg 1 38 38 104 104
0260_0010_0052_0087_0087.jpg 1 10 52 87 87
0261_0016_0049_0094_0094.jpg 1 16 49 94 94
0262_0084_0027_0042_0042.jpg 1 84 27 42 42
0263_0047_0013_0085_0085.jpg 1 47 13 85 85
0264_0012_0056_0066_0066.jpg 1 12 56 66 66
0265_0085_0089_0044_0044.jpg 1 85 89 44 44
0266_0081_0024_0038_0038.jpg 1 81 24 38 38
0267_0016_0054_0079_0079.jpg 1 16 54 79 79
0268_0080_0048_0052_0052.jpg 1 80 48 52 52
0269_0023_0057_0082_0082.jpg 1 23 57 82 82
0270_0016_0011_0093_0093.jpg 1 16 11 93 93
0271_0080_0017_0042_0042.jpg 1 80 17 42 42
0272_0077_0010_0058_0058.jpg 1 77 10 58 58
0273_0043_0018_0079_0079.jpg 1 43 18 79 79
0274_0034_0021_0067_0067.jpg 1 34 21 67 67
0275_0024_0027_0065_0065.jpg 1 24 27 65 65
0276_0098_0043_0029_0029.jpg 1 98 43 29 29
0277_0015_0043_0056_0056.jpg 1 15 43 56 56
0278_0046_0073_0048_0048.jpg 1 46 73 48 48
0279_0053_0084_0025_0025.jpg 1 53 84 25 25
0280_0041_0038_0101_0101.jpg 1 41 38 101 101
0281_0058_0055_0065_0065.jpg 1 58 55 65 65
0282_0048_0021_0035_0035.jpg 1 48 21 35 35
0283_0035_0013_0043_0043.jpg 1 35 13 43 43
0284_0047_0065_0072_0072.jpg 1 47 65 72 72
0285_0090_0073_0029_0029.jpg 1 90 73 29 29
0286_0068_0059_0049_0049.jpg 1 68 59 49 49
0287_0036_0073_0033_0033.jpg 1 36 73 33 33
0288_0011_0025_0103_0103.jpg 1 11 25 103 103
0289_0066_0018_0075_0075.jpg 1 66 18 75 75
0290_0086_0077_0049_0049.jpg 1 86 77 49 49
0291_0040_0033_0100_0100.jpg 1 40 33 100 100
0292_0017_0034_0098_0098.jpg 1 17 34 98 98
0293_0074_0073_0062_0062.jpg 1 74 73 62 62
0294_0012_0069_0071_0071.jpg 1 12 69 71 71
0295_0030_0037_0090_0090.jpg 1 30 37 90 90
0296_0042_0034_0053_0053.jpg 1 42 34 53 53
0297_0043_0029_0093_0093.jpg 1 43 29 93 93
0298_0050_0018_0061_0061.jpg 1 50 18 61 61
0299_0013_0019_0046_0046.jpg 1 13 19 46 46
0300_0107_0043_0028_0028.jpg 1 107 43 28 28
0301_0039_0023_0063_0063.jpg 1 39 23 63 63
0302_0022_0046_0075_0075.jpg 1 22 46 75 75
0303_0006_0024_0095_0095.jpg 1 6 24 95 95
0304_0032_0038_0024_0024.jpg 1 32 38 24 24
0305_0085_0033_0050_0050.jpg 1 85 33 50 50
0306_0029_0033_0047_0047.jpg 1 29 33 47 47
0307_0042_0025_0053_0053.jpg 1 42 25 53 53
0308_0052_0054_0049_0049.jpg 1 52 54 49 49
0309_0028_0068_0071_0071.jpg 1 28 68 71 71
0310_0047_0042_0050_0050.jpg 1 47 42 50 50
0311_0065_0085_0031_0031.jpg 1 65 85 31 31
0312_0032_0031_0085_0085.jpg 1 32 31 85 85
0313_0022_0012_0068_0068.jpg 1 22 12 68 68
0314_0023_0041_0076_0076.jpg 1 23 41 76 76
0315_0035_0032_0043_0043.jpg 1 35 32 43 43
0316_0049_0015_0078_0078.jpg 1 49 15 78 78
0317_0049_0040_0059_0059.jpg 1 49 40 59 59
0318_0083_0035_0043_0043.jpg 1 83 35 43 43
0319_0021_0049_0074_0074.jpg 1 21 49 74 74
0320_0031_0057_0065_0065.jpg 1 31 57 65 65
0321_0041_0006_0099_0099.jpg 1 41 6 99 99
0322_0085_0039_0026_0026.jpg 1 85 39 26 26
0323_0048_0065_0049_0049.jpg 1 48 65 49 49
0324_0056_0064_0062_0062.jpg 1 56 64 62 62
0325_0058_0092_0025_0025.jpg 1 58 92 25 25
0326_0015_0011_0094_0094.jpg 1 15 11 94 94
0327_0017_0045_0095_0095.jpg 1 17 45 95 95
0328_0097_0074_0029_0029.jpg 1 97 74 29 29
0329_0042_0060_0082_0082.jpg 1 42 60 82 82
0330_0069_0013_0069_0069.jpg 1 69 13 69 69
0331_0009_0009_0090_0090.jpg 1 9 9 90 90
0332_0040_0051_0029_0029.jpg 1 40 51 29 29
0333_0080_0083_0032_0032.jpg 1 80 83 32 32
0334_0044_0031_0080_0080.jpg 1 44 31 80 80
0335_0038_0038_0063_0063.jpg 1 38 38 63 63
0336_0087_0084_0030_0030.jpg 1 87 84 30 30
0337_0022_0063_0056_0056.jpg 1 22 63 56 56
0338_0039_0067_0072_0072.jpg 1 39 67 72 72
0339_0041_0017_0055_0055.jpg 1 41 17 55 55
0340_0024_0054_0068_0068.jpg 1 24 54 68 68
0341_0025_0030_0060_0060.jpg 1 25 30 60 60
0342_0006_0038_0103_0103.jpg 1 6 38 103 103
0343_0008_0037_0089_0089.jpg 1 8 37 89 89
0344_0054_0105_0026_0026.jpg 1 54 105 26 26
0345_0035_0019_0050_0050.jpg 1 35 19 50 50
0346_0067_0046_0068_0068.jpg 1 67 46 68 68
0347_0011_0070_0043_0043.jpg 1 11 70 43 43
0348_0058_0010_0065_0065.jpg 1 58 10 65 65
0349_0074_0077_0058_0058.jpg 1 74 77 58 58
0350_0063_0053_0066_0066.jpg 1 63 53 66 66
0351_0029_0052_0086_0086.jpg 1 29 52 86 86
0352_0070_0079_0049_0049.jpg 1 70 79 49 49
0353_0020_0012_0033_0033.jpg 1 20 12 33 33
0354_0028_0034_0077_0077.jpg 1 28 34 77 77
0355_0039_0044_0100_0100.jpg 1 39 44 100 100
0356_0028_0069_0034_0034.jpg 1 28 69 34 34
0357_0072_0037_0026_0026.jpg 1 72 37 26 26
0358_0082_0062_0054_0054.jpg 1 82 62 54 54
0359_0033_0011_0101_0101.jpg 1 33 11 101 101
0360_0025_0048_0083_0083.jpg 1 25 48 83 83
0361_0109_0055_0024_0024.jpg 1 109 55 24 24
0362_0017_0033_0053_0053.jpg 1 17 33 53 53
0363_0047_0047_0088_0088.jpg 1 47 47 88 88
0364_0109_0040_0028_0028.jpg 1 109 40 28 28
0365_0063_0077_0050_0050.jpg 1 63 77 50 50
0366_0051_0031_0035_0035.jpg 1 51 31 35 35
0367_0035_0057_0077_0077.jpg 1 35 57 77 77
0368_0033_0040_0100_0100.jpg 1 33 40 100 100
0369_0096_0093_0041_0041.jpg 1 96 93 41 41
0370_0026_0096_0038_0038.jpg 1 26 96 38 38
0371_0033_0029_0092_0092.jpg 1 33 29 92 92
0372_0014_0066_0028_0028.jpg 1 14 66 28 28
0373_0031_0092_0043_0043.jpg 1 31 92 43 43
0374_0007_0043_0087_0087.jpg 1 7 43 87 87
0375_0025_0051_0050_0050.jpg 1 25 51 50 50
0376_0020_0015_0084_0084.jpg 1 20 15 84 84
0377_0045_0008_0085_0085.jpg 1 45 8 85 85
0378_0058_0035_0078_0078.jpg 1 58 35 78 78
0379_0068_0084_0054_0054.jpg 1 68 84 54 54
0380_0032_0035_0083_0083.jpg 1 32 35 83 83
0381_0032_0042_0092_0092.jpg 1 32 42 92 92
0382_0055_0017_0068_0068.jpg 1 55 17 68 68
0383_0031_0018_0071_0071.jpg 1 31 18 71 71
0384_0020_0012_0053_0053.jpg 1 20 12 53 53
0385_0013_0041_0088_0088.jpg 1 13 41 88 88
0386_0060_0022_0075_0075.jpg 1 60 22 75 75
0387_0031_0044_0027_0027.jpg 1 31 44 27 27
0388_0060_0027_0050_0050.jpg 1 60 27 50 50
0389_0033_0061_0064_0064.jpg 1 33 61 64 64
0390_0047_0010_0096_0096.jpg 1 47 10 96 96
0391_0022_0022_0060_0060.jpg 1 22 22 60 60
0392_0056_0088_0047_0047.jpg 1 56 88 47 47
0393_0035_0023_0090_0090.jpg 1 35 23 90 90
0394_0077_0088_0051_0051.jpg 1 77 88 51 51
0395_0043_0045_0055_0055.jpg 1 43 45 55 55
0396_0047_0012_0034_0034.jpg 1 47 12 34 34
0397_0018_0037_0026_0026.jpg 1 18 37 26 26
0398_0021_0038_0085_0085.jpg 1 21 38 85 85
0399_0011_0049_0075_0075.jpg 1 11 49 75 75
0400_0022_0061_0033_0033.jpg 1 22 61 33 33
0401_0074_0059_0045_0045.jpg 1 74 59 45 45
0402_0012_0007_0099_0099.jpg 1 12 7 99 99
0403_0037_0051_0066_0066.jpg 1 37 51 66 66
0404_0041_0020_0048_0048.jpg 1 41 20 48 48
0405_0044_0021_0059_0059.jpg 1 44 21 59 59
0406_0048_0068_0065_0065.jpg 1 48 68 65 65
0407_0016_0039_0074_0074.jpg 1 16 39 74 74
0408_0050_0022_0080_0080.jpg 1 50 22 80 80
0409_0056_0027_0084_0084.jpg 1 56 27 84 84
0410_0032_0015_0075_0075.jpg 1 32 15 75 75
0411_0039_0035_0043_0043.jpg 1 39 35 43 43
0412_0033_0071_0057_0057.jpg 1 33 71 57 57
0413_0018_0092_0041_0041.jpg 1 18 92 41 41
0414_0040_0020_0063_0063.jpg 1 40 20 63 63
0415_0017_0033_0086_0086.jpg 1 17 33 86 86
0416_0054_0014_0034_0034.jpg 1 54 14 34 34
0417_0075_0019_0061_0061.jpg 1 75 19 61 61
0418_0083_0077_0056_0056.jpg 1 83 77 56 56
0419_0083_0064_0046_0046.jpg 1 83 64 46 46
0420_0032_0100_0031_0031.jpg 1 32 100 31 31
0421_0023_0016_0082_0082.jpg 1 23 16 82 82
0422_0048_0054_0064_0064.jpg 1 48 54 64 64
0423_0023_0037_0087_0087.jpg 1 23 37 87 87
0424_0037_0013_0043_0043.jpg 1 37 13 43 43
0425_0005_0033_0100_0100.jpg 1 5 33 100 100
0426_0063_0096_0029_0029.jpg 1 63 96 29 29
0427_0012_0021_0086_0086.jpg 1 12 21 86 86
0428_0047_0026_0057_0057.jpg 1 47 26 57 57
0429_0010_0010_0099_0099.jpg 1 10 10 99 99
0430_0043_0042_0098_0098.jpg 1 43 42 98 98
0431_0079_0072_0029_0029.jpg 1 79 72 29 29
0432_0031_0016_0069_0069.jpg 1 31 16 69 69
0433_0047_0059_0034_0034.jpg 1 47 59 34 34
0434_0037_0029_0034_0034.jpg 1 37 29 34 34
0435_0028_0068_0050_0050.jpg 1 28 68 50 50
0436_0075_0012_0063_0063.jpg 1 75 12 63 63
0437_0031_0014_0092_0092.jpg 1 31 14 92 92
0438_0041_0021_0055_0055.jpg 1 41 21 55 55
0439_0014_0014_0102_0102.jpg 1 14 14 102 102
0440_0044_0008_0097_0097.jpg 1 44 8 97 97
0441_0021_0022_0077_0077.jpg 1 21 22 77 77
0442_0062_0016_0071_0071.jpg 1 62 16 71 71
0443_0011_0041_0068_0068.jpg 1 11 41 68 68
0444_0050_0031_0061_0061.jpg 1 50 31 61 61
0445_0085_0056_0038_0038.jpg 1 85 56 38 38
0446_0023_0064_0070_0070.jpg 1 23 64 70 70
0447_0069_0091_0036_0036.jpg 1 69 91 36 36
0448_0016_0052_0082_0082.jpg 1 16 52 82 82
0449_0021_0017_0077_0077.jpg 1 21 17 77 77
0450_0035_0065_0074_0074.jpg 1 35 65 74 74
0451_0062_0038_0043_0043.jpg 1 62 38 43 43
0452_0021_0025_0048_0048.jpg 1 21 25 48 48
0453_0053_0065_0046_0046.jpg 1 53 65 46 46
0454_0054_0045_0048_0048.jpg 1 54 45 48 48
0455_0038_0035_0051_0051.jpg 1 38 35 51 51
0456_0055_0060_0080_0080.jpg 1 55 60 80 80
0457_0048_0092_0030_0030.jpg 1 48 92 30 30
0458_0065_0083_0024_0024.jpg 1 65 83 24 24
0459_0019_0036_0086_0086.jpg 1 19 36 86 86
0460_0023_0028_0047_0047.jpg 1 23 28 47 47
0461_0015_0013_0041_0041.jpg 1 15 13 41 41
0462_0021_0007_0099_0099.jpg 1 21 7 99 99
0463_0020_0093_0036_0036.jpg 1 20 93 36 36
0464_0031_0018_0066_0066.jpg 1 31 18 66 66
0465_0046_0039_0027_0027.jpg 1 46 39 27 27
0466_0058_0072_0046_0046.jpg 1 58 72 46 46
0467_0075_0101_0034_0034.jpg 1 75 101 34 34
0468_0091_0094_0024_0024.jpg 1 91 94 24 24
0469_0053_0079_0057_0057.jpg 1 53 79 57 57
0470_0012_0011_0097_0097.jpg 1 12 11 97 97
0471_0029_0010_0100_0100.jpg 1 29 10 100 100
0472_0053_0068_0065_0065.jpg 1 53 68 65 65
0473_0036_0046_0097_0097.jpg 1 36 46 97 97
0474_0041_0067_0040_0040.jpg 1 41 67 40 40
0475_0014_0032_0092_0092.jpg 1 14 32 92 92
0476_0089_0012_0045_0045.jpg 1 89 12 45 45
0477_0085_0013_0038_0038.jpg 1 85 13 38 38
0478_0066_0070_0032_0032.jpg 1 66 70 32 32
0479_0036_0011_0094_0094.jpg 1 36 11 94 94
0480_0021_0091_0024_0024.jpg 1 21 91 24 24
0481_0067_0031_0063_0063.jpg 1 67 31 63 63
0482_0015_0018_0084_0084.jpg 1 15 18 84 84
0483_0071_0011_0064_0064.jpg 1 71 11 64 64
0484_0051_0010_0069_0069.jpg 1 51 10 69 69
0485_0009_0012_0094_0094.jpg 1 9 12 94 94
0486_0018_0015_0051_0051.jpg 1 18 15 51 51
0487_0007_0010_0091_0091.jpg 1 7 10 91 91
0488_0090_0096_0035_0035.jpg 1 90 96 35 35
0489_0052_0041_0067_0067.jpg 1 52 41 67 67
0490_0048_0035_0085_0085.jpg 1 48 35 85 85
0491_0014_0027_0097_0097.jpg 1 14 27 97 97
0492_0040_0016_0038_0038.jpg 1 40 16 38 38
0493_0029_0013_0097_0097.jpg 1 29 13 97 97
0494_0007_0036_0104_0104.jpg 1 7 36 104 104
0495_0033_0044_0099_0099.jpg 1 33 44 99 99
0496_0054_0081_0049_0049.jpg 1 54 81 49 49
0497_0074_0022_0030_0030.jpg 1 74 22 30 30
0498_0011_0009_0054_0054.jpg 1 11 9 54 54
0499_0010_0045_0053_0053.jpg 1 10 45 53 53
0500_0039_0056_0046_0046.jpg 1 39 56 46 46
0501_0017_0013_0091_0091.jpg 1 17 13 91 91
0502_0036_0037_0101_0101.jpg 1 36 37 101 101
0503_0096_0036_0031_0031.jpg 1 96 36 31 31
0504_0075_0055_0046_0046.jpg 1 75 55 46 46
0505_0007_0033_0099_0099.jpg 1 7 33 99 99
0506_0026_0075_0028_0028.jpg 1 26 75 28 28
0507_0032_0024_0101_0101.jpg 1 32 24 101 101
0508_0028_0050_0071_0071.jpg 1 28 50 71 71
0509_0029_0069_0036_0036.jpg 1 29 69 36 36
0510_0070_0069_0046_0046.jpg 1 70 69 46 46
0511_0038_0020_0032_0032.jpg 1 38 20 32 32
0512_0029_0022_0092_0092.jpg 1 29 22 92 92
0513_0034_0007_0102_0102.jpg 1 34 7 102 102
0514_0052_0039_0080_0080.jpg 1 52 39 80 80
0515_0060_0063_0069_0069.jpg 1 60 63 69 69
0516_0080_0074_0045_0045.jpg 1 80 74 45 45
0517_0015_0072_0043_0043.jpg 1 15 72 43 43
0518_0023_0011_0069_0069.jpg 1 23 11 69 69
0519_0086_0011_0041_0041.jpg 1 86 11 41 41
0520_0049_0045_0054_0054.jpg 1 49 45 54 54
0521_0022_0026_0100_0100.jpg 1 22 26 100 100
0522_0052_0066_0074_0074.jpg 1 52 66 74 74
0523_0030_0047_0085_0085.jpg 1 30 47 85 85
0524_0048_0054_0069_0069.jpg 1 48 54 69 69
0525_0100_0044_0028_0028.jpg 1 100 44 28 28
0526_0043_0069_0072_0072.jpg 1 43 69 72 72
0527_0009_0029_0102_0102.jpg 1 9 29 102 102
0528_0082_0035_0045_0045.jpg 1 82 35 45 45
0529_0056_0031_0070_0070.jpg 1 56 31 70 70
0530_0047_0103_0025_0025.jpg 1 47 103 25 25
0531_0008_0028_0099_0099.jpg 1 8 28 99 99
0532_0044_0049_0073_0073.jpg 1 44 49 73 73
0533_0036_0068_0073_0073.jpg 1 36 68 73 73
0534_0038_0023_0082_0082.jpg 1 38 23 82 82
0535_0043_0020_0065_0065.jpg 1 43 20 65 65
0536_0049_0038_0074_0074.jpg 1 49 38 74 74
0537_0031_0069_0070_0070.jpg 1 31 69 70 70
0538_0026_0036_0067_0067.jpg 1 26 36 67 67
0539_0064_0045_0060_0060.jpg 1 64 45 60 60
0540_0059_0048_0062_0062.jpg 1 59 48 62 62
0541_0019_0016_0103_0103.jpg 1 19 16 103 103
0542_0017_0008_0104_0104.jpg 1 17 8 104 104
0543_0030_0058_0036_0036.jpg 1 30 58 36 36
0544_0022_0019_0064_0064.jpg 1 22 19 64 64
0545_0041_0101_0030_0030.jpg 1 41 101 30 30
0546_0065_0055_0045_0045.jpg 1 65 55 45 45
0547_0038_0038_0091_0091.jpg 1 38 38 91 91
0548_0007_0041_0102_0102.jpg 1 7 41 102 102
0549_0045_0040_0047_0047.jpg 1 45 40 47 47
0550_0015_0022_0057_0057.jpg 1 15 22 57 57
0551_0067_0031_0031_0031.jpg 1 67 31 31 31
0552_0017_0022_0077_0077.jpg 1 17 22 77 77
0553_0087_0035_0038_0038.jpg 1 87 35 38 38
0554_0053_0028_0076_0076.jpg 1 53 28 76 76
0555_0077_0045_0024_0024.jpg 1 77 45 24 24
0556_0017_0046_0091_0091.jpg 1 17 46 91 91
0557_0045_0023_0092_0092.jpg 1 45 23 92 92
0558_0007_0031_0102_0102.jpg 1 7 31 102 102
0559_0064_0077_0041_0041.jpg 1 64 77 41 41
0560_0075_0079_0060_0060.jpg 1 75 79 60 60
0561_0048_0079_0034_0034.jpg 1 48 79 34 34
0562_0014_0029_0041_0041.jpg 1 14 29 41 41
0563_0057_0026_0028_0028.jpg 1 57 26 28 28
0564_0023_0048_0037_0037.jpg 1 23 48 37 37
0565_0068_0087_0052_0052.jpg 1 68 87 52 52
0566_0062_0087_0034_0034.jpg 1 62 87 34 34
0567_0033_0021_0042_0042.jpg 1 33 21 42 42
0568_0039_0028_0055_0055.jpg 1 39 28 55 55
0569_0051_0044_0078_0078.jpg 1 51 44 78 78
0570_0066_0012_0069_0069.jpg 1 66 12 69 69
0571_0025_0014_0097_0097.jpg 1 25 14 97 97
0572_0035_0088_0047_0047.jpg 1 35 88 47 47
0573_0013_0018_0096_0096.jpg 1 13 18 96 96
0574_0054_0031_0077_0077.jpg 1 54 31 77 77
0575_0050_0023_0039_0039.jpg 1 50 23 39 39
0576_0053_0066_0048_0048.jpg 1 53 66 48 48
0577_0014_0061_0071_0071.jpg 1 14 61 71 71
0578_0063_0020_0057_0057.jpg 1 63 20 57 57
0579_0030_0046_0045_0045.jpg 1 30 46 45 45
0580_0049_0051_0074_0074.jpg 1 49 51 74 74
0581_0026_0035_0098_0098.jpg 1 26 35 98 98
0582_0018_0031_0046_0046.jpg 1 18 31 46 46
0583_0030_0008_0087_0087.jpg 1 30 8 87 87
0584_0065_0016_0071_0071.jpg 1 65 16 71 71
0585_0056_0073_0051_0051.jpg 1 56 73 51 51
0586_0072_0016_0041_0041.jpg 1 72 16 41 41
0587_0024_0073_0066_0066.jpg 1 24 73 66 66
0588_0103_0042_0031_0031.jpg 1 103 42 31 31
0589_0037_0032_0032_0032.jpg 1 37 32 32 32
0590_0008_0029_0093_0093.jpg 1 8 29 93 93
0591_0013_0081_0025_0025.jpg 1 13 81 25 25
0592_0044_0086_0025_0025.jpg 1 44 86 25 25
0593_0027_0071_0048_0048.jpg 1 27 71 48 48
0594_0055_0018_0078_0078.jpg 1 55 18 78 78
0595_0026_0022_0092_0092.jpg 1 26 22 92 92
0596_0036_0042_0073_0073.jpg 1 36 42 73 73
0597_0018_0022_0075_0075.jpg 1 18 22 75 75
0598_0010_0047_0082_0082.jpg 1 10 47 82 82
0599_0094_0085_0040_0040.jpg 1 94 85 40 40
0600_0054_0031_0066_0066.jpg 1 54 31 66 66
0601_0022_0010_0048_0048.jpg 1 22 10 48 48
0602_0058_0092_0035_0035.jpg 1 58 92 35 35
0603_0010_0044_0069_0069.jpg 1 10 44 69 69
0604_0010_0028_0103_0103.jpg 1 10 28 103 103
0605_0044_0034_0092_0092.jpg 1 44 34 92 92
0606_0075_0020_0030_0030.jpg 1 75 20 30 30
0607_0047_0026_0050_0050.jpg 1 47 26 50 50
0608_0060_0085_0046_0046.jpg 1 60 85 46 46
0609_0036_0045_0073_0073.jpg 1 36 45 73 73
0610_0028_0052_0090_0090.jpg 1 28 52 90 90
0611_0043_0060_0034_0034.jpg 1 43 60 34 34
0612_0042_0022_0102_0102.jpg 1 42 22 102 102
0613_0101_0039_0036_0036.jpg 1 101 39 36 36
0614_0015_0026_0094_0094.jpg 1 15 26 94 94
0615_0017_0029_0050_0050.jpg 1 17 29 50 50
0616_0065_0058_0074_0074.jpg 1 65 58 74 74
0617_0047_0015_0052_0052.jpg 1 47 15 52 52
0618_0049_0012_0062_0062.jpg 1 49 12 62 62
0619_0049_0034_0088_0088.jpg 1 49 34 88 88
0620_0040_0017_0082_0082.jpg 1 40 17 82 82
0621_0023_0047_0031_0031.jpg 1 23 47 31 31
0622_0036_0015_0095_0095.jpg 1 36 15 95 95
0623_0048_0026_0083_0083.jpg 1 48 26 83 83
0624_0073_0052_0038_0038.jpg 1 73 52 38 38
0625_0036_0026_0025_0025.jpg 1 36 26 25 25
0626_0034_0017_0094_0094.jpg 1 34 17 94 94
0627_0047_0052_0077_0077.jpg 1 47 52 77 77
0628_0039_0027_0062_0062.jpg 1 39 27 62 62
0629_0022_0036_0057_0057.jpg 1 22 36 57 57
0630_0014_0023_0075_0075.jpg 1 14 23 75 75
0631_0018_0049_0075_0075.jpg 1 18 49 75 75
0632_0025_0050_0093_0093.jpg 1 25 50 93 93
0633_0054_0036_0066_0066.jpg 1 54 36 66 66
0634_0043_0104_0033_0033.jpg 1 43 104 33 33
0635_0020_0017_0078_0078.jpg 1 20 17 78 78
0636_0074_0027_0045_0045.jpg 1 74 27 45 45
0637_0016_0023_0067_0067.jpg 1 16 23 67 67
0638_0046_0092_0028_0028.jpg 1 46 92 28 28
0639_0051_0063_0076_0076.jpg 1 51 63 76 76
0640_0101_0100_0028_0028.jpg 1 101 100 28 28
0641_0083_0060_0036_0036.jpg 1 83 60 36 36
0642_0006_0023_0101_0101.jpg 1 6 23 101 101
0643_0048_0047_0077_0077.jpg 1 48 47 77 77
0644_0031_0039_0102_0102.jpg 1 31 39 102 102
0645_0040_0067_0031_0031.jpg 1 40 67 31 31
0646_0016_0029_0090_0090.jpg 1 16 29 90 90
0647_0029_0094_0040_0040.jpg 1 29 94 40 40
0648_0019_0034_0030_0030.jpg 1 19 34 30 30
0649_0068_0072_0044_0044.jpg 1 68 72 44 44
0650_0062_0071_0067_0067.jpg 1 62 71 67 67
0651_0015_0019_0054_0054.jpg 1 15 19 54 54
0652_0052_0028_0043_0043.jpg 1 52 28 43 43
0653_0070_0027_0036_0036.jpg 1 70 27 36 36
0654_0101_0021_0027_0027.jpg 1 101 21 27 27
0655_0085_0053_0025_0025.jpg 1 85 53 25 25
0656_0046_0013_0081_0081.jpg 1 46 13 81 81
0657_0070_0038_0054_0054.jpg 1 70 38 54 54
0658_0034_0028_0042_0042.jpg 1 34 28 42 42
0659_0016_0062_0065_0065.jpg 1 16 62 65 65
0660_0048_0045_0081_0081.jpg 1 48 45 81 81
0661_0023_0026_0092_0092.jpg 1 23 26 92 92
0662_0062_0016_0075_0075.jpg 1 62 16 75 75
0663_0095_0031_0038_0038.jpg 1 95 31 38 38
0664_0037_0040_0095_0095.jpg 1 37 40 95 95
0665_0029_0007_0096_0096.jpg 1 29 7 96 96
0666_0042_0015_0098_0098.jpg 1 42 15 98 98
0667_0040_0070_0068_0068.jpg 1 40 70 68 68
0668_0017_0038_0100_0100.jpg 1 17 38 100 100
0669_0047_0056_0064_0064.jpg 1 47 56 64 64
0670_0025_0072_0046_0046.jpg 1 25 72 46 46
0671_0056_0057_0070_0070.jpg 1 56 57 70 70
0672_0058_0023_0082_0082.jpg 1 58 23 82 82
0673_0075_0022_0053_0053.jpg 1 75 22 53 53
0674_0019_0087_0049_0049.jpg 1 19 87 49 49
0675_0076_0093_0034_0034.jpg 1 76 93 34 34
0676_0022_0006_0101_0101.jpg 1 22 6 101 101
0677_0033_0030_0057_0057.jpg 1 33 30 57 57
0678_0062_0089_0039_0039.jpg 1 62 89 39 39
0679_0080_0090_0029_0029.jpg 1 80 90 29 29
0680_0102_0030_0034_0034.jpg 1 102 30 34 34
0681_0044_0026_0097_0097.jpg 1 44 26 97 97
0682_0005_0012_0095_0095.jpg 1 5 12 95 95
0683_0017_0019_0050_0050.jpg 1 17 19 50 50
0684_0058_0045_0050_0050.jpg 1 58 45 50 50
0685_0045_0068_0069_0069.jpg 1 45 68 69 69
0686_0034_0011_0042_0042.jpg 1 34 11 42 42
0687_0024_0020_0079_0079.jpg 1 24 20 79 79
0688_0069_0045_0026_0026.jpg 1 69 45 26 26
0689_0058_0066_0066_0066.jpg 1 58 66 66 66
0690_0098_0045_0030_0030.jpg 1 98 45 30 30
0691_0032_0058_0063_0063.jpg 1 32 58 63 63
0692_0042_0060_0073_0073.jpg 1 42 60 73 73
0693_0015_0044_0057_0057.jpg 1 15 44 57 57
0694_0077_0069_0035_0035.jpg 1 77 69 35 35
0695_0038_0033_0084_0084.jpg 1 38 33 84 84
0696_0047_0034_0095_0095.jpg 1 47 34 95 95
0697_0042_0084_0034_0034.jpg 1 42 84 34 34
0698_0017_0008_0096_0096.jpg 1 17 8 96 96
0699_0068_0011_0033_0033.jpg 1 68 11 33 33
0700_0009_0009_0059_0059.jpg 1 9 9 59 59
0701_0073_0082_0041_0041.jpg 1 73 82 41 41
0702_0063_0077_0062_0062.jpg 1 63 77 62 62
0703_0039_0039_0046_0046.jpg 1 39 39 46 46
0704_0035_0062_0048_0048.jpg 1 35 62 48 48
0705_0050_0044_0087_0087.jpg 1 50 44 87 87
0706_0041_0023_0043_0043.jpg 1 41 23 43 43
0707_0023_0027_0048_0048.jpg 1 23 27 48 48
0708_0031_0067_0059_0059.jpg 1 31 67 59 59
0709_0010_0054_0052_0052.jpg 1 10 54 52 52
0710_0082_0028_0051_0051.jpg 1 82 28 51 51
0711_0032_0014_0099_0099.jpg 1 32 14 99 99
0712_0050_0009_0089_0089.jpg 1 50 9 89 89
0713_0019_0079_0056_0056.jpg 1 19 79 56 56
0714_0019_0046_0040_0040.jpg 1 19 46 40 40
0715_0009_0033_0096_0096.jpg 1 9 33 96 96
0716_0045_0011_0072_0072.jpg 1 45 11 72 72
0717_0020_0013_0088_0088.jpg 1 20 13 88 88
0718_0011_0055_0074_0074.jpg 1 11 55 74 74
0719_0042_0068_0061_0061.jpg 1 42 68 61 61
0720_0020_0014_0084_0084.jpg 1 20 14 84 84
0721_0031_0008_0064_0064.jpg 1 31 8 64 64
0722_0060_0044_0042_0042.jpg 1 60 44 42 42
0723_0022_0066_0069_0069.jpg 1 22 66 69 69
0724_0055_0069_0064_0064.jpg 1 55 69 64 64
0725_0006_0007_0093_0093.jpg 1 6 7 93 93
0726_0075_0041_0039_0039.jpg 1 75 41 39 39
0727_0095_0035_0044_0044.jpg 1 95 35 44 44
0728_0086_0059_0049_0049.jpg 1 86 59 49 49
0729_0067_0108_0026_0026.jpg 1 67 108 26 26
0730_0014_0047_0093_0093.jpg 1 14 47 93 93
0731_0039_0075_0053_0053.jpg 1 39 75 53 53
0732_0037_0038_0096_0096.jpg 1 37 38 96 96
0733_0051_0026_0072_0072.jpg 1 51 26 72 72
0734_0058_0043_0069_0069.jpg 1 58 43 69 69
0735_0028_0042_0079_0079.jpg 1 28 42 79 79
0736_0009_0017_0101_0101.jpg 1 9 17 101 101
0737_0071_0070_0026_0026.jpg 1 71 70 26 26
0738_0088_0054_0037_0037.jpg 1 88 54 37 37
0739_0082_0027_0048_0048.jpg 1 82 27 48 48
0740_0039_0015_0041_0041.jpg 1 39 15 41 41
0741_0059_0010_0056_0056.jpg 1 59 10 56 56
0742_0067_0037_0070_0070.jpg 1 67 37 70 70
0743_0029_0064_0061_0061.jpg 1 29 64 61 61
0744_0043_0055_0046_0046.jpg 1 43 55 46 46
0745_0029_0032_0033_0033.jpg 1 29 32 33 33
0746_0034_0008_0088_0088.jpg 1 34 8 88 88
0747_0071_0044_0049_0049.jpg 1 71 44 49 49
0748_0020_0026_0062_0062.jpg 1 20 26 62 62
0749_0021_0097_0041_0041.jpg 1 21 97 41 41
0750_0016_0057_0044_0044.jpg 1 16 57 44 44
0751_0027_0028_0069_0069.jpg 1 27 28 69 69
0752_0019_0018_0028_0028.jpg 1 19 18 28 28
0753_0059_0033_0056_0056.jpg 1 59 33 56 56
0754_0067_0041_0048_0048.jpg 1 67 41 48 48
0755_0044_0050_0049_0049.jpg 1 44 50 49 49
0756_0027_0074_0056_0056.jpg 1 27 74 56 56
0757_0048_0052_0040_0040.jpg 1 48 52 40 40
0758_0049_0061_0032_0032.jpg 1 49 61 32 32
0759_0060_0052_0082_0082.jpg 1 60 52 82 82
0760_0049_0015_0080_0080.jpg 1 49 15 80 80
0761_0074_0070_0054_0054.jpg 1 74 70 54 54
0762_0073_0069_0057_0057.jpg 1 73 69 57 57
0763_0048_0006_0093_0093.jpg 1 48 6 93 93
0764_0090_0107_0026_0026.jpg 1 90 107 26 26
0765_0062_0027_0038_0038.jpg 1 62 27 38 38
0766_0010_0046_0093_0093.jpg 1 10 46 93 93
0767_0011_0047_0068_0068.jpg 1 11 47 68 68
0768_0023_0013_0092_0092.jpg 1 23 13 92 92
0769_0085_0091_0024_0024.jpg 1 85 91 24 24
0770_0023_0041_0084_0084.jpg 1 23 41 84 84
0771_0045_0015_0081_0081.jpg 1 45 15 81 81
0772_0043_0034_0073_0073.jpg 1 43 34 73 73
0773_0032_0108_0029_0029.jpg 1 32 108 29 29
0774_0033_0047_0057_0057.jpg 1 33 47 57 57
0775_0050_0070_0063_0063.jpg 1 50 70 63 63
0776_0029_0034_0090_0090.jpg 1 29 34 90 90
0777_0043_0047_0092_0092.jpg 1 43 47 92 92
0778_0052_0017_0061_0061.jpg 1 52 17 61 61
0779_0019_0015_0048_0048.jpg 1 19 15 48 48
0780_0066_0017_0029_0029.jpg 1 66 17 29 29
0781_0057_0031_0071_0071.jpg 1 57 31 71 71
0782_0011_0009_0077_0077.jpg 1 11 9 77 77
0783_0010_0059_0073_0073.jpg 1 10 59 73 73
0784_0041_0020_0048_0048.jpg 1 41 20 48 48
0785_0020_0042_0035_0035.jpg 1 20 42 35 35
0786_0032_0044_0062_0062.jpg 1 32 44 62 62
0787_0022_0083_0052_0052.jpg 1 22 83 52 52
0788_0069_0084_0054_0054.jpg 1 69 84 54 54
0789_0013_0015_0066_0066.jpg 1 13 15 66 66
0790_0011_0061_0064_0064.jpg 1 11 61 64 64
0791_0040_0055_0065_0065.jpg 1 40 55 65 65
0792_0083_0069_0045_0045.jpg 1 83 69 45 45
0793_0052_0078_0040_0040.jpg 1 52 78 40 40
0794_0015_0043_0045_0045.jpg 1 15 43 45 45
0795_0034_0041_0084_0084.jpg 1 34 41 84 84
0796_0053_0008_0077_0077.jpg 1 53 8 77 77
0797_0091_0056_0025_0025.jpg 1 91 56 25 25
0798_0080_0067_0058_0058.jpg 1 80 67 58 58
0799_0025_0046_0059_0059.jpg 1 25 46 59 59
0800_0088_0103_0030_0030.jpg 1 88 103 30 30
0801_0054_0079_0054_0054.jpg 1 54 79 54 54
0802_0017_0038_0064_0064.jpg 1 17 38 64 64
0803_0084_0013_0030_0030.jpg 1 84 13 30 30
0804_0023_0040_0100_0100.jpg 1 23 40 100 100
0805_0065_0045_0065_0065.jpg 1 65 45 65 65
0806_0034_0020_0101_0101.jpg 1 34 20 101 101
0807_0024_0040_0076_0076.jpg 1 24 40 76 76
0808_0011_0012_0053_0053.jpg 1 11 12 53 53
0809_0029_0035_0077_0077.jpg 1 29 35 77 77
0810_0070_0046_0056_0056.jpg 1 70 46 56 56
0811_0050_0058_0082_0082.jpg 1 50 58 82 82
0812_0061_0061_0065_0065.jpg 1 61 61 65 65
0813_0038_0071_0060_0060.jpg 1 38 71 60 60
0814_0014_0057_0067_0067.jpg 1 14 57 67 67
0815_0071_0081_0051_0051.jpg 1 71 81 51 51
0816_0027_0069_0067_0067.jpg 1 27 69 67 67
0817_0061_0055_0048_0048.jpg 1 61 55 48 48
0818_0059_0087_0049_0049.jpg 1 59 87 49 49
0819_0037_0042_0087_0087.jpg 1 37 42 87 87
0820_0046_0026_0097_0097.jpg 1 46 26 97 97
0821_0063_0031_0074_0074.jpg 1 63 31 74 74
0822_0022_0020_0067_0067.jpg 1 22 20 67 67
0823_0038_0104_0026_0026.jpg 1 38 104 26 26
0824_0021_0056_0074_0074.jpg 1 21 56 74 74
0825_0013_0053_0046_0046.jpg 1 13 53 46 46
0826_0027_0032_0099_0099.jpg 1 27 32 99 99
0827_0046_0029_0078_0078.jpg 1 46 29 78 78
0828_0018_0012_0088_0088.jpg 1 18 12 88 88
0829_0061_0052_0051_0051.jpg 1 61 52 51 51
0830_0105_0068_0024_0024.jpg 1 105 68 24 24
0831_0010_0011_0094_0094.jpg 1 10 11 94 94
0832_0017_0055_0069_0069.jpg 1 17 55 69 69
0833_0017_0038_0043_0043.jpg 1 17 38 43 43
0834_0078_0013_0025_0025.jpg 1 78 13 25 25
0835_0080_0025_0024_0024.jpg 1 80 25 24 24
0836_0029_0027_0086_0086.jpg 1 29 27 86 86
0837_0068_0019_0062_0062.jpg 1 68 19 62 62
0838_0040_0078_0044_0044.jpg 1 40 78 44 44
0839_0086_0074_0039_0039.jpg 1 86 74 39 39
0840_0018_0018_0087_0087.jpg 1 18 18 87 87
0841_0020_0044_0074_0074.jpg 1 20 44 74 74
0842_0074_0053_0059_0059.jpg 1 74 53 59 59
0843_0030_0074_0061_0061.jpg 1 30 74 61 61
0844_0045_0079_0057_0057.jpg 1 45 79 57 57
0845_0068_0013_0060_0060.jpg 1 68 13 60 60
0846_0103_0094_0035_0035.jpg 1 103 94 35 35
0847_0056_0035_0081_0081.jpg 1 56 35 81 81
0848_0037_0050_0092_0092.jpg 1 37 50 92 92
0849_0061_0011_0054_0054.jpg 1 61 11 54 54
0850_0054_0016_0036_0036.jpg 1 54 16 36 36
0851_0015_0047_0096_0096.jpg 1 15 47 96 96
0852_0039_0070_0033_0033.jpg 1 39 70 33 33
0853_0111_0040_0025_0025.jpg 1 111 40 25 25
0854_0049_0028_0067_0067.jpg 1 49 28 67 67
0855_0030_0018_0057_0057.jpg 1 30 18 57 57
0856_0037_0039_0039_0039.jpg 1 37 39 39 39
0857_0014_0087_0049_0049.jpg 1 14 87 49 49
0858_0016_0065_0046_0046.jpg 1 16 65 46 46
0859_0071_0059_0049_0049.jpg 1 71 59 49 49
0860_0024_0045_0097_0097.jpg 1 24 45 97 97
0861_0037_0038_0041_0041.jpg 1 37 38 41 41
0862_0010_0020_0067_0067.jpg 1 10 20 67 67
0863_0050_0052_0089_0089.jpg 1 50 52 89 89
0864_0045_0017_0068_0068.jpg 1 45 17 68 68
0865_0026_0017_0089_0089.jpg 1 26 17 89 89
0866_0090_0031_0047_0047.jpg 1 90 31 47 47
0867_0087_0014_0036_0036.jpg 1 87 14 36 36
0868_0039_0031_0098_0098.jpg 1 39 31 98 98
0869_0012_0082_0028_0028.jpg 1 12 82 28 28
0870_0062_0047_0076_0076.jpg 1 62 47 76 76
0871_0019_0021_0090_0090.jpg 1 19 21 90 90
0872_0048_0088_0027_0027.jpg 1 48 88 27 27
0873_0035_0030_0063_0063.jpg 1 35 30 63 63
0874_0009_0056_0065_0065.jpg 1 9 56 65 65
0875_0038_0027_0058_0058.jpg 1 38 27 58 58
0876_0038_0033_0078_0078.jpg 1 38 33 78 78
0877_0032_0018_0079_0079.jpg 1 32 18 79 79
0878_0010_0007_0094_0094.jpg 1 10 7 94 94
0879_0029_0013_0103_0103.jpg 1 29 13 103 103
0880_0038_0022_0092_0092.jpg 1 38 22 92 92
0881_0092_0060_0044_0044.jpg 1 92 60 44 44
0882_0046_0061_0031_0031.jpg 1 46 61 31 31
0883_0054_0025_0076_0076.jpg 1 54 25 76 76
0884_0054_0034_0056_0056.jpg 1 54 34 56 56
0885_0054_0049_0054_0054.jpg 1 54 49 54 54
0886_0027_0030_0091_0091.jpg 1 27 30 91 91
0887_0069_0012_0029_0029.jpg 1 69 12 29 29
0888_0061_0064_0077_0077.jpg 1 61 64 77 77
0889_0077_0029_0052_0052.jpg 1 77 29 52 52
0890_0062_0029_0061_0061.jpg 1 62 29 61 61
0891_0080_0097_0034_0034.jpg 1 80 97 34 34
0892_0063_0071_0026_0026.jpg 1 63 71 26 26
0893_0061_0041_0082_0082.jpg 1 61 41 82 82
0894_0007_0013_0100_0100.jpg 1 7 13 100 100
0895_0038_0065_0070_0070.jpg 1 38 65 70 70
0896_0026_0041_0067_0067.jpg 1 26 41 67 67
0897_0059_0035_0078_0078.jpg 1 59 35 78 78
0898_0011_0024_0094_0094.jpg 1 11 24 94 94
0899_0017_0005_0102_0102.jpg 1 17 5 102 102
0900_0058_0048_0026_0026.jpg 1 58 48 26 26
0901_0023_0043_0055_0055.jpg 1 23 43 55 55
0902_0027_0039_0092_0092.jpg 1 27 39 92 92
0903_0098_0083_0039_0039.jpg 1 98 83 39 39
0904_0016_0035_0093_0093.jpg 1 16 35 93 93
0905_0080_0087_0034_0034.jpg 1 80 87 34 34
0906_0044_0045_0096_0096.jpg 1 44 45 96 96
0907_0060_0062_0046_0046.jpg 1 60 62 46 46
0908_0041_0036_0084_0084.jpg 1 41 36 84 84
0909_0045_0051_0026_0026.jpg 1 45 51 26 26
0910_0072_0028_0040_0040.jpg 1 72 28 40 40
0911_0080_0071_0024_0024.jpg 1 80 71 24 24
0912_0035_0037_0040_0040.jpg 1 35 37 40 40
0913_0010_0034_0089_0089.jpg 1 10 34 89 89
0914_0036_0050_0089_0089.jpg 1 36 50 89 89
0915_0050_0048_0082_0082.jpg 1 50 48 82 82
0916_0007_0049_0077_0077.jpg 1 7 49 77 77
0917_0035_0083_0037_0037.jpg 1 35 83 37 37
0918_0034_0010_0098_0098.jpg 1 34 10 98 98
0919_0058_0026_0062_0062.jpg 1 58 26 62 62
0920_0030_0022_0042_0042.jpg 1 30 22 42 42
0921_0020_0041_0040_0040.jpg 1 20 41 40 40
0922_0093_0058_0042_0042.jpg 1 93 58 42 42
0923_0050_0066_0046_0046.jpg 1 50 66 46 46
0924_0014_0019_0033_0033.jpg 1 14 19 33 33
0925_0065_0040_0068_0068.jpg 1 65 40 68 68
0926_0050_0090_0046_0046.jpg 1 50 90 46 46
0927_0053_0076_0040_0040.jpg 1 53 76 40 40
0928_0021_0053_0069_0069.jpg 1 21 53 69 69
0929_0017_0060_0028_0028.jpg 1 17 60 28 28
0930_0038_0006_0096_0096.jpg 1 38 6 96 96
0931_0050_0021_0092_0092.jpg 1 50 21 92 92
0932_0048_0065_0062_0062.jpg 1 48 65 62 62
0933_0011_0031_0094_0094.jpg 1 11 31 94 94
0934_0014_0035_0075_0075.jpg 1 14 35 75 75
0935_0063_0065_0024_0024.jpg 1 63 65 24 24
0936_0010_0020_0097_0097.jpg 1 10 20 97 97
0937_0040_0014_0097_0097.jpg 1 40 14 97 97
0938_0053_0070_0036_0036.jpg 1 53 70 36 36
0939_0077_0024_0061_0061.jpg 1 77 24 61 61
0940_0019_0058_0083_0083.jpg 1 19 58 83 83
0941_0025_0037_0093_0093.jpg 1 25 37 93 93
0942_0017_0015_0090_0090.jpg 1 17 15 90 90
0943_0031_0048_0027_0027.jpg 1 31 48 27 27
0944_0022_0061_0069_0069.jpg 1 22 61 69 69
0945_0108_0036_0028_0028.jpg 1 108 36 28 28
0946_0037_0025_0088_0088.jpg 1 37 25 88 88
0947_0079_0095_0026_0026.jpg 1 79 95 26 26
0948_0038_0029_0044_0044.jpg 1 38 29 44 44
0949_0034_0040_0088_0088.jpg 1 34 40 88 88
0950_0045_0022_0084_0084.jpg 1 45 22 84 84
0951_0043_0021_0092_0092.jpg 1 43 21 92 92
0952_0060_0050_0081_0081.jpg 1 60 50 81 81
0953_0013_0039_0024_0024.jpg 1 13 39 24 24
0954_0028_0027_0040_0040.jpg 1 28 27 40 40
0955_0026_0008_0080_0080.jpg 1 26 8 80 80
0956_0010_0018_0074_0074.jpg 1 10 18 74 74
0957_0045_0020_0045_0045.jpg 1 45 20 45 45
0958_0028_0018_0104_0104.jpg 1 28 18 104 104
0959_0033_0036_0104_0104.jpg 1 33 36 104 104
0960_0034_0012_0045_0045.jpg 1 34 12 45 45
0961_0052_0016_0076_0076.jpg 1 52 16 76 76
0962_0064_0034_0076_0076.jpg 1 64 34 76 76
0963_0029_0039_0055_0055.jpg 1 29 39 55 55
0964_0096_0040_0037_0037.jpg 1 96 40 37 37
0965_0033_0048_0074_0074.jpg 1 33 48 74 74
0966_0073_0036_0049_0049.jpg 1 73 36 49 49
0967_0032_0027_0043_0043.jpg 1 32 27 43 43
0968_0066_0045_0043_0043.jpg 1 66 45 43 43
0969_0013_0065_0027_0027.jpg 1 13 65 27 27
0970_0050_0030_0051_0051.jpg 1 50 30 51 51
0971_0036_0018_0088_0088.jpg 1 36 18 88 88
0972_0035_0074_0047_0047.jpg 1 35 74 47 47
0973_0027_0015_0095_0095.jpg 1 27 15 95 95
0974_0052_0035_0079_0079.jpg 1 52 35 79 79
0975_0092_0016_0036_0036.jpg 1 92 16 36 36
0976_0015_0051_0032_0032.jpg 1 15 51 32 32
0977_0075_0017_0065_0065.jpg 1 75 17 65 65
0978_0014_0014_0058_0058.jpg 1 14 14 58 58
0979_0084_0029_0040_0040.jpg 1 84 29 40 40
0980_0021_0049_0080_0080.jpg 1 21 49 80 80
0981_0082_0084_0030_0030.jpg 1 82 84 30 30
0982_0060_0046_0050_0050.jpg 1 60 46 50 50
0983_0047_0075_0027_0027.jpg 1 47 75 27 27
0984_0036_0027_0067_0067.jpg 1 36 27 67 67
0985_0077_0026_0062_0062.jpg 1 77 26 62 62
0986_0022_0053_0065_0065.jpg 1 22 53 65 65
0987_0027_0044_0097_0097.jpg 1 27 44 97 97
0988_0037_0081_0058_0058.jpg 1 37 81 58 58
0989_0095_0100_0025_0025.jpg 1 95 100 25 25
0990_0054_0029_0038_0038.jpg 1 54 29 38 38
0991_0026_0069_0043_0043.jpg 1 26 69 43 43
0992_0055_0065_0051_0051.jpg 1 55 65 51 51
0993_0014_0046_0092_0092.jpg 1 14 46 92 92
0994_0010_0008_0072_0072.jpg 1 10 8 72 72
0995_0043_0018_0092_0092.jpg 1 43 18 92 92
0996_0028_0030_0068_0068.jpg 1 28 30 68 68
0997_0021_0045_0064_0064.jpg 1 21 45 64 64
0998_0097_0039_0031_0031.jpg 1 97 39 31 31
0999_0052_0018_0047_0047.jpg 1 52 18 47 47
1000_0008_0025_0086_0086.jpg 1 8 25 86 86
1001_0011_0095_0038_0038.jpg 1 11 95 38 38
1002_0010_0029_0069_0069.jpg 1 10 29 69 69
1003_0014_0062_0037_0037.jpg 1 14 62 37 37
1004_0037_0014_0040_0040.jpg 1 37 14 40 40
1005_0049_0028_0031_0031.jpg 1 49 28 31 31
1006_0041_0080_0056_0056.jpg 1 41 80 56 56
1007_0039_0034_0055_0055.jpg 1 39 34 55 55
1008_0037_0009_0070_0070.jpg 1 37 9 70 70
1009_0013_0045_0047_0047.jpg 1 13 45 47 47
1010_0036_0063_0042_0042.jpg 1 36 63 42 42
1011_0031_0036_0096_0096.jpg 1 31 36 96 96
1012_0013_0044_0087_0087.jpg 1 13 44 87 87
1013_0039_0105_0027_0027.jpg 1 39 105 27 27
1014_0062_0011_0062_0062.jpg 1 62 11 62 62
1015_0048_0065_0068_0068.jpg 1 48 65 68 68
1016_0041_0063_0075_0075.jpg 1 41 63 75 75
1017_0050_0008_0085_0085.jpg 1 50 8 85 85
1018_0040_0069_0064_0064.jpg 1 40 69 64 64
1019_0046_0027_0092_0092.jpg 1 46 27 92 92
1020_0086_0073_0038_0038.jpg 1 86 73 38 38
1021_0014_0040_0091_0091.jpg 1 14 40 91 91
1022_0010_0006_0086_0086.jpg 1 10 6 86 86
1023_0024_0023_0027_0027.jpg 1 24 23 27 27
1024_0082_0020_0056_0056.jpg 1 82 20 56 56
1025_0007_0023_0082_0082.jpg 1 7 23 82 82
1026_0068_0039_0033_0033.jpg 1 68 39 33 33
1027_0016_0062_0054_0054.jpg 1 16 62 54 54
1028_0040_0015_0054_0054.jpg 1 40 15 54 54
1029_0046_0034_0058_0058.jpg 1 46 34 58 58
1030_0031_0093_0028_0028.jpg 1 31 93 28 28
1031_0022_0016_0032_0032.jpg 1 22 16 32 32
1032_0077_0035_0057_0057.jpg 1 77 35 57 57
1033_0021_0029_0101_0101.jpg 1 21 29 101 101
1034_0036_0061_0060_0060.jpg 1 36 61 60 60
1035_0099_0047_0027_0027.jpg 1 99 47 27 27
1036_0059_0067_0044_0044.jpg 1 59 67 44 44
1037_0015_0029_0065_0065.jpg 1 15 29 65 65
1038_0077_0055_0061_0061.jpg 1 77 55 61 61
1039_0031_0054_0087_0087.jpg 1 31 54 87 87
1040_0042_0049_0077_0077.jpg 1 42 49 77 77
1041_0030_0034_0090_0090.jpg 1 30 34 90 90
1042_0025_0016_0102_0102.jpg 1 25 16 102 102
1043_0037_0027_0098_0098.jpg 1 37 27 98 98
1044_0049_0079_0044_0044.jpg 1 49 79 44 44
1045_0040_0046_0071_0071.jpg 1 40 46 71 71
1046_0044_0026_0059_0059.jpg 1 44 26 59 59
1047_0061_0047_0067_0067.jpg 1 61 47 67 67
1048_0014_0014_0066_0066.jpg 1 14 14 66 66
1049_0061_0075_0043_0043.jpg 1 61 75 43 43
1050_0077_0031_0027_0027.jpg 1 77 31 27 27
1051_0043_0046_0098_0098.jpg 1 43 46 98 98
1052_0055_0028_0039_0039.jpg 1 55 28 39 39
1053_0048_0038_0071_0071.jpg 1 48 38 71 71
1054_0038_0040_0098_0098.jpg 1 38 40 98 98
1055_0030_0053_0035_0035.jpg 1 30 53 35 35
1056_0014_0052_0065_0065.jpg 1 14 52 65 65
1057_0048_0050_0043_0043.jpg 1 48 50 43 43
1058_0011_0023_0080_0080.jpg 1 11 23 80 80
1059_0065_0042_0073_0073.jpg 1 65 42 73 73
1060_0041_0043_0095_0095.jpg 1 41 43 95 95
1061_0063_0017_0076_0076.jpg 1 63 17 76 76
1062_0042_0037_0038_0038.jpg 1 42 37 38 38
1063_0013_0034_0102_0102.jpg 1 13 34 102 102
1064_0044_0045_0093_0093.jpg 1 44 45 93 93
1065_0062_0093_0030_0030.jpg 1 62 93 30 30
1066_0037_0009_0072_0072.jpg 1 37 9 72 72
1067_0032_0029_0061_0061.jpg 1 32 29 61 61
1068_0068_0059_0067_0067.jpg 1 68 59 67 67
1069_0034_0039_0101_0101.jpg 1 34 39 101 101
1070_0015_0023_0069_0069.jpg 1 15 23 69 69
1071_0029_0025_0099_0099.jpg 1 29 25 99 99
1072_0029_0045_0092_0092.jpg 1 29 45 92 92
1073_0068_0027_0035_0035.jpg 1 68 27 35 35
1074_0105_0038_0028_0028.jpg 1 105 38 28 28
1075_0010_0039_0086_0086.jpg 1 10 39 86 86
1076_0059_0040_0069_0069.jpg 1 59 40 69 69
1077_0037_0012_0038_0038.jpg 1 37 12 38 38
1078_0084_0025_0055_0055.jpg 1 84 25 55 55
1079_0047_0067_0067_0067.jpg 1 47 67 67 67
1080_0005_0010_0104_0104.jpg 1 5 10 104 104
1081_0048_0034_0043_0043.jpg 1 48 34 43 43
1082_0023_0068_0045_0045.jpg 1 23 68 45 45
1083_0035_0043_0091_0091.jpg 1 35 43 91 91
1084_0049_0041_0091_0091.jpg 1 49 41 91 91
1085_0072_0051_0051_0051.jpg 1 72 51 51 51
1086_0030_0015_0059_0059.jpg 1 30 15 59 59
1087_0050_0043_0074_0074.jpg 1 50 43 74 74
1088_0094_0081_0025_0025.jpg 1 94 81 25 25
1089_0064_0031_0046_0046.jpg 1 64 31 46 46
1090_0043_0019_0054_0054.jpg 1 43 19 54 54
1091_0014_0040_0068_0068.jpg 1 14 40 68 68
1092_0010_0028_0070_0070.jpg 1 10 28 70 70
1093_0094_0103_0026_0026.jpg 1 94 103 26 26
1094_0031_0046_0079_0079.jpg 1 31 46 79 79
1095_0040_0029_0099_0099.jpg 1 40 29 99 99
1096_0072_0058_0064_0064.jpg 1 72 58 64 64
1097_0035_0026_0038_0038.jpg 1 35 26 38 38
1098_0014_0092_0047_0047.jpg 1 14 92 47 47
1099_0041_0038_0073_0073.jpg 1 41 38 73 73
1100_0015_0036_0102_0102.jpg 1 15 36 102 102
1101_0030_0062_0071_0071.jpg 1 30 62 71 71
1102_0045_0056_0042_0042.jpg 1 45 56 42 42
1103_0079_0025_0060_0060.jpg 1 79 25 60 60
1104_0034_0023_0027_0027.jpg 1 34 23 27 27
1105_0045_0068_0056_0056.jpg 1 45 68 56 56
1106_0043_0010_0075_0075.jpg 1 43 10 75 75
1107_0065_0086_0025_0025.jpg 1 65 86 25 25
1108_0027_0014_0053_0053.jpg 1 27 14 53 53
1109_0042_0054_0084_0084.jpg 1 42 54 84 84
1110_0058_0055_0068_0068.jpg 1 58 55 68 68
1111_0036_0041_0103_0103.jpg 1 36 41 103 103
1112_0024_0022_0052_0052.jpg 1 24 22 52 52
1113_0025_0061_0067_0067.jpg 1 25 61 67 67
1114_0011_0007_0076_0076.jpg 1 11 7 76 76
1115_0061_0057_0059_0059.jpg 1 61 57 59 59
1116_0076_0081_0041_0041.jpg 1 76 81 41 41
1117_0037_0047_0053_0053.jpg 1 37 47 53 53
1118_0017_0026_0089_0089.jpg 1 17 26 89 89
1119_0090_0037_0024_0024.jpg 1 90 37 24 24
1120_0030_0045_0041_0041.jpg 1 30 45 41 41
1121_0029_0046_0093_0093.jpg 1 29 46 93 93
1122_0029_0048_0039_0039.jpg 1 29 48 39 39
1123_0046_0031_0098_0098.jpg 1 46 31 98 98
1124_0055_0077_0055_0055.jpg 1 55 77 55 55
1125_0013_0025_0098_0098.jpg 1 13 25 98 98
1126_0010_0045_0072_0072.jpg 1 10 45 72 72
1127_0110_0015_0027_0027.jpg 1 110 15 27 27
1128_0041_0029_0048_0048.jpg 1 41 29 48 48
1129_0023_0029_0085_0085.jpg 1 23 29 85 85
1130_0034_0022_0070_0070.jpg 1 34 22 70 70
1131_0067_0013_0025_0025.jpg 1 67 13 25 25
1132_0034_0058_0071_0071.jpg 1 34 58 71 71
1133_0068_0049_0049_0049.jpg 1 68 49 49 49
1134_0040_0062_0072_0072.jpg 1 40 62 72 72
1135_0015_0016_0084_0084.jpg 1 15 16 84 84
1136_0037_0077_0059_0059.jpg 1 37 77 59 59
1137_0061_0019_0080_0080.jpg 1 61 19 80 80
1138_0070_0050_0052_0052.jpg 1 70 50 52 52
1139_0011_0031_0096_0096.jpg 1 11 31 96 96
1140_0018_0020_0093_0093.jpg 1 18 20 93 93
1141_0039_0013_0024_0024.jpg 1 39 13 24 24
1142_0034_0029_0090_0090.jpg 1 34 29 90 90
1143_0066_0009_0062_0062.jpg 1 66 9 62 62
