0001_0055_0036_0044_0044.jpg 1 55 36 44 44
0002_0016_0060_0062_0062.jpg 1 16 60 62 62
0003_0033_0013_0047_0047.jpg 1 33 13 47 47
0004_0054_0025_0078_0078.jpg 1 54 25 78 78
0005_0015_0012_0104_0104.jpg 1 15 12 104 104
0006_0029_0056_0031_0031.jpg 1 29 56 31 31
0007_0059_0061_0071_0071.jpg 1 59 61 71 71
0008_0096_0080_0038_0038.jpg 1 96 80 38 38
0009_0010_0021_0063_0063.jpg 1 10 21 63 63
0010_0021_0035_0091_0091.jpg 1 21 35 91 91
0011_0014_0047_0074_0074.jpg 1 14 47 74 74
0012_0072_0024_0060_0060.jpg 1 72 24 60 60
0013_0103_0063_0027_0027.jpg 1 103 63 27 27
0014_0012_0050_0033_0033.jpg 1 12 50 33 33
0015_0006_0044_0096_0096.jpg 1 6 44 96 96
0016_0013_0009_0092_0092.jpg 1 13 9 92 92
0017_0022_0096_0038_0038.jpg 1 22 96 38 38
0018_0082_0034_0042_0042.jpg 1 82 34 42 42
0019_0045_0042_0049_0049.jpg 1 45 42 49 49
0020_0038_0047_0086_0086.jpg 1 38 47 86 86
0021_0043_0067_0048_0048.jpg 1 43 67 48 48
0022_0009_0032_0072_0072.jpg 1 9 32 72 72
0023_0011_0064_0054_0054.jpg 1 11 64 54 54
0024_0021_0048_0094_0094.jpg 1 21 48 94 94
0025_0067_0036_0071_0071.jpg 1 67 36 71 71
0026_0080_0012_0048_0048.jpg 1 80 12 48 48
0027_0041_0010_0097_0097.jpg 1 41 10 97 97
0028_0066_0042_0068_0068.jpg 1 66 42 68 68
0029_0078_0026_0052_0052.jpg 1 78 26 52 52
0030_0045_0048_0093_0093.jpg 1 45 48 93 93
0031_0036_0042_0097_0097.jpg 1 36 42 97 97
0032_0046_0075_0052_0052.jpg 1 46 75 52 52
0033_0068_0012_0070_0070.jpg 1 68 12 70 70
0034_0029_0031_0097_0097.jpg 1 29 31 97 97
0035_0064_0063_0074_0074.jpg 1 64 63 74 74
0036_0038_0043_0072_0072.jpg 1 38 43 72 72
0037_0033_0048_0072_0072.jpg 1 33 48 72 72
0038_0010_0022_0086_0086.jpg 1 10 22 86 86
0039_0061_0064_0069_0069.jpg 1 61 64 69 69
0040_0013_0019_0064_0064.jpg 1 13 19 64 64
0041_0030_0026_0035_0035.jpg 1 30 26 35 35
0042_0011_0025_0103_0103.jpg 1 11 25 103 103
0043_0035_0025_0090_0090.jpg 1 35 25 90 90
0044_0045_0054_0078_0078.jpg 1 45 54 78 78
0045_0025_0008_0082_0082.jpg 1 25 8 82 82
0046_0062_0030_0046_0046.jpg 1 62 30 46 46
0047_0046_0036_0098_0098.jpg 1 46 36 98 98
0048_0047_0073_0027_0027.jpg 1 47 73 27 27
0049_0025_0067_0066_0066.jpg 1 25 67 66 66
0050_0040_0019_0072_0072.jpg 1 40 19 72 72
0051_0042_0044_0091_0091.jpg 1 42 44 91 91
0052_0009_0015_0097_0097.jpg 1 9 15 97 97
0053_0091_0076_0043_0043.jpg 1 91 76 43 43
0054_0046_0027_0083_0083.jpg 1 46 27 83 83
0055_0018_0089_0046_0046.jpg 1 18 89 46 46
0056_0045_0029_0092_0092.jpg 1 45 29 92 92
0057_0056_0051_0084_0084.jpg 1 56 51 84 84
0058_0021_0030_0089_0089.jpg 1 21 30 89 89
0059_0049_0078_0062_0062.jpg 1 49 78 62 62
0060_0042_0012_0074_0074.jpg 1 42 12 74 74
0061_0030_0061_0066_0066.jpg 1 30 61 66 66
0062_0090_0058_0044_0044.jpg 1 90 58 44 44
0063_0015_0013_0102_0102.jpg 1 15 13 102 102
0064_0047_0029_0078_0078.jpg 1 47 29 78 78
0065_0063_0067_0073_0073.jpg 1 63 67 73 73
0066_0059_0089_0049_0049.jpg 1 59 89 49 49
0067_0045_0054_0087_0087.jpg 1 45 54 87 87
0068_0012_0023_0068_0068.jpg 1 12 23 68 68
0069_0051_0028_0084_0084.jpg 1 51 28 84 84
0070_0066_0068_0063_0063.jpg 1 66 68 63 63
0071_0089_0086_0031_0031.jpg 1 89 86 31 31
0072_0039_0015_0104_0104.jpg 1 39 15 104 104
0073_0055_0055_0075_0075.jpg 1 55 55 75 75
0074_0032_0041_0097_0097.jpg 1 32 41 97 97
0075_0022_0029_0053_0053.jpg 1 22 29 53 53
0076_0013_0033_0087_0087.jpg 1 13 33 87 87
0077_0021_0047_0093_0093.jpg 1 21 47 93 93
0078_0035_0035_0095_0095.jpg 1 35 35 95 95
0079_0015_0033_0102_0102.jpg 1 15 33 102 102
0080_0097_0084_0024_0024.jpg 1 97 84 24 24
0081_0051_0031_0044_0044.jpg 1 51 31 44 44
0082_0072_0031_0050_0050.jpg 1 72 31 50 50
0083_0032_0008_0102_0102.jpg 1 32 8 102 102
0084_0057_0023_0066_0066.jpg 1 57 23 66 66
0085_0042_0101_0033_0033.jpg 1 42 101 33 33
0086_0015_0024_0068_0068.jpg 1 15 24 68 68
0087_0033_0008_0102_0102.jpg 1 33 8 102 102
0088_0009_0016_0054_0054.jpg 1 9 16 54 54
0089_0027_0031_0103_0103.jpg 1 27 31 103 103
0090_0089_0028_0028_0028.jpg 1 89 28 28 28
0091_0043_0078_0061_0061.jpg 1 43 78 61 61
0092_0064_0025_0076_0076.jpg 1 64 25 76 76
0093_0059_0023_0071_0071.jpg 1 59 23 71 71
0094_0068_0063_0026_0026.jpg 1 68 63 26 26
0095_0040_0029_0078_0078.jpg 1 40 29 78 78
0096_0020_0039_0091_0091.jpg 1 20 39 91 91
0097_0072_0033_0052_0052.jpg 1 72 33 52 52
0098_0022_0050_0084_0084.jpg 1 22 50 84 84
0099_0052_0015_0032_0032.jpg 1 52 15 32 32
0100_0060_0022_0081_0081.jpg 1 60 22 81 81
0101_0051_0066_0026_0026.jpg 1 51 66 26 26
0102_0020_0071_0054_0054.jpg 1 20 71 54 54
0103_0089_0077_0035_0035.jpg 1 89 77 35 35
0104_0060_0027_0038_0038.jpg 1 60 27 38 38
0105_0025_0046_0095_0095.jpg 1 25 46 95 95
0106_0062_0010_0080_0080.jpg 1 62 10 80 80
0107_0084_0103_0032_0032.jpg 1 84 103 32 32
0108_0055_0044_0053_0053.jpg 1 55 44 53 53
0109_0036_0036_0079_0079.jpg 1 36 36 79 79
0110_0042_0055_0082_0082.jpg 1 42 55 82 82
0111_0079_0058_0051_0051.jpg 1 79 58 51 51
0112_0091_0071_0024_0024.jpg 1 91 71 24 24
0113_0076_0019_0028_0028.jpg 1 76 19 28 28
0114_0050_0052_0071_0071.jpg 1 50 52 71 71
0115_0040_0078_0046_0046.jpg 1 40 78 46 46
0116_0028_0060_0081_0081.jpg 1 28 60 81 81
0117_0035_0033_0099_0099.jpg 1 35 33 99 99
0118_0011_0036_0104_0104.jpg 1 11 36 104 104
0119_0018_0032_0088_0088.jpg 1 18 32 88 88
0120_0059_0013_0065_0065.jpg 1 59 13 65 65
0121_0045_0054_0069_0069.jpg 1 45 54 69 69
0122_0033_0018_0045_0045.jpg 1 33 18 45 45
0123_0042_0035_0096_0096.jpg 1 42 35 96 96
0124_0031_0052_0086_0086.jpg 1 31 52 86 86
0125_0061_0061_0037_0037.jpg 1 61 61 37 37
0126_0031_0052_0091_0091.jpg 1 31 52 91 91
0127_0029_0076_0049_0049.jpg 1 29 76 49 49
0128_0031_0035_0089_0089.jpg 1 31 35 89 89
0129_0053_0020_0042_0042.jpg 1 53 20 42 42
0130_0033_0060_0043_0043.jpg 1 33 60 43 43
0131_0049_0049_0090_0090.jpg 1 49 49 90 90
0132_0045_0058_0077_0077.jpg 1 45 58 77 77
0133_0014_0028_0082_0082.jpg 1 14 28 82 82
0134_0041_0046_0066_0066.jpg 1 41 46 66 66
0135_0077_0068_0044_0044.jpg 1 77 68 44 44
0136_0038_0032_0081_0081.jpg 1 38 32 81 81
0137_0025_0035_0092_0092.jpg 1 25 35 92 92
0138_0044_0039_0091_0091.jpg 1 44 39 91 91
0139_0045_0047_0055_0055.jpg 1 45 47 55 55
0140_0021_0073_0064_0064.jpg 1 21 73 64 64
0141_0024_0020_0032_0032.jpg 1 24 20 32 32
0142_0020_0034_0091_0091.jpg 1 20 34 91 91
0143_0073_0015_0052_0052.jpg 1 73 15 52 52
0144_0076_0028_0057_0057.jpg 1 76 28 57 57
0145_0048_0046_0087_0087.jpg 1 48 46 87 87
0146_0021_0089_0029_0029.jpg 1 21 89 29 29
0147_0063_0046_0054_0054.jpg 1 63 46 54 54
0148_0023_0011_0086_0086.jpg 1 23 11 86 86
0149_0071_0050_0044_0044.jpg 1 71 50 44 44
0150_0059_0020_0061_0061.jpg 1 59 20 61 61
0151_0063_0063_0063_0063.jpg 1 63 63 63 63
0152_0014_0044_0074_0074.jpg 1 14 44 74 74
0153_0084_0042_0050_0050.jpg 1 84 42 50 50
0154_0034_0030_0067_0067.jpg 1 34 30 67 67
0155_0071_0082_0045_0045.jpg 1 71 82 45 45
0156_0018_0039_0099_0099.jpg 1 18 39 99 99
0157_0041_0059_0074_0074.jpg 1 41 59 74 74
0158_0026_0018_0080_0080.jpg 1 26 18 80 80
0159_0029_0055_0084_0084.jpg 1 29 55 84 84
0160_0009_0041_0073_0073.jpg 1 9 41 73 73
0161_0035_0050_0091_0091.jpg 1 35 50 91 91
0162_0013_0028_0094_0094.jpg 1 13 28 94 94
0163_0020_0061_0053_0053.jpg 1 20 61 53 53
0164_0043_0026_0033_0033.jpg 1 43 26 33 33
0165_0062_0021_0059_0059.jpg 1 62 21 59 59
0166_0052_0040_0042_0042.jpg 1 52 40 42 42
0167_0028_0062_0065_0065.jpg 1 28 62 65 65
0168_0031_0027_0084_0084.jpg 1 31 27 84 84
0169_0075_0066_0043_0043.jpg 1 75 66 43 43
0170_0021_0037_0045_0045.jpg 1 21 37 45 45
0171_0012_0036_0090_0090.jpg 1 12 36 90 90
0172_0041_0048_0045_0045.jpg 1 41 48 45 45
0173_0041_0039_0092_0092.jpg 1 41 39 92 92
0174_0027_0047_0087_0087.jpg 1 27 47 87 87
0175_0015_0031_0060_0060.jpg 1 15 31 60 60
0176_0064_0068_0064_0064.jpg 1 64 68 64 64
0177_0010_0077_0043_0043.jpg 1 10 77 43 43
0178_0006_0012_0098_0098.jpg 1 6 12 98 98
0179_0011_0025_0058_0058.jpg 1 11 25 58 58
0180_0049_0063_0049_0049.jpg 1 49 63 49 49
0181_0069_0022_0069_0069.jpg 1 69 22 69 69
0182_0080_0059_0049_0049.jpg 1 80 59 49 49
0183_0041_0022_0103_0103.jpg 1 41 22 103 103
0184_0028_0028_0080_0080.jpg 1 28 28 80 80
0185_0059_0102_0031_0031.jpg 1 59 102 31 31
0186_0011_0056_0078_0078.jpg 1 11 56 78 78
0187_0059_0011_0082_0082.jpg 1 59 11 82 82
0188_0048_0059_0039_0039.jpg 1 48 59 39 39
0189_0071_0063_0042_0042.jpg 1 71 63 42 42
0190_0013_0039_0075_0075.jpg 1 13 39 75 75
0191_0065_0053_0051_0051.jpg 1 65 53 51 51
0192_0045_0011_0095_0095.jpg 1 45 11 95 95
0193_0015_0071_0069_0069.jpg 1 15 71 69 69
0194_0027_0033_0104_0104.jpg 1 27 33 104 104
0195_0009_0029_0075_0075.jpg 1 9 29 75 75
0196_0051_0008_0067_0067.jpg 1 51 8 67 67
0197_0107_0019_0030_0030.jpg 1 107 19 30 30
0198_0094_0065_0040_0040.jpg 1 94 65 40 40
0199_0011_0067_0061_0061.jpg 1 11 67 61 61
0200_0038_0041_0041_0041.jpg 1 38 41 41 41
0201_0022_0042_0077_0077.jpg 1 22 42 77 77
0202_0020_0022_0040_0040.jpg 1 20 22 40 40
0203_0006_0020_0104_0104.jpg 1 6 20 104 104
0204_0042_0014_0100_0100.jpg 1 42 14 100 100
0205_0050_0051_0084_0084.jpg 1 50 51 84 84
0206_0021_0023_0080_0080.jpg 1 21 23 80 80
0207_0040_0015_0056_0056.jpg 1 40 15 56 56
0208_0083_0047_0037_0037.jpg 1 83 47 37 37
0209_0044_0007_0092_0092.jpg 1 44 7 92 92
0210_0070_0010_0054_0054.jpg 1 70 10 54 54
0211_0082_0058_0051_0051.jpg 1 82 58 51 51
0212_0011_0031_0080_0080.jpg 1 11 31 80 80
0213_0052_0014_0078_0078.jpg 1 52 14 78 78
0214_0038_0051_0082_0082.jpg 1 38 51 82 82
0215_0049_0025_0078_0078.jpg 1 49 25 78 78
0216_0080_0037_0050_0050.jpg 1 80 37 50 50
0217_0025_0040_0101_0101.jpg 1 25 40 101 101
0218_0014_0031_0024_0024.jpg 1 14 31 24 24
0219_0041_0047_0097_0097.jpg 1 41 47 97 97
0220_0013_0020_0092_0092.jpg 1 13 20 92 92
0221_0016_0052_0072_0072.jpg 1 16 52 72 72
0222_0034_0050_0065_0065.jpg 1 34 50 65 65
0223_0018_0016_0098_0098.jpg 1 18 16 98 98
0224_0054_0051_0062_0062.jpg 1 54 51 62 62
0225_0075_0087_0028_0028.jpg 1 75 87 28 28
0226_0046_0053_0068_0068.jpg 1 46 53 68 68
0227_0062_0034_0073_0073.jpg 1 62 34 73 73
0228_0017_0029_0096_0096.jpg 1 17 29 96 96
0229_0007_0042_0100_0100.jpg 1 7 42 100 100
0230_0008_0066_0062_0062.jpg 1 8 66 62 62
0231_0046_0015_0069_0069.jpg 1 46 15 69 69
0232_0047_0012_0097_0097.jpg 1 47 12 97 97
0233_0011_0024_0079_0079.jpg 1 11 24 79 79
0234_0053_0058_0046_0046.jpg 1 53 58 46 46
0235_0105_0087_0028_0028.jpg 1 105 87 28 28
0236_0036_0083_0030_0030.jpg 1 36 83 30 30
0237_0025_0032_0104_0104.jpg 1 25 32 104 104
0238_0025_0073_0043_0043.jpg 1 25 73 43 43
0239_0055_0020_0070_0070.jpg 1 55 20 70 70
0240_0043_0041_0029_0029.jpg 1 43 41 29 29
0241_0089_0022_0035_0035.jpg 1 89 22 35 35
0242_0040_0009_0068_0068.jpg 1 40 9 68 68
0243_0007_0039_0093_0093.jpg 1 7 39 93 93
0244_0065_0079_0056_0056.jpg 1 65 79 56 56
0245_0023_0040_0100_0100.jpg 1 23 40 100 100
0246_0042_0013_0053_0053.jpg 1 42 13 53 53
0247_0068_0108_0028_0028.jpg 1 68 108 28 28
0248_0058_0092_0034_0034.jpg 1 58 92 34 34
0249_0057_0040_0047_0047.jpg 1 57 40 47 47
0250_0093_0083_0040_0040.jpg 1 93 83 40 40
0251_0080_0050_0047_0047.jpg 1 80 50 47 47
0252_0077_0085_0038_0038.jpg 1 77 85 38 38
0253_0010_0011_0104_0104.jpg 1 10 11 104 104
0254_0039_0034_0072_0072.jpg 1 39 34 72 72
0255_0032_0086_0037_0037.jpg 1 32 86 37 37
0256_0074_0068_0057_0057.jpg 1 74 68 57 57
0257_0027_0039_0097_0097.jpg 1 27 39 97 97
0258_0045_0065_0076_0076.jpg 1 45 65 76 76
0259_0025_0019_0079_0079.jpg 1 25 19 79 79
0260_0083_0042_0052_0052.jpg 1 83 42 52 52
0261_0081_0057_0024_0024.jpg 1 81 57 24 24
0262_0037_0019_0055_0055.jpg 1 37 19 55 55
0263_0055_0026_0087_0087.jpg 1 55 26 87 87
0264_0027_0005_0102_0102.jpg 1 27 5 102 102
0265_0030_0053_0055_0055.jpg 1 30 53 55 55
0266_0031_0038_0096_0096.jpg 1 31 38 96 96
0267_0020_0056_0066_0066.jpg 1 20 56 66 66
0268_0022_0025_0094_0094.jpg 1 22 25 94 94
0269_0043_0006_0102_0102.jpg 1 43 6 102 102
0270_0058_0047_0085_0085.jpg 1 58 47 85 85
0271_0021_0011_0039_0039.jpg 1 21 11 39 39
0272_0071_0086_0034_0034.jpg 1 71 86 34 34
0273_0017_0044_0093_0093.jpg 1 17 44 93 93
0274_0058_0039_0053_0053.jpg 1 58 39 53 53
0275_0017_0018_0077_0077.jpg 1 17 18 77 77
0276_0081_0045_0029_0029.jpg 1 81 45 29 29
0277_0038_0016_0103_0103.jpg 1 38 16 103 103
0278_0064_0041_0047_0047.jpg 1 64 41 47 47
0279_0046_0023_0064_0064.jpg 1 46 23 64 64
0280_0090_0030_0030_0030.jpg 1 90 30 30 30
0281_0036_0044_0044_0044.jpg 1 36 44 44 44
0282_0070_0095_0039_0039.jpg 1 70 95 39 39
0283_0056_0068_0030_0030.jpg 1 56 68 30 30
0284_0063_0030_0073_0073.jpg 1 63 30 73 73
0285_0030_0111_0025_0025.jpg 1 30 111 25 25
0286_0063_0023_0075_0075.jpg 1 63 23 75 75
0287_0030_0039_0065_0065.jpg 1 30 39 65 65
0288_0043_0030_0085_0085.jpg 1 43 30 85 85
0289_0025_0038_0068_0068.jpg 1 25 38 68 68
0290_0028_0072_0034_0034.jpg 1 28 72 34 34
0291_0010_0079_0050_0050.jpg 1 10 79 50 50
0292_0027_0033_0081_0081.jpg 1 27 33 81 81
0293_0021_0043_0083_0083.jpg 1 21 43 83 83
0294_0057_0073_0055_0055.jpg 1 57 73 55 55
0295_0018_0014_0098_0098.jpg 1 18 14 98 98
0296_0080_0076_0057_0057.jpg 1 80 76 57 57
0297_0086_0056_0041_0041.jpg 1 86 56 41 41
0298_0053_0009_0086_0086.jpg 1 53 9 86 86
0299_0017_0048_0081_0081.jpg 1 17 48 81 81
0300_0032_0032_0091_0091.jpg 1 32 32 91 91
0301_0087_0024_0043_0043.jpg 1 87 24 43 43
0302_0044_0081_0040_0040.jpg 1 44 81 40 40
0303_0006_0030_0103_0103.jpg 1 6 30 103 103
0304_0008_0032_0090_0090.jpg 1 8 32 90 90
0305_0038_0041_0081_0081.jpg 1 38 41 81 81
0306_0055_0014_0071_0071.jpg 1 55 14 71 71
0307_0032_0034_0057_0057.jpg 1 32 34 57 57
0308_0010_0052_0075_0075.jpg 1 10 52 75 75
0309_0040_0028_0048_0048.jpg 1 40 28 48 48
0310_0025_0060_0056_0056.jpg 1 25 60 56 56
0311_0050_0076_0055_0055.jpg 1 50 76 55 55
0312_0064_0049_0053_0053.jpg 1 64 49 53 53
0313_0064_0035_0073_0073.jpg 1 64 35 73 73
0314_0036_0047_0052_0052.jpg 1 36 47 52 52
0315_0047_0029_0097_0097.jpg 1 47 29 97 97
0316_0059_0049_0062_0062.jpg 1 59 49 62 62
0317_0012_0034_0045_0045.jpg 1 12 34 45 45
0318_0031_0040_0066_0066.jpg 1 31 40 66 66
0319_0015_0031_0069_0069.jpg 1 15 31 69 69
0320_0044_0030_0059_0059.jpg 1 44 30 59 59
0321_0058_0047_0044_0044.jpg 1 58 47 44 44
0322_0044_0054_0084_0084.jpg 1 44 54 84 84
0323_0028_0025_0088_0088.jpg 1 28 25 88 88
0324_0073_0084_0051_0051.jpg 1 73 84 51 51
0325_0021_0046_0094_0094.jpg 1 21 46 94 94
0326_0025_0032_0069_0069.jpg 1 25 32 69 69
0327_0058_0064_0075_0075.jpg 1 58 64 75 75
0328_0080_0012_0032_0032.jpg 1 80 12 32 32
0329_0010_0021_0103_0103.jpg 1 10 21 103 103
0330_0012_0091_0044_0044.jpg 1 12 91 44 44
0331_0018_0014_0027_0027.jpg 1 18 14 27 27
0332_0007_0016_0099_0099.jpg 1 7 16 99 99
0333_0019_0053_0052_0052.jpg 1 19 53 52 52
0334_0019_0065_0064_0064.jpg 1 19 65 64 64
0335_0032_0048_0057_0057.jpg 1 32 48 57 57
0336_0039_0008_0077_0077.jpg 1 39 8 77 77
0337_0022_0013_0077_0077.jpg 1 22 13 77 77
0338_0025_0016_0069_0069.jpg 1 25 16 69 69
0339_0028_0021_0094_0094.jpg 1 28 21 94 94
0340_0068_0038_0066_0066.jpg 1 68 38 66 66
0341_0013_0017_0029_0029.jpg 1 13 17 29 29
0342_0027_0050_0067_0067.jpg 1 27 50 67 67
0343_0093_0025_0038_0038.jpg 1 93 25 38 38
0344_0023_0032_0077_0077.jpg 1 23 32 77 77
0345_0049_0045_0091_0091.jpg 1 49 45 91 91
0346_0054_0033_0088_0088.jpg 1 54 33 88 88
0347_0040_0044_0067_0067.jpg 1 40 44 67 67
0348_0062_0017_0047_0047.jpg 1 62 17 47 47
0349_0059_0007_0079_0079.jpg 1 59 7 79 79
0350_0034_0014_0037_0037.jpg 1 34 14 37 37
0351_0078_0040_0060_0060.jpg 1 78 40 60 60
0352_0016_0026_0093_0093.jpg 1 16 26 93 93
0353_0014_0045_0094_0094.jpg 1 14 45 94 94
0354_0077_0044_0054_0054.jpg 1 77 44 54 54
0355_0091_0067_0036_0036.jpg 1 91 67 36 36
0356_0044_0046_0071_0071.jpg 1 44 46 71 71
0357_0021_0046_0025_0025.jpg 1 21 46 25 25
0358_0039_0048_0077_0077.jpg 1 39 48 77 77
0359_0017_0075_0042_0042.jpg 1 17 75 42 42
0360_0023_0065_0033_0033.jpg 1 23 65 33 33
0361_0044_0052_0088_0088.jpg 1 44 52 88 88
0362_0083_0094_0041_0041.jpg 1 83 94 41 41
0363_0045_0023_0031_0031.jpg 1 45 23 31 31
0364_0041_0022_0048_0048.jpg 1 41 22 48 48
0365_0027_0065_0062_0062.jpg 1 27 65 62 62
0366_0030_0059_0060_0060.jpg 1 30 59 60 60
0367_0044_0012_0052_0052.jpg 1 44 12 52 52
0368_0080_0047_0054_0054.jpg 1 80 47 54 54
0369_0037_0006_0098_0098.jpg 1 37 6 98 98
0370_0042_0043_0036_0036.jpg 1 42 43 36 36
0371_0104_0071_0033_0033.jpg 1 104 71 33 33
0372_0012_0015_0077_0077.jpg 1 12 15 77 77
0373_0072_0023_0055_0055.jpg 1 72 23 55 55
0374_0080_0067_0044_0044.jpg 1 80 67 44 44
0375_0047_0017_0092_0092.jpg 1 47 17 92 92
0376_0091_0072_0036_0036.jpg 1 91 72 36 36
0377_0029_0078_0062_0062.jpg 1 29 78 62 62
0378_0015_0028_0080_0080.jpg 1 15 28 80 80
0379_0042_0027_0076_0076.jpg 1 42 27 76 76
0380_0023_0025_0101_0101.jpg 1 23 25 101 101
0381_0015_0032_0096_0096.jpg 1 15 32 96 96
0382_0037_0037_0098_0098.jpg 1 37 37 98 98
0383_0052_0022_0070_0070.jpg 1 52 22 70 70
0384_0016_0010_0058_0058.jpg 1 16 10 58 58
0385_0024_0036_0100_0100.jpg 1 24 36 100 100
0386_0067_0030_0071_0071.jpg 1 67 30 71 71
0387_0020_0030_0034_0034.jpg 1 20 30 34 34
0388_0017_0020_0056_0056.jpg 1 17 20 56 56
0389_0016_0017_0078_0078.jpg 1 16 17 78 78
0390_0026_0017_0103_0103.jpg 1 26 17 103 103
0391_0016_0037_0079_0079.jpg 1 16 37 79 79
0392_0036_0024_0096_0096.jpg 1 36 24 96 96
0393_0027_0013_0043_0043.jpg 1 27 13 43 43
0394_0099_0087_0033_0033.jpg 1 99 87 33 33
0395_0091_0054_0039_0039.jpg 1 91 54 39 39
0396_0078_0038_0030_0030.jpg 1 78 38 30 30
0397_0020_0070_0071_0071.jpg 1 20 70 71 71
0398_0055_0045_0082_0082.jpg 1 55 45 82 82
0399_0075_0051_0065_0065.jpg 1 75 51 65 65
0400_0008_0029_0092_0092.jpg 1 8 29 92 92
0401_0018_0053_0074_0074.jpg 1 18 53 74 74
0402_0059_0042_0070_0070.jpg 1 59 42 70 70
0403_0047_0013_0077_0077.jpg 1 47 13 77 77
0404_0035_0055_0059_0059.jpg 1 35 55 59 59
0405_0046_0062_0066_0066.jpg 1 46 62 66 66
0406_0015_0015_0062_0062.jpg 1 15 15 62 62
0407_0050_0056_0025_0025.jpg 1 50 56 25 25
0408_0037_0031_0102_0102.jpg 1 37 31 102 102
0409_0036_0040_0085_0085.jpg 1 36 40 85 85
0410_0049_0065_0057_0057.jpg 1 49 65 57 57
0411_0050_0078_0036_0036.jpg 1 50 78 36 36
0412_0020_0024_0094_0094.jpg 1 20 24 94 94
0413_0052_0036_0040_0040.jpg 1 52 36 40 40
0414_0026_0032_0044_0044.jpg 1 26 32 44 44
0415_0073_0022_0053_0053.jpg 1 73 22 53 53
0416_0059_0084_0049_0049.jpg 1 59 84 49 49
0417_0011_0082_0057_0057.jpg 1 11 82 57 57
0418_0033_0065_0045_0045.jpg 1 33 65 45 45
0419_0052_0021_0041_0041.jpg 1 52 21 41 41
0420_0059_0040_0075_0075.jpg 1 59 40 75 75
0421_0042_0020_0058_0058.jpg 1 42 20 58 58
0422_0070_0074_0054_0054.jpg 1 70 74 54 54
0423_0019_0035_0094_0094.jpg 1 19 35 94 94
0424_0052_0096_0025_0025.jpg 1 52 96 25 25
0425_0031_0009_0099_0099.jpg 1 31 9 99 99
0426_0037_0055_0085_0085.jpg 1 37 55 85 85
0427_0017_0021_0095_0095.jpg 1 17 21 95 95
0428_0017_0006_0085_0085.jpg 1 17 6 85 85
0429_0064_0057_0067_0067.jpg 1 64 57 67 67
0430_0025_0044_0075_0075.jpg 1 25 44 75 75
0431_0028_0062_0072_0072.jpg 1 28 62 72 72
0432_0066_0070_0045_0045.jpg 1 66 70 45 45
0433_0014_0038_0103_0103.jpg 1 14 38 103 103
0434_0032_0015_0053_0053.jpg 1 32 15 53 53
0435_0012_0022_0101_0101.jpg 1 12 22 101 101
0436_0009_0016_0076_0076.jpg 1 9 16 76 76
0437_0031_0083_0027_0027.jpg 1 31 83 27 27
0438_0026_0037_0078_0078.jpg 1 26 37 78 78
0439_0015_0029_0087_0087.jpg 1 15 29 87 87
0440_0045_0072_0060_0060.jpg 1 45 72 60 60
0441_0073_0073_0025_0025.jpg 1 73 73 25 25
0442_0079_0014_0052_0052.jpg 1 79 14 52 52
0443_0008_0016_0094_0094.jpg 1 8 16 94 94
0444_0074_0073_0025_0025.jpg 1 74 73 25 25
0445_0041_0045_0080_0080.jpg 1 41 45 80 80
0446_0059_0051_0067_0067.jpg 1 59 51 67 67
0447_0035_0047_0091_0091.jpg 1 35 47 91 91
0448_0046_0065_0056_0056.jpg 1 46 65 56 56
0449_0015_0030_0061_0061.jpg 1 15 30 61 61
0450_0012_0022_0066_0066.jpg 1 12 22 66 66
0451_0027_0040_0070_0070.jpg 1 27 40 70 70
0452_0035_0040_0024_0024.jpg 1 35 40 24 24
0453_0049_0047_0090_0090.jpg 1 49 47 90 90
0454_0069_0075_0056_0056.jpg 1 69 75 56 56
0455_0068_0099_0034_0034.jpg 1 68 99 34 34
0456_0034_0029_0037_0037.jpg 1 34 29 37 37
0457_0067_0045_0040_0040.jpg 1 67 45 40 40
0458_0024_0030_0054_0054.jpg 1 24 30 54 54
0459_0010_0022_0098_0098.jpg 1 10 22 98 98
0460_0012_0061_0061_0061.jpg 1 12 61 61 61
0461_0021_0045_0062_0062.jpg 1 21 45 62 62
0462_0073_0018_0068_0068.jpg 1 73 18 68 68
0463_0038_0063_0050_0050.jpg 1 38 63 50 50
0464_0019_0057_0071_0071.jpg 1 19 57 71 71
0465_0028_0029_0053_0053.jpg 1 28 29 53 53
0466_0091_0016_0041_0041.jpg 1 91 16 41 41
0467_0047_0021_0091_0091.jpg 1 47 21 91 91
0468_0094_0097_0024_0024.jpg 1 94 97 24 24
0469_0021_0063_0055_0055.jpg 1 21 63 55 55
0470_0012_0006_0088_0088.jpg 1 12 6 88 88
0471_0049_0041_0079_0079.jpg 1 49 41 79 79
0472_0077_0022_0045_0045.jpg 1 77 22 45 45
0473_0012_0068_0044_0044.jpg 1 12 68 44 44
0474_0018_0053_0027_0027.jpg 1 18 53 27 27
0475_0093_0077_0040_0040.jpg 1 93 77 40 40
0476_0041_0045_0089_0089.jpg 1 41 45 89 89
0477_0023_0051_0079_0079.jpg 1 23 51 79 79
0478_0101_0106_0031_0031.jpg 1 101 106 31 31
0479_0058_0031_0075_0075.jpg 1 58 31 75 75
0480_0064_0028_0067_0067.jpg 1 64 28 67 67
0481_0023_0027_0030_0030.jpg 1 23 27 30 30
0482_0017_0037_0101_0101.jpg 1 17 37 101 101
0483_0031_0061_0080_0080.jpg 1 31 61 80 80
0484_0060_0071_0040_0040.jpg 1 60 71 40 40
0485_0043_0020_0092_0092.jpg 1 43 20 92 92
0486_0054_0064_0059_0059.jpg 1 54 64 59 59
0487_0057_0085_0046_0046.jpg 1 57 85 46 46
0488_0033_0051_0050_0050.jpg 1 33 51 50 50
0489_0041_0027_0069_0069.jpg 1 41 27 69 69
0490_0034_0037_0079_0079.jpg 1 34 37 79 79
0491_0038_0032_0075_0075.jpg 1 38 32 75 75
0492_0046_0048_0093_0093.jpg 1 46 48 93 93
0493_0038_0047_0074_0074.jpg 1 38 47 74 74
0494_0026_0043_0047_0047.jpg 1 26 43 47 47
0495_0102_0072_0031_0031.jpg 1 102 72 31 31
0496_0093_0018_0030_0030.jpg 1 93 18 30 30
0497_0052_0033_0079_0079.jpg 1 52 33 79 79
0498_0028_0035_0086_0086.jpg 1 28 35 86 86
0499_0030_0067_0062_0062.jpg 1 30 67 62 62
0500_0005_0028_0100_0100.jpg 1 5 28 100 100
0501_0012_0034_0086_0086.jpg 1 12 34 86 86
0502_0029_0027_0084_0084.jpg 1 29 27 84 84
0503_0057_0021_0067_0067.jpg 1 57 21 67 67
0504_0034_0028_0100_0100.jpg 1 34 28 100 100
0505_0028_0043_0098_0098.jpg 1 28 43 98 98
0506_0020_0021_0089_0089.jpg 1 20 21 89 89
0507_0028_0045_0063_0063.jpg 1 28 45 63 63
0508_0042_0024_0082_0082.jpg 1 42 24 82 82
0509_0041_0014_0092_0092.jpg 1 41 14 92 92
0510_0045_0105_0024_0024.jpg 1 45 105 24 24
0511_0025_0017_0103_0103.jpg 1 25 17 103 103
0512_0006_0039_0086_0086.jpg 1 6 39 86 86
0513_0042_0032_0027_0027.jpg 1 42 32 27 27
0514_0037_0022_0076_0076.jpg 1 37 22 76 76
0515_0036_0055_0039_0039.jpg 1 36 55 39 39
0516_0087_0017_0030_0030.jpg 1 87 17 30 30
0517_0048_0020_0077_0077.jpg 1 48 20 77 77
0518_0015_0048_0034_0034.jpg 1 15 48 34 34
0519_0011_0032_0097_0097.jpg 1 11 32 97 97
0520_0061_0022_0055_0055.jpg 1 61 22 55 55
0521_0032_0016_0095_0095.jpg 1 32 16 95 95
0522_0078_0039_0028_0028.jpg 1 78 39 28 28
0523_0023_0066_0047_0047.jpg 1 23 66 47 47
0524_0040_0022_0100_0100.jpg 1 40 22 100 100
0525_0010_0048_0085_0085.jpg 1 10 48 85 85
0526_0056_0023_0056_0056.jpg 1 56 23 56 56
0527_0060_0032_0056_0056.jpg 1 60 32 56 56
0528_0021_0034_0091_0091.jpg 1 21 34 91 91
0529_0057_0019_0075_0075.jpg 1 57 19 75 75
0530_0084_0041_0035_0035.jpg 1 84 41 35 35
0531_0020_0015_0042_0042.jpg 1 20 15 42 42
0532_0067_0041_0040_0040.jpg 1 67 41 40 40
0533_0019_0012_0065_0065.jpg 1 19 12 65 65
0534_0079_0025_0028_0028.jpg 1 79 25 28 28
0535_0021_0024_0066_0066.jpg 1 21 24 66 66
0536_0065_0030_0064_0064.jpg 1 65 30 64 64
0537_0049_0045_0092_0092.jpg 1 49 45 92 92
0538_0024_0008_0066_0066.jpg 1 24 8 66 66
0539_0047_0025_0062_0062.jpg 1 47 25 62 62
0540_0064_0037_0042_0042.jpg 1 64 37 42 42
0541_0082_0089_0031_0031.jpg 1 82 89 31 31
0542_0026_0048_0085_0085.jpg 1 26 48 85 85
0543_0041_0033_0030_0030.jpg 1 41 33 30 30
0544_0067_0055_0064_0064.jpg 1 67 55 64 64
0545_0018_0045_0078_0078.jpg 1 18 45 78 78
0546_0051_0008_0070_0070.jpg 1 51 8 70 70
0547_0006_0010_0094_0094.jpg 1 6 10 94 94
0548_0053_0085_0029_0029.jpg 1 53 85 29 29
0549_0054_0061_0046_0046.jpg 1 54 61 46 46
0550_0070_0026_0072_0072.jpg 1 70 26 72 72
0551_0043_0082_0037_0037.jpg 1 43 82 37 37
0552_0023_0043_0090_0090.jpg 1 23 43 90 90
0553_0020_0033_0096_0096.jpg 1 20 33 96 96
0554_0036_0024_0067_0067.jpg 1 36 24 67 67
0555_0030_0045_0092_0092.jpg 1 30 45 92 92
0556_0066_0086_0052_0052.jpg 1 66 86 52 52
0557_0071_0068_0033_0033.jpg 1 71 68 33 33
0558_0069_0081_0052_0052.jpg 1 69 81 52 52
0559_0078_0012_0036_0036.jpg 1 78 12 36 36
0560_0081_0084_0030_0030.jpg 1 81 84 30 30
0561_0084_0104_0033_0033.jpg 1 84 104 33 33
0562_0069_0025_0038_0038.jpg 1 69 25 38 38
0563_0020_0047_0032_0032.jpg 1 20 47 32 32
0564_0037_0021_0074_0074.jpg 1 37 21 74 74
0565_0009_0011_0085_0085.jpg 1 9 11 85 85
0566_0065_0015_0039_0039.jpg 1 65 15 39 39
0567_0027_0051_0045_0045.jpg 1 27 51 45 45
0568_0058_0077_0040_0040.jpg 1 58 77 40 40
0569_0010_0031_0056_0056.jpg 1 10 31 56 56
0570_0012_0024_0046_0046.jpg 1 12 24 46 46
0571_0062_0044_0069_0069.jpg 1 62 44 69 69
0572_0019_0044_0061_0061.jpg 1 19 44 61 61
0573_0050_0033_0091_0091.jpg 1 50 33 91 91
0574_0041_0026_0098_0098.jpg 1 41 26 98 98
0575_0048_0063_0079_0079.jpg 1 48 63 79 79
0576_0067_0072_0044_0044.jpg 1 67 72 44 44
0577_0075_0099_0030_0030.jpg 1 75 99 30 30
0578_0013_0021_0080_0080.jpg 1 13 21 80 80
0579_0016_0043_0096_0096.jpg 1 16 43 96 96
0580_0027_0034_0075_0075.jpg 1 27 34 75 75
0581_0062_0068_0044_0044.jpg 1 62 68 44 44
0582_0025_0019_0098_0098.jpg 1 25 19 98 98
0583_0009_0008_0098_0098.jpg 1 9 8 98 98
0584_0022_0010_0080_0080.jpg 1 22 10 80 80
0585_0065_0057_0073_0073.jpg 1 65 57 73 73
0586_0025_0006_0090_0090.jpg 1 25 6 90 90
0587_0007_0029_0088_0088.jpg 1 7 29 88 88
0588_0034_0023_0078_0078.jpg 1 34 23 78 78
0589_0011_0041_0075_0075.jpg 1 11 41 75 75
0590_0054_0021_0082_0082.jpg 1 54 21 82 82
0591_0010_0023_0094_0094.jpg 1 10 23 94 94
0592_0040_0016_0053_0053.jpg 1 40 16 53 53
0593_0011_0069_0060_0060.jpg 1 11 69 60 60
0594_0045_0075_0064_0064.jpg 1 45 75 64 64
0595_0039_0038_0047_0047.jpg 1 39 38 47 47
0596_0033_0039_0059_0059.jpg 1 33 39 59 59
0597_0010_0035_0085_0085.jpg 1 10 35 85 85
0598_0057_0069_0042_0042.jpg 1 57 69 42 42
0599_0032_0033_0082_0082.jpg 1 32 33 82 82
0600_0029_0052_0028_0028.jpg 1 29 52 28 28
0601_0083_0057_0028_0028.jpg 1 83 57 28 28
0602_0073_0063_0044_0044.jpg 1 73 63 44 44
0603_0083_0034_0038_0038.jpg 1 83 34 38 38
0604_0043_0039_0082_0082.jpg 1 43 39 82 82
0605_0006_0007_0096_0096.jpg 1 6 7 96 96
0606_0057_0017_0083_0083.jpg 1 57 17 83 83
0607_0020_0054_0036_0036.jpg 1 20 54 36 36
0608_0021_0012_0079_0079.jpg 1 21 12 79 79
0609_0048_0029_0079_0079.jpg 1 48 29 79 79
0610_0035_0053_0026_0026.jpg 1 35 53 26 26
0611_0014_0014_0045_0045.jpg 1 14 14 45 45
0612_0044_0082_0040_0040.jpg 1 44 82 40 40
0613_0044_0075_0053_0053.jpg 1 44 75 53 53
0614_0057_0010_0085_0085.jpg 1 57 10 85 85
0615_0037_0026_0034_0034.jpg 1 37 26 34 34
0616_0013_0033_0061_0061.jpg 1 13 33 61 61
0617_0052_0014_0068_0068.jpg 1 52 14 68 68
0618_0094_0094_0044_0044.jpg 1 94 94 44 44
0619_0007_0034_0089_0089.jpg 1 7 34 89 89
0620_0026_0030_0098_0098.jpg 1 26 30 98 98
0621_0032_0020_0098_0098.jpg 1 32 20 98 98
0622_0021_0092_0030_0030.jpg 1 21 92 30 30
0623_0045_0081_0049_0049.jpg 1 45 81 49 49
0624_0011_0054_0086_0086.jpg 1 11 54 86 86
0625_0041_0026_0094_0094.jpg 1 41 26 94 94
0626_0038_0046_0045_0045.jpg 1 38 46 45 45
0627_0056_0062_0075_0075.jpg 1 56 62 75 75
0628_0080_0056_0032_0032.jpg 1 80 56 32 32
0629_0097_0104_0026_0026.jpg 1 97 104 26 26
0630_0038_0037_0104_0104.jpg 1 38 37 104 104
0631_0054_0057_0053_0053.jpg 1 54 57 53 53
0632_0087_0031_0046_0046.jpg 1 87 31 46 46
0633_0031_0007_0079_0079.jpg 1 31 7 79 79
0634_0046_0015_0072_0072.jpg 1 46 15 72 72
0635_0017_0052_0082_0082.jpg 1 17 52 82 82
0636_0013_0029_0096_0096.jpg 1 13 29 96 96
0637_0026_0081_0054_0054.jpg 1 26 81 54 54
0638_0044_0020_0062_0062.jpg 1 44 20 62 62
0639_0020_0104_0030_0030.jpg 1 20 104 30 30
0640_0019_0032_0075_0075.jpg 1 19 32 75 75
0641_0013_0033_0088_0088.jpg 1 13 33 88 88
0642_0054_0087_0043_0043.jpg 1 54 87 43 43
0643_0020_0086_0047_0047.jpg 1 20 86 47 47
0644_0021_0074_0049_0049.jpg 1 21 74 49 49
0645_0022_0057_0074_0074.jpg 1 22 57 74 74
0646_0018_0098_0034_0034.jpg 1 18 98 34 34
0647_0045_0012_0088_0088.jpg 1 45 12 88 88
0648_0012_0028_0076_0076.jpg 1 12 28 76 76
0649_0084_0059_0035_0035.jpg 1 84 59 35 35
0650_0012_0059_0069_0069.jpg 1 12 59 69 69
0651_0051_0028_0071_0071.jpg 1 51 28 71 71
0652_0025_0008_0097_0097.jpg 1 25 8 97 97
0653_0051_0008_0070_0070.jpg 1 51 8 70 70
0654_0026_0032_0068_0068.jpg 1 26 32 68 68
0655_0060_0027_0077_0077.jpg 1 60 27 77 77
0656_0058_0038_0084_0084.jpg 1 58 38 84 84
0657_0021_0032_0074_0074.jpg 1 21 32 74 74
0658_0049_0023_0088_0088.jpg 1 49 23 88 88
0659_0031_0051_0079_0079.jpg 1 31 51 79 79
0660_0035_0026_0077_0077.jpg 1 35 26 77 77
0661_0056_0027_0036_0036.jpg 1 56 27 36 36
0662_0049_0051_0089_0089.jpg 1 49 51 89 89
0663_0034_0008_0083_0083.jpg 1 34 8 83 83
0664_0073_0080_0048_0048.jpg 1 73 80 48 48
0665_0031_0090_0042_0042.jpg 1 31 90 42 42
0666_0029_0036_0084_0084.jpg 1 29 36 84 84
0667_0033_0070_0061_0061.jpg 1 33 70 61 61
0668_0050_0008_0071_0071.jpg 1 50 8 71 71
0669_0025_0035_0080_0080.jpg 1 25 35 80 80
0670_0034_0032_0089_0089.jpg 1 34 32 89 89
0671_0039_0020_0069_0069.jpg 1 39 20 69 69
0672_0075_0051_0066_0066.jpg 1 75 51 66 66
0673_0092_0041_0037_0037.jpg 1 92 41 37 37
0674_0073_0069_0047_0047.jpg 1 73 69 47 47
0675_0033_0089_0039_0039.jpg 1 33 89 39 39
0676_0048_0020_0092_0092.jpg 1 48 20 92 92
0677_0033_0047_0076_0076.jpg 1 33 47 76 76
0678_0055_0034_0082_0082.jpg 1 55 34 82 82
0679_0068_0037_0054_0054.jpg 1 68 37 54 54
0680_0008_0060_0074_0074.jpg 1 8 60 74 74
0681_0054_0023_0078_0078.jpg 1 54 23 78 78
0682_0019_0018_0095_0095.jpg 1 19 18 95 95
0683_0056_0019_0061_0061.jpg 1 56 19 61 61
0684_0066_0025_0037_0037.jpg 1 66 25 37 37
0685_0054_0007_0080_0080.jpg 1 54 7 80 80
0686_0075_0059_0050_0050.jpg 1 75 59 50 50
0687_0049_0067_0049_0049.jpg 1 49 67 49 49
0688_0034_0027_0088_0088.jpg 1 34 27 88 88
0689_0059_0020_0049_0049.jpg 1 59 20 49 49
0690_0028_0082_0032_0032.jpg 1 28 82 32 32
0691_0061_0050_0059_0059.jpg 1 61 50 59 59
0692_0032_0086_0047_0047.jpg 1 32 86 47 47
0693_0042_0036_0099_0099.jpg 1 42 36 99 99
0694_0045_0033_0099_0099.jpg 1 45 33 99 99
0695_0015_0020_0086_0086.jpg 1 15 20 86 86
0696_0112_0082_0024_0024.jpg 1 112 82 24 24
0697_0023_0011_0101_0101.jpg 1 23 11 101 101
0698_0022_0022_0057_0057.jpg 1 22 22 57 57
0699_0013_0033_0098_0098.jpg 1 13 33 98 98
0700_0077_0030_0038_0038.jpg 1 77 30 38 38
0701_0042_0071_0043_0043.jpg 1 42 71 43 43
0702_0052_0017_0062_0062.jpg 1 52 17 62 62
0703_0056_0044_0059_0059.jpg 1 56 44 59 59
0704_0011_0052_0078_0078.jpg 1 11 52 78 78
0705_0107_0036_0030_0030.jpg 1 107 36 30 30
0706_0048_0047_0086_0086.jpg 1 48 47 86 86
0707_0046_0049_0066_0066.jpg 1 46 49 66 66
0708_0031_0033_0081_0081.jpg 1 31 33 81 81
0709_0087_0031_0048_0048.jpg 1 87 31 48 48
0710_0010_0034_0055_0055.jpg 1 10 34 55 55
0711_0021_0076_0041_0041.jpg 1 21 76 41 41
0712_0036_0048_0048_0048.jpg 1 36 48 48 48
0713_0024_0053_0061_0061.jpg 1 24 53 61 61
0714_0033_0031_0069_0069.jpg 1 33 31 69 69
0715_0011_0026_0095_0095.jpg 1 11 26 95 95
0716_0084_0031_0049_0049.jpg 1 84 31 49 49
0717_0034_0037_0062_0062.jpg 1 34 37 62 62
0718_0027_0031_0074_0074.jpg 1 27 31 74 74
0719_0010_0012_0073_0073.jpg 1 10 12 73 73
0720_0009_0024_0052_0052.jpg 1 9 24 52 52
0721_0030_0024_0085_0085.jpg 1 30 24 85 85
0722_0026_0028_0082_0082.jpg 1 26 28 82 82
0723_0032_0014_0090_0090.jpg 1 32 14 90 90
0724_0070_0060_0045_0045.jpg 1 70 60 45 45
0725_0050_0067_0068_0068.jpg 1 50 67 68 68
0726_0073_0072_0028_0028.jpg 1 73 72 28 28
0727_0037_0031_0065_0065.jpg 1 37 31 65 65
0728_0047_0038_0078_0078.jpg 1 47 38 78 78
0729_0064_0018_0075_0075.jpg 1 64 18 75 75
0730_0016_0020_0062_0062.jpg 1 16 20 62 62
0731_0026_0060_0082_0082.jpg 1 26 60 82 82
0732_0025_0008_0101_0101.jpg 1 25 8 101 101
0733_0073_0034_0049_0049.jpg 1 73 34 49 49
0734_0031_0016_0102_0102.jpg 1 31 16 102 102
0735_0060_0014_0075_0075.jpg 1 60 14 75 75
0736_0027_0031_0049_0049.jpg 1 27 31 49 49
0737_0064_0045_0049_0049.jpg 1 64 45 49 49
0738_0072_0058_0040_0040.jpg 1 72 58 40 40
0739_0037_0005_0093_0093.jpg 1 37 5 93 93
0740_0034_0013_0086_0086.jpg 1 34 13 86 86
0741_0030_0038_0101_0101.jpg 1 30 38 101 101
0742_0068_0030_0061_0061.jpg 1 68 30 61 61
0743_0041_0034_0044_0044.jpg 1 41 34 44 44
0744_0035_0006_0104_0104.jpg 1 35 6 104 104
0745_0021_0066_0072_0072.jpg 1 21 66 72 72
0746_0101_0082_0036_0036.jpg 1 101 82 36 36
0747_0039_0008_0070_0070.jpg 1 39 8 70 70
0748_0051_0073_0045_0045.jpg 1 51 73 45 45
0749_0028_0072_0038_0038.jpg 1 28 72 38 38
0750_0013_0055_0060_0060.jpg 1 13 55 60 60
0751_0031_0065_0075_0075.jpg 1 31 65 75 75
0752_0023_0064_0077_0077.jpg 1 23 64 77 77
0753_0042_0085_0027_0027.jpg 1 42 85 27 27
0754_0038_0016_0100_0100.jpg 1 38 16 100 100
0755_0033_0052_0028_0028.jpg 1 33 52 28 28
0756_0020_0020_0078_0078.jpg 1 20 20 78 78
0757_0070_0031_0033_0033.jpg 1 70 31 33 33
0758_0078_0038_0047_0047.jpg 1 78 38 47 47
0759_0010_0040_0074_0074.jpg 1 10 40 74 74
0760_0041_0052_0025_0025.jpg 1 41 52 25 25
0761_0030_0051_0085_0085.jpg 1 30 51 85 85
0762_0039_0045_0066_0066.jpg 1 39 45 66 66
0763_0108_0055_0025_0025.jpg 1 108 55 25 25
0764_0040_0021_0085_0085.jpg 1 40 21 85 85
0765_0034_0094_0030_0030.jpg 1 34 94 30 30
0766_0048_0025_0088_0088.jpg 1 48 25 88 88
0767_0024_0040_0097_0097.jpg 1 24 40 97 97
0768_0054_0098_0035_0035.jpg 1 54 98 35 35
0769_0058_0073_0026_0026.jpg 1 58 73 26 26
0770_0047_0106_0024_0024.jpg 1 47 106 24 24
0771_0027_0046_0094_0094.jpg 1 27 46 94 94
0772_0052_0032_0072_0072.jpg 1 52 32 72 72
0773_0077_0038_0047_0047.jpg 1 77 38 47 47
0774_0037_0063_0067_0067.jpg 1 37 63 67 67
0775_0020_0081_0041_0041.jpg 1 20 81 41 41
0776_0082_0066_0046_0046.jpg 1 82 66 46 46
0777_0037_0025_0095_0095.jpg 1 37 25 95 95
0778_0026_0021_0104_0104.jpg 1 26 21 104 104
0779_0081_0065_0052_0052.jpg 1 81 65 52 52
0780_0032_0021_0100_0100.jpg 1 32 21 100 100
0781_0030_0064_0042_0042.jpg 1 30 64 42 42
0782_0016_0075_0049_0049.jpg 1 16 75 49 49
0783_0071_0049_0066_0066.jpg 1 71 49 66 66
0784_0021_0043_0099_0099.jpg 1 21 43 99 99
0785_0014_0042_0061_0061.jpg 1 14 42 61 61
0786_0069_0022_0073_0073.jpg 1 69 22 73 73
0787_0029_0046_0063_0063.jpg 1 29 46 63 63
0788_0019_0014_0092_0092.jpg 1 19 14 92 92
0789_0014_0009_0101_0101.jpg 1 14 9 101 101
0790_0059_0009_0055_0055.jpg 1 59 9 55 55
0791_0011_0051_0091_0091.jpg 1 11 51 91 91
0792_0077_0033_0024_0024.jpg 1 77 33 24 24
0793_0020_0046_0053_0053.jpg 1 20 46 53 53
0794_0037_0024_0093_0093.jpg 1 37 24 93 93
0795_0091_0066_0047_0047.jpg 1 91 66 47 47
0796_0063_0045_0077_0077.jpg 1 63 45 77 77
0797_0058_0051_0077_0077.jpg 1 58 51 77 77
0798_0012_0012_0040_0040.jpg 1 12 12 40 40
0799_0066_0032_0033_0033.jpg 1 66 32 33 33
0800_0018_0046_0064_0064.jpg 1 18 46 64 64
0801_0015_0075_0052_0052.jpg 1 15 75 52 52
0802_0011_0010_0090_0090.jpg 1 11 10 90 90
0803_0051_0025_0051_0051.jpg 1 51 25 51 51
0804_0023_0016_0042_0042.jpg 1 23 16 42 42
0805_0039_0057_0034_0034.jpg 1 39 57 34 34
0806_0087_0103_0029_0029.jpg 1 87 103 29 29
0807_0060_0032_0070_0070.jpg 1 60 32 70 70
0808_0015_0062_0071_0071.jpg 1 15 62 71 71
0809_0042_0023_0085_0085.jpg 1 42 23 85 85
0810_0053_0067_0048_0048.jpg 1 53 67 48 48
0811_0017_0040_0056_0056.jpg 1 17 40 56 56
0812_0064_0033_0036_0036.jpg 1 64 33 36 36
0813_0022_0104_0027_0027.jpg 1 22 104 27 27
0814_0034_0025_0082_0082.jpg 1 34 25 82 82
0815_0010_0041_0091_0091.jpg 1 10 41 91 91
0816_0089_0070_0033_0033.jpg 1 89 70 33 33
0817_0048_0078_0057_0057.jpg 1 48 78 57 57
0818_0008_0009_0075_0075.jpg 1 8 9 75 75
0819_0052_0034_0069_0069.jpg 1 52 34 69 69
0820_0038_0032_0100_0100.jpg 1 38 32 100 100
0821_0017_0026_0034_0034.jpg 1 17 26 34 34
0822_0031_0014_0089_0089.jpg 1 31 14 89 89
0823_0017_0008_0073_0073.jpg 1 17 8 73 73
0824_0065_0035_0051_0051.jpg 1 65 35 51 51
0825_0044_0058_0030_0030.jpg 1 44 58 30 30
0826_0034_0007_0099_0099.jpg 1 34 7 99 99
0827_0047_0056_0072_0072.jpg 1 47 56 72 72
0828_0036_0038_0098_0098.jpg 1 36 38 98 98
0829_0027_0060_0071_0071.jpg 1 27 60 71 71
0830_0016_0009_0068_0068.jpg 1 16 9 68 68
0831_0012_0008_0075_0075.jpg 1 12 8 75 75
0832_0064_0020_0067_0067.jpg 1 64 20 67 67
0833_0077_0015_0030_0030.jpg 1 77 15 30 30
0834_0063_0017_0061_0061.jpg 1 63 17 61 61
0835_0027_0066_0072_0072.jpg 1 27 66 72 72
0836_0015_0052_0077_0077.jpg 1 15 52 77 77
0837_0023_0024_0099_0099.jpg 1 23 24 99 99
0838_0066_0021_0070_0070.jpg 1 66 21 70 70
0839_0013_0011_0080_0080.jpg 1 13 11 80 80
0840_0052_0040_0058_0058.jpg 1 52 40 58 58
0841_0071_0034_0057_0057.jpg 1 71 34 57 57
0842_0016_0016_0078_0078.jpg 1 16 16 78 78
0843_0027_0045_0089_0089.jpg 1 27 45 89 89
0844_0049_0028_0051_0051.jpg 1 49 28 51 51
0845_0039_0049_0077_0077.jpg 1 39 49 77 77
0846_0044_0065_0074_0074.jpg 1 44 65 74 74
0847_0031_0040_0065_0065.jpg 1 31 40 65 65
0848_0039_0041_0103_0103.jpg 1 39 41 103 103
0849_0053_0013_0089_0089.jpg 1 53 13 89 89
0850_0040_0011_0065_0065.jpg 1 40 11 65 65
0851_0041_0044_0100_0100.jpg 1 41 44 100 100
0852_0033_0019_0075_0075.jpg 1 33 19 75 75
0853_0067_0036_0036_0036.jpg 1 67 36 36 36
0854_0070_0078_0039_0039.jpg 1 70 78 39 39
0855_0020_0067_0024_0024.jpg 1 20 67 24 24
0856_0018_0109_0026_0026.jpg 1 18 109 26 26
0857_0050_0023_0055_0055.jpg 1 50 23 55 55
0858_0051_0067_0068_0068.jpg 1 51 67 68 68
0859_0051_0062_0073_0073.jpg 1 51 62 73 73
0860_0019_0028_0083_0083.jpg 1 19 28 83 83
0861_0011_0026_0073_0073.jpg 1 11 26 73 73
0862_0012_0012_0063_0063.jpg 1 12 12 63 63
0863_0078_0063_0032_0032.jpg 1 78 63 32 32
0864_0074_0099_0035_0035.jpg 1 74 99 35 35
0865_0082_0063_0057_0057.jpg 1 82 63 57 57
0866_0042_0019_0095_0095.jpg 1 42 19 95 95
0867_0097_0047_0039_0039.jpg 1 97 47 39 39
0868_0040_0032_0092_0092.jpg 1 40 32 92 92
0869_0018_0040_0071_0071.jpg 1 18 40 71 71
0870_0038_0042_0101_0101.jpg 1 38 42 101 101
0871_0023_0016_0099_0099.jpg 1 23 16 99 99
0872_0027_0047_0080_0080.jpg 1 27 47 80 80
0873_0016_0055_0030_0030.jpg 1 16 55 30 30
0874_0049_0097_0028_0028.jpg 1 49 97 28 28
0875_0012_0028_0094_0094.jpg 1 12 28 94 94
0876_0028_0064_0041_0041.jpg 1 28 64 41 41
0877_0027_0068_0028_0028.jpg 1 27 68 28 28
0878_0046_0049_0089_0089.jpg 1 46 49 89 89
0879_0023_0022_0085_0085.jpg 1 23 22 85 85
0880_0040_0078_0054_0054.jpg 1 40 78 54 54
0881_0057_0047_0063_0063.jpg 1 57 47 63 63
0882_0015_0011_0071_0071.jpg 1 15 11 71 71
0883_0076_0012_0063_0063.jpg 1 76 12 63 63
0884_0012_0043_0084_0084.jpg 1 12 43 84 84
0885_0009_0025_0099_0099.jpg 1 9 25 99 99
0886_0008_0013_0103_0103.jpg 1 8 13 103 103
0887_0069_0042_0039_0039.jpg 1 69 42 39 39
0888_0071_0018_0059_0059.jpg 1 71 18 59 59
0889_0054_0010_0084_0084.jpg 1 54 10 84 84
0890_0058_0065_0053_0053.jpg 1 58 65 53 53
0891_0064_0034_0031_0031.jpg 1 64 34 31 31
0892_0043_0067_0064_0064.jpg 1 43 67 64 64
0893_0021_0082_0046_0046.jpg 1 21 82 46 46
0894_0033_0101_0028_0028.jpg 1 33 101 28 28
0895_0028_0044_0078_0078.jpg 1 28 44 78 78
0896_0015_0064_0078_0078.jpg 1 15 64 78 78
0897_0049_0023_0063_0063.jpg 1 49 23 63 63
0898_0023_0031_0073_0073.jpg 1 23 31 73 73
0899_0035_0035_0088_0088.jpg 1 35 35 88 88
0900_0031_0077_0029_0029.jpg 1 31 77 29 29
0901_0025_0011_0097_0097.jpg 1 25 11 97 97
0902_0016_0027_0102_0102.jpg 1 16 27 102 102
0903_0097_0097_0034_0034.jpg 1 97 97 34 34
0904_0027_0052_0083_0083.jpg 1 27 52 83 83
0905_0022_0042_0096_0096.jpg 1 22 42 96 96
0906_0072_0039_0035_0035.jpg 1 72 39 35 35
0907_0033_0033_0090_0090.jpg 1 33 33 90 90
0908_0040_0018_0076_0076.jpg 1 40 18 76 76
0909_0035_0032_0081_0081.jpg 1 35 32 81 81
0910_0042_0090_0044_0044.jpg 1 42 90 44 44
0911_0027_0016_0099_0099.jpg 1 27 16 99 99
0912_0029_0070_0065_0065.jpg 1 29 70 65 65
0913_0105_0092_0032_0032.jpg 1 105 92 32 32
0914_0044_0052_0071_0071.jpg 1 44 52 71 71
0915_0035_0042_0074_0074.jpg 1 35 42 74 74
0916_0100_0050_0028_0028.jpg 1 100 50 28 28
0917_0081_0040_0024_0024.jpg 1 81 40 24 24
0918_0006_0040_0099_0099.jpg 1 6 40 99 99
0919_0016_0012_0102_0102.jpg 1 16 12 102 102
0920_0092_0086_0043_0043.jpg 1 92 86 43 43
0921_0046_0082_0050_0050.jpg 1 46 82 50 50
0922_0047_0010_0093_0093.jpg 1 47 10 93 93
0923_0023_0022_0087_0087.jpg 1 23 22 87 87
0924_0059_0071_0028_0028.jpg 1 59 71 28 28
0925_0069_0015_0059_0059.jpg 1 69 15 59 59
0926_0080_0083_0032_0032.jpg 1 80 83 32 32
0927_0042_0015_0093_0093.jpg 1 42 15 93 93
0928_0078_0028_0042_0042.jpg 1 78 28 42 42
0929_0027_0041_0058_0058.jpg 1 27 41 58 58
0930_0059_0071_0059_0059.jpg 1 59 71 59 59
0931_0040_0042_0062_0062.jpg 1 40 42 62 62
0932_0062_0037_0024_0024.jpg 1 62 37 24 24
0933_0051_0047_0039_0039.jpg 1 51 47 39 39
0934_0024_0038_0101_0101.jpg 1 24 38 101 101
0935_0068_0089_0046_0046.jpg 1 68 89 46 46
0936_0025_0024_0099_0099.jpg 1 25 24 99 99
0937_0030_0015_0101_0101.jpg 1 30 15 101 101
0938_0044_0029_0070_0070.jpg 1 44 29 70 70
0939_0055_0047_0078_0078.jpg 1 55 47 78 78
0940_0025_0018_0063_0063.jpg 1 25 18 63 63
0941_0038_0037_0079_0079.jpg 1 38 37 79 79
0942_0037_0032_0094_0094.jpg 1 37 32 94 94
0943_0085_0018_0040_0040.jpg 1 85 18 40 40
0944_0033_0014_0044_0044.jpg 1 33 14 44 44
0945_0020_0036_0084_0084.jpg 1 20 36 84 84
0946_0054_0025_0075_0075.jpg 1 54 25 75 75
0947_0083_0060_0031_0031.jpg 1 83 60 31 31
0948_0028_0066_0056_0056.jpg 1 28 66 56 56
0949_0071_0066_0035_0035.jpg 1 71 66 35 35
0950_0009_0072_0060_0060.jpg 1 9 72 60 60
0951_0030_0082_0033_0033.jpg 1 30 82 33 33
0952_0073_0049_0051_0051.jpg 1 73 49 51 51
0953_0049_0037_0064_0064.jpg 1 49 37 64 64
0954_0028_0009_0092_0092.jpg 1 28 9 92 92
0955_0067_0060_0056_0056.jpg 1 67 60 56 56
0956_0016_0066_0064_0064.jpg 1 16 66 64 64
0957_0012_0016_0067_0067.jpg 1 12 16 67 67
0958_0094_0105_0032_0032.jpg 1 94 105 32 32
0959_0012_0043_0055_0055.jpg 1 12 43 55 55
0960_0037_0042_0097_0097.jpg 1 37 42 97 97
0961_0033_0020_0097_0097.jpg 1 33 20 97 97
0962_0038_0037_0093_0093.jpg 1 38 37 93 93
0963_0034_0033_0090_0090.jpg 1 34 33 90 90
0964_0023_0035_0027_0027.jpg 1 23 35 27 27
0965_0050_0053_0060_0060.jpg 1 50 53 60 60
0966_0034_0020_0094_0094.jpg 1 34 20 94 94
0967_0023_0013_0098_0098.jpg 1 23 13 98 98
0968_0068_0090_0034_0034.jpg 1 68 90 34 34
0969_0108_0106_0028_0028.jpg 1 108 106 28 28
0970_0026_0023_0040_0040.jpg 1 26 23 40 40
0971_0021_0074_0030_0030.jpg 1 21 74 30 30
0972_0044_0018_0057_0057.jpg 1 44 18 57 57
0973_0019_0073_0058_0058.jpg 1 19 73 58 58
0974_0059_0077_0058_0058.jpg 1 59 77 58 58
0975_0074_0041_0064_0064.jpg 1 74 41 64 64
0976_0017_0031_0059_0059.jpg 1 17 31 59 59
0977_0022_0011_0050_0050.jpg 1 22 11 50 50
0978_0040_0022_0047_0047.jpg 1 40 22 47 47
0979_0037_0027_0102_0102.jpg 1 37 27 102 102
0980_0063_0048_0078_0078.jpg 1 63 48 78 78
0981_0040_0095_0036_0036.jpg 1 40 95 36 36
0982_0011_0028_0102_0102.jpg 1 11 28 102 102
0983_0020_0038_0067_0067.jpg 1 20 38 67 67
0984_0014_0038_0087_0087.jpg 1 14 38 87 87
0985_0048_0038_0052_0052.jpg 1 48 38 52 52
0986_0063_0057_0042_0042.jpg 1 63 57 42 42
0987_0032_0038_0095_0095.jpg 1 32 38 95 95
0988_0062_0062_0079_0079.jpg 1 62 62 79 79
0989_0068_0025_0046_0046.jpg 1 68 25 46 46
0990_0041_0012_0030_0030.jpg 1 41 12 30 30
0991_0046_0020_0097_0097.jpg 1 46 20 97 97
0992_0019_0006_0093_0093.jpg 1 19 6 93 93
0993_0036_0030_0083_0083.jpg 1 36 30 83 83
0994_0051_0016_0057_0057.jpg 1 51 16 57 57
0995_0093_0036_0029_0029.jpg 1 93 36 29 29
0996_0052_0054_0076_0076.jpg 1 52 54 76 76
0997_0020_0067_0074_0074.jpg 1 20 67 74 74
0998_0090_0026_0046_0046.jpg 1 90 26 46 46
0999_0034_0014_0062_0062.jpg 1 34 14 62 62
1000_0036_0060_0035_0035.jpg 1 36 60 35 35
1001_0044_0015_0077_0077.jpg 1 44 15 77 77
1002_0013_0082_0048_0048.jpg 1 13 82 48 48
1003_0034_0030_0088_0088.jpg 1 34 30 88 88
1004_0092_0024_0026_0026.jpg 1 92 24 26 26
1005_0102_0089_0028_0028.jpg 1 102 89 28 28
1006_0021_0042_0050_0050.jpg 1 21 42 50 50
1007_0041_0059_0038_0038.jpg 1 41 59 38 38
1008_0056_0020_0031_0031.jpg 1 56 20 31 31
1009_0031_0056_0077_0077.jpg 1 31 56 77 77
1010_0028_0081_0032_0032.jpg 1 28 81 32 32
1011_0032_0036_0087_0087.jpg 1 32 36 87 87
1012_0046_0094_0042_0042.jpg 1 46 94 42 42
1013_0043_0025_0102_0102.jpg 1 43 25 102 102
1014_0026_0035_0092_0092.jpg 1 26 35 92 92
1015_0014_0034_0090_0090.jpg 1 14 34 90 90
1016_0015_0075_0055_0055.jpg 1 15 75 55 55
1017_0063_0037_0072_0072.jpg 1 63 37 72 72
1018_0080_0038_0040_0040.jpg 1 80 38 40 40
1019_0049_0027_0053_0053.jpg 1 49 27 53 53
1020_0014_0033_0071_0071.jpg 1 14 33 71 71
1021_0063_0028_0068_0068.jpg 1 63 28 68 68
1022_0066_0036_0030_0030.jpg 1 66 36 30 30
1023_0075_0042_0055_0055.jpg 1 75 42 55 55
1024_0023_0011_0067_0067.jpg 1 23 11 67 67
1025_0033_0010_0071_0071.jpg 1 33 10 71 71
1026_0066_0015_0058_0058.jpg 1 66 15 58 58
1027_0019_0013_0084_0084.jpg 1 19 13 84 84
1028_0069_0074_0067_0067.jpg 1 69 74 67 67
1029_0025_0046_0079_0079.jpg 1 25 46 79 79
1030_0019_0019_0039_0039.jpg 1 19 19 39 39
1031_0056_0091_0038_0038.jpg 1 56 91 38 38
1032_0040_0034_0045_0045.jpg 1 40 34 45 45
1033_0030_0038_0028_0028.jpg 1 30 38 28 28
1034_0049_0016_0044_0044.jpg 1 49 16 44 44
1035_0037_0064_0031_0031.jpg 1 37 64 31 31
1036_0070_0034_0052_0052.jpg 1 70 34 52 52
1037_0025_0058_0066_0066.jpg 1 25 58 66 66
1038_0068_0066_0063_0063.jpg 1 68 66 63 63
1039_0006_0024_0090_0090.jpg 1 6 24 90 90
1040_0078_0040_0060_0060.jpg 1 78 40 60 60
1041_0027_0068_0073_0073.jpg 1 27 68 73 73
1042_0074_0038_0041_0041.jpg 1 74 38 41 41
1043_0065_0056_0074_0074.jpg 1 65 56 74 74
1044_0022_0033_0043_0043.jpg 1 22 33 43 43
1045_0020_0056_0052_0052.jpg 1 20 56 52 52
1046_0053_0026_0071_0071.jpg 1 53 26 71 71
1047_0031_0048_0042_0042.jpg 1 31 48 42 42
1048_0064_0062_0042_0042.jpg 1 64 62 42 42
1049_0017_0041_0070_0070.jpg 1 17 41 70 70
1050_0023_0023_0069_0069.jpg 1 23 23 69 69
1051_0030_0024_0065_0065.jpg 1 30 24 65 65
1052_0040_0006_0099_0099.jpg 1 40 6 99 99
1053_0019_0016_0057_0057.jpg 1 19 16 57 57
1054_0058_0008_0073_0073.jpg 1 58 8 73 73
1055_0053_0063_0044_0044.jpg 1 53 63 44 44
1056_0063_0030_0064_0064.jpg 1 63 30 64 64
1057_0038_0009_0057_0057.jpg 1 38 9 57 57
1058_0063_0048_0066_0066.jpg 1 63 48 66 66
1059_0058_0026_0075_0075.jpg 1 58 26 75 75
1060_0056_0077_0048_0048.jpg 1 56 77 48 48
1061_0037_0013_0104_0104.jpg 1 37 13 104 104
1062_0014_0027_0055_0055.jpg 1 14 27 55 55
1063_0075_0071_0058_0058.jpg 1 75 71 58 58
1064_0031_0017_0101_0101.jpg 1 31 17 101 101
1065_0030_0019_0099_0099.jpg 1 30 19 99 99
1066_0056_0056_0045_0045.jpg 1 56 56 45 45
1067_0065_0030_0057_0057.jpg 1 65 30 57 57
1068_0050_0032_0031_0031.jpg 1 50 32 31 31
1069_0033_0071_0040_0040.jpg 1 33 71 40 40
1070_0027_0032_0093_0093.jpg 1 27 32 93 93
1071_0017_0054_0033_0033.jpg 1 17 54 33 33
1072_0042_0062_0051_0051.jpg 1 42 62 51 51
1073_0044_0026_0068_0068.jpg 1 44 26 68 68
1074_0020_0031_0050_0050.jpg 1 20 31 50 50
1075_0019_0032_0068_0068.jpg 1 19 32 68 68
1076_0030_0009_0093_0093.jpg 1 30 9 93 93
1077_0029_0008_0086_0086.jpg 1 29 8 86 86
1078_0016_0033_0098_0098.jpg 1 16 33 98 98
1079_0074_0041_0046_0046.jpg 1 74 41 46 46
1080_0019_0080_0035_0035.jpg 1 19 80 35 35
1081_0008_0041_0101_0101.jpg 1 8 41 101 101
1082_0018_0019_0077_0077.jpg 1 18 19 77 77
1083_0015_0049_0086_0086.jpg 1 15 49 86 86
1084_0081_0041_0029_0029.jpg 1 81 41 29 29
1085_0085_0051_0036_0036.jpg 1 85 51 36 36
1086_0032_0042_0096_0096.jpg 1 32 42 96 96
1087_0094_0035_0031_0031.jpg 1 94 35 31 31
1088_0028_0046_0044_0044.jpg 1 28 46 44 44
1089_0033_0018_0073_0073.jpg 1 33 18 73 73
1090_0029_0029_0087_0087.jpg 1 29 29 87 87
1091_0047_0048_0076_0076.jpg 1 47 48 76 76
1092_0037_0045_0054_0054.jpg 1 37 45 54 54
1093_0083_0012_0053_0053.jpg 1 83 12 53 53
1094_0052_0023_0089_0089.jpg 1 52 23 89 89
1095_0039_0014_0103_0103.jpg 1 39 14 103 103
1096_0050_0071_0068_0068.jpg 1 50 71 68 68
1097_0056_0072_0061_0061.jpg 1 56 72 61 61
1098_0025_0092_0038_0038.jpg 1 25 92 38 38
1099_0005_0010_0101_0101.jpg 1 5 10 101 101
1100_0095_0094_0032_0032.jpg 1 95 94 32 32
1101_0096_0033_0027_0027.jpg 1 96 33 27 27
1102_0019_0013_0036_0036.jpg 1 19 13 36 36
1103_0020_0022_0094_0094.jpg 1 20 22 94 94
1104_0051_0024_0045_0045.jpg 1 51 24 45 45
1105_0059_0066_0059_0059.jpg 1 59 66 59 59
1106_0086_0098_0038_0038.jpg 1 86 98 38 38
1107_0023_0050_0079_0079.jpg 1 23 50 79 79
1108_0032_0016_0091_0091.jpg 1 32 16 91 91
1109_0076_0077_0026_0026.jpg 1 76 77 26 26
1110_0066_0080_0050_0050.jpg 1 66 80 50 50
1111_0062_0024_0027_0027.jpg 1 62 24 27 27
1112_0026_0034_0066_0066.jpg 1 26 34 66 66
1113_0009_0027_0097_0097.jpg 1 9 27 97 97
1114_0026_0023_0104_0104.jpg 1 26 23 104 104
1115_0015_0050_0064_0064.jpg 1 15 50 64 64
1116_0023_0059_0044_0044.jpg 1 23 59 44 44
1117_0031_0018_0103_0103.jpg 1 31 18 103 103
1118_0068_0019_0032_0032.jpg 1 68 19 32 32
1119_0083_0081_0030_0030.jpg 1 83 81 30 30
1120_0067_0062_0066_0066.jpg 1 67 62 66 66
1121_0019_0020_0065_0065.jpg 1 19 20 65 65
1122_0049_0017_0024_0024.jpg 1 49 17 24 24
1123_0004_0034_0104_0104.jpg 1 4 34 104 104
1124_0033_0038_0080_0080.jpg 1 33 38 80 80
1125_0055_0052_0063_0063.jpg 1 55 52 63 63
1126_0052_0025_0069_0069.jpg 1 52 25 69 69
1127_0054_0027_0089_0089.jpg 1 54 27 89 89
1128_0108_0027_0027_0027.jpg 1 108 27 27 27
1129_0037_0032_0077_0077.jpg 1 37 32 77 77
1130_0012_0031_0074_0074.jpg 1 12 31 74 74
1131_0041_0015_0083_0083.jpg 1 41 15 83 83
1132_0045_0057_0075_0075.jpg 1 45 57 75 75
1133_0045_0032_0035_0035.jpg 1 45 32 35 35
1134_0057_0054_0035_0035.jpg 1 57 54 35 35
1135_0022_0006_0096_0096.jpg 1 22 6 96 96
1136_0060_0056_0067_0067.jpg 1 60 56 67 67
1137_0070_0054_0034_0034.jpg 1 70 54 34 34
1138_0029_0087_0051_0051.jpg 1 29 87 51 51
1139_0033_0032_0095_0095.jpg 1 33 32 95 95
1140_0070_0056_0053_0053.jpg 1 70 56 53 53
1141_0033_0042_0056_0056.jpg 1 33 42 56 56
1142_0048_0019_0059_0059.jpg 1 48 19 59 59
1143_0063_0068_0053_0053.jpg 1 63 68 53 53
