0001_0021_0063_0052_0052.jpg 1 21 63 52 52
0002_0034_0011_0100_0100.jpg 1 34 11 100 100
0003_0054_0008_0077_0077.jpg 1 54 8 77 77
0004_0015_0022_0100_0100.jpg 1 15 22 100 100
0005_0023_0005_0093_0093.jpg 1 23 5 93 93
0006_0017_0053_0065_0065.jpg 1 17 53 65 65
0007_0052_0022_0050_0050.jpg 1 52 22 50 50
0008_0039_0071_0059_0059.jpg 1 39 71 59 59
0009_0022_0074_0034_0034.jpg 1 22 74 34 34
0010_0030_0024_0050_0050.jpg 1 30 24 50 50
0011_0031_0047_0048_0048.jpg 1 31 47 48 48
0012_0022_0010_0103_0103.jpg 1 22 10 103 103
0013_0027_0010_0073_0073.jpg 1 27 10 73 73
0014_0031_0020_0102_0102.jpg 1 31 20 102 102
0015_0021_0055_0028_0028.jpg 1 21 55 28 28
0016_0022_0018_0087_0087.jpg 1 22 18 87 87
0017_0018_0043_0079_0079.jpg 1 18 43 79 79
0018_0094_0093_0037_0037.jpg 1 94 93 37 37
0019_0026_0005_0097_0097.jpg 1 26 5 97 97
0020_0033_0013_0075_0075.jpg 1 33 13 75 75
0021_0022_0050_0090_0090.jpg 1 22 50 90 90
0022_0100_0046_0029_0029.jpg 1 100 46 29 29
0023_0059_0060_0042_0042.jpg 1 59 60 42 42
0024_0016_0047_0038_0038.jpg 1 16 47 38 38
0025_0057_0015_0078_0078.jpg 1 57 15 78 78
0026_0039_0082_0025_0025.jpg 1 39 82 25 25
0027_0023_0053_0073_0073.jpg 1 23 53 73 73
0028_0023_0010_0079_0079.jpg 1 23 10 79 79
0029_0043_0056_0086_0086.jpg 1 43 56 86 86
0030_0057_0023_0083_0083.jpg 1 57 23 83 83
0031_0032_0014_0093_0093.jpg 1 32 14 93 93
0032_0045_0034_0085_0085.jpg 1 45 34 85 85
0033_0011_0049_0081_0081.jpg 1 11 49 81 81
0034_0026_0020_0086_0086.jpg 1 26 20 86 86
0035_0025_0023_0075_0075.jpg 1 25 23 75 75
0036_0049_0082_0038_0038.jpg 1 49 82 38 38
0037_0034_0034_0089_0089.jpg 1 34 34 89 89
0038_0051_0046_0055_0055.jpg 1 51 46 55 55
0039_0069_0015_0070_0070.jpg 1 69 15 70 70
0040_0016_0019_0081_0081.jpg 1 16 19 81 81
0041_0024_0014_0101_0101.jpg 1 24 14 101 101
0042_0033_0069_0045_0045.jpg 1 33 69 45 45
0043_0059_0027_0081_0081.jpg 1 59 27 81 81
0044_0048_0037_0086_0086.jpg 1 48 37 86 86
0045_0008_0019_0070_0070.jpg 1 8 19 70 70
0046_0034_0026_0044_0044.jpg 1 34 26 44 44
0047_0069_0064_0028_0028.jpg 1 69 64 28 28
0048_0041_0043_0072_0072.jpg 1 41 43 72 72
0049_0008_0043_0068_0068.jpg 1 8 43 68 68
0050_0051_0048_0092_0092.jpg 1 51 48 92 92
0051_0065_0025_0042_0042.jpg 1 65 25 42 42
0052_0077_0077_0029_0029.jpg 1 77 77 29 29
0053_0070_0019_0030_0030.jpg 1 70 19 30 30
0054_0012_0054_0031_0031.jpg 1 12 54 31 31
0055_0038_0046_0075_0075.jpg 1 38 46 75 75
0056_0029_0074_0053_0053.jpg 1 29 74 53 53
0057_0020_0022_0099_0099.jpg 1 20 22 99 99
0058_0049_0017_0080_0080.jpg 1 49 17 80 80
0059_0039_0053_0060_0060.jpg 1 39 53 60 60
0060_0009_0049_0094_0094.jpg 1 9 49 94 94
0061_0012_0016_0039_0039.jpg 1 12 16 39 39
0062_0034_0029_0091_0091.jpg 1 34 29 91 91
0063_0038_0107_0029_0029.jpg 1 38 107 29 29
0064_0029_0049_0026_0026.jpg 1 29 49 26 26
0065_0059_0051_0076_0076.jpg 1 59 51 76 76
0066_0032_0088_0044_0044.jpg 1 32 88 44 44
0067_0066_0085_0025_0025.jpg 1 66 85 25 25
0068_0014_0022_0038_0038.jpg 1 14 22 38 38
0069_0049_0050_0075_0075.jpg 1 49 50 75 75
0070_0030_0030_0057_0057.jpg 1 30 30 57 57
0071_0060_0016_0067_0067.jpg 1 60 16 67 67
0072_0037_0029_0097_0097.jpg 1 37 29 97 97
0073_0019_0020_0095_0095.jpg 1 19 20 95 95
0074_0088_0072_0036_0036.jpg 1 88 72 36 36
0075_0048_0028_0090_0090.jpg 1 48 28 90 90
0076_0029_0039_0104_0104.jpg 1 29 39 104 104
0077_0030_0046_0031_0031.jpg 1 30 46 31 31
0078_0013_0010_0093_0093.jpg 1 13 10 93 93
0079_0092_0043_0030_0030.jpg 1 92 43 30 30
0080_0104_0053_0029_0029.jpg 1 104 53 29 29
0081_0073_0080_0059_0059.jpg 1 73 80 59 59
0082_0022_0051_0067_0067.jpg 1 22 51 67 67
0083_0095_0041_0040_0040.jpg 1 95 41 40 40
0084_0043_0039_0101_0101.jpg 1 43 39 101 101
0085_0028_0085_0029_0029.jpg 1 28 85 29 29
0086_0105_0098_0031_0031.jpg 1 105 98 31 31
0087_0031_0010_0093_0093.jpg 1 31 10 93 93
0088_0026_0020_0073_0073.jpg 1 26 20 73 73
0089_0065_0019_0033_0033.jpg 1 65 19 33 33
0090_0026_0069_0036_0036.jpg 1 26 69 36 36
0091_0028_0020_0069_0069.jpg 1 28 20 69 69
0092_0055_0021_0076_0076.jpg 1 55 21 76 76
0093_0055_0067_0062_0062.jpg 1 55 67 62 62
0094_0011_0019_0098_0098.jpg 1 11 19 98 98
0095_0012_0012_0086_0086.jpg 1 12 12 86 86
0096_0063_0066_0074_0074.jpg 1 63 66 74 74
0097_0019_0017_0080_0080.jpg 1 19 17 80 80
0098_0081_0097_0029_0029.jpg 1 81 97 29 29
0099_0017_0046_0096_0096.jpg 1 17 46 96 96
0100_0029_0005_0097_0097.jpg 1 29 5 97 97
0101_0009_0015_0082_0082.jpg 1 9 15 82 82
0102_0066_0011_0053_0053.jpg 1 66 11 53 53
0103_0065_0088_0050_0050.jpg 1 65 88 50 50
0104_0042_0030_0102_0102.jpg 1 42 30 102 102
0105_0045_0038_0094_0094.jpg 1 45 38 94 94
0106_0020_0008_0096_0096.jpg 1 20 8 96 96
0107_0015_0034_0082_0082.jpg 1 15 34 82 82
0108_0090_0017_0032_0032.jpg 1 90 17 32 32
0109_0012_0035_0082_0082.jpg 1 12 35 82 82
0110_0008_0038_0095_0095.jpg 1 8 38 95 95
0111_0066_0037_0065_0065.jpg 1 66 37 65 65
0112_0053_0037_0056_0056.jpg 1 53 37 56 56
0113_0071_0028_0063_0063.jpg 1 71 28 63 63
0114_0073_0046_0027_0027.jpg 1 73 46 27 27
0115_0063_0022_0047_0047.jpg 1 63 22 47 47
0116_0037_0017_0081_0081.jpg 1 37 17 81 81
0117_0030_0071_0066_0066.jpg 1 30 71 66 66
0118_0033_0018_0064_0064.jpg 1 33 18 64 64
0119_0014_0048_0087_0087.jpg 1 14 48 87 87
0120_0025_0040_0090_0090.jpg 1 25 40 90 90
0121_0048_0055_0041_0041.jpg 1 48 55 41 41
0122_0034_0022_0065_0065.jpg 1 34 22 65 65
0123_0047_0062_0054_0054.jpg 1 47 62 54 54
0124_0073_0029_0039_0039.jpg 1 73 29 39 39
0125_0029_0042_0049_0049.jpg 1 29 42 49 49
0126_0069_0098_0025_0025.jpg 1 69 98 25 25
0127_0038_0040_0102_0102.jpg 1 38 40 102 102
0128_0011_0031_0071_0071.jpg 1 11 31 71 71
0129_0061_0061_0054_0054.jpg 1 61 61 54 54
0130_0017_0028_0094_0094.jpg 1 17 28 94 94
0131_0044_0075_0061_0061.jpg 1 44 75 61 61
0132_0068_0021_0054_0054.jpg 1 68 21 54 54
0133_0070_0095_0029_0029.jpg 1 70 95 29 29
0134_0024_0065_0075_0075.jpg 1 24 65 75 75
0135_0019_0028_0041_0041.jpg 1 19 28 41 41
0136_0063_0082_0037_0037.jpg 1 63 82 37 37
0137_0014_0032_0069_0069.jpg 1 14 32 69 69
0138_0046_0034_0095_0095.jpg 1 46 34 95 95
0139_0017_0041_0089_0089.jpg 1 17 41 89 89
0140_0031_0032_0091_0091.jpg 1 31 32 91 91
0141_0039_0015_0063_0063.jpg 1 39 15 63 63
0142_0106_0093_0024_0024.jpg 1 106 93 24 24
0143_0040_0017_0047_0047.jpg 1 40 17 47 47
0144_0088_0097_0034_0034.jpg 1 88 97 34 34
0145_0017_0011_0059_0059.jpg 1 17 11 59 59
0146_0101_0026_0027_0027.jpg 1 101 26 27 27
0147_0051_0029_0071_0071.jpg 1 51 29 71 71
0148_0060_0040_0050_0050.jpg 1 60 40 50 50
0149_0044_0022_0088_0088.jpg 1 44 22 88 88
0150_0027_0035_0039_0039.jpg 1 27 35 39 39
0151_0049_0016_0067_0067.jpg 1 49 16 67 67
0152_0049_0029_0033_0033.jpg 1 49 29 33 33
0153_0041_0006_0102_0102.jpg 1 41 6 102 102
0154_0047_0075_0034_0034.jpg 1 47 75 34 34
0155_0030_0060_0059_0059.jpg 1 30 60 59 59
0156_0035_0045_0080_0080.jpg 1 35 45 80 80
0157_0034_0094_0037_0037.jpg 1 34 94 37 37
0158_0043_0028_0091_0091.jpg 1 43 28 91 91
0159_0045_0051_0054_0054.jpg 1 45 51 54 54
0160_0064_0088_0051_0051.jpg 1 64 88 51 51
0161_0039_0053_0090_0090.jpg 1 39 53 90 90
0162_0027_0032_0064_0064.jpg 1 27 32 64 64
0163_0065_0068_0042_0042.jpg 1 65 68 42 42
0164_0027_0050_0075_0075.jpg 1 27 50 75 75
0165_0038_0010_0083_0083.jpg 1 38 10 83 83
0166_0017_0029_0085_0085.jpg 1 17 29 85 85
0167_0027_0017_0049_0049.jpg 1 27 17 49 49
0168_0028_0016_0082_0082.jpg 1 28 16 82 82
0169_0006_0033_0102_0102.jpg 1 6 33 102 102
0170_0023_0050_0074_0074.jpg 1 23 50 74 74
0171_0038_0046_0078_0078.jpg 1 38 46 78 78
0172_0010_0014_0101_0101.jpg 1 10 14 101 101
0173_0051_0014_0085_0085.jpg 1 51 14 85 85
0174_0088_0067_0047_0047.jpg 1 88 67 47 47
0175_0024_0030_0077_0077.jpg 1 24 30 77 77
0176_0026_0010_0098_0098.jpg 1 26 10 98 98
0177_0039_0037_0033_0033.jpg 1 39 37 33 33
0178_0014_0078_0048_0048.jpg 1 14 78 48 48
0179_0026_0013_0073_0073.jpg 1 26 13 73 73
0180_0084_0044_0029_0029.jpg 1 84 44 29 29
0181_0086_0038_0038_0038.jpg 1 86 38 38 38
0182_0020_0011_0037_0037.jpg 1 20 11 37 37
0183_0019_0010_0056_0056.jpg 1 19 10 56 56
0184_0036_0026_0099_0099.jpg 1 36 26 99 99
0185_0054_0009_0076_0076.jpg 1 54 9 76 76
0186_0011_0082_0057_0057.jpg 1 11 82 57 57
0187_0100_0101_0036_0036.jpg 1 100 101 36 36
0188_0058_0051_0040_0040.jpg 1 58 51 40 40
0189_0013_0015_0057_0057.jpg 1 13 15 57 57
0190_0021_0048_0049_0049.jpg 1 21 48 49 49
0191_0019_0079_0054_0054.jpg 1 19 79 54 54
0192_0096_0090_0032_0032.jpg 1 96 90 32 32
0193_0005_0011_0102_0102.jpg 1 5 11 102 102
0194_0094_0040_0041_0041.jpg 1 94 40 41 41
0195_0039_0060_0080_0080.jpg 1 39 60 80 80
0196_0047_0041_0085_0085.jpg 1 47 41 85 85
0197_0085_0059_0049_0049.jpg 1 85 59 49 49
0198_0074_0027_0041_0041.jpg 1 74 27 41 41
0199_0038_0016_0086_0086.jpg 1 38 16 86 86
0200_0015_0046_0083_0083.jpg 1 15 46 83 83
0201_0013_0031_0059_0059.jpg 1 13 31 59 59
0202_0032_0020_0093_0093.jpg 1 32 20 93 93
0203_0018_0033_0104_0104.jpg 1 18 33 104 104
0204_0040_0034_0064_0064.jpg 1 40 34 64 64
0205_0038_0091_0041_0041.jpg 1 38 91 41 41
0206_0073_0037_0046_0046.jpg 1 73 37 46 46
0207_0007_0031_0078_0078.jpg 1 7 31 78 78
0208_0036_0025_0098_0098.jpg 1 36 25 98 98
0209_0035_0048_0026_0026.jpg 1 35 48 26 26
0210_0066_0049_0029_0029.jpg 1 66 49 29 29
0211_0029_0009_0096_0096.jpg 1 29 9 96 96
0212_0023_0007_0092_0092.jpg 1 23 7 92 92
0213_0069_0064_0057_0057.jpg 1 69 64 57 57
0214_0036_0040_0073_0073.jpg 1 36 40 73 73
0215_0054_0018_0076_0076.jpg 1 54 18 76 76
0216_0028_0012_0095_0095.jpg 1 28 12 95 95
0217_0021_0047_0089_0089.jpg 1 21 47 89 89
0218_0059_0014_0037_0037.jpg 1 59 14 37 37
0219_0027_0044_0082_0082.jpg 1 27 44 82 82
0220_0017_0050_0041_0041.jpg 1 17 50 41 41
0221_0051_0063_0050_0050.jpg 1 51 63 50 50
0222_0064_0065_0051_0051.jpg 1 64 65 51 51
0223_0058_0040_0055_0055.jpg 1 58 40 55 55
0224_0059_0076_0033_0033.jpg 1 59 76 33 33
0225_0028_0046_0093_0093.jpg 1 28 46 93 93
0226_0034_0045_0032_0032.jpg 1 34 45 32 32
0227_0035_0061_0029_0029.jpg 1 35 61 29 29
0228_0082_0052_0037_0037.jpg 1 82 52 37 37
0229_0017_0065_0071_0071.jpg 1 17 65 71 71
0230_0036_0051_0030_0030.jpg 1 36 51 30 30
0231_0017_0035_0066_0066.jpg 1 17 35 66 66
0232_0068_0105_0031_0031.jpg 1 68 105 31 31
0233_0071_0027_0047_0047.jpg 1 71 27 47 47
0234_0038_0034_0101_0101.jpg 1 38 34 101 101
0235_0059_0031_0079_0079.jpg 1 59 31 79 79
0236_0017_0024_0062_0062.jpg 1 17 24 62 62
0237_0091_0089_0029_0029.jpg 1 91 89 29 29
0238_0091_0034_0025_0025.jpg 1 91 34 25 25
0239_0038_0068_0073_0073.jpg 1 38 68 73 73
0240_0011_0032_0095_0095.jpg 1 11 32 95 95
0241_0065_0045_0024_0024.jpg 1 65 45 24 24
0242_0026_0020_0025_0025.jpg 1 26 20 25 25
0243_0039_0021_0091_0091.jpg 1 39 21 91 91
0244_0053_0013_0071_0071.jpg 1 53 13 71 71
0245_0009_0008_0087_0087.jpg 1 9 8 87 87
0246_0055_0023_0087_0087.jpg 1 55 23 87 87
0247_0067_0023_0029_0029.jpg 1 67 23 29 29
0248_0024_0063_0074_0074.jpg 1 24 63 74 74
0249_0093_0074_0029_0029.jpg 1 93 74 29 29
0250_0086_0027_0050_0050.jpg 1 86 27 50 50
0251_0018_0092_0046_0046.jpg 1 18 92 46 46
0252_0054_0032_0042_0042.jpg 1 54 32 42 42
0253_0045_0043_0075_0075.jpg 1 45 43 75 75
0254_0014_0022_0082_0082.jpg 1 14 22 82 82
0255_0027_0018_0100_0100.jpg 1 27 18 100 100
0256_0038_0017_0043_0043.jpg 1 38 17 43 43
0257_0058_0084_0048_0048.jpg 1 58 84 48 48
0258_0083_0037_0044_0044.jpg 1 83 37 44 44
0259_0032_0066_0069_0069.jpg 1 32 66 69 69
0260_0051_0063_0079_0079.jpg 1 51 63 79 79
0261_0013_0026_0082_0082.jpg 1 13 26 82 82
0262_0036_0039_0064_0064.jpg 1 36 39 64 64
0263_0030_0040_0072_0072.jpg 1 30 40 72 72
0264_0028_0063_0057_0057.jpg 1 28 63 57 57
0265_0058_0033_0046_0046.jpg 1 58 33 46 46
0266_0022_0033_0077_0077.jpg 1 22 33 77 77
0267_0026_0012_0097_0097.jpg 1 26 12 97 97
0268_0048_0032_0059_0059.jpg 1 48 32 59 59
0269_0015_0042_0068_0068.jpg 1 15 42 68 68
0270_0010_0016_0102_0102.jpg 1 10 16 102 102
0271_0032_0033_0094_0094.jpg 1 32 33 94 94
0272_0088_0103_0029_0029.jpg 1 88 103 29 29
0273_0034_0044_0037_0037.jpg 1 34 44 37 37
0274_0026_0078_0061_0061.jpg 1 26 78 61 61
0275_0029_0048_0078_0078.jpg 1 29 48 78 78
0276_0098_0032_0040_0040.jpg 1 98 32 40 40
0277_0015_0058_0030_0030.jpg 1 15 58 30 30
0278_0062_0021_0070_0070.jpg 1 62 21 70 70
0279_0066_0051_0044_0044.jpg 1 66 51 44 44
0280_0055_0069_0048_0048.jpg 1 55 69 48 48
0281_0012_0037_0095_0095.jpg 1 12 37 95 95
0282_0033_0007_0088_0088.jpg 1 33 7 88 88
0283_0037_0008_0104_0104.jpg 1 37 8 104 104
0284_0040_0010_0100_0100.jpg 1 40 10 100 100
0285_0034_0007_0092_0092.jpg 1 34 7 92 92
0286_0086_0092_0042_0042.jpg 1 86 92 42 42
0287_0049_0052_0050_0050.jpg 1 49 52 50 50
0288_0013_0071_0055_0055.jpg 1 13 71 55 55
0289_0060_0019_0064_0064.jpg 1 60 19 64 64
0290_0073_0019_0047_0047.jpg 1 73 19 47 47
0291_0039_0015_0101_0101.jpg 1 39 15 101 101
0292_0011_0033_0104_0104.jpg 1 11 33 104 104
0293_0049_0064_0061_0061.jpg 1 49 64 61 61
0294_0027_0033_0104_0104.jpg 1 27 33 104 104
0295_0066_0073_0059_0059.jpg 1 66 73 59 59
0296_0048_0039_0085_0085.jpg 1 48 39 85 85
0297_0019_0058_0065_0065.jpg 1 19 58 65 65
0298_0066_0034_0037_0037.jpg 1 66 34 37 37
0299_0046_0059_0048_0048.jpg 1 46 59 48 48
0300_0097_0090_0032_0032.jpg 1 97 90 32 32
0301_0046_0063_0079_0079.jpg 1 46 63 79 79
0302_0048_0036_0080_0080.jpg 1 48 36 80 80
0303_0045_0046_0088_0088.jpg 1 45 46 88 88
0304_0038_0049_0084_0084.jpg 1 38 49 84 84
0305_0067_0080_0053_0053.jpg 1 67 80 53 53
0306_0045_0019_0083_0083.jpg 1 45 19 83 83
0307_0040_0040_0068_0068.jpg 1 40 40 68 68
0308_0037_0048_0087_0087.jpg 1 37 48 87 87
0309_0034_0052_0028_0028.jpg 1 34 52 28 28
0310_0084_0103_0027_0027.jpg 1 84 103 27 27
0311_0085_0094_0036_0036.jpg 1 85 94 36 36
0312_0050_0048_0079_0079.jpg 1 50 48 79 79
0313_0024_0026_0085_0085.jpg 1 24 26 85 85
0314_0006_0010_0084_0084.jpg 1 6 10 84 84
0315_0045_0020_0098_0098.jpg 1 45 20 98 98
0316_0027_0029_0068_0068.jpg 1 27 29 68 68
0317_0053_0033_0058_0058.jpg 1 53 33 58 58
0318_0104_0036_0034_0034.jpg 1 104 36 34 34
0319_0010_0021_0101_0101.jpg 1 10 21 101 101
0320_0051_0009_0088_0088.jpg 1 51 9 88 88
0321_0043_0032_0046_0046.jpg 1 43 32 46 46
0322_0071_0017_0059_0059.jpg 1 71 17 59 59
0323_0012_0037_0062_0062.jpg 1 12 37 62 62
0324_0106_0050_0029_0029.jpg 1 106 50 29 29
0325_0022_0090_0032_0032.jpg 1 22 90 32 32
0326_0073_0083_0029_0029.jpg 1 73 83 29 29
0327_0054_0055_0067_0067.jpg 1 54 55 67 67
0328_0058_0097_0040_0040.jpg 1 58 97 40 40
0329_0062_0028_0043_0043.jpg 1 62 28 43 43
0330_0034_0009_0065_0065.jpg 1 34 9 65 65
0331_0037_0036_0091_0091.jpg 1 37 36 91 91
0332_0046_0066_0066_0066.jpg 1 46 66 66 66
0333_0032_0034_0088_0088.jpg 1 32 34 88 88
0334_0046_0035_0085_0085.jpg 1 46 35 85 85
0335_0048_0055_0087_0087.jpg 1 48 55 87 87
0336_0024_0033_0032_0032.jpg 1 24 33 32 32
0337_0014_0041_0039_0039.jpg 1 14 41 39 39
0338_0037_0023_0092_0092.jpg 1 37 23 92 92
0339_0044_0039_0042_0042.jpg 1 44 39 42 42
0340_0027_0088_0050_0050.jpg 1 27 88 50 50
0341_0020_0037_0102_0102.jpg 1 20 37 102 102
0342_0045_0039_0056_0056.jpg 1 45 39 56 56
0343_0039_0041_0092_0092.jpg 1 39 41 92 92
0344_0053_0031_0041_0041.jpg 1 53 31 41 41
0345_0096_0087_0024_0024.jpg 1 96 87 24 24
0346_0102_0093_0024_0024.jpg 1 102 93 24 24
0347_0070_0062_0027_0027.jpg 1 70 62 27 27
0348_0010_0067_0056_0056.jpg 1 10 67 56 56
0349_0012_0009_0091_0091.jpg 1 12 9 91 91
0350_0039_0088_0042_0042.jpg 1 39 88 42 42
0351_0036_0034_0094_0094.jpg 1 36 34 94 94
0352_0011_0021_0095_0095.jpg 1 11 21 95 95
0353_0087_0024_0049_0049.jpg 1 87 24 49 49
0354_0028_0067_0059_0059.jpg 1 28 67 59 59
0355_0025_0017_0052_0052.jpg 1 25 17 52 52
0356_0069_0052_0062_0062.jpg 1 69 52 62 62
0357_0014_0030_0095_0095.jpg 1 14 30 95 95
0358_0055_0029_0028_0028.jpg 1 55 29 28 28
0359_0025_0018_0038_0038.jpg 1 25 18 38 38
0360_0016_0058_0076_0076.jpg 1 16 58 76 76
0361_0064_0034_0062_0062.jpg 1 64 34 62 62
0362_0047_0016_0067_0067.jpg 1 47 16 67 67
0363_0058_0021_0064_0064.jpg 1 58 21 64 64
0364_0021_0038_0028_0028.jpg 1 21 38 28 28
0365_0008_0020_0102_0102.jpg 1 8 20 102 102
0366_0062_0015_0067_0067.jpg 1 62 15 67 67
0367_0099_0038_0033_0033.jpg 1 99 38 33 33
0368_0051_0009_0085_0085.jpg 1 51 9 85 85
0369_0022_0063_0074_0074.jpg 1 22 63 74 74
0370_0023_0037_0092_0092.jpg 1 23 37 92 92
0371_0048_0056_0080_0080.jpg 1 48 56 80 80
0372_0014_0045_0063_0063.jpg 1 14 45 63 63
0373_0020_0054_0081_0081.jpg 1 20 54 81 81
0374_0044_0010_0079_0079.jpg 1 44 10 79 79
0375_0046_0025_0043_0043.jpg 1 46 25 43 43
0376_0011_0044_0069_0069.jpg 1 11 44 69 69
0377_0028_0010_0072_0072.jpg 1 28 10 72 72
0378_0096_0022_0035_0035.jpg 1 96 22 35 35
0379_0013_0037_0070_0070.jpg 1 13 37 70 70
0380_0011_0013_0072_0072.jpg 1 11 13 72 72
0381_0007_0037_0080_0080.jpg 1 7 37 80 80
0382_0054_0027_0081_0081.jpg 1 54 27 81 81
0383_0018_0021_0065_0065.jpg 1 18 21 65 65
0384_0081_0030_0033_0033.jpg 1 81 30 33 33
0385_0010_0051_0081_0081.jpg 1 10 51 81 81
0386_0012_0021_0102_0102.jpg 1 12 21 102 102
0387_0053_0039_0064_0064.jpg 1 53 39 64 64
0388_0055_0028_0066_0066.jpg 1 55 28 66 66
0389_0041_0014_0034_0034.jpg 1 41 14 34 34
0390_0029_0009_0091_0091.jpg 1 29 9 91 91
0391_0022_0018_0058_0058.jpg 1 22 18 58 58
0392_0009_0008_0075_0075.jpg 1 9 8 75 75
0393_0081_0087_0052_0052.jpg 1 81 87 52 52
0394_0035_0061_0048_0048.jpg 1 35 61 48 48
0395_0024_0026_0058_0058.jpg 1 24 26 58 58
0396_0046_0033_0036_0036.jpg 1 46 33 36 36
0397_0043_0022_0028_0028.jpg 1 43 22 28 28
0398_0015_0075_0046_0046.jpg 1 15 75 46 46
0399_0028_0034_0041_0041.jpg 1 28 34 41 41
0400_0053_0060_0060_0060.jpg 1 53 60 60 60
0401_0032_0006_0102_0102.jpg 1 32 6 102 102
0402_0014_0065_0048_0048.jpg 1 14 65 48 48
0403_0014_0019_0046_0046.jpg 1 14 19 46 46
0404_0028_0005_0093_0093.jpg 1 28 5 93 93
0405_0027_0016_0094_0094.jpg 1 27 16 94 94
0406_0022_0021_0101_0101.jpg 1 22 21 101 101
0407_0034_0045_0052_0052.jpg 1 34 45 52 52
0408_0075_0073_0058_0058.jpg 1 75 73 58 58
0409_0016_0041_0082_0082.jpg 1 16 41 82 82
0410_0031_0016_0095_0095.jpg 1 31 16 95 95
0411_0046_0039_0052_0052.jpg 1 46 39 52 52
0412_0023_0011_0090_0090.jpg 1 23 11 90 90
0413_0067_0072_0047_0047.jpg 1 67 72 47 47
0414_0053_0070_0046_0046.jpg 1 53 70 46 46
0415_0035_0015_0084_0084.jpg 1 35 15 84 84
0416_0035_0027_0054_0054.jpg 1 35 27 54 54
0417_0039_0047_0080_0080.jpg 1 39 47 80 80
0418_0017_0039_0104_0104.jpg 1 17 39 104 104
0419_0016_0044_0033_0033.jpg 1 16 44 33 33
0420_0067_0088_0042_0042.jpg 1 67 88 42 42
0421_0056_0014_0072_0072.jpg 1 56 14 72 72
0422_0017_0042_0070_0070.jpg 1 17 42 70 70
0423_0074_0068_0047_0047.jpg 1 74 68 47 47
0424_0026_0049_0089_0089.jpg 1 26 49 89 89
0425_0067_0054_0060_0060.jpg 1 67 54 60 60
0426_0052_0046_0071_0071.jpg 1 52 46 71 71
0427_0017_0024_0035_0035.jpg 1 17 24 35 35
0428_0071_0044_0065_0065.jpg 1 71 44 65 65
0429_0026_0013_0049_0049.jpg 1 26 13 49 49
0430_0051_0056_0066_0066.jpg 1 51 56 66 66
0431_0013_0020_0088_0088.jpg 1 13 20 88 88
0432_0014_0079_0033_0033.jpg 1 14 79 33 33
0433_0013_0058_0080_0080.jpg 1 13 58 80 80
0434_0009_0018_0080_0080.jpg 1 9 18 80 80
0435_0043_0042_0080_0080.jpg 1 43 42 80 80
0436_0019_0037_0093_0093.jpg 1 19 37 93 93
0437_0009_0056_0083_0083.jpg 1 9 56 83 83
0438_0061_0059_0073_0073.jpg 1 61 59 73 73
0439_0021_0044_0098_0098.jpg 1 21 44 98 98
0440_0065_0088_0031_0031.jpg 1 65 88 31 31
0441_0093_0018_0029_0029.jpg 1 93 18 29 29
0442_0043_0056_0053_0053.jpg 1 43 56 53 53
0443_0018_0070_0038_0038.jpg 1 18 70 38 38
0444_0033_0042_0079_0079.jpg 1 33 42 79 79
0445_0054_0021_0028_0028.jpg 1 54 21 28 28
0446_0056_0059_0075_0075.jpg 1 56 59 75 75
0447_0043_0073_0057_0057.jpg 1 43 73 57 57
0448_0074_0021_0066_0066.jpg 1 74 21 66 66
0449_0025_0023_0065_0065.jpg 1 25 23 65 65
0450_0041_0026_0100_0100.jpg 1 41 26 100 100
0451_0087_0031_0031_0031.jpg 1 87 31 31 31
0452_0039_0039_0052_0052.jpg 1 39 39 52 52
0453_0033_0044_0082_0082.jpg 1 33 44 82 82
0454_0020_0024_0080_0080.jpg 1 20 24 80 80
0455_0032_0019_0034_0034.jpg 1 32 19 34 34
0456_0072_0033_0062_0062.jpg 1 72 33 62 62
0457_0036_0040_0094_0094.jpg 1 36 40 94 94
0458_0045_0075_0060_0060.jpg 1 45 75 60 60
0459_0017_0019_0079_0079.jpg 1 17 19 79 79
0460_0065_0032_0061_0061.jpg 1 65 32 61 61
0461_0012_0064_0058_0058.jpg 1 12 64 58 58
0462_0055_0048_0038_0038.jpg 1 55 48 38 38
0463_0026_0059_0076_0076.jpg 1 26 59 76 76
0464_0094_0082_0043_0043.jpg 1 94 82 43 43
0465_0023_0078_0062_0062.jpg 1 23 78 62 62
0466_0074_0081_0035_0035.jpg 1 74 81 35 35
0467_0018_0087_0031_0031.jpg 1 18 87 31 31
0468_0005_0041_0101_0101.jpg 1 5 41 101 101
0469_0057_0044_0047_0047.jpg 1 57 44 47 47
0470_0027_0052_0043_0043.jpg 1 27 52 43 43
0471_0042_0018_0081_0081.jpg 1 42 18 81 81
0472_0099_0047_0034_0034.jpg 1 99 47 34 34
0473_0011_0076_0062_0062.jpg 1 11 76 62 62
0474_0042_0043_0076_0076.jpg 1 42 43 76 76
0475_0018_0037_0092_0092.jpg 1 18 37 92 92
0476_0055_0071_0028_0028.jpg 1 55 71 28 28
0477_0061_0059_0057_0057.jpg 1 61 59 57 57
0478_0013_0023_0097_0097.jpg 1 13 23 97 97
0479_0065_0011_0049_0049.jpg 1 65 11 49 49
0480_0042_0019_0071_0071.jpg 1 42 19 71 71
0481_0063_0072_0035_0035.jpg 1 63 72 35 35
0482_0022_0045_0085_0085.jpg 1 22 45 85 85
0483_0051_0051_0087_0087.jpg 1 51 51 87 87
0484_0038_0064_0075_0075.jpg 1 38 64 75 75
0485_0033_0023_0078_0078.jpg 1 33 23 78 78
0486_0045_0054_0027_0027.jpg 1 45 54 27 27
0487_0036_0016_0031_0031.jpg 1 36 16 31 31
0488_0036_0006_0098_0098.jpg 1 36 6 98 98
0489_0044_0054_0063_0063.jpg 1 44 54 63 63
0490_0010_0015_0090_0090.jpg 1 10 15 90 90
0491_0046_0069_0068_0068.jpg 1 46 69 68 68
0492_0040_0009_0095_0095.jpg 1 40 9 95 95
0493_0028_0097_0039_0039.jpg 1 28 97 39 39
0494_0054_0038_0076_0076.jpg 1 54 38 76 76
0495_0066_0087_0045_0045.jpg 1 66 87 45 45
0496_0017_0038_0097_0097.jpg 1 17 38 97 97
0497_0088_0094_0026_0026.jpg 1 88 94 26 26
0498_0069_0011_0065_0065.jpg 1 69 11 65 65
0499_0041_0011_0079_0079.jpg 1 41 11 79 79
0500_0031_0042_0078_0078.jpg 1 31 42 78 78
0501_0008_0014_0104_0104.jpg 1 8 14 104 104
0502_0034_0027_0034_0034.jpg 1 34 27 34 34
0503_0090_0025_0036_0036.jpg 1 90 25 36 36
0504_0036_0070_0056_0056.jpg 1 36 70 56 56
0505_0034_0020_0101_0101.jpg 1 34 20 101 101
0506_0038_0044_0095_0095.jpg 1 38 44 95 95
0507_0070_0081_0040_0040.jpg 1 70 81 40 40
0508_0038_0045_0052_0052.jpg 1 38 45 52 52
0509_0056_0013_0069_0069.jpg 1 56 13 69 69
0510_0033_0032_0035_0035.jpg 1 33 32 35 35
0511_0036_0015_0100_0100.jpg 1 36 15 100 100
0512_0091_0084_0028_0028.jpg 1 91 84 28 28
0513_0095_0055_0033_0033.jpg 1 95 55 33 33
0514_0043_0031_0091_0091.jpg 1 43 31 91 91
0515_0032_0050_0060_0060.jpg 1 32 50 60 60
0516_0032_0105_0026_0026.jpg 1 32 105 26 26
0517_0091_0078_0027_0027.jpg 1 91 78 27 27
0518_0041_0035_0037_0037.jpg 1 41 35 37 37
0519_0025_0039_0084_0084.jpg 1 25 39 84 84
0520_0035_0019_0056_0056.jpg 1 35 19 56 56
0521_0015_0032_0066_0066.jpg 1 15 32 66 66
0522_0028_0008_0100_0100.jpg 1 28 8 100 100
0523_0015_0075_0049_0049.jpg 1 15 75 49 49
0524_0011_0021_0081_0081.jpg 1 11 21 81 81
0525_0046_0089_0032_0032.jpg 1 46 89 32 32
0526_0022_0009_0099_0099.jpg 1 22 9 99 99
0527_0048_0075_0055_0055.jpg 1 48 75 55 55
0528_0037_0027_0098_0098.jpg 1 37 27 98 98
0529_0040_0048_0050_0050.jpg 1 40 48 50 50
0530_0020_0027_0091_0091.jpg 1 20 27 91 91
0531_0032_0047_0074_0074.jpg 1 32 47 74 74
0532_0079_0075_0048_0048.jpg 1 79 75 48 48
0533_0053_0061_0058_0058.jpg 1 53 61 58 58
0534_0033_0019_0056_0056.jpg 1 33 19 56 56
0535_0007_0023_0100_0100.jpg 1 7 23 100 100
0536_0053_0048_0048_0048.jpg 1 53 48 48 48
0537_0033_0043_0053_0053.jpg 1 33 43 53 53
0538_0029_0048_0025_0025.jpg 1 29 48 25 25
0539_0015_0051_0060_0060.jpg 1 15 51 60 60
0540_0032_0038_0077_0077.jpg 1 32 38 77 77
0541_0039_0038_0089_0089.jpg 1 39 38 89 89
0542_0028_0023_0082_0082.jpg 1 28 23 82 82
0543_0033_0031_0068_0068.jpg 1 33 31 68 68
0544_0073_0021_0046_0046.jpg 1 73 21 46 46
0545_0033_0033_0049_0049.jpg 1 33 33 49 49
0546_0024_0017_0103_0103.jpg 1 24 17 103 103
0547_0011_0049_0076_0076.jpg 1 11 49 76 76
0548_0062_0052_0046_0046.jpg 1 62 52 46 46
0549_0037_0068_0040_0040.jpg 1 37 68 40 40
0550_0070_0044_0064_0064.jpg 1 70 44 64 64
0551_0017_0041_0099_0099.jpg 1 17 41 99 99
0552_0044_0012_0065_0065.jpg 1 44 12 65 65
0553_0021_0072_0051_0051.jpg 1 21 72 51 51
0554_0019_0012_0084_0084.jpg 1 19 12 84 84
0555_0035_0046_0097_0097.jpg 1 35 46 97 97
0556_0015_0039_0045_0045.jpg 1 15 39 45 45
0557_0066_0074_0059_0059.jpg 1 66 74 59 59
0558_0081_0010_0058_0058.jpg 1 81 10 58 58
0559_0030_0025_0098_0098.jpg 1 30 25 98 98
0560_0058_0075_0050_0050.jpg 1 58 75 50 50
0561_0044_0012_0090_0090.jpg 1 44 12 90 90
0562_0023_0034_0102_0102.jpg 1 23 34 102 102
0563_0033_0039_0091_0091.jpg 1 33 39 91 91
0564_0024_0018_0099_0099.jpg 1 24 18 99 99
0565_0049_0009_0090_0090.jpg 1 49 9 90 90
0566_0063_0048_0077_0077.jpg 1 63 48 77 77
0567_0030_0093_0036_0036.jpg 1 30 93 36 36
0568_0028_0041_0092_0092.jpg 1 28 41 92 92
0569_0098_0050_0033_0033.jpg 1 98 50 33 33
0570_0019_0022_0101_0101.jpg 1 19 22 101 101
0571_0019_0069_0045_0045.jpg 1 19 69 45 45
0572_0083_0081_0052_0052.jpg 1 83 81 52 52
0573_0016_0083_0050_0050.jpg 1 16 83 50 50
0574_0050_0026_0093_0093.jpg 1 50 26 93 93
0575_0043_0092_0046_0046.jpg 1 43 92 46 46
0576_0008_0024_0097_0097.jpg 1 8 24 97 97
0577_0024_0074_0039_0039.jpg 1 24 74 39 39
0578_0081_0063_0054_0054.jpg 1 81 63 54 54
0579_0009_0022_0097_0097.jpg 1 9 22 97 97
0580_0025_0047_0077_0077.jpg 1 25 47 77 77
0581_0045_0049_0077_0077.jpg 1 45 49 77 77
0582_0038_0058_0048_0048.jpg 1 38 58 48 48
0583_0010_0038_0100_0100.jpg 1 10 38 100 100
0584_0015_0038_0067_0067.jpg 1 15 38 67 67
0585_0038_0081_0055_0055.jpg 1 38 81 55 55
0586_0037_0064_0073_0073.jpg 1 37 64 73 73
0587_0084_0048_0036_0036.jpg 1 84 48 36 36
0588_0073_0053_0035_0035.jpg 1 73 53 35 35
0589_0016_0081_0028_0028.jpg 1 16 81 28 28
0590_0019_0007_0100_0100.jpg 1 19 7 100 100
0591_0092_0051_0041_0041.jpg 1 92 51 41 41
0592_0017_0049_0066_0066.jpg 1 17 49 66 66
0593_0050_0057_0050_0050.jpg 1 50 57 50 50
0594_0050_0029_0054_0054.jpg 1 50 29 54 54
0595_0084_0059_0037_0037.jpg 1 84 59 37 37
0596_0046_0052_0083_0083.jpg 1 46 52 83 83
0597_0013_0079_0045_0045.jpg 1 13 79 45 45
0598_0049_0041_0054_0054.jpg 1 49 41 54 54
0599_0021_0009_0072_0072.jpg 1 21 9 72 72
0600_0018_0063_0047_0047.jpg 1 18 63 47 47
0601_0010_0030_0056_0056.jpg 1 10 30 56 56
0602_0021_0052_0036_0036.jpg 1 21 52 36 36
0603_0097_0037_0029_0029.jpg 1 97 37 29 29
0604_0011_0087_0041_0041.jpg 1 11 87 41 41
0605_0028_0008_0073_0073.jpg 1 28 8 73 73
0606_0008_0045_0094_0094.jpg 1 8 45 94 94
0607_0055_0036_0034_0034.jpg 1 55 36 34 34
0608_0012_0083_0048_0048.jpg 1 12 83 48 48
0609_0044_0056_0079_0079.jpg 1 44 56 79 79
0610_0059_0074_0053_0053.jpg 1 59 74 53 53
0611_0053_0088_0047_0047.jpg 1 53 88 47 47
0612_0084_0051_0049_0049.jpg 1 84 51 49 49
0613_0067_0079_0054_0054.jpg 1 67 79 54 54
0614_0036_0050_0054_0054.jpg 1 36 50 54 54
0615_0009_0033_0076_0076.jpg 1 9 33 76 76
0616_0007_0062_0078_0078.jpg 1 7 62 78 78
0617_0027_0012_0067_0067.jpg 1 27 12 67 67
0618_0032_0050_0050_0050.jpg 1 32 50 50 50
0619_0081_0075_0028_0028.jpg 1 81 75 28 28
0620_0024_0056_0085_0085.jpg 1 24 56 85 85
0621_0034_0057_0086_0086.jpg 1 34 57 86 86
0622_0106_0042_0027_0027.jpg 1 106 42 27 27
0623_0060_0067_0074_0074.jpg 1 60 67 74 74
0624_0019_0063_0044_0044.jpg 1 19 63 44 44
0625_0039_0030_0043_0043.jpg 1 39 30 43 43
0626_0044_0007_0098_0098.jpg 1 44 7 98 98
0627_0070_0062_0058_0058.jpg 1 70 62 58 58
0628_0069_0044_0051_0051.jpg 1 69 44 51 51
0629_0024_0085_0052_0052.jpg 1 24 85 52 52
0630_0010_0038_0078_0078.jpg 1 10 38 78 78
0631_0011_0036_0048_0048.jpg 1 11 36 48 48
0632_0048_0047_0091_0091.jpg 1 48 47 91 91
0633_0014_0030_0090_0090.jpg 1 14 30 90 90
0634_0044_0013_0065_0065.jpg 1 44 13 65 65
0635_0040_0030_0090_0090.jpg 1 40 30 90 90
0636_0061_0034_0059_0059.jpg 1 61 34 59 59
0637_0008_0040_0092_0092.jpg 1 8 40 92 92
0638_0008_0025_0083_0083.jpg 1 8 25 83 83
0639_0039_0014_0099_0099.jpg 1 39 14 99 99
0640_0078_0067_0037_0037.jpg 1 78 67 37 37
0641_0027_0047_0072_0072.jpg 1 27 47 72 72
0642_0044_0047_0052_0052.jpg 1 44 47 52 52
0643_0071_0073_0035_0035.jpg 1 71 73 35 35
0644_0069_0079_0037_0037.jpg 1 69 79 37 37
0645_0016_0084_0056_0056.jpg 1 16 84 56 56
0646_0014_0064_0069_0069.jpg 1 14 64 69 69
0647_0034_0040_0090_0090.jpg 1 34 40 90 90
0648_0067_0084_0038_0038.jpg 1 67 84 38 38
0649_0023_0016_0083_0083.jpg 1 23 16 83 83
0650_0051_0016_0076_0076.jpg 1 51 16 76 76
0651_0085_0075_0026_0026.jpg 1 85 75 26 26
0652_0006_0036_0104_0104.jpg 1 6 36 104 104
0653_0071_0042_0065_0065.jpg 1 71 42 65 65
0654_0033_0062_0058_0058.jpg 1 33 62 58 58
0655_0058_0044_0047_0047.jpg 1 58 44 47 47
0656_0035_0069_0034_0034.jpg 1 35 69 34 34
0657_0011_0027_0097_0097.jpg 1 11 27 97 97
0658_0059_0026_0082_0082.jpg 1 59 26 82 82
0659_0074_0049_0065_0065.jpg 1 74 49 65 65
0660_0052_0053_0054_0054.jpg 1 52 53 54 54
0661_0074_0070_0049_0049.jpg 1 74 70 49 49
0662_0010_0067_0064_0064.jpg 1 10 67 64 64
0663_0028_0022_0101_0101.jpg 1 28 22 101 101
0664_0018_0034_0087_0087.jpg 1 18 34 87 87
0665_0077_0045_0058_0058.jpg 1 77 45 58 58
0666_0101_0087_0031_0031.jpg 1 101 87 31 31
0667_0029_0085_0045_0045.jpg 1 29 85 45 45
0668_0053_0064_0059_0059.jpg 1 53 64 59 59
0669_0025_0091_0048_0048.jpg 1 25 91 48 48
0670_0035_0005_0097_0097.jpg 1 35 5 97 97
0671_0060_0099_0036_0036.jpg 1 60 99 36 36
0672_0092_0064_0039_0039.jpg 1 92 64 39 39
0673_0046_0062_0045_0045.jpg 1 46 62 45 45
0674_0039_0030_0094_0094.jpg 1 39 30 94 94
0675_0083_0026_0026_0026.jpg 1 83 26 26 26
0676_0033_0037_0063_0063.jpg 1 33 37 63 63
0677_0103_0067_0031_0031.jpg 1 103 67 31 31
0678_0042_0086_0047_0047.jpg 1 42 86 47 47
0679_0069_0043_0046_0046.jpg 1 69 43 46 46
0680_0026_0023_0079_0079.jpg 1 26 23 79 79
0681_0035_0031_0043_0043.jpg 1 35 31 43 43
0682_0063_0045_0069_0069.jpg 1 63 45 69 69
0683_0082_0089_0050_0050.jpg 1 82 89 50 50
0684_0038_0052_0085_0085.jpg 1 38 52 85 85
0685_0035_0024_0031_0031.jpg 1 35 24 31 31
0686_0048_0017_0051_0051.jpg 1 48 17 51 51
0687_0058_0056_0038_0038.jpg 1 58 56 38 38
0688_0052_0026_0083_0083.jpg 1 52 26 83 83
0689_0065_0044_0052_0052.jpg 1 65 44 52 52
0690_0063_0055_0077_0077.jpg 1 63 55 77 77
0691_0021_0023_0070_0070.jpg 1 21 23 70 70
0692_0026_0049_0062_0062.jpg 1 26 49 62 62
0693_0064_0029_0050_0050.jpg 1 64 29 50 50
0694_0099_0086_0038_0038.jpg 1 99 86 38 38
0695_0027_0048_0090_0090.jpg 1 27 48 90 90
0696_0056_0016_0073_0073.jpg 1 56 16 73 73
0697_0040_0038_0080_0080.jpg 1 40 38 80 80
0698_0008_0036_0103_0103.jpg 1 8 36 103 103
0699_0029_0026_0062_0062.jpg 1 29 26 62 62
0700_0049_0028_0031_0031.jpg 1 49 28 31 31
0701_0023_0043_0084_0084.jpg 1 23 43 84 84
0702_0048_0028_0083_0083.jpg 1 48 28 83 83
0703_0023_0036_0074_0074.jpg 1 23 36 74 74
0704_0058_0087_0035_0035.jpg 1 58 87 35 35
0705_0063_0028_0037_0037.jpg 1 63 28 37 37
0706_0026_0059_0029_0029.jpg 1 26 59 29 29
0707_0032_0048_0093_0093.jpg 1 32 48 93 93
0708_0034_0030_0088_0088.jpg 1 34 30 88 88
0709_0027_0013_0097_0097.jpg 1 27 13 97 97
0710_0052_0018_0079_0079.jpg 1 52 18 79 79
0711_0008_0029_0097_0097.jpg 1 8 29 97 97
0712_0035_0030_0102_0102.jpg 1 35 30 102 102
0713_0045_0052_0091_0091.jpg 1 45 52 91 91
0714_0030_0051_0080_0080.jpg 1 30 51 80 80
0715_0095_0022_0029_0029.jpg 1 95 22 29 29
0716_0046_0075_0036_0036.jpg 1 46 75 36 36
0717_0077_0047_0051_0051.jpg 1 77 47 51 51
0718_0061_0023_0032_0032.jpg 1 61 23 32 32
0719_0033_0060_0080_0080.jpg 1 33 60 80 80
0720_0054_0047_0070_0070.jpg 1 54 47 70 70
0721_0049_0053_0046_0046.jpg 1 49 53 46 46
0722_0057_0062_0061_0061.jpg 1 57 62 61 61
0723_0035_0037_0064_0064.jpg 1 35 37 64 64
0724_0014_0061_0081_0081.jpg 1 14 61 81 81
0725_0076_0092_0045_0045.jpg 1 76 92 45 45
0726_0028_0013_0088_0088.jpg 1 28 13 88 88
0727_0063_0074_0028_0028.jpg 1 63 74 28 28
0728_0018_0073_0064_0064.jpg 1 18 73 64 64
0729_0017_0017_0048_0048.jpg 1 17 17 48 48
0730_0027_0042_0052_0052.jpg 1 27 42 52 52
0731_0045_0062_0059_0059.jpg 1 45 62 59 59
0732_0023_0019_0076_0076.jpg 1 23 19 76 76
0733_0062_0057_0074_0074.jpg 1 62 57 74 74
0734_0007_0036_0103_0103.jpg 1 7 36 103 103
0735_0036_0039_0034_0034.jpg 1 36 39 34 34
0736_0086_0103_0032_0032.jpg 1 86 103 32 32
0737_0061_0050_0044_0044.jpg 1 61 50 44 44
0738_0026_0031_0103_0103.jpg 1 26 31 103 103
0739_0024_0044_0092_0092.jpg 1 24 44 92 92
0740_0065_0053_0048_0048.jpg 1 65 53 48 48
0741_0034_0041_0101_0101.jpg 1 34 41 101 101
0742_0029_0058_0025_0025.jpg 1 29 58 25 25
0743_0054_0084_0054_0054.jpg 1 54 84 54 54
0744_0092_0112_0024_0024.jpg 1 92 112 24 24
0745_0066_0086_0025_0025.jpg 1 66 86 25 25
0746_0008_0039_0090_0090.jpg 1 8 39 90 90
0747_0014_0013_0068_0068.jpg 1 14 13 68 68
0748_0014_0041_0094_0094.jpg 1 14 41 94 94
0749_0057_0055_0054_0054.jpg 1 57 55 54 54
0750_0038_0043_0075_0075.jpg 1 38 43 75 75
0751_0026_0032_0090_0090.jpg 1 26 32 90 90
0752_0034_0069_0057_0057.jpg 1 34 69 57 57
0753_0033_0015_0101_0101.jpg 1 33 15 101 101
0754_0011_0047_0047_0047.jpg 1 11 47 47 47
0755_0032_0057_0054_0054.jpg 1 32 57 54 54
0756_0018_0072_0065_0065.jpg 1 18 72 65 65
0757_0084_0039_0053_0053.jpg 1 84 39 53 53
0758_0098_0077_0029_0029.jpg 1 98 77 29 29
0759_0041_0022_0102_0102.jpg 1 41 22 102 102
0760_0023_0032_0095_0095.jpg 1 23 32 95 95
0761_0019_0040_0067_0067.jpg 1 19 40 67 67
0762_0097_0084_0024_0024.jpg 1 97 84 24 24
0763_0069_0081_0032_0032.jpg 1 69 81 32 32
0764_0057_0014_0072_0072.jpg 1 57 14 72 72
0765_0008_0068_0065_0065.jpg 1 8 68 65 65
0766_0009_0010_0059_0059.jpg 1 9 10 59 59
0767_0053_0060_0039_0039.jpg 1 53 60 39 39
0768_0009_0014_0090_0090.jpg 1 9 14 90 90
0769_0024_0030_0096_0096.jpg 1 24 30 96 96
0770_0011_0013_0092_0092.jpg 1 11 13 92 92
0771_0033_0005_0098_0098.jpg 1 33 5 98 98
0772_0009_0008_0099_0099.jpg 1 9 8 99 99
0773_0012_0044_0046_0046.jpg 1 12 44 46 46
0774_0052_0037_0078_0078.jpg 1 52 37 78 78
0775_0064_0091_0037_0037.jpg 1 64 91 37 37
0776_0047_0047_0069_0069.jpg 1 47 47 69 69
0777_0021_0062_0066_0066.jpg 1 21 62 66 66
0778_0043_0034_0038_0038.jpg 1 43 34 38 38
0779_0007_0027_0092_0092.jpg 1 7 27 92 92
0780_0051_0072_0040_0040.jpg 1 51 72 40 40
0781_0072_0016_0057_0057.jpg 1 72 16 57 57
0782_0037_0011_0092_0092.jpg 1 37 11 92 92
0783_0017_0034_0094_0094.jpg 1 17 34 94 94
0784_0051_0049_0092_0092.jpg 1 51 49 92 92
0785_0040_0015_0055_0055.jpg 1 40 15 55 55
0786_0033_0048_0052_0052.jpg 1 33 48 52 52
0787_0023_0012_0082_0082.jpg 1 23 12 82 82
0788_0082_0060_0057_0057.jpg 1 82 60 57 57
0789_0026_0038_0101_0101.jpg 1 26 38 101 101
0790_0067_0020_0057_0057.jpg 1 67 20 57 57
0791_0020_0065_0060_0060.jpg 1 20 65 60 60
0792_0058_0040_0032_0032.jpg 1 58 40 32 32
0793_0082_0043_0043_0043.jpg 1 82 43 43 43
0794_0009_0063_0064_0064.jpg 1 9 63 64 64
0795_0068_0090_0038_0038.jpg 1 68 90 38 38
0796_0034_0057_0065_0065.jpg 1 34 57 65 65
0797_0056_0016_0051_0051.jpg 1 56 16 51 51
0798_0018_0012_0101_0101.jpg 1 18 12 101 101
0799_0042_0046_0089_0089.jpg 1 42 46 89 89
0800_0029_0016_0058_0058.jpg 1 29 16 58 58
0801_0058_0017_0076_0076.jpg 1 58 17 76 76
0802_0055_0048_0085_0085.jpg 1 55 48 85 85
0803_0054_0049_0073_0073.jpg 1 54 49 73 73
0804_0039_0017_0094_0094.jpg 1 39 17 94 94
0805_0011_0015_0093_0093.jpg 1 11 15 93 93
0806_0092_0031_0027_0027.jpg 1 92 31 27 27
0807_0022_0035_0055_0055.jpg 1 22 35 55 55
0808_0066_0023_0051_0051.jpg 1 66 23 51 51
0809_0031_0021_0049_0049.jpg 1 31 21 49 49
0810_0053_0039_0024_0024.jpg 1 53 39 24 24
0811_0068_0022_0074_0074.jpg 1 68 22 74 74
0812_0044_0080_0038_0038.jpg 1 44 80 38 38
0813_0037_0022_0073_0073.jpg 1 37 22 73 73
0814_0043_0037_0097_0097.jpg 1 43 37 97 97
0815_0062_0060_0052_0052.jpg 1 62 60 52 52
0816_0055_0033_0083_0083.jpg 1 55 33 83 83
0817_0025_0021_0087_0087.jpg 1 25 21 87 87
0818_0061_0018_0078_0078.jpg 1 61 18 78 78
0819_0042_0054_0087_0087.jpg 1 42 54 87 87
0820_0017_0037_0100_0100.jpg 1 17 37 100 100
0821_0030_0057_0080_0080.jpg 1 30 57 80 80
0822_0051_0073_0029_0029.jpg 1 51 73 29 29
0823_0065_0048_0075_0075.jpg 1 65 48 75 75
0824_0032_0084_0029_0029.jpg 1 32 84 29 29
0825_0085_0061_0053_0053.jpg 1 85 61 53 53
0826_0095_0078_0036_0036.jpg 1 95 78 36 36
0827_0034_0052_0080_0080.jpg 1 34 52 80 80
0828_0095_0028_0027_0027.jpg 1 95 28 27 27
0829_0017_0046_0090_0090.jpg 1 17 46 90 90
0830_0045_0012_0066_0066.jpg 1 45 12 66 66
0831_0007_0049_0092_0092.jpg 1 7 49 92 92
0832_0089_0071_0032_0032.jpg 1 89 71 32 32
0833_0018_0012_0041_0041.jpg 1 18 12 41 41
0834_0011_0037_0100_0100.jpg 1 11 37 100 100
0835_0022_0038_0047_0047.jpg 1 22 38 47 47
0836_0050_0031_0092_0092.jpg 1 50 31 92 92
0837_0025_0039_0083_0083.jpg 1 25 39 83 83
0838_0088_0075_0043_0043.jpg 1 88 75 43 43
0839_0067_0062_0064_0064.jpg 1 67 62 64 64
0840_0007_0006_0096_0096.jpg 1 7 6 96 96
0841_0032_0032_0098_0098.jpg 1 32 32 98 98
0842_0009_0065_0064_0064.jpg 1 9 65 64 64
0843_0028_0007_0102_0102.jpg 1 28 7 102 102
0844_0029_0019_0038_0038.jpg 1 29 19 38 38
0845_0017_0058_0083_0083.jpg 1 17 58 83 83
0846_0028_0041_0083_0083.jpg 1 28 41 83 83
0847_0010_0040_0053_0053.jpg 1 10 40 53 53
0848_0012_0043_0047_0047.jpg 1 12 43 47 47
0849_0034_0043_0100_0100.jpg 1 34 43 100 100
0850_0050_0070_0025_0025.jpg 1 50 70 25 25
0851_0021_0030_0067_0067.jpg 1 21 30 67 67
0852_0039_0064_0056_0056.jpg 1 39 64 56 56
0853_0038_0084_0055_0055.jpg 1 38 84 55 55
0854_0013_0029_0066_0066.jpg 1 13 29 66 66
0855_0027_0073_0061_0061.jpg 1 27 73 61 61
0856_0054_0061_0031_0031.jpg 1 54 61 31 31
0857_0089_0081_0044_0044.jpg 1 89 81 44 44
0858_0066_0033_0073_0073.jpg 1 66 33 73 73
0859_0066_0033_0063_0063.jpg 1 66 33 63 63
0860_0020_0027_0038_0038.jpg 1 20 27 38 38
0861_0045_0041_0029_0029.jpg 1 45 41 29 29
0862_0009_0037_0103_0103.jpg 1 9 37 103 103
0863_0080_0096_0025_0025.jpg 1 80 96 25 25
0864_0037_0034_0101_0101.jpg 1 37 34 101 101
0865_0059_0034_0054_0054.jpg 1 59 34 54 54
0866_0050_0060_0058_0058.jpg 1 50 60 58 58
0867_0056_0019_0080_0080.jpg 1 56 19 80 80
0868_0026_0009_0102_0102.jpg 1 26 9 102 102
0869_0044_0072_0056_0056.jpg 1 44 72 56 56
0870_0007_0011_0104_0104.jpg 1 7 11 104 104
0871_0023_0053_0089_0089.jpg 1 23 53 89 89
0872_0031_0038_0040_0040.jpg 1 31 38 40 40
0873_0085_0081_0029_0029.jpg 1 85 81 29 29
0874_0006_0037_0084_0084.jpg 1 6 37 84 84
0875_0012_0046_0086_0086.jpg 1 12 46 86 86
0876_0028_0039_0094_0094.jpg 1 28 39 94 94
0877_0046_0061_0076_0076.jpg 1 46 61 76 76
0878_0047_0026_0086_0086.jpg 1 47 26 86 86
0879_0064_0058_0069_0069.jpg 1 64 58 69 69
0880_0054_0043_0025_0025.jpg 1 54 43 25 25
0881_0054_0044_0075_0075.jpg 1 54 44 75 75
0882_0026_0014_0032_0032.jpg 1 26 14 32 32
0883_0027_0033_0067_0067.jpg 1 27 33 67 67
0884_0016_0094_0038_0038.jpg 1 16 94 38 38
0885_0077_0014_0054_0054.jpg 1 77 14 54 54
0886_0053_0063_0038_0038.jpg 1 53 63 38 38
0887_0015_0054_0078_0078.jpg 1 15 54 78 78
0888_0028_0018_0102_0102.jpg 1 28 18 102 102
0889_0019_0044_0090_0090.jpg 1 19 44 90 90
0890_0085_0012_0054_0054.jpg 1 85 12 54 54
0891_0010_0023_0093_0093.jpg 1 10 23 93 93
0892_0022_0022_0090_0090.jpg 1 22 22 90 90
0893_0020_0063_0074_0074.jpg 1 20 63 74 74
0894_0027_0014_0103_0103.jpg 1 27 14 103 103
0895_0009_0019_0097_0097.jpg 1 9 19 97 97
0896_0093_0069_0030_0030.jpg 1 93 69 30 30
0897_0080_0080_0046_0046.jpg 1 80 80 46 46
0898_0045_0061_0072_0072.jpg 1 45 61 72 72
0899_0016_0032_0046_0046.jpg 1 16 32 46 46
0900_0039_0005_0100_0100.jpg 1 39 5 100 100
0901_0047_0030_0076_0076.jpg 1 47 30 76 76
0902_0019_0059_0053_0053.jpg 1 19 59 53 53
0903_0041_0085_0048_0048.jpg 1 41 85 48 48
0904_0042_0040_0100_0100.jpg 1 42 40 100 100
0905_0035_0009_0086_0086.jpg 1 35 9 86 86
0906_0019_0020_0088_0088.jpg 1 19 20 88 88
0907_0028_0044_0081_0081.jpg 1 28 44 81 81
0908_0071_0100_0034_0034.jpg 1 71 100 34 34
0909_0048_0078_0058_0058.jpg 1 48 78 58 58
0910_0067_0071_0056_0056.jpg 1 67 71 56 56
0911_0016_0012_0091_0091.jpg 1 16 12 91 91
0912_0061_0060_0047_0047.jpg 1 61 60 47 47
0913_0018_0047_0091_0091.jpg 1 18 47 91 91
0914_0025_0035_0070_0070.jpg 1 25 35 70 70
0915_0016_0060_0074_0074.jpg 1 16 60 74 74
0916_0097_0064_0027_0027.jpg 1 97 64 27 27
0917_0042_0007_0089_0089.jpg 1 42 7 89 89
0918_0018_0062_0055_0055.jpg 1 18 62 55 55
0919_0070_0046_0071_0071.jpg 1 70 46 71 71
0920_0037_0011_0047_0047.jpg 1 37 11 47 47
0921_0038_0019_0024_0024.jpg 1 38 19 24 24
0922_0060_0020_0079_0079.jpg 1 60 20 79 79
0923_0040_0106_0024_0024.jpg 1 40 106 24 24
0924_0046_0016_0057_0057.jpg 1 46 16 57 57
0925_0039_0039_0102_0102.jpg 1 39 39 102 102
0926_0079_0073_0046_0046.jpg 1 79 73 46 46
0927_0026_0045_0098_0098.jpg 1 26 45 98 98
0928_0019_0011_0104_0104.jpg 1 19 11 104 104
0929_0088_0081_0045_0045.jpg 1 88 81 45 45
0930_0051_0049_0085_0085.jpg 1 51 49 85 85
0931_0081_0031_0025_0025.jpg 1 81 31 25 25
0932_0042_0039_0070_0070.jpg 1 42 39 70 70
0933_0042_0103_0027_0027.jpg 1 42 103 27 27
0934_0007_0008_0089_0089.jpg 1 7 8 89 89
0935_0099_0053_0031_0031.jpg 1 99 53 31 31
0936_0054_0076_0026_0026.jpg 1 54 76 26 26
0937_0023_0060_0069_0069.jpg 1 23 60 69 69
0938_0045_0075_0051_0051.jpg 1 45 75 51 51
0939_0040_0037_0090_0090.jpg 1 40 37 90 90
0940_0075_0026_0032_0032.jpg 1 75 26 32 32
0941_0028_0065_0072_0072.jpg 1 28 65 72 72
0942_0007_0059_0079_0079.jpg 1 7 59 79 79
0943_0036_0030_0097_0097.jpg 1 36 30 97 97
0944_0050_0035_0057_0057.jpg 1 50 35 57 57
0945_0018_0040_0038_0038.jpg 1 18 40 38 38
0946_0062_0092_0046_0046.jpg 1 62 92 46 46
0947_0047_0040_0097_0097.jpg 1 47 40 97 97
0948_0041_0064_0038_0038.jpg 1 41 64 38 38
0949_0054_0044_0083_0083.jpg 1 54 44 83 83
0950_0099_0020_0031_0031.jpg 1 99 20 31 31
0951_0070_0009_0070_0070.jpg 1 70 9 70 70
0952_0029_0053_0061_0061.jpg 1 29 53 61 61
0953_0046_0029_0084_0084.jpg 1 46 29 84 84
0954_0042_0057_0074_0074.jpg 1 42 57 74 74
0955_0041_0043_0024_0024.jpg 1 41 43 24 24
0956_0042_0013_0100_0100.jpg 1 42 13 100 100
0957_0082_0083_0042_0042.jpg 1 82 83 42 42
0958_0035_0018_0093_0093.jpg 1 35 18 93 93
0959_0036_0075_0048_0048.jpg 1 36 75 48 48
0960_0072_0042_0063_0063.jpg 1 72 42 63 63
0961_0057_0050_0085_0085.jpg 1 57 50 85 85
0962_0038_0084_0047_0047.jpg 1 38 84 47 47
0963_0046_0059_0048_0048.jpg 1 46 59 48 48
0964_0063_0015_0046_0046.jpg 1 63 15 46 46
0965_0059_0032_0079_0079.jpg 1 59 32 79 79
0966_0064_0092_0039_0039.jpg 1 64 92 39 39
0967_0032_0034_0059_0059.jpg 1 32 34 59 59
0968_0013_0085_0044_0044.jpg 1 13 85 44 44
0969_0025_0022_0091_0091.jpg 1 25 22 91 91
0970_0022_0041_0087_0087.jpg 1 22 41 87 87
0971_0082_0092_0045_0045.jpg 1 82 92 45 45
0972_0075_0011_0042_0042.jpg 1 75 11 42 42
0973_0009_0055_0068_0068.jpg 1 9 55 68 68
0974_0022_0020_0064_0064.jpg 1 22 20 64 64
0975_0010_0024_0092_0092.jpg 1 10 24 92 92
0976_0051_0040_0077_0077.jpg 1 51 40 77 77
0977_0040_0014_0056_0056.jpg 1 40 14 56 56
0978_0040_0016_0101_0101.jpg 1 40 16 101 101
0979_0072_0065_0051_0051.jpg 1 72 65 51 51
0980_0073_0009_0057_0057.jpg 1 73 9 57 57
0981_0057_0048_0046_0046.jpg 1 57 48 46 46
0982_0051_0026_0083_0083.jpg 1 51 26 83 83
0983_0008_0044_0086_0086.jpg 1 8 44 86 86
0984_0037_0036_0033_0033.jpg 1 37 36 33 33
0985_0031_0020_0071_0071.jpg 1 31 20 71 71
0986_0015_0023_0043_0043.jpg 1 15 23 43 43
0987_0025_0011_0076_0076.jpg 1 25 11 76 76
0988_0042_0041_0098_0098.jpg 1 42 41 98 98
0989_0026_0029_0097_0097.jpg 1 26 29 97 97
0990_0044_0022_0078_0078.jpg 1 44 22 78 78
0991_0036_0041_0070_0070.jpg 1 36 41 70 70
0992_0008_0007_0101_0101.jpg 1 8 7 101 101
0993_0066_0032_0055_0055.jpg 1 66 32 55 55
0994_0018_0028_0054_0054.jpg 1 18 28 54 54
0995_0028_0019_0049_0049.jpg 1 28 19 49 49
0996_0038_0050_0068_0068.jpg 1 38 50 68 68
0997_0080_0070_0059_0059.jpg 1 80 70 59 59
0998_0011_0045_0073_0073.jpg 1 11 45 73 73
0999_0076_0018_0027_0027.jpg 1 76 18 27 27
1000_0045_0020_0096_0096.jpg 1 45 20 96 96
1001_0055_0023_0070_0070.jpg 1 55 23 70 70
1002_0057_0023_0081_0081.jpg 1 57 23 81 81
1003_0089_0072_0042_0042.jpg 1 89 72 42 42
1004_0039_0020_0080_0080.jpg 1 39 20 80 80
1005_0036_0023_0093_0093.jpg 1 36 23 93 93
1006_0050_0081_0047_0047.jpg 1 50 81 47 47
1007_0045_0052_0047_0047.jpg 1 45 52 47 47
1008_0018_0012_0093_0093.jpg 1 18 12 93 93
1009_0055_0031_0066_0066.jpg 1 55 31 66 66
1010_0061_0056_0063_0063.jpg 1 61 56 63 63
1011_0103_0101_0026_0026.jpg 1 103 101 26 26
1012_0041_0019_0096_0096.jpg 1 41 19 96 96
1013_0038_0032_0032_0032.jpg 1 38 32 32 32
1014_0038_0038_0101_0101.jpg 1 38 38 101 101
1015_0042_0028_0091_0091.jpg 1 42 28 91 91
1016_0075_0035_0027_0027.jpg 1 75 35 27 27
1017_0102_0034_0026_0026.jpg 1 102 34 26 26
1018_0038_0041_0077_0077.jpg 1 38 41 77 77
1019_0081_0024_0043_0043.jpg 1 81 24 43 43
1020_0031_0056_0084_0084.jpg 1 31 56 84 84
1021_0054_0076_0061_0061.jpg 1 54 76 61 61
1022_0025_0013_0102_0102.jpg 1 25 13 102 102
1023_0042_0039_0061_0061.jpg 1 42 39 61 61
1024_0081_0057_0052_0052.jpg 1 81 57 52 52
1025_0024_0034_0040_0040.jpg 1 24 34 40 40
1026_0082_0063_0054_0054.jpg 1 82 63 54 54
1027_0083_0020_0040_0040.jpg 1 83 20 40 40
1028_0075_0058_0029_0029.jpg 1 75 58 29 29
1029_0023_0037_0063_0063.jpg 1 23 37 63 63
1030_0045_0044_0034_0034.jpg 1 45 44 34 34
1031_0045_0066_0075_0075.jpg 1 45 66 75 75
1032_0031_0017_0031_0031.jpg 1 31 17 31 31
1033_0021_0010_0095_0095.jpg 1 21 10 95 95
1034_0032_0010_0098_0098.jpg 1 32 10 98 98
1035_0011_0050_0047_0047.jpg 1 11 50 47 47
1036_0047_0011_0088_0088.jpg 1 47 11 88 88
1037_0045_0009_0070_0070.jpg 1 45 9 70 70
1038_0032_0073_0063_0063.jpg 1 32 73 63 63
1039_0052_0051_0068_0068.jpg 1 52 51 68 68
1040_0024_0016_0084_0084.jpg 1 24 16 84 84
1041_0039_0023_0030_0030.jpg 1 39 23 30 30
1042_0038_0061_0078_0078.jpg 1 38 61 78 78
1043_0065_0052_0055_0055.jpg 1 65 52 55 55
1044_0025_0039_0079_0079.jpg 1 25 39 79 79
1045_0015_0040_0073_0073.jpg 1 15 40 73 73
1046_0070_0037_0045_0045.jpg 1 70 37 45 45
1047_0044_0020_0067_0067.jpg 1 44 20 67 67
1048_0063_0061_0053_0053.jpg 1 63 61 53 53
1049_0047_0041_0067_0067.jpg 1 47 41 67 67
1050_0028_0036_0045_0045.jpg 1 28 36 45 45
1051_0023_0048_0044_0044.jpg 1 23 48 44 44
1052_0010_0024_0075_0075.jpg 1 10 24 75 75
1053_0024_0012_0067_0067.jpg 1 24 12 67 67
1054_0046_0048_0094_0094.jpg 1 46 48 94 94
1055_0036_0045_0084_0084.jpg 1 36 45 84 84
1056_0013_0041_0075_0075.jpg 1 13 41 75 75
1057_0048_0011_0082_0082.jpg 1 48 11 82 82
1058_0052_0056_0068_0068.jpg 1 52 56 68 68
1059_0041_0015_0061_0061.jpg 1 41 15 61 61
1060_0088_0102_0025_0025.jpg 1 88 102 25 25
1061_0025_0063_0066_0066.jpg 1 25 63 66 66
1062_0015_0011_0039_0039.jpg 1 15 11 39 39
1063_0097_0028_0024_0024.jpg 1 97 28 24 24
1064_0030_0049_0035_0035.jpg 1 30 49 35 35
1065_0025_0015_0101_0101.jpg 1 25 15 101 101
1066_0010_0073_0051_0051.jpg 1 10 73 51 51
1067_0024_0067_0046_0046.jpg 1 24 67 46 46
1068_0027_0058_0038_0038.jpg 1 27 58 38 38
1069_0028_0014_0076_0076.jpg 1 28 14 76 76
1070_0019_0010_0068_0068.jpg 1 19 10 68 68
1071_0012_0053_0078_0078.jpg 1 12 53 78 78
1072_0043_0014_0098_0098.jpg 1 43 14 98 98
1073_0036_0043_0073_0073.jpg 1 36 43 73 73
1074_0028_0066_0057_0057.jpg 1 28 66 57 57
1075_0040_0005_0103_0103.jpg 1 40 5 103 103
1076_0035_0010_0050_0050.jpg 1 35 10 50 50
1077_0037_0012_0025_0025.jpg 1 37 12 25 25
1078_0092_0030_0046_0046.jpg 1 92 30 46 46
1079_0036_0083_0045_0045.jpg 1 36 83 45 45
1080_0052_0069_0033_0033.jpg 1 52 69 33 33
1081_0039_0049_0072_0072.jpg 1 39 49 72 72
1082_0031_0041_0085_0085.jpg 1 31 41 85 85
1083_0088_0088_0043_0043.jpg 1 88 88 43 43
1084_0012_0006_0088_0088.jpg 1 12 6 88 88
1085_0019_0048_0092_0092.jpg 1 19 48 92 92
1086_0026_0046_0088_0088.jpg 1 26 46 88 88
1087_0015_0039_0103_0103.jpg 1 15 39 103 103
1088_0061_0037_0029_0029.jpg 1 61 37 29 29
1089_0081_0046_0042_0042.jpg 1 81 46 42 42
1090_0040_0055_0088_0088.jpg 1 40 55 88 88
1091_0028_0057_0080_0080.jpg 1 28 57 80 80
1092_0042_0050_0062_0062.jpg 1 42 50 62 62
1093_0032_0061_0063_0063.jpg 1 32 61 63 63
1094_0021_0036_0097_0097.jpg 1 21 36 97 97
1095_0021_0032_0095_0095.jpg 1 21 32 95 95
1096_0087_0037_0052_0052.jpg 1 87 37 52 52
1097_0059_0047_0084_0084.jpg 1 59 47 84 84
1098_0026_0057_0081_0081.jpg 1 26 57 81 81
1099_0078_0032_0048_0048.jpg 1 78 32 48 48
1100_0068_0064_0061_0061.jpg 1 68 64 61 61
1101_0010_0009_0081_0081.jpg 1 10 9 81 81
1102_0014_0036_0090_0090.jpg 1 14 36 90 90
1103_0045_0026_0054_0054.jpg 1 45 26 54 54
1104_0036_0031_0045_0045.jpg 1 36 31 45 45
1105_0038_0089_0026_0026.jpg 1 38 89 26 26
1106_0015_0055_0070_0070.jpg 1 15 55 70 70
1107_0051_0009_0089_0089.jpg 1 51 9 89 89
1108_0048_0039_0074_0074.jpg 1 48 39 74 74
1109_0021_0033_0100_0100.jpg 1 21 33 100 100
1110_0019_0078_0059_0059.jpg 1 19 78 59 59
1111_0019_0023_0101_0101.jpg 1 19 23 101 101
1112_0010_0039_0056_0056.jpg 1 10 39 56 56
1113_0048_0023_0082_0082.jpg 1 48 23 82 82
1114_0053_0008_0090_0090.jpg 1 53 8 90 90
1115_0007_0012_0103_0103.jpg 1 7 12 103 103
1116_0036_0052_0043_0043.jpg 1 36 52 43 43
1117_0041_0062_0033_0033.jpg 1 41 62 33 33
1118_0032_0027_0091_0091.jpg 1 32 27 91 91
1119_0025_0085_0037_0037.jpg 1 25 85 37 37
1120_0022_0007_0090_0090.jpg 1 22 7 90 90
1121_0014_0040_0036_0036.jpg 1 14 40 36 36
1122_0019_0056_0062_0062.jpg 1 19 56 62 62
1123_0010_0019_0060_0060.jpg 1 10 19 60 60
1124_0030_0051_0086_0086.jpg 1 30 51 86 86
1125_0019_0065_0075_0075.jpg 1 19 65 75 75
1126_0026_0022_0103_0103.jpg 1 26 22 103 103
1127_0046_0012_0090_0090.jpg 1 46 12 90 90
1128_0013_0024_0093_0093.jpg 1 13 24 93 93
1129_0041_0037_0088_0088.jpg 1 41 37 88 88
1130_0034_0045_0086_0086.jpg 1 34 45 86 86
1131_0029_0093_0027_0027.jpg 1 29 93 27 27
1132_0016_0032_0102_0102.jpg 1 16 32 102 102
1133_0040_0040_0102_0102.jpg 1 40 40 102 102
1134_0032_0048_0042_0042.jpg 1 32 48 42 42
1135_0034_0077_0063_0063.jpg 1 34 77 63 63
1136_0072_0060_0056_0056.jpg 1 72 60 56 56
1137_0073_0047_0064_0064.jpg 1 73 47 64 64
1138_0031_0063_0071_0071.jpg 1 31 63 71 71
1139_0030_0043_0065_0065.jpg 1 30 43 65 65
1140_0085_0090_0048_0048.jpg 1 85 90 48 48
1141_0010_0012_0092_0092.jpg 1 10 12 92 92
1142_0011_0037_0062_0062.jpg 1 11 37 62 62
1143_0097_0049_0040_0040.jpg 1 97 49 40 40
