0001_0023_0046_0051_0051.jpg 1 23 46 51 51
0002_0038_0026_0049_0049.jpg 1 38 26 49 49
0003_0058_0019_0026_0026.jpg 1 58 19 26 26
0004_0031_0007_0096_0096.jpg 1 31 7 96 96
0005_0019_0035_0089_0089.jpg 1 19 35 89 89
0006_0010_0056_0073_0073.jpg 1 10 56 73 73
0007_0042_0047_0097_0097.jpg 1 42 47 97 97
0008_0022_0048_0055_0055.jpg 1 22 48 55 55
0009_0028_0034_0036_0036.jpg 1 28 34 36 36
0010_0053_0049_0057_0057.jpg 1 53 49 57 57
0011_0072_0057_0042_0042.jpg 1 72 57 42 42
0012_0045_0016_0098_0098.jpg 1 45 16 98 98
0013_0055_0068_0028_0028.jpg 1 55 68 28 28
0014_0023_0042_0085_0085.jpg 1 23 42 85 85
0015_0029_0018_0072_0072.jpg 1 29 18 72 72
0016_0017_0011_0085_0085.jpg 1 17 11 85 85
0017_0022_0044_0100_0100.jpg 1 22 44 100 100
0018_0015_0049_0090_0090.jpg 1 15 49 90 90
0019_0089_0013_0048_0048.jpg 1 89 13 48 48
0020_0077_0075_0039_0039.jpg 1 77 75 39 39
0021_0043_0059_0072_0072.jpg 1 43 59 72 72
0022_0013_0081_0040_0040.jpg 1 13 81 40 40
0023_0014_0091_0043_0043.jpg 1 14 91 43 43
0024_0034_0043_0082_0082.jpg 1 34 43 82 82
0025_0044_0024_0062_0062.jpg 1 44 24 62 62
0026_0028_0065_0070_0070.jpg 1 28 65 70 70
0027_0039_0045_0080_0080.jpg 1 39 45 80 80
0028_0070_0040_0054_0054.jpg 1 70 40 54 54
0029_0040_0060_0081_0081.jpg 1 40 60 81 81
0030_0055_0038_0068_0068.jpg 1 55 38 68 68
0031_0061_0016_0063_0063.jpg 1 61 16 63 63
0032_0013_0023_0043_0043.jpg 1 13 23 43 43
0033_0043_0069_0058_0058.jpg 1 43 69 58 58
0034_0013_0024_0066_0066.jpg 1 13 24 66 66
0035_0024_0105_0024_0024.jpg 1 24 105 24 24
0036_0030_0025_0077_0077.jpg 1 30 25 77 77
0037_0068_0077_0026_0026.jpg 1 68 77 26 26
0038_0029_0017_0085_0085.jpg 1 29 17 85 85
0039_0018_0035_0101_0101.jpg 1 18 35 101 101
0040_0016_0021_0089_0089.jpg 1 16 21 89 89
0041_0016_0061_0029_0029.jpg 1 16 61 29 29
0042_0016_0051_0065_0065.jpg 1 16 51 65 65
0043_0025_0090_0025_0025.jpg 1 25 90 25 25
0044_0010_0036_0088_0088.jpg 1 10 36 88 88
0045_0026_0032_0059_0059.jpg 1 26 32 59 59
0046_0031_0064_0061_0061.jpg 1 31 64 61 61
0047_0048_0038_0081_0081.jpg 1 48 38 81 81
0048_0025_0031_0054_0054.jpg 1 25 31 54 54
0049_0014_0058_0081_0081.jpg 1 14 58 81 81
0050_0039_0029_0062_0062.jpg 1 39 29 62 62
0051_0017_0017_0058_0058.jpg 1 17 17 58 58
0052_0044_0015_0058_0058.jpg 1 44 15 58 58
0053_0017_0048_0091_0091.jpg 1 17 48 91 91
0054_0043_0018_0041_0041.jpg 1 43 18 41 41
0055_0023_0042_0090_0090.jpg 1 23 42 90 90
0056_0021_0039_0100_0100.jpg 1 21 39 100 100
0057_0050_0026_0042_0042.jpg 1 50 26 42 42
0058_0039_0006_0095_0095.jpg 1 39 6 95 95
0059_0042_0039_0058_0058.jpg 1 42 39 58 58
0060_0085_0054_0041_0041.jpg 1 85 54 41 41
0061_0033_0044_0092_0092.jpg 1 33 44 92 92
0062_0046_0048_0080_0080.jpg 1 46 48 80 80
0063_0021_0034_0103_0103.jpg 1 21 34 103 103
0064_0009_0014_0085_0085.jpg 1 9 14 85 85
0065_0035_0098_0037_0037.jpg 1 35 98 37 37
0066_0024_0026_0088_0088.jpg 1 24 26 88 88
0067_0010_0039_0100_0100.jpg 1 10 39 100 100
0068_0099_0063_0033_0033.jpg 1 99 63 33 33
0069_0020_0042_0092_0092.jpg 1 20 42 92 92
0070_0041_0018_0033_0033.jpg 1 41 18 33 33
0071_0080_0071_0035_0035.jpg 1 80 71 35 35
0072_0020_0060_0040_0040.jpg 1 20 60 40 40
0073_0039_0022_0092_0092.jpg 1 39 22 92 92
0074_0014_0068_0044_0044.jpg 1 14 68 44 44
0075_0005_0037_0094_0094.jpg 1 5 37 94 94
0076_0023_0040_0102_0102.jpg 1 23 40 102 102
0077_0058_0057_0024_0024.jpg 1 58 57 24 24
0078_0058_0073_0033_0033.jpg 1 58 73 33 33
0079_0054_0025_0032_0032.jpg 1 54 25 32 32
0080_0063_0090_0037_0037.jpg 1 63 90 37 37
0081_0028_0042_0082_0082.jpg 1 28 42 82 82
0082_0017_0011_0096_0096.jpg 1 17 11 96 96
0083_0070_0093_0045_0045.jpg 1 70 93 45 45
0084_0046_0036_0044_0044.jpg 1 46 36 44 44
0085_0077_0100_0029_0029.jpg 1 77 100 29 29
0086_0053_0057_0070_0070.jpg 1 53 57 70 70
0087_0025_0074_0038_0038.jpg 1 25 74 38 38
0088_0055_0035_0080_0080.jpg 1 55 35 80 80
0089_0048_0044_0083_0083.jpg 1 48 44 83 83
0090_0059_0072_0060_0060.jpg 1 59 72 60 60
0091_0017_0037_0102_0102.jpg 1 17 37 102 102
0092_0027_0036_0086_0086.jpg 1 27 36 86 86
0093_0035_0073_0067_0067.jpg 1 35 73 67 67
0094_0043_0035_0059_0059.jpg 1 43 35 59 59
0095_0067_0035_0054_0054.jpg 1 67 35 54 54
0096_0090_0089_0048_0048.jpg 1 90 89 48 48
0097_0058_0041_0062_0062.jpg 1 58 41 62 62
0098_0029_0048_0071_0071.jpg 1 29 48 71 71
0099_0024_0026_0090_0090.jpg 1 24 26 90 90
0100_0071_0043_0041_0041.jpg 1 71 43 41 41
0101_0057_0067_0065_0065.jpg 1 57 67 65 65
0102_0006_0029_0085_0085.jpg 1 6 29 85 85
0103_0042_0088_0050_0050.jpg 1 42 88 50 50
0104_0071_0050_0047_0047.jpg 1 71 50 47 47
0105_0054_0007_0076_0076.jpg 1 54 7 76 76
0106_0013_0028_0081_0081.jpg 1 13 28 81 81
0107_0103_0093_0024_0024.jpg 1 103 93 24 24
0108_0037_0016_0066_0066.jpg 1 37 16 66 66
0109_0033_0029_0097_0097.jpg 1 33 29 97 97
0110_0071_0028_0053_0053.jpg 1 71 28 53 53
0111_0065_0040_0074_0074.jpg 1 65 40 74 74
0112_0026_0033_0093_0093.jpg 1 26 33 93 93
0113_0052_0039_0060_0060.jpg 1 52 39 60 60
0114_0066_0016_0071_0071.jpg 1 66 16 71 71
0115_0092_0012_0029_0029.jpg 1 92 12 29 29
0116_0049_0033_0085_0085.jpg 1 49 33 85 85
0117_0046_0056_0047_0047.jpg 1 46 56 47 47
0118_0069_0035_0025_0025.jpg 1 69 35 25 25
0119_0034_0036_0067_0067.jpg 1 34 36 67 67
0120_0019_0029_0100_0100.jpg 1 19 29 100 100
0121_0100_0073_0031_0031.jpg 1 100 73 31 31
0122_0093_0043_0036_0036.jpg 1 93 43 36 36
0123_0057_0049_0047_0047.jpg 1 57 49 47 47
0124_0043_0043_0083_0083.jpg 1 43 43 83 83
0125_0014_0036_0100_0100.jpg 1 14 36 100 100
0126_0021_0037_0089_0089.jpg 1 21 37 89 89
0127_0025_0024_0094_0094.jpg 1 25 24 94 94
0128_0057_0063_0027_0027.jpg 1 57 63 27 27
0129_0054_0034_0078_0078.jpg 1 54 34 78 78
0130_0029_0041_0045_0045.jpg 1 29 41 45 45
0131_0029_0035_0102_0102.jpg 1 29 35 102 102
0132_0020_0034_0060_0060.jpg 1 20 34 60 60
0133_0029_0045_0085_0085.jpg 1 29 45 85 85
0134_0018_0050_0093_0093.jpg 1 18 50 93 93
0135_0049_0059_0044_0044.jpg 1 49 59 44 44
0136_0060_0055_0055_0055.jpg 1 60 55 55 55
0137_0031_0066_0051_0051.jpg 1 31 66 51 51
0138_0033_0055_0031_0031.jpg 1 33 55 31 31
0139_0011_0011_0070_0070.jpg 1 11 11 70 70
0140_0073_0028_0068_0068.jpg 1 73 28 68 68
0141_0039_0015_0056_0056.jpg 1 39 15 56 56
0142_0051_0064_0038_0038.jpg 1 51 64 38 38
0143_0055_0041_0075_0075.jpg 1 55 41 75 75
0144_0064_0060_0052_0052.jpg 1 64 60 52 52
0145_0035_0052_0035_0035.jpg 1 35 52 35 35
0146_0026_0015_0100_0100.jpg 1 26 15 100 100
0147_0027_0027_0080_0080.jpg 1 27 27 80 80
0148_0081_0043_0050_0050.jpg 1 81 43 50 50
0149_0014_0020_0074_0074.jpg 1 14 20 74 74
0150_0029_0036_0096_0096.jpg 1 29 36 96 96
0151_0050_0033_0080_0080.jpg 1 50 33 80 80
0152_0014_0093_0037_0037.jpg 1 14 93 37 37
0153_0040_0023_0063_0063.jpg 1 40 23 63 63
0154_0013_0042_0099_0099.jpg 1 13 42 99 99
0155_0028_0031_0068_0068.jpg 1 28 31 68 68
0156_0048_0023_0058_0058.jpg 1 48 23 58 58
0157_0034_0042_0086_0086.jpg 1 34 42 86 86
0158_0048_0024_0035_0035.jpg 1 48 24 35 35
0159_0010_0009_0067_0067.jpg 1 10 9 67 67
0160_0064_0054_0065_0065.jpg 1 64 54 65 65
0161_0038_0038_0098_0098.jpg 1 38 38 98 98
0162_0030_0008_0101_0101.jpg 1 30 8 101 101
0163_0035_0049_0076_0076.jpg 1 35 49 76 76
0164_0020_0060_0077_0077.jpg 1 20 60 77 77
0165_0023_0050_0048_0048.jpg 1 23 50 48 48
0166_0013_0039_0077_0077.jpg 1 13 39 77 77
0167_0057_0059_0077_0077.jpg 1 57 59 77 77
0168_0008_0008_0098_0098.jpg 1 8 8 98 98
0169_0017_0039_0045_0045.jpg 1 17 39 45 45
0170_0021_0009_0061_0061.jpg 1 21 9 61 61
0171_0042_0047_0095_0095.jpg 1 42 47 95 95
0172_0068_0072_0068_0068.jpg 1 68 72 68 68
0173_0057_0011_0061_0061.jpg 1 57 11 61 61
0174_0013_0012_0097_0097.jpg 1 13 12 97 97
0175_0042_0014_0073_0073.jpg 1 42 14 73 73
0176_0028_0025_0024_0024.jpg 1 28 25 24 24
0177_0061_0064_0072_0072.jpg 1 61 64 72 72
0178_0052_0064_0028_0028.jpg 1 52 64 28 28
0179_0064_0019_0047_0047.jpg 1 64 19 47 47
0180_0049_0011_0077_0077.jpg 1 49 11 77 77
0181_0018_0027_0072_0072.jpg 1 18 27 72 72
0182_0034_0028_0064_0064.jpg 1 34 28 64 64
0183_0049_0087_0037_0037.jpg 1 49 87 37 37
0184_0040_0039_0089_0089.jpg 1 40 39 89 89
0185_0022_0065_0061_0061.jpg 1 22 65 61 61
0186_0062_0044_0080_0080.jpg 1 62 44 80 80
0187_0054_0052_0056_0056.jpg 1 54 52 56 56
0188_0011_0038_0098_0098.jpg 1 11 38 98 98
0189_0026_0019_0057_0057.jpg 1 26 19 57 57
0190_0025_0016_0052_0052.jpg 1 25 16 52 52
0191_0020_0061_0036_0036.jpg 1 20 61 36 36
0192_0020_0011_0067_0067.jpg 1 20 11 67 67
0193_0070_0063_0061_0061.jpg 1 70 63 61 61
0194_0050_0055_0054_0054.jpg 1 50 55 54 54
0195_0030_0081_0057_0057.jpg 1 30 81 57 57
0196_0036_0034_0093_0093.jpg 1 36 34 93 93
0197_0065_0081_0033_0033.jpg 1 65 81 33 33
0198_0103_0021_0029_0029.jpg 1 103 21 29 29
0199_0048_0018_0047_0047.jpg 1 48 18 47 47
0200_0063_0043_0054_0054.jpg 1 63 43 54 54
0201_0025_0028_0096_0096.jpg 1 25 28 96 96
0202_0083_0050_0056_0056.jpg 1 83 50 56 56
0203_0015_0008_0098_0098.jpg 1 15 8 98 98
0204_0083_0028_0030_0030.jpg 1 83 28 30 30
0205_0055_0019_0046_0046.jpg 1 55 19 46 46
0206_0073_0019_0031_0031.jpg 1 73 19 31 31
0207_0036_0053_0081_0081.jpg 1 36 53 81 81
0208_0030_0082_0041_0041.jpg 1 30 82 41 41
0209_0034_0060_0080_0080.jpg 1 34 60 80 80
0210_0015_0037_0088_0088.jpg 1 15 37 88 88
0211_0009_0068_0068_0068.jpg 1 9 68 68 68
0212_0026_0026_0090_0090.jpg 1 26 26 90 90
0213_0014_0034_0027_0027.jpg 1 14 34 27 27
0214_0096_0024_0033_0033.jpg 1 96 24 33 33
0215_0051_0070_0063_0063.jpg 1 51 70 63 63
0216_0031_0076_0053_0053.jpg 1 31 76 53 53
0217_0024_0079_0042_0042.jpg 1 24 79 42 42
0218_0073_0035_0029_0029.jpg 1 73 35 29 29
0219_0085_0067_0041_0041.jpg 1 85 67 41 41
0220_0078_0061_0051_0051.jpg 1 78 61 51 51
0221_0031_0078_0049_0049.jpg 1 31 78 49 49
0222_0071_0083_0041_0041.jpg 1 71 83 41 41
0223_0014_0009_0088_0088.jpg 1 14 9 88 88
0224_0029_0031_0032_0032.jpg 1 29 31 32 32
0225_0043_0048_0082_0082.jpg 1 43 48 82 82
0226_0020_0011_0096_0096.jpg 1 20 11 96 96
0227_0062_0027_0046_0046.jpg 1 62 27 46 46
0228_0018_0033_0099_0099.jpg 1 18 33 99 99
0229_0033_0050_0056_0056.jpg 1 33 50 56 56
0230_0047_0029_0094_0094.jpg 1 47 29 94 94
0231_0041_0035_0082_0082.jpg 1 41 35 82 82
0232_0037_0037_0077_0077.jpg 1 37 37 77 77
0233_0046_0073_0051_0051.jpg 1 46 73 51 51
0234_0007_0048_0084_0084.jpg 1 7 48 84 84
0235_0026_0057_0056_0056.jpg 1 26 57 56 56
0236_0089_0030_0048_0048.jpg 1 89 30 48 48
0237_0016_0020_0036_0036.jpg 1 16 20 36 36
0238_0098_0014_0037_0037.jpg 1 98 14 37 37
0239_0014_0018_0048_0048.jpg 1 14 18 48 48
0240_0019_0036_0039_0039.jpg 1 19 36 39 39
0241_0097_0094_0028_0028.jpg 1 97 94 28 28
0242_0016_0021_0088_0088.jpg 1 16 21 88 88
0243_0056_0030_0024_0024.jpg 1 56 30 24 24
0244_0046_0026_0077_0077.jpg 1 46 26 77 77
0245_0032_0072_0064_0064.jpg 1 32 72 64 64
0246_0058_0021_0071_0071.jpg 1 58 21 71 71
0247_0067_0094_0042_0042.jpg 1 67 94 42 42
0248_0039_0020_0063_0063.jpg 1 39 20 63 63
0249_0088_0025_0034_0034.jpg 1 88 25 34 34
0250_0017_0032_0104_0104.jpg 1 17 32 104 104
0251_0036_0056_0055_0055.jpg 1 36 56 55 55
0252_0042_0061_0039_0039.jpg 1 42 61 39 39
0253_0018_0040_0104_0104.jpg 1 18 40 104 104
0254_0019_0008_0104_0104.jpg 1 19 8 104 104
0255_0050_0024_0088_0088.jpg 1 50 24 88 88
0256_0011_0040_0045_0045.jpg 1 11 40 45 45
0257_0044_0037_0085_0085.jpg 1 44 37 85 85
0258_0057_0094_0039_0039.jpg 1 57 94 39 39
0259_0071_0081_0053_0053.jpg 1 71 81 53 53
0260_0031_0082_0030_0030.jpg 1 31 82 30 30
0261_0039_0015_0065_0065.jpg 1 39 15 65 65
0262_0030_0047_0030_0030.jpg 1 30 47 30 30
0263_0065_0087_0042_0042.jpg 1 65 87 42 42
0264_0068_0022_0033_0033.jpg 1 68 22 33 33
0265_0074_0038_0056_0056.jpg 1 74 38 56 56
0266_0026_0043_0077_0077.jpg 1 26 43 77 77
0267_0031_0020_0103_0103.jpg 1 31 20 103 103
0268_0058_0056_0078_0078.jpg 1 58 56 78 78
0269_0014_0047_0083_0083.jpg 1 14 47 83 83
0270_0096_0014_0024_0024.jpg 1 96 14 24 24
0271_0065_0063_0059_0059.jpg 1 65 63 59 59
0272_0014_0026_0075_0075.jpg 1 14 26 75 75
0273_0075_0075_0028_0028.jpg 1 75 75 28 28
0274_0072_0076_0065_0065.jpg 1 72 76 65 65
0275_0021_0040_0100_0100.jpg 1 21 40 100 100
0276_0020_0030_0055_0055.jpg 1 20 30 55 55
0277_0071_0067_0059_0059.jpg 1 71 67 59 59
0278_0014_0034_0079_0079.jpg 1 14 34 79 79
0279_0056_0045_0083_0083.jpg 1 56 45 83 83
0280_0035_0074_0044_0044.jpg 1 35 74 44 44
0281_0065_0045_0069_0069.jpg 1 65 45 69 69
0282_0014_0047_0071_0071.jpg 1 14 47 71 71
0283_0032_0019_0075_0075.jpg 1 32 19 75 75
0284_0066_0104_0028_0028.jpg 1 66 104 28 28
0285_0052_0025_0076_0076.jpg 1 52 25 76 76
0286_0039_0036_0087_0087.jpg 1 39 36 87 87
0287_0034_0012_0100_0100.jpg 1 34 12 100 100
0288_0018_0043_0102_0102.jpg 1 18 43 102 102
0289_0053_0055_0059_0059.jpg 1 53 55 59 59
0290_0056_0047_0058_0058.jpg 1 56 47 58 58
0291_0066_0037_0072_0072.jpg 1 66 37 72 72
0292_0051_0059_0070_0070.jpg 1 51 59 70 70
0293_0054_0015_0042_0042.jpg 1 54 15 42 42
0294_0047_0042_0055_0055.jpg 1 47 42 55 55
0295_0021_0064_0063_0063.jpg 1 21 64 63 63
0296_0012_0020_0074_0074.jpg 1 12 20 74 74
0297_0017_0038_0085_0085.jpg 1 17 38 85 85
0298_0058_0057_0077_0077.jpg 1 58 57 77 77
0299_0065_0038_0055_0055.jpg 1 65 38 55 55
0300_0010_0049_0070_0070.jpg 1 10 49 70 70
0301_0024_0019_0104_0104.jpg 1 24 19 104 104
0302_0053_0016_0054_0054.jpg 1 53 16 54 54
0303_0055_0082_0048_0048.jpg 1 55 82 48 48
0304_0018_0040_0102_0102.jpg 1 18 40 102 102
0305_0026_0027_0084_0084.jpg 1 26 27 84 84
0306_0031_0019_0100_0100.jpg 1 31 19 100 100
0307_0015_0045_0083_0083.jpg 1 15 45 83 83
0308_0007_0026_0101_0101.jpg 1 7 26 101 101
0309_0016_0030_0078_0078.jpg 1 16 30 78 78
0310_0072_0097_0028_0028.jpg 1 72 97 28 28
0311_0028_0037_0078_0078.jpg 1 28 37 78 78
0312_0074_0052_0029_0029.jpg 1 74 52 29 29
0313_0066_0038_0036_0036.jpg 1 66 38 36 36
0314_0034_0061_0027_0027.jpg 1 34 61 27 27
0315_0030_0026_0094_0094.jpg 1 30 26 94 94
0316_0067_0015_0036_0036.jpg 1 67 15 36 36
0317_0010_0067_0056_0056.jpg 1 10 67 56 56
0318_0055_0059_0070_0070.jpg 1 55 59 70 70
0319_0032_0105_0024_0024.jpg 1 32 105 24 24
0320_0029_0043_0091_0091.jpg 1 29 43 91 91
0321_0031_0007_0084_0084.jpg 1 31 7 84 84
0322_0044_0086_0040_0040.jpg 1 44 86 40 40
0323_0049_0077_0048_0048.jpg 1 49 77 48 48
0324_0092_0054_0025_0025.jpg 1 92 54 25 25
0325_0057_0009_0079_0079.jpg 1 57 9 79 79
0326_0082_0039_0055_0055.jpg 1 82 39 55 55
0327_0021_0015_0051_0051.jpg 1 21 15 51 51
0328_0040_0060_0082_0082.jpg 1 40 60 82 82
0329_0014_0038_0033_0033.jpg 1 14 38 33 33
0330_0031_0014_0099_0099.jpg 1 31 14 99 99
0331_0030_0059_0053_0053.jpg 1 30 59 53 53
0332_0060_0058_0065_0065.jpg 1 60 58 65 65
0333_0018_0018_0100_0100.jpg 1 18 18 100 100
0334_0008_0016_0098_0098.jpg 1 8 16 98 98
0335_0027_0036_0099_0099.jpg 1 27 36 99 99
0336_0037_0029_0059_0059.jpg 1 37 29 59 59
0337_0016_0024_0090_0090.jpg 1 16 24 90 90
0338_0010_0039_0094_0094.jpg 1 10 39 94 94
0339_0064_0098_0032_0032.jpg 1 64 98 32 32
0340_0070_0029_0037_0037.jpg 1 70 29 37 37
0341_0051_0021_0075_0075.jpg 1 51 21 75 75
0342_0065_0062_0056_0056.jpg 1 65 62 56 56
0343_0099_0067_0030_0030.jpg 1 99 67 30 30
0344_0067_0045_0030_0030.jpg 1 67 45 30 30
0345_0006_0040_0101_0101.jpg 1 6 40 101 101
0346_0038_0082_0042_0042.jpg 1 38 82 42 42
0347_0037_0032_0104_0104.jpg 1 37 32 104 104
0348_0049_0028_0089_0089.jpg 1 49 28 89 89
0349_0035_0018_0081_0081.jpg 1 35 18 81 81
0350_0042_0076_0053_0053.jpg 1 42 76 53 53
0351_0044_0028_0073_0073.jpg 1 44 28 73 73
0352_0010_0015_0104_0104.jpg 1 10 15 104 104
0353_0030_0040_0094_0094.jpg 1 30 40 94 94
0354_0029_0047_0036_0036.jpg 1 29 47 36 36
0355_0070_0064_0055_0055.jpg 1 70 64 55 55
0356_0054_0085_0034_0034.jpg 1 54 85 34 34
0357_0007_0028_0088_0088.jpg 1 7 28 88 88
0358_0020_0041_0104_0104.jpg 1 20 41 104 104
0359_0010_0049_0085_0085.jpg 1 10 49 85 85
0360_0100_0058_0026_0026.jpg 1 100 58 26 26
0361_0078_0063_0051_0051.jpg 1 78 63 51 51
0362_0022_0016_0099_0099.jpg 1 22 16 99 99
0363_0018_0025_0101_0101.jpg 1 18 25 101 101
0364_0040_0045_0087_0087.jpg 1 40 45 87 87
0365_0075_0045_0060_0060.jpg 1 75 45 60 60
0366_0029_0031_0051_0051.jpg 1 29 31 51 51
0367_0040_0020_0104_0104.jpg 1 40 20 104 104
0368_0013_0041_0055_0055.jpg 1 13 41 55 55
0369_0010_0048_0062_0062.jpg 1 10 48 62 62
0370_0032_0044_0085_0085.jpg 1 32 44 85 85
0371_0016_0022_0053_0053.jpg 1 16 22 53 53
0372_0029_0041_0098_0098.jpg 1 29 41 98 98
0373_0012_0028_0067_0067.jpg 1 12 28 67 67
0374_0059_0077_0036_0036.jpg 1 59 77 36 36
0375_0020_0011_0061_0061.jpg 1 20 11 61 61
0376_0047_0051_0081_0081.jpg 1 47 51 81 81
0377_0042_0013_0067_0067.jpg 1 42 13 67 67
0378_0034_0040_0084_0084.jpg 1 34 40 84 84
0379_0060_0084_0053_0053.jpg 1 60 84 53 53
0380_0057_0043_0064_0064.jpg 1 57 43 64 64
0381_0035_0012_0059_0059.jpg 1 35 12 59 59
0382_0007_0031_0091_0091.jpg 1 7 31 91 91
0383_0011_0019_0051_0051.jpg 1 11 19 51 51
0384_0087_0100_0025_0025.jpg 1 87 100 25 25
0385_0072_0079_0034_0034.jpg 1 72 79 34 34
0386_0044_0085_0041_0041.jpg 1 44 85 41 41
0387_0029_0028_0063_0063.jpg 1 29 28 63 63
0388_0027_0021_0071_0071.jpg 1 27 21 71 71
0389_0018_0012_0043_0043.jpg 1 18 12 43 43
0390_0011_0061_0048_0048.jpg 1 11 61 48 48
0391_0026_0028_0056_0056.jpg 1 26 28 56 56
0392_0042_0039_0084_0084.jpg 1 42 39 84 84
0393_0011_0025_0042_0042.jpg 1 11 25 42 42
0394_0030_0056_0028_0028.jpg 1 30 56 28 28
0395_0017_0006_0100_0100.jpg 1 17 6 100 100
0396_0036_0043_0079_0079.jpg 1 36 43 79 79
0397_0095_0085_0035_0035.jpg 1 95 85 35 35
0398_0047_0027_0025_0025.jpg 1 47 27 25 25
0399_0022_0012_0059_0059.jpg 1 22 12 59 59
0400_0010_0081_0059_0059.jpg 1 10 81 59 59
0401_0065_0092_0046_0046.jpg 1 65 92 46 46
0402_0035_0041_0035_0035.jpg 1 35 41 35 35
0403_0064_0032_0027_0027.jpg 1 64 32 27 27
0404_0010_0009_0101_0101.jpg 1 10 9 101 101
0405_0048_0023_0081_0081.jpg 1 48 23 81 81
0406_0060_0067_0044_0044.jpg 1 60 67 44 44
0407_0040_0061_0059_0059.jpg 1 40 61 59 59
0408_0041_0017_0036_0036.jpg 1 41 17 36 36
0409_0083_0078_0033_0033.jpg 1 83 78 33 33
0410_0006_0029_0095_0095.jpg 1 6 29 95 95
0411_0091_0035_0039_0039.jpg 1 91 35 39 39
0412_0017_0006_0104_0104.jpg 1 17 6 104 104
0413_0034_0034_0089_0089.jpg 1 34 34 89 89
0414_0064_0055_0047_0047.jpg 1 64 55 47 47
0415_0028_0034_0041_0041.jpg 1 28 34 41 41
0416_0094_0073_0042_0042.jpg 1 94 73 42 42
0417_0043_0073_0037_0037.jpg 1 43 73 37 37
0418_0021_0059_0034_0034.jpg 1 21 59 34 34
0419_0018_0013_0104_0104.jpg 1 18 13 104 104
0420_0007_0033_0103_0103.jpg 1 7 33 103 103
0421_0047_0039_0086_0086.jpg 1 47 39 86 86
0422_0042_0008_0102_0102.jpg 1 42 8 102 102
0423_0100_0098_0030_0030.jpg 1 100 98 30 30
0424_0014_0028_0076_0076.jpg 1 14 28 76 76
0425_0093_0028_0039_0039.jpg 1 93 28 39 39
0426_0104_0056_0026_0026.jpg 1 104 56 26 26
0427_0044_0015_0100_0100.jpg 1 44 15 100 100
0428_0083_0017_0043_0043.jpg 1 83 17 43 43
0429_0063_0050_0027_0027.jpg 1 63 50 27 27
0430_0010_0035_0082_0082.jpg 1 10 35 82 82
0431_0053_0074_0065_0065.jpg 1 53 74 65 65
0432_0067_0050_0051_0051.jpg 1 67 50 51 51
0433_0091_0020_0037_0037.jpg 1 91 20 37 37
0434_0036_0034_0091_0091.jpg 1 36 34 91 91
0435_0021_0053_0051_0051.jpg 1 21 53 51 51
0436_0075_0093_0028_0028.jpg 1 75 93 28 28
0437_0072_0091_0033_0033.jpg 1 72 91 33 33
0438_0085_0021_0046_0046.jpg 1 85 21 46 46
0439_0040_0038_0090_0090.jpg 1 40 38 90 90
0440_0027_0067_0039_0039.jpg 1 27 67 39 39
0441_0059_0054_0061_0061.jpg 1 59 54 61 61
0442_0035_0047_0091_0091.jpg 1 35 47 91 91
0443_0016_0047_0026_0026.jpg 1 16 47 26 26
0444_0052_0031_0084_0084.jpg 1 52 31 84 84
0445_0007_0041_0089_0089.jpg 1 7 41 89 89
0446_0075_0037_0045_0045.jpg 1 75 37 45 45
0447_0089_0073_0050_0050.jpg 1 89 73 50 50
0448_0032_0029_0046_0046.jpg 1 32 29 46 46
0449_0042_0024_0033_0033.jpg 1 42 24 33 33
0450_0033_0066_0072_0072.jpg 1 33 66 72 72
0451_0058_0054_0061_0061.jpg 1 58 54 61 61
0452_0054_0046_0084_0084.jpg 1 54 46 84 84
0453_0077_0067_0035_0035.jpg 1 77 67 35 35
0454_0069_0065_0031_0031.jpg 1 69 65 31 31
0455_0048_0038_0054_0054.jpg 1 48 38 54 54
0456_0018_0016_0081_0081.jpg 1 18 16 81 81
0457_0065_0035_0055_0055.jpg 1 65 35 55 55
0458_0044_0013_0054_0054.jpg 1 44 13 54 54
0459_0065_0038_0041_0041.jpg 1 65 38 41 41
0460_0046_0012_0070_0070.jpg 1 46 12 70 70
0461_0041_0009_0054_0054.jpg 1 41 9 54 54
0462_0051_0031_0074_0074.jpg 1 51 31 74 74
0463_0014_0081_0038_0038.jpg 1 14 81 38 38
0464_0055_0092_0047_0047.jpg 1 55 92 47 47
0465_0096_0024_0035_0035.jpg 1 96 24 35 35
0466_0074_0071_0058_0058.jpg 1 74 71 58 58
0467_0006_0025_0099_0099.jpg 1 6 25 99 99
0468_0060_0037_0027_0027.jpg 1 60 37 27 27
0469_0037_0015_0069_0069.jpg 1 37 15 69 69
0470_0073_0076_0049_0049.jpg 1 73 76 49 49
0471_0034_0020_0074_0074.jpg 1 34 20 74 74
0472_0083_0027_0042_0042.jpg 1 83 27 42 42
0473_0101_0059_0030_0030.jpg 1 101 59 30 30
0474_0037_0100_0037_0037.jpg 1 37 100 37 37
0475_0020_0039_0099_0099.jpg 1 20 39 99 99
0476_0052_0068_0067_0067.jpg 1 52 68 67 67
0477_0017_0012_0084_0084.jpg 1 17 12 84 84
0478_0030_0047_0077_0077.jpg 1 30 47 77 77
0479_0044_0043_0066_0066.jpg 1 44 43 66 66
0480_0068_0026_0065_0065.jpg 1 68 26 65 65
0481_0065_0073_0066_0066.jpg 1 65 73 66 66
0482_0068_0067_0072_0072.jpg 1 68 67 72 72
0483_0060_0014_0078_0078.jpg 1 60 14 78 78
0484_0013_0072_0061_0061.jpg 1 13 72 61 61
0485_0032_0060_0069_0069.jpg 1 32 60 69 69
0486_0062_0033_0071_0071.jpg 1 62 33 71 71
0487_0067_0023_0061_0061.jpg 1 67 23 61 61
0488_0074_0024_0059_0059.jpg 1 74 24 59 59
0489_0050_0024_0044_0044.jpg 1 50 24 44 44
0490_0063_0075_0062_0062.jpg 1 63 75 62 62
0491_0017_0045_0095_0095.jpg 1 17 45 95 95
0492_0013_0008_0075_0075.jpg 1 13 8 75 75
0493_0056_0023_0048_0048.jpg 1 56 23 48 48
0494_0043_0043_0076_0076.jpg 1 43 43 76 76
0495_0028_0059_0076_0076.jpg 1 28 59 76 76
0496_0030_0015_0086_0086.jpg 1 30 15 86 86
0497_0031_0008_0099_0099.jpg 1 31 8 99 99
0498_0066_0059_0062_0062.jpg 1 66 59 62 62
0499_0017_0048_0031_0031.jpg 1 17 48 31 31
0500_0053_0035_0076_0076.jpg 1 53 35 76 76
0501_0048_0039_0035_0035.jpg 1 48 39 35 35
0502_0049_0038_0040_0040.jpg 1 49 38 40 40
0503_0020_0027_0091_0091.jpg 1 20 27 91 91
0504_0052_0016_0074_0074.jpg 1 52 16 74 74
0505_0060_0097_0028_0028.jpg 1 60 97 28 28
0506_0041_0026_0047_0047.jpg 1 41 26 47 47
0507_0075_0061_0050_0050.jpg 1 75 61 50 50
0508_0041_0087_0043_0043.jpg 1 41 87 43 43
0509_0044_0032_0043_0043.jpg 1 44 32 43 43
0510_0047_0058_0060_0060.jpg 1 47 58 60 60
0511_0016_0057_0084_0084.jpg 1 16 57 84 84
0512_0035_0036_0104_0104.jpg 1 35 36 104 104
0513_0063_0056_0067_0067.jpg 1 63 56 67 67
0514_0069_0083_0037_0037.jpg 1 69 83 37 37
0515_0037_0006_0102_0102.jpg 1 37 6 102 102
0516_0037_0012_0067_0067.jpg 1 37 12 67 67
0517_0045_0023_0085_0085.jpg 1 45 23 85 85
0518_0047_0008_0082_0082.jpg 1 47 8 82 82
0519_0013_0050_0046_0046.jpg 1 13 50 46 46
0520_0012_0036_0091_0091.jpg 1 12 36 91 91
0521_0037_0012_0100_0100.jpg 1 37 12 100 100
0522_0052_0015_0091_0091.jpg 1 52 15 91 91
0523_0033_0044_0069_0069.jpg 1 33 44 69 69
0524_0016_0056_0082_0082.jpg 1 16 56 82 82
0525_0055_0020_0035_0035.jpg 1 55 20 35 35
0526_0055_0053_0069_0069.jpg 1 55 53 69 69
0527_0054_0075_0046_0046.jpg 1 54 75 46 46
0528_0043_0062_0043_0043.jpg 1 43 62 43 43
0529_0015_0041_0058_0058.jpg 1 15 41 58 58
0530_0041_0044_0080_0080.jpg 1 41 44 80 80
0531_0016_0021_0058_0058.jpg 1 16 21 58 58
0532_0026_0064_0060_0060.jpg 1 26 64 60 60
0533_0008_0019_0102_0102.jpg 1 8 19 102 102
0534_0049_0062_0080_0080.jpg 1 49 62 80 80
0535_0020_0062_0075_0075.jpg 1 20 62 75 75
0536_0097_0036_0037_0037.jpg 1 97 36 37 37
0537_0033_0031_0050_0050.jpg 1 33 31 50 50
0538_0050_0091_0045_0045.jpg 1 50 91 45 45
0539_0062_0026_0072_0072.jpg 1 62 26 72 72
0540_0037_0041_0094_0094.jpg 1 37 41 94 94
0541_0025_0016_0104_0104.jpg 1 25 16 104 104
0542_0085_0093_0036_0036.jpg 1 85 93 36 36
0543_0028_0049_0041_0041.jpg 1 28 49 41 41
0544_0042_0053_0076_0076.jpg 1 42 53 76 76
0545_0015_0012_0083_0083.jpg 1 15 12 83 83
0546_0014_0024_0093_0093.jpg 1 14 24 93 93
0547_0065_0075_0066_0066.jpg 1 65 75 66 66
0548_0017_0025_0067_0067.jpg 1 17 25 67 67
0549_0025_0035_0038_0038.jpg 1 25 35 38 38
0550_0031_0017_0042_0042.jpg 1 31 17 42 42
0551_0017_0042_0091_0091.jpg 1 17 42 91 91
0552_0031_0038_0050_0050.jpg 1 31 38 50 50
0553_0024_0081_0034_0034.jpg 1 24 81 34 34
0554_0030_0042_0099_0099.jpg 1 30 42 99 99
0555_0054_0017_0060_0060.jpg 1 54 17 60 60
0556_0030_0012_0052_0052.jpg 1 30 12 52 52
0557_0035_0018_0068_0068.jpg 1 35 18 68 68
0558_0078_0027_0041_0041.jpg 1 78 27 41 41
0559_0041_0079_0047_0047.jpg 1 41 79 47 47
0560_0014_0052_0083_0083.jpg 1 14 52 83 83
0561_0024_0040_0080_0080.jpg 1 24 40 80 80
0562_0091_0092_0024_0024.jpg 1 91 92 24 24
0563_0053_0049_0074_0074.jpg 1 53 49 74 74
0564_0023_0057_0061_0061.jpg 1 23 57 61 61
0565_0025_0035_0104_0104.jpg 1 25 35 104 104
0566_0024_0011_0092_0092.jpg 1 24 11 92 92
0567_0024_0049_0076_0076.jpg 1 24 49 76 76
0568_0076_0022_0061_0061.jpg 1 76 22 61 61
0569_0030_0060_0054_0054.jpg 1 30 60 54 54
0570_0018_0048_0059_0059.jpg 1 18 48 59 59
0571_0037_0022_0036_0036.jpg 1 37 22 36 36
0572_0079_0055_0061_0061.jpg 1 79 55 61 61
0573_0040_0043_0056_0056.jpg 1 40 43 56 56
0574_0026_0023_0062_0062.jpg 1 26 23 62 62
0575_0060_0033_0072_0072.jpg 1 60 33 72 72
0576_0040_0021_0057_0057.jpg 1 40 21 57 57
0577_0023_0051_0091_0091.jpg 1 23 51 91 91
0578_0059_0074_0039_0039.jpg 1 59 74 39 39
0579_0078_0049_0051_0051.jpg 1 78 49 51 51
0580_0066_0022_0066_0066.jpg 1 66 22 66 66
0581_0037_0057_0083_0083.jpg 1 37 57 83 83
0582_0061_0058_0027_0027.jpg 1 61 58 27 27
0583_0032_0058_0024_0024.jpg 1 32 58 24 24
0584_0072_0022_0046_0046.jpg 1 72 22 46 46
0585_0060_0033_0037_0037.jpg 1 60 33 37 37
0586_0055_0057_0031_0031.jpg 1 55 57 31 31
0587_0011_0042_0060_0060.jpg 1 11 42 60 60
0588_0035_0020_0098_0098.jpg 1 35 20 98 98
0589_0067_0053_0068_0068.jpg 1 67 53 68 68
0590_0016_0036_0102_0102.jpg 1 16 36 102 102
0591_0014_0013_0056_0056.jpg 1 14 13 56 56
0592_0025_0054_0070_0070.jpg 1 25 54 70 70
0593_0019_0051_0085_0085.jpg 1 19 51 85 85
0594_0050_0025_0092_0092.jpg 1 50 25 92 92
0595_0037_0022_0065_0065.jpg 1 37 22 65 65
0596_0064_0096_0035_0035.jpg 1 64 96 35 35
0597_0039_0080_0037_0037.jpg 1 39 80 37 37
0598_0038_0064_0038_0038.jpg 1 38 64 38 38
0599_0051_0010_0063_0063.jpg 1 51 10 63 63
0600_0052_0061_0029_0029.jpg 1 52 61 29 29
0601_0077_0063_0060_0060.jpg 1 77 63 60 60
0602_0021_0014_0063_0063.jpg 1 21 14 63 63
0603_0044_0030_0079_0079.jpg 1 44 30 79 79
0604_0012_0033_0042_0042.jpg 1 12 33 42 42
0605_0016_0020_0101_0101.jpg 1 16 20 101 101
0606_0051_0048_0058_0058.jpg 1 51 48 58 58
0607_0041_0066_0030_0030.jpg 1 41 66 30 30
0608_0103_0100_0033_0033.jpg 1 103 100 33 33
0609_0030_0063_0074_0074.jpg 1 30 63 74 74
0610_0033_0064_0050_0050.jpg 1 33 64 50 50
0611_0026_0024_0061_0061.jpg 1 26 24 61 61
0612_0034_0030_0088_0088.jpg 1 34 30 88 88
0613_0044_0009_0087_0087.jpg 1 44 9 87 87
0614_0051_0045_0080_0080.jpg 1 51 45 80 80
0615_0018_0043_0093_0093.jpg 1 18 43 93 93
0616_0049_0016_0075_0075.jpg 1 49 16 75 75
0617_0035_0013_0031_0031.jpg 1 35 13 31 31
0618_0018_0011_0099_0099.jpg 1 18 11 99 99
0619_0012_0019_0060_0060.jpg 1 12 19 60 60
0620_0045_0016_0030_0030.jpg 1 45 16 30 30
0621_0035_0038_0052_0052.jpg 1 35 38 52 52
0622_0009_0038_0084_0084.jpg 1 9 38 84 84
0623_0050_0007_0093_0093.jpg 1 50 7 93 93
0624_0009_0036_0079_0079.jpg 1 9 36 79 79
0625_0012_0024_0096_0096.jpg 1 12 24 96 96
0626_0057_0053_0040_0040.jpg 1 57 53 40 40
0627_0049_0102_0034_0034.jpg 1 49 102 34 34
0628_0060_0024_0053_0053.jpg 1 60 24 53 53
0629_0020_0018_0077_0077.jpg 1 20 18 77 77
0630_0064_0077_0036_0036.jpg 1 64 77 36 36
0631_0039_0052_0083_0083.jpg 1 39 52 83 83
0632_0025_0037_0080_0080.jpg 1 25 37 80 80
0633_0015_0006_0093_0093.jpg 1 15 6 93 93
0634_0041_0008_0082_0082.jpg 1 41 8 82 82
0635_0021_0023_0042_0042.jpg 1 21 23 42 42
0636_0062_0040_0063_0063.jpg 1 62 40 63 63
0637_0035_0044_0090_0090.jpg 1 35 44 90 90
0638_0077_0066_0030_0030.jpg 1 77 66 30 30
0639_0082_0053_0045_0045.jpg 1 82 53 45 45
0640_0036_0050_0075_0075.jpg 1 36 50 75 75
0641_0043_0083_0032_0032.jpg 1 43 83 32 32
0642_0043_0016_0082_0082.jpg 1 43 16 82 82
0643_0038_0037_0041_0041.jpg 1 38 37 41 41
0644_0068_0021_0069_0069.jpg 1 68 21 69 69
0645_0058_0012_0048_0048.jpg 1 58 12 48 48
0646_0014_0010_0098_0098.jpg 1 14 10 98 98
0647_0013_0020_0061_0061.jpg 1 13 20 61 61
0648_0039_0009_0098_0098.jpg 1 39 9 98 98
0649_0028_0040_0039_0039.jpg 1 28 40 39 39
0650_0046_0059_0037_0037.jpg 1 46 59 37 37
0651_0009_0063_0060_0060.jpg 1 9 63 60 60
0652_0046_0048_0073_0073.jpg 1 46 48 73 73
0653_0006_0018_0102_0102.jpg 1 6 18 102 102
0654_0062_0033_0066_0066.jpg 1 62 33 66 66
0655_0017_0041_0066_0066.jpg 1 17 41 66 66
0656_0046_0031_0096_0096.jpg 1 46 31 96 96
0657_0054_0026_0065_0065.jpg 1 54 26 65 65
0658_0041_0037_0035_0035.jpg 1 41 37 35 35
0659_0017_0014_0097_0097.jpg 1 17 14 97 97
0660_0072_0061_0062_0062.jpg 1 72 61 62 62
0661_0048_0043_0039_0039.jpg 1 48 43 39 39
0662_0024_0010_0054_0054.jpg 1 24 10 54 54
0663_0063_0029_0030_0030.jpg 1 63 29 30 30
0664_0023_0013_0073_0073.jpg 1 23 13 73 73
0665_0088_0020_0051_0051.jpg 1 88 20 51 51
0666_0034_0055_0075_0075.jpg 1 34 55 75 75
0667_0029_0047_0086_0086.jpg 1 29 47 86 86
0668_0016_0017_0101_0101.jpg 1 16 17 101 101
0669_0039_0044_0029_0029.jpg 1 39 44 29 29
0670_0054_0030_0071_0071.jpg 1 54 30 71 71
0671_0060_0055_0039_0039.jpg 1 60 55 39 39
0672_0050_0017_0091_0091.jpg 1 50 17 91 91
0673_0081_0052_0024_0024.jpg 1 81 52 24 24
0674_0036_0074_0036_0036.jpg 1 36 74 36 36
0675_0021_0059_0050_0050.jpg 1 21 59 50 50
0676_0061_0014_0080_0080.jpg 1 61 14 80 80
0677_0081_0043_0029_0029.jpg 1 81 43 29 29
0678_0031_0063_0024_0024.jpg 1 31 63 24 24
0679_0025_0007_0102_0102.jpg 1 25 7 102 102
0680_0072_0074_0046_0046.jpg 1 72 74 46 46
0681_0034_0057_0069_0069.jpg 1 34 57 69 69
0682_0089_0014_0047_0047.jpg 1 89 14 47 47
0683_0011_0037_0041_0041.jpg 1 11 37 41 41
0684_0011_0017_0083_0083.jpg 1 11 17 83 83
0685_0054_0025_0085_0085.jpg 1 54 25 85 85
0686_0018_0014_0039_0039.jpg 1 18 14 39 39
0687_0089_0043_0024_0024.jpg 1 89 43 24 24
0688_0049_0052_0090_0090.jpg 1 49 52 90 90
0689_0054_0054_0084_0084.jpg 1 54 54 84 84
0690_0017_0076_0043_0043.jpg 1 17 76 43 43
0691_0042_0030_0074_0074.jpg 1 42 30 74 74
0692_0097_0055_0025_0025.jpg 1 97 55 25 25
0693_0057_0060_0029_0029.jpg 1 57 60 29 29
0694_0037_0027_0101_0101.jpg 1 37 27 101 101
0695_0048_0086_0036_0036.jpg 1 48 86 36 36
0696_0086_0029_0037_0037.jpg 1 86 29 37 37
0697_0105_0080_0032_0032.jpg 1 105 80 32 32
0698_0024_0079_0029_0029.jpg 1 24 79 29 29
0699_0015_0007_0095_0095.jpg 1 15 7 95 95
0700_0043_0053_0024_0024.jpg 1 43 53 24 24
0701_0010_0062_0054_0054.jpg 1 10 62 54 54
0702_0029_0060_0076_0076.jpg 1 29 60 76 76
0703_0040_0083_0029_0029.jpg 1 40 83 29 29
0704_0012_0008_0104_0104.jpg 1 12 8 104 104
0705_0088_0096_0040_0040.jpg 1 88 96 40 40
0706_0035_0024_0093_0093.jpg 1 35 24 93 93
0707_0088_0097_0040_0040.jpg 1 88 97 40 40
0708_0015_0012_0092_0092.jpg 1 15 12 92 92
0709_0029_0048_0066_0066.jpg 1 29 48 66 66
0710_0031_0014_0074_0074.jpg 1 31 14 74 74
0711_0073_0075_0040_0040.jpg 1 73 75 40 40
0712_0012_0102_0031_0031.jpg 1 12 102 31 31
0713_0037_0037_0068_0068.jpg 1 37 37 68 68
0714_0067_0013_0057_0057.jpg 1 67 13 57 57
0715_0051_0025_0044_0044.jpg 1 51 25 44 44
0716_0056_0023_0035_0035.jpg 1 56 23 35 35
0717_0023_0066_0033_0033.jpg 1 23 66 33 33
0718_0020_0043_0092_0092.jpg 1 20 43 92 92
0719_0049_0043_0092_0092.jpg 1 49 43 92 92
0720_0009_0037_0076_0076.jpg 1 9 37 76 76
0721_0051_0048_0086_0086.jpg 1 51 48 86 86
0722_0080_0039_0031_0031.jpg 1 80 39 31 31
0723_0073_0033_0065_0065.jpg 1 73 33 65 65
0724_0018_0059_0074_0074.jpg 1 18 59 74 74
0725_0067_0017_0055_0055.jpg 1 67 17 55 55
0726_0021_0020_0049_0049.jpg 1 21 20 49 49
0727_0037_0066_0072_0072.jpg 1 37 66 72 72
0728_0031_0066_0050_0050.jpg 1 31 66 50 50
0729_0073_0016_0051_0051.jpg 1 73 16 51 51
0730_0035_0049_0049_0049.jpg 1 35 49 49 49
0731_0056_0023_0052_0052.jpg 1 56 23 52 52
0732_0032_0021_0097_0097.jpg 1 32 21 97 97
0733_0032_0011_0097_0097.jpg 1 32 11 97 97
0734_0052_0039_0060_0060.jpg 1 52 39 60 60
0735_0015_0014_0026_0026.jpg 1 15 14 26 26
0736_0005_0029_0104_0104.jpg 1 5 29 104 104
0737_0015_0062_0076_0076.jpg 1 15 62 76 76
0738_0011_0027_0035_0035.jpg 1 11 27 35 35
0739_0029_0010_0099_0099.jpg 1 29 10 99 99
0740_0092_0048_0043_0043.jpg 1 92 48 43 43
0741_0040_0013_0094_0094.jpg 1 40 13 94 94
0742_0090_0019_0026_0026.jpg 1 90 19 26 26
0743_0007_0042_0096_0096.jpg 1 7 42 96 96
0744_0029_0011_0055_0055.jpg 1 29 11 55 55
0745_0077_0069_0061_0061.jpg 1 77 69 61 61
0746_0017_0069_0054_0054.jpg 1 17 69 54 54
0747_0102_0073_0035_0035.jpg 1 102 73 35 35
0748_0059_0048_0082_0082.jpg 1 59 48 82 82
0749_0055_0031_0072_0072.jpg 1 55 31 72 72
0750_0025_0009_0094_0094.jpg 1 25 9 94 94
0751_0100_0074_0038_0038.jpg 1 100 74 38 38
0752_0013_0062_0069_0069.jpg 1 13 62 69 69
0753_0044_0032_0082_0082.jpg 1 44 32 82 82
0754_0031_0092_0043_0043.jpg 1 31 92 43 43
0755_0025_0058_0043_0043.jpg 1 25 58 43 43
0756_0036_0012_0032_0032.jpg 1 36 12 32 32
0757_0033_0026_0058_0058.jpg 1 33 26 58 58
0758_0098_0014_0040_0040.jpg 1 98 14 40 40
0759_0041_0037_0091_0091.jpg 1 41 37 91 91
0760_0027_0025_0099_0099.jpg 1 27 25 99 99
0761_0031_0011_0061_0061.jpg 1 31 11 61 61
0762_0040_0056_0078_0078.jpg 1 40 56 78 78
0763_0055_0064_0056_0056.jpg 1 55 64 56 56
0764_0052_0024_0083_0083.jpg 1 52 24 83 83
0765_0008_0028_0098_0098.jpg 1 8 28 98 98
0766_0040_0039_0085_0085.jpg 1 40 39 85 85
0767_0079_0074_0027_0027.jpg 1 79 74 27 27
0768_0024_0017_0098_0098.jpg 1 24 17 98 98
0769_0033_0011_0069_0069.jpg 1 33 11 69 69
0770_0031_0038_0073_0073.jpg 1 31 38 73 73
0771_0046_0007_0087_0087.jpg 1 46 7 87 87
0772_0063_0074_0025_0025.jpg 1 63 74 25 25
0773_0039_0048_0048_0048.jpg 1 39 48 48 48
0774_0030_0025_0102_0102.jpg 1 30 25 102 102
0775_0068_0062_0047_0047.jpg 1 68 62 47 47
0776_0077_0035_0058_0058.jpg 1 77 35 58 58
0777_0024_0048_0053_0053.jpg 1 24 48 53 53
0778_0026_0098_0038_0038.jpg 1 26 98 38 38
0779_0017_0038_0081_0081.jpg 1 17 38 81 81
0780_0014_0035_0103_0103.jpg 1 14 35 103 103
0781_0046_0037_0085_0085.jpg 1 46 37 85 85
0782_0011_0037_0096_0096.jpg 1 11 37 96 96
0783_0035_0043_0081_0081.jpg 1 35 43 81 81
0784_0029_0071_0055_0055.jpg 1 29 71 55 55
0785_0064_0074_0058_0058.jpg 1 64 74 58 58
0786_0005_0024_0093_0093.jpg 1 5 24 93 93
0787_0064_0013_0024_0024.jpg 1 64 13 24 24
0788_0026_0054_0088_0088.jpg 1 26 54 88 88
0789_0027_0025_0101_0101.jpg 1 27 25 101 101
0790_0090_0064_0046_0046.jpg 1 90 64 46 46
0791_0032_0086_0042_0042.jpg 1 32 86 42 42
0792_0054_0062_0044_0044.jpg 1 54 62 44 44
0793_0020_0019_0091_0091.jpg 1 20 19 91 91
0794_0092_0058_0027_0027.jpg 1 92 58 27 27
0795_0043_0066_0073_0073.jpg 1 43 66 73 73
0796_0008_0037_0084_0084.jpg 1 8 37 84 84
0797_0021_0045_0098_0098.jpg 1 21 45 98 98
0798_0051_0085_0049_0049.jpg 1 51 85 49 49
0799_0041_0031_0078_0078.jpg 1 41 31 78 78
0800_0019_0035_0077_0077.jpg 1 19 35 77 77
0801_0102_0027_0031_0031.jpg 1 102 27 31 31
0802_0048_0104_0033_0033.jpg 1 48 104 33 33
0803_0074_0045_0027_0027.jpg 1 74 45 27 27
0804_0027_0029_0092_0092.jpg 1 27 29 92 92
0805_0009_0018_0094_0094.jpg 1 9 18 94 94
0806_0023_0038_0073_0073.jpg 1 23 38 73 73
0807_0021_0040_0099_0099.jpg 1 21 40 99 99
0808_0040_0012_0090_0090.jpg 1 40 12 90 90
0809_0039_0050_0084_0084.jpg 1 39 50 84 84
0810_0009_0016_0099_0099.jpg 1 9 16 99 99
0811_0008_0058_0082_0082.jpg 1 8 58 82 82
0812_0034_0027_0099_0099.jpg 1 34 27 99 99
0813_0038_0063_0052_0052.jpg 1 38 63 52 52
0814_0042_0025_0084_0084.jpg 1 42 25 84 84
0815_0053_0100_0031_0031.jpg 1 53 100 31 31
0816_0055_0019_0049_0049.jpg 1 55 19 49 49
0817_0029_0017_0099_0099.jpg 1 29 17 99 99
0818_0048_0038_0077_0077.jpg 1 48 38 77 77
0819_0015_0045_0085_0085.jpg 1 15 45 85 85
0820_0047_0027_0091_0091.jpg 1 47 27 91 91
0821_0065_0050_0077_0077.jpg 1 65 50 77 77
0822_0039_0069_0028_0028.jpg 1 39 69 28 28
0823_0035_0049_0087_0087.jpg 1 35 49 87 87
0824_0027_0050_0055_0055.jpg 1 27 50 55 55
0825_0067_0037_0067_0067.jpg 1 67 37 67 67
0826_0013_0045_0094_0094.jpg 1 13 45 94 94
0827_0013_0027_0099_0099.jpg 1 13 27 99 99
0828_0051_0060_0063_0063.jpg 1 51 60 63 63
0829_0020_0052_0053_0053.jpg 1 20 52 53 53
0830_0070_0077_0032_0032.jpg 1 70 77 32 32
0831_0015_0043_0080_0080.jpg 1 15 43 80 80
0832_0053_0022_0044_0044.jpg 1 53 22 44 44
0833_0083_0040_0053_0053.jpg 1 83 40 53 53
0834_0076_0059_0050_0050.jpg 1 76 59 50 50
0835_0012_0067_0062_0062.jpg 1 12 67 62 62
0836_0049_0013_0056_0056.jpg 1 49 13 56 56
0837_0072_0042_0033_0033.jpg 1 72 42 33 33
0838_0038_0034_0086_0086.jpg 1 38 34 86 86
0839_0018_0009_0104_0104.jpg 1 18 9 104 104
0840_0045_0036_0074_0074.jpg 1 45 36 74 74
0841_0032_0012_0090_0090.jpg 1 32 12 90 90
0842_0047_0034_0061_0061.jpg 1 47 34 61 61
0843_0025_0039_0091_0091.jpg 1 25 39 91 91
0844_0057_0044_0080_0080.jpg 1 57 44 80 80
0845_0022_0044_0025_0025.jpg 1 22 44 25 25
0846_0050_0062_0071_0071.jpg 1 50 62 71 71
0847_0015_0040_0091_0091.jpg 1 15 40 91 91
0848_0027_0019_0035_0035.jpg 1 27 19 35 35
0849_0044_0018_0072_0072.jpg 1 44 18 72 72
0850_0033_0036_0099_0099.jpg 1 33 36 99 99
0851_0008_0051_0076_0076.jpg 1 8 51 76 76
0852_0027_0042_0052_0052.jpg 1 27 42 52 52
0853_0036_0010_0056_0056.jpg 1 36 10 56 56
0854_0090_0087_0036_0036.jpg 1 90 87 36 36
0855_0015_0047_0073_0073.jpg 1 15 47 73 73
0856_0045_0015_0082_0082.jpg 1 45 15 82 82
0857_0064_0019_0071_0071.jpg 1 64 19 71 71
0858_0070_0073_0024_0024.jpg 1 70 73 24 24
0859_0091_0033_0044_0044.jpg 1 91 33 44 44
0860_0035_0032_0078_0078.jpg 1 35 32 78 78
0861_0088_0066_0036_0036.jpg 1 88 66 36 36
0862_0041_0053_0082_0082.jpg 1 41 53 82 82
0863_0028_0072_0046_0046.jpg 1 28 72 46 46
0864_0045_0038_0089_0089.jpg 1 45 38 89 89
0865_0095_0058_0027_0027.jpg 1 95 58 27 27
0866_0012_0013_0080_0080.jpg 1 12 13 80 80
0867_0074_0010_0060_0060.jpg 1 74 10 60 60
0868_0051_0035_0084_0084.jpg 1 51 35 84 84
0869_0035_0063_0068_0068.jpg 1 35 63 68 68
0870_0036_0049_0068_0068.jpg 1 36 49 68 68
0871_0057_0040_0074_0074.jpg 1 57 40 74 74
0872_0094_0068_0037_0037.jpg 1 94 68 37 37
0873_0050_0012_0070_0070.jpg 1 50 12 70 70
0874_0060_0017_0053_0053.jpg 1 60 17 53 53
0875_0082_0012_0043_0043.jpg 1 82 12 43 43
0876_0097_0077_0034_0034.jpg 1 97 77 34 34
0877_0013_0027_0030_0030.jpg 1 13 27 30 30
0878_0022_0014_0082_0082.jpg 1 22 14 82 82
0879_0015_0061_0064_0064.jpg 1 15 61 64 64
0880_0048_0080_0055_0055.jpg 1 48 80 55 55
0881_0063_0043_0060_0060.jpg 1 63 43 60 60
0882_0081_0068_0053_0053.jpg 1 81 68 53 53
0883_0074_0090_0034_0034.jpg 1 74 90 34 34
0884_0019_0014_0097_0097.jpg 1 19 14 97 97
0885_0037_0044_0077_0077.jpg 1 37 44 77 77
0886_0049_0061_0068_0068.jpg 1 49 61 68 68
0887_0027_0037_0074_0074.jpg 1 27 37 74 74
0888_0017_0029_0103_0103.jpg 1 17 29 103 103
0889_0010_0037_0074_0074.jpg 1 10 37 74 74
0890_0035_0046_0092_0092.jpg 1 35 46 92 92
0891_0018_0048_0094_0094.jpg 1 18 48 94 94
0892_0048_0028_0090_0090.jpg 1 48 28 90 90
0893_0017_0007_0096_0096.jpg 1 17 7 96 96
0894_0087_0048_0047_0047.jpg 1 87 48 47 47
0895_0016_0029_0030_0030.jpg 1 16 29 30 30
0896_0063_0073_0054_0054.jpg 1 63 73 54 54
0897_0096_0083_0032_0032.jpg 1 96 83 32 32
0898_0045_0049_0090_0090.jpg 1 45 49 90 90
0899_0099_0068_0029_0029.jpg 1 99 68 29 29
0900_0039_0033_0082_0082.jpg 1 39 33 82 82
0901_0014_0015_0099_0099.jpg 1 14 15 99 99
0902_0074_0052_0053_0053.jpg 1 74 52 53 53
0903_0009_0032_0100_0100.jpg 1 9 32 100 100
0904_0019_0018_0081_0081.jpg 1 19 18 81 81
0905_0029_0021_0080_0080.jpg 1 29 21 80 80
0906_0013_0055_0041_0041.jpg 1 13 55 41 41
0907_0051_0049_0059_0059.jpg 1 51 49 59 59
0908_0041_0016_0093_0093.jpg 1 41 16 93 93
0909_0033_0048_0059_0059.jpg 1 33 48 59 59
0910_0036_0013_0100_0100.jpg 1 36 13 100 100
0911_0018_0027_0090_0090.jpg 1 18 27 90 90
0912_0024_0020_0092_0092.jpg 1 24 20 92 92
0913_0065_0016_0075_0075.jpg 1 65 16 75 75
0914_0014_0028_0083_0083.jpg 1 14 28 83 83
0915_0011_0031_0104_0104.jpg 1 11 31 104 104
0916_0017_0027_0050_0050.jpg 1 17 27 50 50
0917_0052_0048_0041_0041.jpg 1 52 48 41 41
0918_0090_0032_0031_0031.jpg 1 90 32 31 31
0919_0070_0046_0039_0039.jpg 1 70 46 39 39
0920_0066_0072_0054_0054.jpg 1 66 72 54 54
0921_0017_0019_0094_0094.jpg 1 17 19 94 94
0922_0024_0050_0062_0062.jpg 1 24 50 62 62
0923_0021_0024_0028_0028.jpg 1 21 24 28 28
0924_0088_0021_0033_0033.jpg 1 88 21 33 33
0925_0050_0030_0087_0087.jpg 1 50 30 87 87
0926_0025_0048_0074_0074.jpg 1 25 48 74 74
0927_0023_0031_0054_0054.jpg 1 23 31 54 54
0928_0056_0056_0058_0058.jpg 1 56 56 58 58
0929_0061_0007_0080_0080.jpg 1 61 7 80 80
0930_0015_0032_0091_0091.jpg 1 15 32 91 91
0931_0015_0033_0071_0071.jpg 1 15 33 71 71
0932_0044_0011_0070_0070.jpg 1 44 11 70 70
0933_0030_0018_0073_0073.jpg 1 30 18 73 73
0934_0066_0030_0049_0049.jpg 1 66 30 49 49
0935_0075_0050_0049_0049.jpg 1 75 50 49 49
0936_0005_0015_0102_0102.jpg 1 5 15 102 102
0937_0060_0067_0070_0070.jpg 1 60 67 70 70
0938_0009_0013_0075_0075.jpg 1 9 13 75 75
0939_0013_0062_0079_0079.jpg 1 13 62 79 79
0940_0009_0026_0102_0102.jpg 1 9 26 102 102
0941_0011_0008_0083_0083.jpg 1 11 8 83 83
0942_0031_0047_0067_0067.jpg 1 31 47 67 67
0943_0020_0025_0089_0089.jpg 1 20 25 89 89
0944_0023_0064_0047_0047.jpg 1 23 64 47 47
0945_0024_0029_0080_0080.jpg 1 24 29 80 80
0946_0078_0065_0060_0060.jpg 1 78 65 60 60
0947_0012_0054_0056_0056.jpg 1 12 54 56 56
0948_0033_0031_0087_0087.jpg 1 33 31 87 87
0949_0032_0098_0027_0027.jpg 1 32 98 27 27
0950_0053_0009_0069_0069.jpg 1 53 9 69 69
0951_0018_0034_0100_0100.jpg 1 18 34 100 100
0952_0043_0049_0049_0049.jpg 1 43 49 49 49
0953_0064_0085_0032_0032.jpg 1 64 85 32 32
0954_0077_0057_0060_0060.jpg 1 77 57 60 60
0955_0079_0091_0033_0033.jpg 1 79 91 33 33
0956_0027_0011_0102_0102.jpg 1 27 11 102 102
0957_0024_0029_0102_0102.jpg 1 24 29 102 102
0958_0059_0048_0049_0049.jpg 1 59 48 49 49
0959_0045_0044_0091_0091.jpg 1 45 44 91 91
0960_0036_0035_0057_0057.jpg 1 36 35 57 57
0961_0011_0047_0031_0031.jpg 1 11 47 31 31
0962_0050_0009_0067_0067.jpg 1 50 9 67 67
0963_0026_0074_0037_0037.jpg 1 26 74 37 37
0964_0078_0012_0045_0045.jpg 1 78 12 45 45
0965_0094_0055_0030_0030.jpg 1 94 55 30 30
0966_0034_0038_0092_0092.jpg 1 34 38 92 92
0967_0012_0051_0085_0085.jpg 1 12 51 85 85
0968_0018_0007_0098_0098.jpg 1 18 7 98 98
0969_0025_0031_0026_0026.jpg 1 25 31 26 26
0970_0050_0067_0042_0042.jpg 1 50 67 42 42
0971_0055_0045_0086_0086.jpg 1 55 45 86 86
0972_0042_0040_0047_0047.jpg 1 42 40 47 47
0973_0055_0042_0059_0059.jpg 1 55 42 59 59
0974_0016_0020_0092_0092.jpg 1 16 20 92 92
0975_0049_0032_0069_0069.jpg 1 49 32 69 69
0976_0032_0023_0102_0102.jpg 1 32 23 102 102
0977_0021_0071_0051_0051.jpg 1 21 71 51 51
0978_0044_0024_0098_0098.jpg 1 44 24 98 98
0979_0040_0015_0085_0085.jpg 1 40 15 85 85
0980_0037_0084_0042_0042.jpg 1 37 84 42 42
0981_0080_0023_0055_0055.jpg 1 80 23 55 55
0982_0041_0030_0099_0099.jpg 1 41 30 99 99
0983_0030_0054_0075_0075.jpg 1 30 54 75 75
0984_0057_0057_0030_0030.jpg 1 57 57 30 30
0985_0011_0025_0065_0065.jpg 1 11 25 65 65
0986_0049_0021_0082_0082.jpg 1 49 21 82 82
0987_0060_0048_0074_0074.jpg 1 60 48 74 74
0988_0026_0094_0026_0026.jpg 1 26 94 26 26
0989_0041_0033_0062_0062.jpg 1 41 33 62 62
0990_0065_0085_0033_0033.jpg 1 65 85 33 33
0991_0059_0014_0062_0062.jpg 1 59 14 62 62
0992_0057_0046_0084_0084.jpg 1 57 46 84 84
0993_0027_0069_0066_0066.jpg 1 27 69 66 66
0994_0066_0040_0068_0068.jpg 1 66 40 68 68
0995_0037_0022_0026_0026.jpg 1 37 22 26 26
0996_0022_0037_0037_0037.jpg 1 22 37 37 37
0997_0034_0039_0087_0087.jpg 1 34 39 87 87
0998_0048_0011_0058_0058.jpg 1 48 11 58 58
0999_0106_0052_0026_0026.jpg 1 106 52 26 26
1000_0018_0045_0054_0054.jpg 1 18 45 54 54
1001_0046_0066_0069_0069.jpg 1 46 66 69 69
1002_0061_0063_0044_0044.jpg 1 61 63 44 44
1003_0043_0051_0063_0063.jpg 1 43 51 63 63
1004_0050_0057_0044_0044.jpg 1 50 57 44 44
1005_0014_0050_0071_0071.jpg 1 14 50 71 71
1006_0056_0057_0072_0072.jpg 1 56 57 72 72
1007_0031_0048_0094_0094.jpg 1 31 48 94 94
1008_0011_0010_0098_0098.jpg 1 11 10 98 98
1009_0079_0101_0035_0035.jpg 1 79 101 35 35
1010_0065_0033_0026_0026.jpg 1 65 33 26 26
1011_0007_0018_0102_0102.jpg 1 7 18 102 102
1012_0023_0031_0083_0083.jpg 1 23 31 83 83
1013_0010_0022_0104_0104.jpg 1 10 22 104 104
1014_0022_0067_0053_0053.jpg 1 22 67 53 53
1015_0007_0014_0104_0104.jpg 1 7 14 104 104
1016_0034_0065_0061_0061.jpg 1 34 65 61 61
1017_0022_0030_0085_0085.jpg 1 22 30 85 85
1018_0044_0027_0061_0061.jpg 1 44 27 61 61
1019_0019_0050_0087_0087.jpg 1 19 50 87 87
1020_0019_0013_0088_0088.jpg 1 19 13 88 88
1021_0010_0016_0100_0100.jpg 1 10 16 100 100
1022_0048_0074_0056_0056.jpg 1 48 74 56 56
1023_0028_0039_0035_0035.jpg 1 28 39 35 35
1024_0077_0051_0048_0048.jpg 1 77 51 48 48
1025_0043_0032_0040_0040.jpg 1 43 32 40 40
1026_0011_0052_0066_0066.jpg 1 11 52 66 66
1027_0040_0027_0098_0098.jpg 1 40 27 98 98
1028_0057_0037_0074_0074.jpg 1 57 37 74 74
1029_0045_0022_0086_0086.jpg 1 45 22 86 86
1030_0011_0015_0103_0103.jpg 1 11 15 103 103
1031_0039_0077_0045_0045.jpg 1 39 77 45 45
1032_0009_0009_0095_0095.jpg 1 9 9 95 95
1033_0040_0014_0050_0050.jpg 1 40 14 50 50
1034_0028_0059_0051_0051.jpg 1 28 59 51 51
1035_0072_0059_0047_0047.jpg 1 72 59 47 47
1036_0043_0022_0089_0089.jpg 1 43 22 89 89
1037_0030_0037_0100_0100.jpg 1 30 37 100 100
1038_0026_0079_0034_0034.jpg 1 26 79 34 34
1039_0016_0008_0071_0071.jpg 1 16 8 71 71
1040_0068_0023_0032_0032.jpg 1 68 23 32 32
1041_0010_0013_0088_0088.jpg 1 10 13 88 88
1042_0076_0015_0049_0049.jpg 1 76 15 49 49
1043_0054_0031_0065_0065.jpg 1 54 31 65 65
1044_0052_0060_0055_0055.jpg 1 52 60 55 55
1045_0033_0021_0101_0101.jpg 1 33 21 101 101
1046_0063_0029_0037_0037.jpg 1 63 29 37 37
1047_0060_0048_0053_0053.jpg 1 60 48 53 53
1048_0020_0053_0076_0076.jpg 1 20 53 76 76
1049_0081_0100_0031_0031.jpg 1 81 100 31 31
1050_0035_0029_0084_0084.jpg 1 35 29 84 84
1051_0005_0016_0099_0099.jpg 1 5 16 99 99
1052_0054_0090_0034_0034.jpg 1 54 90 34 34
1053_0031_0036_0069_0069.jpg 1 31 36 69 69
1054_0023_0086_0033_0033.jpg 1 23 86 33 33
1055_0062_0082_0058_0058.jpg 1 62 82 58 58
1056_0038_0073_0058_0058.jpg 1 38 73 58 58
1057_0063_0082_0033_0033.jpg 1 63 82 33 33
1058_0071_0064_0050_0050.jpg 1 71 64 50 50
1059_0060_0057_0060_0060.jpg 1 60 57 60 60
1060_0056_0021_0026_0026.jpg 1 56 21 26 26
1061_0086_0095_0027_0027.jpg 1 86 95 27 27
1062_0041_0011_0078_0078.jpg 1 41 11 78 78
1063_0057_0016_0034_0034.jpg 1 57 16 34 34
1064_0041_0015_0099_0099.jpg 1 41 15 99 99
1065_0005_0024_0101_0101.jpg 1 5 24 101 101
1066_0041_0092_0044_0044.jpg 1 41 92 44 44
1067_0015_0026_0084_0084.jpg 1 15 26 84 84
1068_0097_0047_0026_0026.jpg 1 97 47 26 26
1069_0049_0074_0030_0030.jpg 1 49 74 30 30
1070_0065_0057_0062_0062.jpg 1 65 57 62 62
1071_0031_0048_0087_0087.jpg 1 31 48 87 87
1072_0090_0070_0037_0037.jpg 1 90 70 37 37
1073_0013_0025_0099_0099.jpg 1 13 25 99 99
1074_0083_0061_0050_0050.jpg 1 83 61 50 50
1075_0043_0040_0080_0080.jpg 1 43 40 80 80
1076_0054_0076_0050_0050.jpg 1 54 76 50 50
1077_0014_0068_0071_0071.jpg 1 14 68 71 71
1078_0048_0046_0095_0095.jpg 1 48 46 95 95
1079_0025_0049_0040_0040.jpg 1 25 49 40 40
1080_0016_0012_0074_0074.jpg 1 16 12 74 74
1081_0047_0024_0068_0068.jpg 1 47 24 68 68
1082_0023_0038_0069_0069.jpg 1 23 38 69 69
1083_0017_0036_0076_0076.jpg 1 17 36 76 76
1084_0020_0045_0040_0040.jpg 1 20 45 40 40
1085_0043_0095_0042_0042.jpg 1 43 95 42 42
1086_0057_0052_0036_0036.jpg 1 57 52 36 36
1087_0074_0017_0048_0048.jpg 1 74 17 48 48
1088_0043_0046_0090_0090.jpg 1 43 46 90 90
1089_0027_0073_0054_0054.jpg 1 27 73 54 54
1090_0038_0047_0071_0071.jpg 1 38 47 71 71
1091_0029_0018_0042_0042.jpg 1 29 18 42 42
1092_0076_0043_0062_0062.jpg 1 76 43 62 62
1093_0020_0018_0097_0097.jpg 1 20 18 97 97
1094_0013_0050_0060_0060.jpg 1 13 50 60 60
1095_0038_0075_0035_0035.jpg 1 38 75 35 35
1096_0034_0034_0037_0037.jpg 1 34 34 37 37
1097_0035_0014_0090_0090.jpg 1 35 14 90 90
1098_0049_0032_0092_0092.jpg 1 49 32 92 92
1099_0058_0043_0078_0078.jpg 1 58 43 78 78
1100_0053_0077_0062_0062.jpg 1 53 77 62 62
1101_0010_0046_0096_0096.jpg 1 10 46 96 96
1102_0018_0078_0027_0027.jpg 1 18 78 27 27
1103_0056_0063_0065_0065.jpg 1 56 63 65 65
1104_0045_0015_0071_0071.jpg 1 45 15 71 71
1105_0022_0007_0095_0095.jpg 1 22 7 95 95
1106_0042_0040_0099_0099.jpg 1 42 40 99 99
1107_0072_0051_0049_0049.jpg 1 72 51 49 49
1108_0092_0066_0028_0028.jpg 1 92 66 28 28
1109_0038_0047_0082_0082.jpg 1 38 47 82 82
1110_0061_0028_0063_0063.jpg 1 61 28 63 63
1111_0088_0080_0051_0051.jpg 1 88 80 51 51
1112_0038_0029_0102_0102.jpg 1 38 29 102 102
1113_0013_0011_0053_0053.jpg 1 13 11 53 53
1114_0066_0056_0071_0071.jpg 1 66 56 71 71
1115_0037_0073_0059_0059.jpg 1 37 73 59 59
1116_0046_0097_0030_0030.jpg 1 46 97 30 30
1117_0017_0005_0096_0096.jpg 1 17 5 96 96
1118_0052_0021_0075_0075.jpg 1 52 21 75 75
1119_0043_0012_0073_0073.jpg 1 43 12 73 73
1120_0030_0043_0060_0060.jpg 1 30 43 60 60
1121_0013_0008_0076_0076.jpg 1 13 8 76 76
1122_0053_0029_0070_0070.jpg 1 53 29 70 70
1123_0032_0015_0064_0064.jpg 1 32 15 64 64
1124_0021_0039_0094_0094.jpg 1 21 39 94 94
1125_0033_0052_0084_0084.jpg 1 33 52 84 84
1126_0072_0035_0030_0030.jpg 1 72 35 30 30
1127_0074_0018_0043_0043.jpg 1 74 18 43 43
1128_0061_0055_0075_0075.jpg 1 61 55 75 75
1129_0013_0011_0069_0069.jpg 1 13 11 69 69
1130_0062_0030_0079_0079.jpg 1 62 30 79 79
1131_0075_0098_0032_0032.jpg 1 75 98 32 32
1132_0042_0043_0097_0097.jpg 1 42 43 97 97
1133_0029_0066_0043_0043.jpg 1 29 66 43 43
1134_0026_0087_0035_0035.jpg 1 26 87 35 35
1135_0050_0031_0077_0077.jpg 1 50 31 77 77
1136_0044_0069_0049_0049.jpg 1 44 69 49 49
1137_0036_0046_0036_0036.jpg 1 36 46 36 36
1138_0080_0048_0060_0060.jpg 1 80 48 60 60
1139_0049_0042_0027_0027.jpg 1 49 42 27 27
1140_0050_0016_0086_0086.jpg 1 50 16 86 86
1141_0035_0024_0104_0104.jpg 1 35 24 104 104
1142_0038_0047_0075_0075.jpg 1 38 47 75 75
1143_0011_0034_0088_0088.jpg 1 11 34 88 88
