0001_0013_0031_0095_0095.jpg 1 13 31 95 95
0002_0062_0072_0062_0062.jpg 1 62 72 62 62
0003_0041_0014_0096_0096.jpg 1 41 14 96 96
0004_0048_0054_0089_0089.jpg 1 48 54 89 89
0005_0027_0083_0025_0025.jpg 1 27 83 25 25
0006_0079_0082_0029_0029.jpg 1 79 82 29 29
0007_0008_0028_0087_0087.jpg 1 8 28 87 87
0008_0039_0012_0057_0057.jpg 1 39 12 57 57
0009_0030_0009_0100_0100.jpg 1 30 9 100 100
0010_0035_0077_0053_0053.jpg 1 35 77 53 53
0011_0037_0009_0094_0094.jpg 1 37 9 94 94
0012_0055_0031_0041_0041.jpg 1 55 31 41 41
0013_0012_0055_0087_0087.jpg 1 12 55 87 87
0014_0017_0039_0074_0074.jpg 1 17 39 74 74
0015_0056_0082_0051_0051.jpg 1 56 82 51 51
0016_0043_0031_0102_0102.jpg 1 43 31 102 102
0017_0056_0052_0052_0052.jpg 1 56 52 52 52
0018_0030_0012_0093_0093.jpg 1 30 12 93 93
0019_0010_0037_0083_0083.jpg 1 10 37 83 83
0020_0089_0084_0043_0043.jpg 1 89 84 43 43
0021_0067_0065_0027_0027.jpg 1 67 65 27 27
0022_0027_0018_0054_0054.jpg 1 27 18 54 54
0023_0090_0075_0046_0046.jpg 1 90 75 46 46
0024_0077_0016_0050_0050.jpg 1 77 16 50 50
0025_0027_0066_0041_0041.jpg 1 27 66 41 41
0026_0034_0015_0095_0095.jpg 1 34 15 95 95
0027_0017_0096_0032_0032.jpg 1 17 96 32 32
0028_0029_0029_0063_0063.jpg 1 29 29 63 63
0029_0029_0026_0093_0093.jpg 1 29 26 93 93
0030_0045_0031_0084_0084.jpg 1 45 31 84 84
0031_0022_0038_0099_0099.jpg 1 22 38 99 99
0032_0015_0013_0098_0098.jpg 1 15 13 98 98
0033_0038_0048_0060_0060.jpg 1 38 48 60 60
0034_0025_0093_0038_0038.jpg 1 25 93 38 38
0035_0036_0033_0103_0103.jpg 1 36 33 103 103
0036_0053_0069_0045_0045.jpg 1 53 69 45 45
0037_0019_0052_0038_0038.jpg 1 19 52 38 38
0038_0038_0012_0096_0096.jpg 1 38 12 96 96
0039_0051_0016_0048_0048.jpg 1 51 16 48 48
0040_0072_0030_0068_0068.jpg 1 72 30 68 68
0041_0021_0084_0038_0038.jpg 1 21 84 38 38
0042_0058_0028_0074_0074.jpg 1 58 28 74 74
0043_0060_0037_0054_0054.jpg 1 60 37 54 54
0044_0067_0063_0034_0034.jpg 1 67 63 34 34
0045_0034_0064_0078_0078.jpg 1 34 64 78 78
0046_0091_0058_0032_0032.jpg 1 91 58 32 32
0047_0043_0053_0052_0052.jpg 1 43 53 52 52
0048_0046_0030_0084_0084.jpg 1 46 30 84 84
0049_0022_0012_0071_0071.jpg 1 22 12 71 71
0050_0049_0076_0056_0056.jpg 1 49 76 56 56
0051_0029_0009_0070_0070.jpg 1 29 9 70 70
0052_0023_0023_0099_0099.jpg 1 23 23 99 99
0053_0053_0079_0035_0035.jpg 1 53 79 35 35
0054_0007_0026_0101_0101.jpg 1 7 26 101 101
0055_0020_0045_0076_0076.jpg 1 20 45 76 76
0056_0013_0021_0078_0078.jpg 1 13 21 78 78
0057_0082_0067_0045_0045.jpg 1 82 67 45 45
0058_0009_0024_0095_0095.jpg 1 9 24 95 95
0059_0094_0065_0033_0033.jpg 1 94 65 33 33
0060_0040_0018_0079_0079.jpg 1 40 18 79 79
0061_0033_0045_0056_0056.jpg 1 33 45 56 56
0062_0064_0070_0058_0058.jpg 1 64 70 58 58
0063_0025_0070_0056_0056.jpg 1 25 70 56 56
0064_0041_0024_0077_0077.jpg 1 41 24 77 77
0065_0020_0018_0101_0101.jpg 1 20 18 101 101
0066_0101_0072_0031_0031.jpg 1 101 72 31 31
0067_0091_0064_0046_0046.jpg 1 91 64 46 46
0068_0029_0078_0026_0026.jpg 1 29 78 26 26
0069_0038_0018_0095_0095.jpg 1 38 18 95 95
0070_0042_0064_0076_0076.jpg 1 42 64 76 76
0071_0080_0019_0059_0059.jpg 1 80 19 59 59
0072_0089_0099_0030_0030.jpg 1 89 99 30 30
0073_0044_0027_0069_0069.jpg 1 44 27 69 69
0074_0042_0039_0065_0065.jpg 1 42 39 65 65
0075_0040_0014_0103_0103.jpg 1 40 14 103 103
0076_0029_0063_0051_0051.jpg 1 29 63 51 51
0077_0031_0013_0065_0065.jpg 1 31 13 65 65
0078_0078_0060_0035_0035.jpg 1 78 60 35 35
0079_0010_0041_0090_0090.jpg 1 10 41 90 90
0080_0096_0078_0039_0039.jpg 1 96 78 39 39
0081_0040_0031_0079_0079.jpg 1 40 31 79 79
0082_0059_0044_0077_0077.jpg 1 59 44 77 77
0083_0027_0059_0052_0052.jpg 1 27 59 52 52
0084_0021_0064_0066_0066.jpg 1 21 64 66 66
0085_0033_0012_0078_0078.jpg 1 33 12 78 78
0086_0017_0039_0078_0078.jpg 1 17 39 78 78
0087_0083_0023_0039_0039.jpg 1 83 23 39 39
0088_0020_0050_0081_0081.jpg 1 20 50 81 81
0089_0067_0071_0058_0058.jpg 1 67 71 58 58
0090_0038_0010_0052_0052.jpg 1 38 10 52 52
0091_0040_0035_0067_0067.jpg 1 40 35 67 67
0092_0063_0049_0026_0026.jpg 1 63 49 26 26
0093_0074_0077_0046_0046.jpg 1 74 77 46 46
0094_0011_0014_0053_0053.jpg 1 11 14 53 53
0095_0051_0042_0027_0027.jpg 1 51 42 27 27
0096_0012_0014_0098_0098.jpg 1 12 14 98 98
0097_0010_0030_0090_0090.jpg 1 10 30 90 90
0098_0015_0054_0081_0081.jpg 1 15 54 81 81
0099_0023_0048_0039_0039.jpg 1 23 48 39 39
0100_0030_0071_0026_0026.jpg 1 30 71 26 26
0101_0021_0022_0087_0087.jpg 1 21 22 87 87
0102_0042_0026_0102_0102.jpg 1 42 26 102 102
0103_0012_0062_0053_0053.jpg 1 12 62 53 53
0104_0047_0054_0069_0069.jpg 1 47 54 69 69
0105_0023_0064_0061_0061.jpg 1 23 64 61 61
0106_0099_0098_0038_0038.jpg 1 99 98 38 38
0107_0010_0034_0054_0054.jpg 1 10 34 54 54
0108_0041_0039_0035_0035.jpg 1 41 39 35 35
0109_0021_0065_0076_0076.jpg 1 21 65 76 76
0110_0051_0082_0045_0045.jpg 1 51 82 45 45
0111_0009_0022_0102_0102.jpg 1 9 22 102 102
0112_0076_0040_0028_0028.jpg 1 76 40 28 28
0113_0036_0011_0086_0086.jpg 1 36 11 86 86
0114_0077_0036_0041_0041.jpg 1 77 36 41 41
0115_0020_0037_0102_0102.jpg 1 20 37 102 102
0116_0013_0039_0089_0089.jpg 1 13 39 89 89
0117_0011_0010_0074_0074.jpg 1 11 10 74 74
0118_0021_0067_0037_0037.jpg 1 21 67 37 37
0119_0016_0059_0024_0024.jpg 1 16 59 24 24
0120_0020_0016_0100_0100.jpg 1 20 16 100 100
0121_0038_0025_0085_0085.jpg 1 38 25 85 85
0122_0041_0021_0031_0031.jpg 1 41 21 31 31
0123_0070_0027_0072_0072.jpg 1 70 27 72 72
0124_0045_0029_0066_0066.jpg 1 45 29 66 66
0125_0056_0059_0033_0033.jpg 1 56 59 33 33
0126_0048_0083_0053_0053.jpg 1 48 83 53 53
0127_0033_0026_0078_0078.jpg 1 33 26 78 78
0128_0036_0008_0068_0068.jpg 1 36 8 68 68
0129_0087_0052_0029_0029.jpg 1 87 52 29 29
0130_0011_0058_0080_0080.jpg 1 11 58 80 80
0131_0025_0045_0094_0094.jpg 1 25 45 94 94
0132_0028_0069_0070_0070.jpg 1 28 69 70 70
0133_0035_0070_0060_0060.jpg 1 35 70 60 60
0134_0016_0037_0058_0058.jpg 1 16 37 58 58
0135_0040_0014_0089_0089.jpg 1 40 14 89 89
0136_0105_0012_0032_0032.jpg 1 105 12 32 32
0137_0079_0049_0046_0046.jpg 1 79 49 46 46
0138_0011_0014_0035_0035.jpg 1 11 14 35 35
0139_0015_0066_0051_0051.jpg 1 15 66 51 51
0140_0012_0028_0095_0095.jpg 1 12 28 95 95
0141_0067_0010_0057_0057.jpg 1 67 10 57 57
0142_0058_0062_0048_0048.jpg 1 58 62 48 48
0143_0068_0055_0058_0058.jpg 1 68 55 58 58
0144_0069_0074_0063_0063.jpg 1 69 74 63 63
0145_0055_0068_0060_0060.jpg 1 55 68 60 60
0146_0029_0020_0098_0098.jpg 1 29 20 98 98
0147_0018_0054_0025_0025.jpg 1 18 54 25 25
0148_0035_0051_0048_0048.jpg 1 35 51 48 48
0149_0007_0008_0101_0101.jpg 1 7 8 101 101
0150_0040_0086_0054_0054.jpg 1 40 86 54 54
0151_0019_0013_0092_0092.jpg 1 19 13 92 92
0152_0076_0046_0063_0063.jpg 1 76 46 63 63
0153_0069_0080_0042_0042.jpg 1 69 80 42 42
0154_0048_0044_0095_0095.jpg 1 48 44 95 95
0155_0027_0097_0030_0030.jpg 1 27 97 30 30
0156_0095_0048_0030_0030.jpg 1 95 48 30 30
0157_0087_0026_0037_0037.jpg 1 87 26 37 37
0158_0046_0042_0088_0088.jpg 1 46 42 88 88
0159_0079_0023_0032_0032.jpg 1 79 23 32 32
0160_0038_0067_0069_0069.jpg 1 38 67 69 69
0161_0010_0019_0081_0081.jpg 1 10 19 81 81
0162_0009_0024_0091_0091.jpg 1 9 24 91 91
0163_0049_0009_0095_0095.jpg 1 49 9 95 95
0164_0013_0084_0028_0028.jpg 1 13 84 28 28
0165_0065_0050_0071_0071.jpg 1 65 50 71 71
0166_0074_0100_0027_0027.jpg 1 74 100 27 27
0167_0020_0015_0042_0042.jpg 1 20 15 42 42
0168_0037_0049_0093_0093.jpg 1 37 49 93 93
0169_0025_0023_0075_0075.jpg 1 25 23 75 75
0170_0074_0081_0029_0029.jpg 1 74 81 29 29
0171_0013_0014_0051_0051.jpg 1 13 14 51 51
0172_0054_0033_0058_0058.jpg 1 54 33 58 58
0173_0086_0075_0034_0034.jpg 1 86 75 34 34
0174_0048_0014_0087_0087.jpg 1 48 14 87 87
0175_0050_0038_0060_0060.jpg 1 50 38 60 60
0176_0054_0107_0026_0026.jpg 1 54 107 26 26
0177_0033_0029_0103_0103.jpg 1 33 29 103 103
0178_0025_0079_0053_0053.jpg 1 25 79 53 53
0179_0009_0026_0064_0064.jpg 1 9 26 64 64
0180_0047_0023_0033_0033.jpg 1 47 23 33 33
0181_0044_0079_0040_0040.jpg 1 44 79 40 40
0182_0013_0035_0103_0103.jpg 1 13 35 103 103
0183_0041_0017_0101_0101.jpg 1 41 17 101 101
0184_0040_0038_0050_0050.jpg 1 40 38 50 50
0185_0010_0027_0075_0075.jpg 1 10 27 75 75
0186_0038_0053_0079_0079.jpg 1 38 53 79 79
0187_0077_0026_0063_0063.jpg 1 77 26 63 63
0188_0014_0052_0058_0058.jpg 1 14 52 58 58
0189_0046_0017_0067_0067.jpg 1 46 17 67 67
0190_0064_0059_0068_0068.jpg 1 64 59 68 68
0191_0059_0015_0084_0084.jpg 1 59 15 84 84
0192_0048_0039_0092_0092.jpg 1 48 39 92 92
0193_0015_0081_0047_0047.jpg 1 15 81 47 47
0194_0062_0068_0070_0070.jpg 1 62 68 70 70
0195_0043_0032_0092_0092.jpg 1 43 32 92 92
0196_0054_0030_0039_0039.jpg 1 54 30 39 39
0197_0059_0049_0076_0076.jpg 1 59 49 76 76
0198_0071_0032_0036_0036.jpg 1 71 32 36 36
0199_0016_0095_0026_0026.jpg 1 16 95 26 26
0200_0027_0053_0072_0072.jpg 1 27 53 72 72
0201_0046_0051_0071_0071.jpg 1 46 51 71 71
0202_0034_0021_0056_0056.jpg 1 34 21 56 56
0203_0020_0012_0091_0091.jpg 1 20 12 91 91
0204_0034_0050_0079_0079.jpg 1 34 50 79 79
0205_0048_0066_0074_0074.jpg 1 48 66 74 74
0206_0048_0035_0090_0090.jpg 1 48 35 90 90
0207_0029_0040_0076_0076.jpg 1 29 40 76 76
0208_0023_0046_0075_0075.jpg 1 23 46 75 75
0209_0055_0025_0084_0084.jpg 1 55 25 84 84
0210_0040_0010_0104_0104.jpg 1 40 10 104 104
0211_0024_0011_0044_0044.jpg 1 24 11 44 44
0212_0027_0046_0051_0051.jpg 1 27 46 51 51
0213_0072_0052_0069_0069.jpg 1 72 52 69 69
0214_0041_0043_0024_0024.jpg 1 41 43 24 24
0215_0019_0030_0099_0099.jpg 1 19 30 99 99
0216_0075_0025_0063_0063.jpg 1 75 25 63 63
0217_0037_0010_0094_0094.jpg 1 37 10 94 94
0218_0021_0008_0099_0099.jpg 1 21 8 99 99
0219_0025_0037_0085_0085.jpg 1 25 37 85 85
0220_0011_0021_0048_0048.jpg 1 11 21 48 48
0221_0051_0051_0044_0044.jpg 1 51 51 44 44
0222_0033_0054_0078_0078.jpg 1 33 54 78 78
0223_0028_0045_0094_0094.jpg 1 28 45 94 94
0224_0040_0035_0096_0096.jpg 1 40 35 96 96
0225_0052_0036_0067_0067.jpg 1 52 36 67 67
0226_0041_0048_0077_0077.jpg 1 41 48 77 77
0227_0021_0025_0094_0094.jpg 1 21 25 94 94
0228_0007_0021_0092_0092.jpg 1 7 21 92 92
0229_0089_0047_0042_0042.jpg 1 89 47 42 42
0230_0032_0072_0041_0041.jpg 1 32 72 41 41
0231_0050_0026_0085_0085.jpg 1 50 26 85 85
0232_0019_0062_0057_0057.jpg 1 19 62 57 57
0233_0065_0052_0066_0066.jpg 1 65 52 66 66
0234_0061_0033_0044_0044.jpg 1 61 33 44 44
0235_0036_0066_0048_0048.jpg 1 36 66 48 48
0236_0055_0057_0082_0082.jpg 1 55 57 82 82
0237_0044_0048_0051_0051.jpg 1 44 48 51 51
0238_0081_0094_0027_0027.jpg 1 81 94 27 27
0239_0026_0051_0035_0035.jpg 1 26 51 35 35
0240_0037_0054_0078_0078.jpg 1 37 54 78 78
0241_0017_0067_0056_0056.jpg 1 17 67 56 56
0242_0056_0062_0059_0059.jpg 1 56 62 59 59
0243_0058_0042_0069_0069.jpg 1 58 42 69 69
0244_0071_0046_0063_0063.jpg 1 71 46 63 63
0245_0010_0030_0060_0060.jpg 1 10 30 60 60
0246_0046_0023_0074_0074.jpg 1 46 23 74 74
0247_0054_0015_0087_0087.jpg 1 54 15 87 87
0248_0058_0054_0078_0078.jpg 1 58 54 78 78
0249_0035_0047_0072_0072.jpg 1 35 47 72 72
0250_0065_0014_0029_0029.jpg 1 65 14 29 29
0251_0065_0043_0026_0026.jpg 1 65 43 26 26
0252_0015_0026_0100_0100.jpg 1 15 26 100 100
0253_0025_0010_0097_0097.jpg 1 25 10 97 97
0254_0056_0053_0053_0053.jpg 1 56 53 53 53
0255_0029_0013_0082_0082.jpg 1 29 13 82 82
0256_0077_0059_0053_0053.jpg 1 77 59 53 53
0257_0041_0044_0080_0080.jpg 1 41 44 80 80
0258_0021_0040_0027_0027.jpg 1 21 40 27 27
0259_0007_0030_0099_0099.jpg 1 7 30 99 99
0260_0075_0016_0040_0040.jpg 1 75 16 40 40
0261_0080_0081_0039_0039.jpg 1 80 81 39 39
0262_0067_0024_0041_0041.jpg 1 67 24 41 41
0263_0033_0063_0050_0050.jpg 1 33 63 50 50
0264_0027_0039_0067_0067.jpg 1 27 39 67 67
0265_0042_0015_0049_0049.jpg 1 42 15 49 49
0266_0045_0040_0083_0083.jpg 1 45 40 83 83
0267_0091_0076_0047_0047.jpg 1 91 76 47 47
0268_0060_0060_0063_0063.jpg 1 60 60 63 63
0269_0050_0008_0088_0088.jpg 1 50 8 88 88
0270_0010_0018_0082_0082.jpg 1 10 18 82 82
0271_0048_0031_0065_0065.jpg 1 48 31 65 65
0272_0055_0024_0079_0079.jpg 1 55 24 79 79
0273_0085_0075_0053_0053.jpg 1 85 75 53 53
0274_0037_0013_0063_0063.jpg 1 37 13 63 63
0275_0035_0020_0099_0099.jpg 1 35 20 99 99
0276_0040_0049_0085_0085.jpg 1 40 49 85 85
0277_0058_0033_0080_0080.jpg 1 58 33 80 80
0278_0010_0040_0066_0066.jpg 1 10 40 66 66
0279_0027_0038_0044_0044.jpg 1 27 38 44 44
0280_0051_0053_0043_0043.jpg 1 51 53 43 43
0281_0040_0035_0048_0048.jpg 1 40 35 48 48
0282_0039_0026_0057_0057.jpg 1 39 26 57 57
0283_0036_0039_0092_0092.jpg 1 36 39 92 92
0284_0013_0058_0030_0030.jpg 1 13 58 30 30
0285_0038_0024_0029_0029.jpg 1 38 24 29 29
0286_0038_0071_0057_0057.jpg 1 38 71 57 57
0287_0024_0048_0080_0080.jpg 1 24 48 80 80
0288_0077_0063_0058_0058.jpg 1 77 63 58 58
0289_0053_0041_0073_0073.jpg 1 53 41 73 73
0290_0041_0055_0071_0071.jpg 1 41 55 71 71
0291_0027_0039_0036_0036.jpg 1 27 39 36 36
0292_0089_0022_0044_0044.jpg 1 89 22 44 44
0293_0085_0033_0035_0035.jpg 1 85 33 35 35
0294_0091_0089_0044_0044.jpg 1 91 89 44 44
0295_0061_0057_0055_0055.jpg 1 61 57 55 55
0296_0023_0041_0034_0034.jpg 1 23 41 34 34
0297_0042_0064_0066_0066.jpg 1 42 64 66 66
0298_0046_0091_0034_0034.jpg 1 46 91 34 34
0299_0042_0029_0071_0071.jpg 1 42 29 71 71
0300_0041_0039_0102_0102.jpg 1 41 39 102 102
0301_0023_0012_0097_0097.jpg 1 23 12 97 97
0302_0026_0024_0089_0089.jpg 1 26 24 89 89
0303_0021_0048_0050_0050.jpg 1 21 48 50 50
0304_0048_0066_0050_0050.jpg 1 48 66 50 50
0305_0058_0023_0066_0066.jpg 1 58 23 66 66
0306_0012_0032_0093_0093.jpg 1 12 32 93 93
0307_0034_0043_0064_0064.jpg 1 34 43 64 64
0308_0030_0040_0102_0102.jpg 1 30 40 102 102
0309_0075_0038_0026_0026.jpg 1 75 38 26 26
0310_0007_0035_0100_0100.jpg 1 7 35 100 100
0311_0094_0096_0043_0043.jpg 1 94 96 43 43
0312_0015_0046_0037_0037.jpg 1 15 46 37 37
0313_0062_0044_0075_0075.jpg 1 62 44 75 75
0314_0042_0033_0090_0090.jpg 1 42 33 90 90
0315_0096_0033_0028_0028.jpg 1 96 33 28 28
0316_0060_0032_0045_0045.jpg 1 60 32 45 45
0317_0026_0050_0090_0090.jpg 1 26 50 90 90
0318_0060_0073_0046_0046.jpg 1 60 73 46 46
0319_0051_0022_0041_0041.jpg 1 51 22 41 41
0320_0026_0044_0045_0045.jpg 1 26 44 45 45
0321_0041_0013_0097_0097.jpg 1 41 13 97 97
0322_0016_0023_0041_0041.jpg 1 16 23 41 41
0323_0041_0049_0085_0085.jpg 1 41 49 85 85
0324_0035_0107_0024_0024.jpg 1 35 107 24 24
0325_0050_0017_0060_0060.jpg 1 50 17 60 60
0326_0066_0027_0046_0046.jpg 1 66 27 46 46
0327_0025_0049_0086_0086.jpg 1 25 49 86 86
0328_0069_0105_0030_0030.jpg 1 69 105 30 30
0329_0042_0018_0098_0098.jpg 1 42 18 98 98
0330_0039_0066_0053_0053.jpg 1 39 66 53 53
0331_0068_0062_0059_0059.jpg 1 68 62 59 59
0332_0019_0048_0068_0068.jpg 1 19 48 68 68
0333_0079_0055_0051_0051.jpg 1 79 55 51 51
0334_0039_0042_0082_0082.jpg 1 39 42 82 82
0335_0044_0058_0068_0068.jpg 1 44 58 68 68
0336_0020_0075_0036_0036.jpg 1 20 75 36 36
0337_0031_0014_0037_0037.jpg 1 31 14 37 37
0338_0096_0099_0039_0039.jpg 1 96 99 39 39
0339_0032_0054_0048_0048.jpg 1 32 54 48 48
0340_0034_0014_0102_0102.jpg 1 34 14 102 102
0341_0020_0014_0082_0082.jpg 1 20 14 82 82
0342_0014_0077_0044_0044.jpg 1 14 77 44 44
0343_0009_0028_0086_0086.jpg 1 9 28 86 86
0344_0033_0023_0063_0063.jpg 1 33 23 63 63
0345_0037_0070_0047_0047.jpg 1 37 70 47 47
0346_0035_0020_0087_0087.jpg 1 35 20 87 87
0347_0010_0007_0089_0089.jpg 1 10 7 89 89
0348_0047_0066_0038_0038.jpg 1 47 66 38 38
0349_0062_0068_0048_0048.jpg 1 62 68 48 48
0350_0032_0054_0067_0067.jpg 1 32 54 67 67
0351_0037_0062_0051_0051.jpg 1 37 62 51 51
0352_0063_0015_0058_0058.jpg 1 63 15 58 58
0353_0021_0037_0058_0058.jpg 1 21 37 58 58
0354_0023_0007_0099_0099.jpg 1 23 7 99 99
0355_0020_0066_0052_0052.jpg 1 20 66 52 52
0356_0035_0038_0070_0070.jpg 1 35 38 70 70
0357_0055_0049_0082_0082.jpg 1 55 49 82 82
0358_0017_0040_0065_0065.jpg 1 17 40 65 65
0359_0019_0008_0074_0074.jpg 1 19 8 74 74
0360_0054_0025_0041_0041.jpg 1 54 25 41 41
0361_0013_0060_0073_0073.jpg 1 13 60 73 73
0362_0021_0037_0075_0075.jpg 1 21 37 75 75
0363_0046_0046_0091_0091.jpg 1 46 46 91 91
0364_0083_0070_0044_0044.jpg 1 83 70 44 44
0365_0096_0039_0030_0030.jpg 1 96 39 30 30
0366_0047_0013_0090_0090.jpg 1 47 13 90 90
0367_0071_0011_0055_0055.jpg 1 71 11 55 55
0368_0039_0067_0069_0069.jpg 1 39 67 69 69
0369_0050_0055_0066_0066.jpg 1 50 55 66 66
0370_0101_0015_0037_0037.jpg 1 101 15 37 37
0371_0031_0021_0099_0099.jpg 1 31 21 99 99
0372_0031_0019_0089_0089.jpg 1 31 19 89 89
0373_0044_0033_0061_0061.jpg 1 44 33 61 61
0374_0047_0053_0082_0082.jpg 1 47 53 82 82
0375_0072_0056_0053_0053.jpg 1 72 56 53 53
0376_0049_0075_0063_0063.jpg 1 49 75 63 63
0377_0019_0072_0045_0045.jpg 1 19 72 45 45
0378_0046_0038_0049_0049.jpg 1 46 38 49 49
0379_0081_0014_0058_0058.jpg 1 81 14 58 58
0380_0037_0016_0078_0078.jpg 1 37 16 78 78
0381_0021_0024_0089_0089.jpg 1 21 24 89 89
0382_0049_0065_0057_0057.jpg 1 49 65 57 57
0383_0086_0068_0031_0031.jpg 1 86 68 31 31
0384_0084_0066_0025_0025.jpg 1 84 66 25 25
0385_0032_0006_0099_0099.jpg 1 32 6 99 99
0386_0014_0013_0074_0074.jpg 1 14 13 74 74
0387_0030_0042_0058_0058.jpg 1 30 42 58 58
0388_0017_0021_0035_0035.jpg 1 17 21 35 35
0389_0036_0021_0027_0027.jpg 1 36 21 27 27
0390_0034_0034_0103_0103.jpg 1 34 34 103 103
0391_0012_0035_0053_0053.jpg 1 12 35 53 53
0392_0090_0083_0039_0039.jpg 1 90 83 39 39
0393_0021_0059_0078_0078.jpg 1 21 59 78 78
0394_0024_0027_0078_0078.jpg 1 24 27 78 78
0395_0036_0046_0087_0087.jpg 1 36 46 87 87
0396_0039_0017_0064_0064.jpg 1 39 17 64 64
0397_0080_0057_0039_0039.jpg 1 80 57 39 39
0398_0031_0034_0096_0096.jpg 1 31 34 96 96
0399_0041_0032_0089_0089.jpg 1 41 32 89 89
0400_0110_0030_0025_0025.jpg 1 110 30 25 25
0401_0010_0049_0061_0061.jpg 1 10 49 61 61
0402_0053_0086_0053_0053.jpg 1 53 86 53 53
0403_0061_0025_0054_0054.jpg 1 61 25 54 54
0404_0017_0047_0045_0045.jpg 1 17 47 45 45
0405_0006_0026_0104_0104.jpg 1 6 26 104 104
0406_0076_0057_0041_0041.jpg 1 76 57 41 41
0407_0019_0078_0054_0054.jpg 1 19 78 54 54
0408_0093_0089_0043_0043.jpg 1 93 89 43 43
0409_0030_0028_0072_0072.jpg 1 30 28 72 72
0410_0050_0039_0088_0088.jpg 1 50 39 88 88
0411_0029_0011_0066_0066.jpg 1 29 11 66 66
0412_0020_0036_0080_0080.jpg 1 20 36 80 80
0413_0042_0027_0074_0074.jpg 1 42 27 74 74
0414_0036_0018_0091_0091.jpg 1 36 18 91 91
0415_0011_0061_0070_0070.jpg 1 11 61 70 70
0416_0006_0024_0089_0089.jpg 1 6 24 89 89
0417_0040_0016_0044_0044.jpg 1 40 16 44 44
0418_0087_0052_0034_0034.jpg 1 87 52 34 34
0419_0015_0055_0049_0049.jpg 1 15 55 49 49
0420_0041_0005_0098_0098.jpg 1 41 5 98 98
0421_0035_0045_0072_0072.jpg 1 35 45 72 72
0422_0072_0022_0064_0064.jpg 1 72 22 64 64
0423_0053_0027_0057_0057.jpg 1 53 27 57 57
0424_0052_0046_0084_0084.jpg 1 52 46 84 84
0425_0017_0036_0066_0066.jpg 1 17 36 66 66
0426_0019_0013_0068_0068.jpg 1 19 13 68 68
0427_0042_0048_0070_0070.jpg 1 42 48 70 70
0428_0026_0012_0060_0060.jpg 1 26 12 60 60
0429_0038_0062_0054_0054.jpg 1 38 62 54 54
0430_0041_0040_0099_0099.jpg 1 41 40 99 99
0431_0041_0015_0082_0082.jpg 1 41 15 82 82
0432_0065_0083_0036_0036.jpg 1 65 83 36 36
0433_0100_0064_0032_0032.jpg 1 100 64 32 32
0434_0036_0031_0084_0084.jpg 1 36 31 84 84
0435_0087_0011_0049_0049.jpg 1 87 11 49 49
0436_0030_0006_0097_0097.jpg 1 30 6 97 97
0437_0100_0025_0030_0030.jpg 1 100 25 30 30
0438_0073_0028_0041_0041.jpg 1 73 28 41 41
0439_0028_0033_0099_0099.jpg 1 28 33 99 99
0440_0021_0105_0030_0030.jpg 1 21 105 30 30
0441_0026_0060_0068_0068.jpg 1 26 60 68 68
0442_0064_0049_0069_0069.jpg 1 64 49 69 69
0443_0065_0086_0049_0049.jpg 1 65 86 49 49
0444_0098_0074_0030_0030.jpg 1 98 74 30 30
0445_0021_0076_0039_0039.jpg 1 21 76 39 39
0446_0015_0007_0095_0095.jpg 1 15 7 95 95
0447_0044_0044_0070_0070.jpg 1 44 44 70 70
0448_0037_0059_0079_0079.jpg 1 37 59 79 79
0449_0018_0095_0036_0036.jpg 1 18 95 36 36
0450_0086_0026_0034_0034.jpg 1 86 26 34 34
0451_0036_0023_0093_0093.jpg 1 36 23 93 93
0452_0062_0030_0030_0030.jpg 1 62 30 30 30
0453_0028_0059_0062_0062.jpg 1 28 59 62 62
0454_0028_0073_0056_0056.jpg 1 28 73 56 56
0455_0065_0049_0075_0075.jpg 1 65 49 75 75
0456_0013_0052_0073_0073.jpg 1 13 52 73 73
0457_0101_0089_0033_0033.jpg 1 101 89 33 33
0458_0017_0019_0103_0103.jpg 1 17 19 103 103
0459_0012_0010_0101_0101.jpg 1 12 10 101 101
0460_0066_0065_0037_0037.jpg 1 66 65 37 37
0461_0022_0043_0077_0077.jpg 1 22 43 77 77
0462_0042_0029_0093_0093.jpg 1 42 29 93 93
0463_0024_0073_0057_0057.jpg 1 24 73 57 57
0464_0044_0062_0059_0059.jpg 1 44 62 59 59
0465_0060_0034_0037_0037.jpg 1 60 34 37 37
0466_0025_0024_0098_0098.jpg 1 25 24 98 98
0467_0019_0082_0030_0030.jpg 1 19 82 30 30
0468_0031_0008_0090_0090.jpg 1 31 8 90 90
0469_0090_0016_0025_0025.jpg 1 90 16 25 25
0470_0050_0037_0087_0087.jpg 1 50 37 87 87
0471_0039_0074_0044_0044.jpg 1 39 74 44 44
0472_0028_0073_0034_0034.jpg 1 28 73 34 34
0473_0016_0048_0058_0058.jpg 1 16 48 58 58
0474_0024_0032_0095_0095.jpg 1 24 32 95 95
0475_0038_0038_0103_0103.jpg 1 38 38 103 103
0476_0043_0056_0064_0064.jpg 1 43 56 64 64
0477_0087_0082_0024_0024.jpg 1 87 82 24 24
0478_0042_0073_0062_0062.jpg 1 42 73 62 62
0479_0022_0019_0070_0070.jpg 1 22 19 70 70
0480_0010_0031_0052_0052.jpg 1 10 31 52 52
0481_0039_0065_0050_0050.jpg 1 39 65 50 50
0482_0028_0035_0100_0100.jpg 1 28 35 100 100
0483_0046_0083_0024_0024.jpg 1 46 83 24 24
0484_0047_0090_0047_0047.jpg 1 47 90 47 47
0485_0067_0017_0068_0068.jpg 1 67 17 68 68
0486_0078_0040_0059_0059.jpg 1 78 40 59 59
0487_0075_0028_0026_0026.jpg 1 75 28 26 26
0488_0071_0026_0051_0051.jpg 1 71 26 51 51
0489_0017_0039_0030_0030.jpg 1 17 39 30 30
0490_0039_0060_0030_0030.jpg 1 39 60 30 30
0491_0015_0104_0032_0032.jpg 1 15 104 32 32
0492_0058_0085_0031_0031.jpg 1 58 85 31 31
0493_0082_0014_0053_0053.jpg 1 82 14 53 53
0494_0030_0028_0100_0100.jpg 1 30 28 100 100
0495_0030_0035_0097_0097.jpg 1 30 35 97 97
0496_0095_0033_0042_0042.jpg 1 95 33 42 42
0497_0041_0068_0067_0067.jpg 1 41 68 67 67
0498_0064_0052_0075_0075.jpg 1 64 52 75 75
0499_0031_0014_0051_0051.jpg 1 31 14 51 51
0500_0092_0019_0042_0042.jpg 1 92 19 42 42
0501_0038_0057_0062_0062.jpg 1 38 57 62 62
0502_0087_0016_0051_0051.jpg 1 87 16 51 51
0503_0044_0032_0087_0087.jpg 1 44 32 87 87
0504_0046_0064_0052_0052.jpg 1 46 64 52 52
0505_0012_0041_0071_0071.jpg 1 12 41 71 71
0506_0058_0010_0060_0060.jpg 1 58 10 60 60
0507_0010_0045_0082_0082.jpg 1 10 45 82 82
0508_0040_0016_0051_0051.jpg 1 40 16 51 51
0509_0032_0060_0075_0075.jpg 1 32 60 75 75
0510_0061_0099_0038_0038.jpg 1 61 99 38 38
0511_0063_0052_0065_0065.jpg 1 63 52 65 65
0512_0090_0063_0048_0048.jpg 1 90 63 48 48
0513_0060_0040_0040_0040.jpg 1 60 40 40 40
0514_0027_0055_0065_0065.jpg 1 27 55 65 65
0515_0074_0011_0038_0038.jpg 1 74 11 38 38
0516_0041_0047_0091_0091.jpg 1 41 47 91 91
0517_0008_0040_0078_0078.jpg 1 8 40 78 78
0518_0073_0010_0064_0064.jpg 1 73 10 64 64
0519_0018_0039_0100_0100.jpg 1 18 39 100 100
0520_0015_0039_0093_0093.jpg 1 15 39 93 93
0521_0040_0045_0088_0088.jpg 1 40 45 88 88
0522_0023_0022_0075_0075.jpg 1 23 22 75 75
0523_0055_0047_0053_0053.jpg 1 55 47 53 53
0524_0049_0021_0093_0093.jpg 1 49 21 93 93
0525_0051_0070_0066_0066.jpg 1 51 70 66 66
0526_0059_0022_0058_0058.jpg 1 59 22 58 58
0527_0020_0034_0087_0087.jpg 1 20 34 87 87
0528_0030_0067_0051_0051.jpg 1 30 67 51 51
0529_0053_0089_0044_0044.jpg 1 53 89 44 44
0530_0020_0095_0025_0025.jpg 1 20 95 25 25
0531_0071_0042_0057_0057.jpg 1 71 42 57 57
0532_0049_0023_0064_0064.jpg 1 49 23 64 64
0533_0067_0073_0032_0032.jpg 1 67 73 32 32
0534_0048_0063_0062_0062.jpg 1 48 63 62 62
0535_0057_0030_0066_0066.jpg 1 57 30 66 66
0536_0064_0078_0050_0050.jpg 1 64 78 50 50
0537_0025_0024_0104_0104.jpg 1 25 24 104 104
0538_0023_0027_0104_0104.jpg 1 23 27 104 104
0539_0030_0017_0045_0045.jpg 1 30 17 45 45
0540_0093_0033_0032_0032.jpg 1 93 33 32 32
0541_0026_0016_0094_0094.jpg 1 26 16 94 94
0542_0048_0057_0056_0056.jpg 1 48 57 56 56
0543_0081_0073_0049_0049.jpg 1 81 73 49 49
0544_0063_0054_0065_0065.jpg 1 63 54 65 65
0545_0032_0066_0037_0037.jpg 1 32 66 37 37
0546_0048_0068_0027_0027.jpg 1 48 68 27 27
0547_0013_0044_0100_0100.jpg 1 13 44 100 100
0548_0051_0030_0067_0067.jpg 1 51 30 67 67
0549_0006_0029_0090_0090.jpg 1 6 29 90 90
0550_0008_0037_0103_0103.jpg 1 8 37 103 103
0551_0021_0026_0025_0025.jpg 1 21 26 25 25
0552_0080_0029_0040_0040.jpg 1 80 29 40 40
0553_0069_0025_0034_0034.jpg 1 69 25 34 34
0554_0021_0085_0053_0053.jpg 1 21 85 53 53
0555_0070_0049_0055_0055.jpg 1 70 49 55 55
0556_0075_0045_0034_0034.jpg 1 75 45 34 34
0557_0043_0029_0046_0046.jpg 1 43 29 46 46
0558_0055_0013_0082_0082.jpg 1 55 13 82 82
0559_0040_0039_0049_0049.jpg 1 40 39 49 49
0560_0051_0028_0074_0074.jpg 1 51 28 74 74
0561_0014_0062_0044_0044.jpg 1 14 62 44 44
0562_0023_0023_0085_0085.jpg 1 23 23 85 85
0563_0021_0059_0059_0059.jpg 1 21 59 59 59
0564_0087_0053_0038_0038.jpg 1 87 53 38 38
0565_0027_0007_0101_0101.jpg 1 27 7 101 101
0566_0018_0021_0099_0099.jpg 1 18 21 99 99
0567_0046_0046_0061_0061.jpg 1 46 46 61 61
0568_0023_0016_0046_0046.jpg 1 23 16 46 46
0569_0028_0029_0075_0075.jpg 1 28 29 75 75
0570_0025_0040_0053_0053.jpg 1 25 40 53 53
0571_0038_0031_0069_0069.jpg 1 38 31 69 69
0572_0082_0049_0058_0058.jpg 1 82 49 58 58
0573_0023_0054_0085_0085.jpg 1 23 54 85 85
0574_0051_0030_0081_0081.jpg 1 51 30 81 81
0575_0039_0051_0064_0064.jpg 1 39 51 64 64
0576_0059_0022_0075_0075.jpg 1 59 22 75 75
0577_0029_0006_0104_0104.jpg 1 29 6 104 104
0578_0075_0027_0063_0063.jpg 1 75 27 63 63
0579_0023_0020_0072_0072.jpg 1 23 20 72 72
0580_0048_0052_0083_0083.jpg 1 48 52 83 83
0581_0042_0084_0030_0030.jpg 1 42 84 30 30
0582_0097_0060_0033_0033.jpg 1 97 60 33 33
0583_0029_0091_0045_0045.jpg 1 29 91 45 45
0584_0031_0007_0102_0102.jpg 1 31 7 102 102
0585_0070_0049_0063_0063.jpg 1 70 49 63 63
0586_0093_0089_0026_0026.jpg 1 93 89 26 26
0587_0031_0051_0028_0028.jpg 1 31 51 28 28
0588_0008_0016_0068_0068.jpg 1 8 16 68 68
0589_0043_0010_0052_0052.jpg 1 43 10 52 52
0590_0024_0037_0082_0082.jpg 1 24 37 82 82
0591_0049_0013_0072_0072.jpg 1 49 13 72 72
0592_0048_0009_0067_0067.jpg 1 48 9 67 67
0593_0034_0068_0061_0061.jpg 1 34 68 61 61
0594_0037_0059_0075_0075.jpg 1 37 59 75 75
0595_0019_0008_0068_0068.jpg 1 19 8 68 68
0596_0033_0049_0093_0093.jpg 1 33 49 93 93
0597_0087_0016_0050_0050.jpg 1 87 16 50 50
0598_0038_0012_0104_0104.jpg 1 38 12 104 104
0599_0040_0062_0034_0034.jpg 1 40 62 34 34
0600_0019_0073_0068_0068.jpg 1 19 73 68 68
0601_0072_0026_0045_0045.jpg 1 72 26 45 45
0602_0037_0035_0093_0093.jpg 1 37 35 93 93
0603_0049_0044_0082_0082.jpg 1 49 44 82 82
0604_0007_0058_0080_0080.jpg 1 7 58 80 80
0605_0029_0043_0064_0064.jpg 1 29 43 64 64
0606_0056_0064_0047_0047.jpg 1 56 64 47 47
0607_0026_0033_0070_0070.jpg 1 26 33 70 70
0608_0035_0018_0062_0062.jpg 1 35 18 62 62
0609_0008_0032_0098_0098.jpg 1 8 32 98 98
0610_0045_0086_0049_0049.jpg 1 45 86 49 49
0611_0012_0042_0069_0069.jpg 1 12 42 69 69
0612_0036_0021_0100_0100.jpg 1 36 21 100 100
0613_0047_0032_0094_0094.jpg 1 47 32 94 94
0614_0036_0023_0104_0104.jpg 1 36 23 104 104
0615_0007_0053_0077_0077.jpg 1 7 53 77 77
0616_0099_0035_0034_0034.jpg 1 99 35 34 34
0617_0023_0038_0088_0088.jpg 1 23 38 88 88
0618_0007_0025_0094_0094.jpg 1 7 25 94 94
0619_0055_0031_0030_0030.jpg 1 55 31 30 30
0620_0085_0045_0041_0041.jpg 1 85 45 41 41
0621_0070_0023_0050_0050.jpg 1 70 23 50 50
0622_0038_0037_0097_0097.jpg 1 38 37 97 97
0623_0058_0058_0077_0077.jpg 1 58 58 77 77
0624_0019_0046_0092_0092.jpg 1 19 46 92 92
0625_0053_0053_0037_0037.jpg 1 53 53 37 37
0626_0035_0042_0077_0077.jpg 1 35 42 77 77
0627_0034_0038_0081_0081.jpg 1 34 38 81 81
0628_0035_0009_0063_0063.jpg 1 35 9 63 63
0629_0018_0013_0084_0084.jpg 1 18 13 84 84
0630_0024_0057_0075_0075.jpg 1 24 57 75 75
0631_0018_0017_0101_0101.jpg 1 18 17 101 101
0632_0010_0072_0050_0050.jpg 1 10 72 50 50
0633_0074_0047_0049_0049.jpg 1 74 47 49 49
0634_0084_0068_0029_0029.jpg 1 84 68 29 29
0635_0012_0049_0051_0051.jpg 1 12 49 51 51
0636_0070_0018_0037_0037.jpg 1 70 18 37 37
0637_0042_0020_0086_0086.jpg 1 42 20 86 86
0638_0038_0015_0087_0087.jpg 1 38 15 87 87
0639_0019_0052_0076_0076.jpg 1 19 52 76 76
0640_0046_0010_0095_0095.jpg 1 46 10 95 95
0641_0042_0040_0052_0052.jpg 1 42 40 52 52
0642_0021_0060_0072_0072.jpg 1 21 60 72 72
0643_0023_0032_0104_0104.jpg 1 23 32 104 104
0644_0023_0048_0065_0065.jpg 1 23 48 65 65
0645_0049_0084_0053_0053.jpg 1 49 84 53 53
0646_0038_0038_0055_0055.jpg 1 38 38 55 55
0647_0040_0050_0026_0026.jpg 1 40 50 26 26
0648_0016_0046_0045_0045.jpg 1 16 46 45 45
0649_0041_0046_0053_0053.jpg 1 41 46 53 53
0650_0017_0067_0061_0061.jpg 1 17 67 61 61
0651_0090_0088_0031_0031.jpg 1 90 88 31 31
0652_0022_0047_0028_0028.jpg 1 22 47 28 28
0653_0022_0059_0025_0025.jpg 1 22 59 25 25
0654_0074_0034_0045_0045.jpg 1 74 34 45 45
0655_0036_0094_0036_0036.jpg 1 36 94 36 36
0656_0038_0035_0056_0056.jpg 1 38 35 56 56
0657_0042_0044_0038_0038.jpg 1 42 44 38 38
0658_0073_0022_0064_0064.jpg 1 73 22 64 64
0659_0037_0047_0073_0073.jpg 1 37 47 73 73
0660_0064_0053_0064_0064.jpg 1 64 53 64 64
0661_0063_0084_0036_0036.jpg 1 63 84 36 36
0662_0076_0094_0039_0039.jpg 1 76 94 39 39
0663_0099_0029_0028_0028.jpg 1 99 29 28 28
0664_0018_0097_0033_0033.jpg 1 18 97 33 33
0665_0039_0033_0098_0098.jpg 1 39 33 98 98
0666_0027_0015_0093_0093.jpg 1 27 15 93 93
0667_0030_0035_0043_0043.jpg 1 30 35 43 43
0668_0070_0062_0063_0063.jpg 1 70 62 63 63
0669_0030_0079_0055_0055.jpg 1 30 79 55 55
0670_0041_0063_0032_0032.jpg 1 41 63 32 32
0671_0090_0045_0035_0035.jpg 1 90 45 35 35
0672_0050_0063_0063_0063.jpg 1 50 63 63 63
0673_0040_0046_0056_0056.jpg 1 40 46 56 56
0674_0040_0055_0084_0084.jpg 1 40 55 84 84
0675_0044_0031_0093_0093.jpg 1 44 31 93 93
0676_0051_0033_0088_0088.jpg 1 51 33 88 88
0677_0105_0088_0026_0026.jpg 1 105 88 26 26
0678_0069_0018_0070_0070.jpg 1 69 18 70 70
0679_0035_0031_0047_0047.jpg 1 35 31 47 47
0680_0079_0106_0028_0028.jpg 1 79 106 28 28
0681_0077_0082_0034_0034.jpg 1 77 82 34 34
0682_0044_0087_0047_0047.jpg 1 44 87 47 47
0683_0029_0015_0064_0064.jpg 1 29 15 64 64
0684_0084_0026_0051_0051.jpg 1 84 26 51 51
0685_0059_0071_0031_0031.jpg 1 59 71 31 31
0686_0054_0022_0048_0048.jpg 1 54 22 48 48
0687_0014_0015_0055_0055.jpg 1 14 15 55 55
0688_0039_0035_0034_0034.jpg 1 39 35 34 34
0689_0076_0101_0026_0026.jpg 1 76 101 26 26
0690_0037_0022_0091_0091.jpg 1 37 22 91 91
0691_0056_0042_0037_0037.jpg 1 56 42 37 37
0692_0051_0050_0042_0042.jpg 1 51 50 42 42
0693_0014_0050_0092_0092.jpg 1 14 50 92 92
0694_0061_0039_0066_0066.jpg 1 61 39 66 66
0695_0076_0040_0028_0028.jpg 1 76 40 28 28
0696_0029_0027_0082_0082.jpg 1 29 27 82 82
0697_0041_0016_0073_0073.jpg 1 41 16 73 73
0698_0091_0055_0032_0032.jpg 1 91 55 32 32
0699_0074_0038_0032_0032.jpg 1 74 38 32 32
0700_0005_0018_0103_0103.jpg 1 5 18 103 103
0701_0063_0081_0046_0046.jpg 1 63 81 46 46
0702_0038_0012_0101_0101.jpg 1 38 12 101 101
0703_0017_0045_0098_0098.jpg 1 17 45 98 98
0704_0027_0038_0073_0073.jpg 1 27 38 73 73
0705_0051_0040_0049_0049.jpg 1 51 40 49 49
0706_0046_0053_0056_0056.jpg 1 46 53 56 56
0707_0076_0017_0063_0063.jpg 1 76 17 63 63
0708_0101_0072_0027_0027.jpg 1 101 72 27 27
0709_0039_0025_0073_0073.jpg 1 39 25 73 73
0710_0037_0046_0090_0090.jpg 1 37 46 90 90
0711_0072_0060_0067_0067.jpg 1 72 60 67 67
0712_0091_0016_0045_0045.jpg 1 91 16 45 45
0713_0018_0030_0066_0066.jpg 1 18 30 66 66
0714_0104_0098_0028_0028.jpg 1 104 98 28 28
0715_0030_0032_0099_0099.jpg 1 30 32 99 99
0716_0054_0021_0078_0078.jpg 1 54 21 78 78
0717_0030_0033_0086_0086.jpg 1 30 33 86 86
0718_0037_0008_0101_0101.jpg 1 37 8 101 101
0719_0072_0074_0042_0042.jpg 1 72 74 42 42
0720_0038_0038_0087_0087.jpg 1 38 38 87 87
0721_0023_0032_0034_0034.jpg 1 23 32 34 34
0722_0064_0045_0061_0061.jpg 1 64 45 61 61
0723_0043_0070_0071_0071.jpg 1 43 70 71 71
0724_0020_0044_0082_0082.jpg 1 20 44 82 82
0725_0032_0041_0084_0084.jpg 1 32 41 84 84
0726_0041_0011_0073_0073.jpg 1 41 11 73 73
0727_0024_0052_0034_0034.jpg 1 24 52 34 34
0728_0042_0031_0103_0103.jpg 1 42 31 103 103
0729_0088_0055_0044_0044.jpg 1 88 55 44 44
0730_0007_0033_0090_0090.jpg 1 7 33 90 90
0731_0039_0010_0101_0101.jpg 1 39 10 101 101
0732_0064_0036_0053_0053.jpg 1 64 36 53 53
0733_0023_0074_0031_0031.jpg 1 23 74 31 31
0734_0039_0074_0060_0060.jpg 1 39 74 60 60
0735_0032_0019_0092_0092.jpg 1 32 19 92 92
0736_0015_0060_0041_0041.jpg 1 15 60 41 41
0737_0040_0056_0047_0047.jpg 1 40 56 47 47
0738_0031_0076_0064_0064.jpg 1 31 76 64 64
0739_0036_0017_0071_0071.jpg 1 36 17 71 71
0740_0036_0030_0044_0044.jpg 1 36 30 44 44
0741_0057_0033_0078_0078.jpg 1 57 33 78 78
0742_0046_0080_0059_0059.jpg 1 46 80 59 59
0743_0067_0052_0048_0048.jpg 1 67 52 48 48
0744_0052_0056_0057_0057.jpg 1 52 56 57 57
0745_0011_0028_0096_0096.jpg 1 11 28 96 96
0746_0011_0077_0053_0053.jpg 1 11 77 53 53
0747_0039_0046_0081_0081.jpg 1 39 46 81 81
0748_0070_0072_0068_0068.jpg 1 70 72 68 68
0749_0022_0008_0085_0085.jpg 1 22 8 85 85
0750_0053_0019_0057_0057.jpg 1 53 19 57 57
0751_0028_0074_0044_0044.jpg 1 28 74 44 44
0752_0038_0018_0097_0097.jpg 1 38 18 97 97
0753_0009_0047_0096_0096.jpg 1 9 47 96 96
0754_0009_0049_0063_0063.jpg 1 9 49 63 63
0755_0040_0031_0047_0047.jpg 1 40 31 47 47
0756_0011_0053_0077_0077.jpg 1 11 53 77 77
0757_0047_0070_0066_0066.jpg 1 47 70 66 66
0758_0080_0064_0044_0044.jpg 1 80 64 44 44
0759_0021_0056_0086_0086.jpg 1 21 56 86 86
0760_0023_0074_0065_0065.jpg 1 23 74 65 65
0761_0031_0045_0071_0071.jpg 1 31 45 71 71
0762_0009_0052_0078_0078.jpg 1 9 52 78 78
0763_0037_0014_0033_0033.jpg 1 37 14 33 33
0764_0008_0020_0070_0070.jpg 1 8 20 70 70
0765_0044_0010_0086_0086.jpg 1 44 10 86 86
0766_0032_0040_0048_0048.jpg 1 32 40 48 48
0767_0045_0048_0093_0093.jpg 1 45 48 93 93
0768_0062_0016_0038_0038.jpg 1 62 16 38 38
0769_0030_0018_0096_0096.jpg 1 30 18 96 96
0770_0031_0067_0049_0049.jpg 1 31 67 49 49
0771_0011_0033_0085_0085.jpg 1 11 33 85 85
0772_0053_0072_0058_0058.jpg 1 53 72 58 58
0773_0011_0028_0063_0063.jpg 1 11 28 63 63
0774_0013_0028_0069_0069.jpg 1 13 28 69 69
0775_0042_0037_0096_0096.jpg 1 42 37 96 96
0776_0045_0043_0068_0068.jpg 1 45 43 68 68
0777_0074_0040_0051_0051.jpg 1 74 40 51 51
0778_0033_0019_0098_0098.jpg 1 33 19 98 98
0779_0029_0064_0071_0071.jpg 1 29 64 71 71
0780_0010_0038_0095_0095.jpg 1 10 38 95 95
0781_0058_0040_0073_0073.jpg 1 58 40 73 73
0782_0041_0054_0073_0073.jpg 1 41 54 73 73
0783_0012_0051_0074_0074.jpg 1 12 51 74 74
0784_0046_0052_0055_0055.jpg 1 46 52 55 55
0785_0059_0044_0026_0026.jpg 1 59 44 26 26
0786_0103_0107_0026_0026.jpg 1 103 107 26 26
0787_0042_0015_0102_0102.jpg 1 42 15 102 102
0788_0096_0076_0028_0028.jpg 1 96 76 28 28
0789_0051_0040_0090_0090.jpg 1 51 40 90 90
0790_0046_0044_0083_0083.jpg 1 46 44 83 83
0791_0037_0033_0058_0058.jpg 1 37 33 58 58
0792_0022_0026_0091_0091.jpg 1 22 26 91 91
0793_0011_0022_0099_0099.jpg 1 11 22 99 99
0794_0042_0025_0034_0034.jpg 1 42 25 34 34
0795_0027_0092_0041_0041.jpg 1 27 92 41 41
0796_0039_0030_0073_0073.jpg 1 39 30 73 73
0797_0058_0067_0072_0072.jpg 1 58 67 72 72
0798_0047_0022_0095_0095.jpg 1 47 22 95 95
0799_0023_0094_0038_0038.jpg 1 23 94 38 38
0800_0037_0029_0030_0030.jpg 1 37 29 30 30
0801_0011_0015_0095_0095.jpg 1 11 15 95 95
0802_0027_0047_0074_0074.jpg 1 27 47 74 74
0803_0009_0036_0067_0067.jpg 1 9 36 67 67
0804_0009_0042_0099_0099.jpg 1 9 42 99 99
0805_0039_0029_0095_0095.jpg 1 39 29 95 95
0806_0058_0049_0058_0058.jpg 1 58 49 58 58
0807_0095_0048_0028_0028.jpg 1 95 48 28 28
0808_0014_0020_0101_0101.jpg 1 14 20 101 101
0809_0066_0061_0066_0066.jpg 1 66 61 66 66
0810_0034_0044_0079_0079.jpg 1 34 44 79 79
0811_0044_0033_0077_0077.jpg 1 44 33 77 77
0812_0026_0006_0097_0097.jpg 1 26 6 97 97
0813_0083_0024_0044_0044.jpg 1 83 24 44 44
0814_0028_0058_0049_0049.jpg 1 28 58 49 49
0815_0063_0015_0077_0077.jpg 1 63 15 77 77
0816_0071_0054_0047_0047.jpg 1 71 54 47 47
0817_0055_0045_0075_0075.jpg 1 55 45 75 75
0818_0092_0032_0032_0032.jpg 1 92 32 32 32
0819_0057_0026_0034_0034.jpg 1 57 26 34 34
0820_0037_0031_0060_0060.jpg 1 37 31 60 60
0821_0018_0079_0055_0055.jpg 1 18 79 55 55
0822_0025_0094_0029_0029.jpg 1 25 94 29 29
0823_0056_0043_0028_0028.jpg 1 56 43 28 28
0824_0035_0034_0085_0085.jpg 1 35 34 85 85
0825_0077_0027_0038_0038.jpg 1 77 27 38 38
0826_0023_0050_0082_0082.jpg 1 23 50 82 82
0827_0041_0041_0083_0083.jpg 1 41 41 83 83
0828_0015_0037_0065_0065.jpg 1 15 37 65 65
0829_0035_0073_0051_0051.jpg 1 35 73 51 51
0830_0029_0062_0071_0071.jpg 1 29 62 71 71
0831_0064_0023_0051_0051.jpg 1 64 23 51 51
0832_0053_0015_0090_0090.jpg 1 53 15 90 90
0833_0027_0024_0045_0045.jpg 1 27 24 45 45
0834_0077_0033_0029_0029.jpg 1 77 33 29 29
0835_0050_0050_0079_0079.jpg 1 50 50 79 79
0836_0005_0022_0103_0103.jpg 1 5 22 103 103
0837_0013_0037_0097_0097.jpg 1 13 37 97 97
0838_0092_0077_0040_0040.jpg 1 92 77 40 40
0839_0034_0025_0103_0103.jpg 1 34 25 103 103
0840_0064_0015_0048_0048.jpg 1 64 15 48 48
0841_0058_0026_0082_0082.jpg 1 58 26 82 82
0842_0034_0009_0088_0088.jpg 1 34 9 88 88
0843_0081_0068_0037_0037.jpg 1 81 68 37 37
0844_0021_0094_0027_0027.jpg 1 21 94 27 27
0845_0019_0083_0048_0048.jpg 1 19 83 48 48
0846_0038_0085_0029_0029.jpg 1 38 85 29 29
0847_0083_0025_0048_0048.jpg 1 83 25 48 48
0848_0059_0030_0071_0071.jpg 1 59 30 71 71
0849_0007_0042_0102_0102.jpg 1 7 42 102 102
0850_0015_0059_0059_0059.jpg 1 15 59 59 59
0851_0020_0061_0046_0046.jpg 1 20 61 46 46
0852_0055_0093_0036_0036.jpg 1 55 93 36 36
0853_0050_0013_0090_0090.jpg 1 50 13 90 90
0854_0058_0038_0085_0085.jpg 1 58 38 85 85
0855_0034_0065_0053_0053.jpg 1 34 65 53 53
0856_0011_0024_0095_0095.jpg 1 11 24 95 95
0857_0048_0049_0055_0055.jpg 1 48 49 55 55
0858_0069_0097_0036_0036.jpg 1 69 97 36 36
0859_0044_0083_0057_0057.jpg 1 44 83 57 57
0860_0061_0020_0077_0077.jpg 1 61 20 77 77
0861_0068_0073_0062_0062.jpg 1 68 73 62 62
0862_0031_0039_0066_0066.jpg 1 31 39 66 66
0863_0077_0070_0029_0029.jpg 1 77 70 29 29
0864_0039_0083_0036_0036.jpg 1 39 83 36 36
0865_0018_0011_0099_0099.jpg 1 18 11 99 99
0866_0008_0016_0099_0099.jpg 1 8 16 99 99
0867_0043_0009_0098_0098.jpg 1 43 9 98 98
0868_0014_0067_0064_0064.jpg 1 14 67 64 64
0869_0043_0007_0101_0101.jpg 1 43 7 101 101
0870_0044_0036_0073_0073.jpg 1 44 36 73 73
0871_0064_0029_0075_0075.jpg 1 64 29 75 75
0872_0010_0008_0093_0093.jpg 1 10 8 93 93
0873_0009_0051_0080_0080.jpg 1 9 51 80 80
0874_0048_0021_0080_0080.jpg 1 48 21 80 80
0875_0042_0059_0034_0034.jpg 1 42 59 34 34
0876_0072_0078_0044_0044.jpg 1 72 78 44 44
0877_0067_0047_0052_0052.jpg 1 67 47 52 52
0878_0031_0029_0094_0094.jpg 1 31 29 94 94
0879_0052_0011_0090_0090.jpg 1 52 11 90 90
0880_0047_0018_0079_0079.jpg 1 47 18 79 79
0881_0058_0032_0043_0043.jpg 1 58 32 43 43
0882_0036_0079_0035_0035.jpg 1 36 79 35 35
0883_0037_0016_0046_0046.jpg 1 37 16 46 46
0884_0079_0086_0047_0047.jpg 1 79 86 47 47
0885_0013_0012_0094_0094.jpg 1 13 12 94 94
0886_0016_0041_0054_0054.jpg 1 16 41 54 54
0887_0019_0023_0069_0069.jpg 1 19 23 69 69
0888_0026_0046_0084_0084.jpg 1 26 46 84 84
0889_0102_0050_0034_0034.jpg 1 102 50 34 34
0890_0046_0049_0079_0079.jpg 1 46 49 79 79
0891_0084_0065_0035_0035.jpg 1 84 65 35 35
0892_0022_0058_0075_0075.jpg 1 22 58 75 75
0893_0028_0025_0094_0094.jpg 1 28 25 94 94
0894_0060_0016_0075_0075.jpg 1 60 16 75 75
0895_0079_0054_0049_0049.jpg 1 79 54 49 49
0896_0036_0039_0026_0026.jpg 1 36 39 26 26
0897_0085_0022_0034_0034.jpg 1 85 22 34 34
0898_0036_0074_0050_0050.jpg 1 36 74 50 50
0899_0094_0094_0043_0043.jpg 1 94 94 43 43
0900_0019_0041_0099_0099.jpg 1 19 41 99 99
0901_0031_0053_0090_0090.jpg 1 31 53 90 90
0902_0042_0009_0096_0096.jpg 1 42 9 96 96
0903_0086_0072_0044_0044.jpg 1 86 72 44 44
0904_0040_0035_0057_0057.jpg 1 40 35 57 57
0905_0074_0056_0063_0063.jpg 1 74 56 63 63
0906_0023_0012_0073_0073.jpg 1 23 12 73 73
0907_0024_0051_0037_0037.jpg 1 24 51 37 37
0908_0026_0027_0065_0065.jpg 1 26 27 65 65
0909_0069_0069_0070_0070.jpg 1 69 69 70 70
0910_0053_0052_0086_0086.jpg 1 53 52 86 86
0911_0014_0021_0091_0091.jpg 1 14 21 91 91
0912_0019_0023_0092_0092.jpg 1 19 23 92 92
0913_0053_0037_0079_0079.jpg 1 53 37 79 79
0914_0009_0065_0066_0066.jpg 1 9 65 66 66
0915_0075_0075_0032_0032.jpg 1 75 75 32 32
0916_0013_0026_0103_0103.jpg 1 13 26 103 103
0917_0076_0084_0045_0045.jpg 1 76 84 45 45
0918_0032_0052_0091_0091.jpg 1 32 52 91 91
0919_0107_0044_0026_0026.jpg 1 107 44 26 26
0920_0091_0038_0047_0047.jpg 1 91 38 47 47
0921_0056_0026_0052_0052.jpg 1 56 26 52 52
0922_0066_0037_0024_0024.jpg 1 66 37 24 24
0923_0033_0022_0076_0076.jpg 1 33 22 76 76
0924_0035_0020_0047_0047.jpg 1 35 20 47 47
0925_0011_0015_0075_0075.jpg 1 11 15 75 75
0926_0053_0046_0071_0071.jpg 1 53 46 71 71
0927_0061_0015_0051_0051.jpg 1 61 15 51 51
0928_0024_0041_0081_0081.jpg 1 24 41 81 81
0929_0006_0025_0088_0088.jpg 1 6 25 88 88
0930_0067_0021_0067_0067.jpg 1 67 21 67 67
0931_0037_0039_0041_0041.jpg 1 37 39 41 41
0932_0030_0033_0060_0060.jpg 1 30 33 60 60
0933_0032_0023_0066_0066.jpg 1 32 23 66 66
0934_0081_0037_0048_0048.jpg 1 81 37 48 48
0935_0059_0059_0026_0026.jpg 1 59 59 26 26
0936_0022_0040_0092_0092.jpg 1 22 40 92 92
0937_0018_0063_0044_0044.jpg 1 18 63 44 44
0938_0015_0015_0032_0032.jpg 1 15 15 32 32
0939_0049_0047_0047_0047.jpg 1 49 47 47 47
0940_0054_0031_0069_0069.jpg 1 54 31 69 69
0941_0048_0076_0044_0044.jpg 1 48 76 44 44
0942_0041_0016_0080_0080.jpg 1 41 16 80 80
0943_0051_0028_0059_0059.jpg 1 51 28 59 59
0944_0031_0100_0030_0030.jpg 1 31 100 30 30
0945_0010_0045_0075_0075.jpg 1 10 45 75 75
0946_0007_0011_0086_0086.jpg 1 7 11 86 86
0947_0051_0013_0047_0047.jpg 1 51 13 47 47
0948_0075_0010_0063_0063.jpg 1 75 10 63 63
0949_0051_0023_0090_0090.jpg 1 51 23 90 90
0950_0067_0014_0065_0065.jpg 1 67 14 65 65
0951_0035_0007_0104_0104.jpg 1 35 7 104 104
0952_0036_0021_0082_0082.jpg 1 36 21 82 82
0953_0051_0067_0073_0073.jpg 1 51 67 73 73
0954_0046_0015_0098_0098.jpg 1 46 15 98 98
0955_0075_0012_0066_0066.jpg 1 75 12 66 66
0956_0065_0042_0063_0063.jpg 1 65 42 63 63
0957_0010_0014_0089_0089.jpg 1 10 14 89 89
0958_0024_0031_0050_0050.jpg 1 24 31 50 50
0959_0036_0073_0034_0034.jpg 1 36 73 34 34
0960_0039_0070_0032_0032.jpg 1 39 70 32 32
0961_0039_0034_0065_0065.jpg 1 39 34 65 65
0962_0103_0063_0029_0029.jpg 1 103 63 29 29
0963_0046_0029_0049_0049.jpg 1 46 29 49 49
0964_0013_0073_0024_0024.jpg 1 13 73 24 24
0965_0044_0050_0091_0091.jpg 1 44 50 91 91
0966_0037_0049_0093_0093.jpg 1 37 49 93 93
0967_0039_0041_0076_0076.jpg 1 39 41 76 76
0968_0042_0050_0088_0088.jpg 1 42 50 88 88
0969_0028_0020_0081_0081.jpg 1 28 20 81 81
0970_0070_0063_0067_0067.jpg 1 70 63 67 67
0971_0061_0042_0066_0066.jpg 1 61 42 66 66
0972_0006_0027_0097_0097.jpg 1 6 27 97 97
0973_0037_0067_0030_0030.jpg 1 37 67 30 30
0974_0104_0048_0031_0031.jpg 1 104 48 31 31
0975_0031_0031_0054_0054.jpg 1 31 31 54 54
0976_0057_0047_0049_0049.jpg 1 57 47 49 49
0977_0036_0028_0028_0028.jpg 1 36 28 28 28
0978_0058_0017_0060_0060.jpg 1 58 17 60 60
0979_0041_0045_0092_0092.jpg 1 41 45 92 92
0980_0054_0042_0024_0024.jpg 1 54 42 24 24
0981_0053_0100_0026_0026.jpg 1 53 100 26 26
0982_0041_0018_0048_0048.jpg 1 41 18 48 48
0983_0018_0021_0078_0078.jpg 1 18 21 78 78
0984_0034_0016_0029_0029.jpg 1 34 16 29 29
0985_0013_0023_0093_0093.jpg 1 13 23 93 93
0986_0059_0073_0063_0063.jpg 1 59 73 63 63
0987_0048_0032_0034_0034.jpg 1 48 32 34 34
0988_0038_0083_0049_0049.jpg 1 38 83 49 49
0989_0035_0054_0052_0052.jpg 1 35 54 52 52
0990_0062_0058_0079_0079.jpg 1 62 58 79 79
0991_0078_0033_0036_0036.jpg 1 78 33 36 36
0992_0070_0071_0062_0062.jpg 1 70 71 62 62
0993_0060_0077_0041_0041.jpg 1 60 77 41 41
0994_0026_0035_0087_0087.jpg 1 26 35 87 87
0995_0018_0010_0084_0084.jpg 1 18 10 84 84
0996_0026_0058_0072_0072.jpg 1 26 58 72 72
0997_0074_0059_0051_0051.jpg 1 74 59 51 51
0998_0008_0045_0066_0066.jpg 1 8 45 66 66
0999_0062_0015_0049_0049.jpg 1 62 15 49 49
1000_0078_0067_0048_0048.jpg 1 78 67 48 48
1001_0044_0039_0096_0096.jpg 1 44 39 96 96
1002_0010_0009_0084_0084.jpg 1 10 9 84 84
1003_0063_0033_0059_0059.jpg 1 63 33 59 59
1004_0024_0049_0086_0086.jpg 1 24 49 86 86
1005_0027_0033_0083_0083.jpg 1 27 33 83 83
1006_0035_0012_0058_0058.jpg 1 35 12 58 58
1007_0040_0083_0057_0057.jpg 1 40 83 57 57
1008_0027_0038_0059_0059.jpg 1 27 38 59 59
1009_0039_0036_0103_0103.jpg 1 39 36 103 103
1010_0033_0031_0078_0078.jpg 1 33 31 78 78
1011_0037_0019_0093_0093.jpg 1 37 19 93 93
1012_0025_0043_0069_0069.jpg 1 25 43 69 69
1013_0008_0012_0071_0071.jpg 1 8 12 71 71
1014_0053_0018_0045_0045.jpg 1 53 18 45 45
1015_0095_0020_0032_0032.jpg 1 95 20 32 32
1016_0018_0020_0058_0058.jpg 1 18 20 58 58
1017_0072_0106_0031_0031.jpg 1 72 106 31 31
1018_0026_0035_0037_0037.jpg 1 26 35 37 37
1019_0009_0056_0081_0081.jpg 1 9 56 81 81
1020_0076_0040_0058_0058.jpg 1 76 40 58 58
1021_0072_0039_0061_0061.jpg 1 72 39 61 61
1022_0036_0075_0052_0052.jpg 1 36 75 52 52
1023_0054_0021_0049_0049.jpg 1 54 21 49 49
1024_0073_0024_0051_0051.jpg 1 73 24 51 51
1025_0027_0036_0099_0099.jpg 1 27 36 99 99
1026_0008_0066_0076_0076.jpg 1 8 66 76 76
1027_0034_0007_0101_0101.jpg 1 34 7 101 101
1028_0044_0048_0045_0045.jpg 1 44 48 45 45
1029_0019_0007_0093_0093.jpg 1 19 7 93 93
1030_0053_0026_0072_0072.jpg 1 53 26 72 72
1031_0076_0070_0054_0054.jpg 1 76 70 54 54
1032_0021_0031_0075_0075.jpg 1 21 31 75 75
1033_0028_0026_0079_0079.jpg 1 28 26 79 79
1034_0087_0047_0050_0050.jpg 1 87 47 50 50
1035_0016_0010_0095_0095.jpg 1 16 10 95 95
1036_0018_0046_0079_0079.jpg 1 18 46 79 79
1037_0016_0082_0033_0033.jpg 1 16 82 33 33
1038_0043_0077_0032_0032.jpg 1 43 77 32 32
1039_0017_0051_0089_0089.jpg 1 17 51 89 89
1040_0011_0025_0089_0089.jpg 1 11 25 89 89
1041_0062_0013_0054_0054.jpg 1 62 13 54 54
1042_0060_0076_0063_0063.jpg 1 60 76 63 63
1043_0043_0009_0082_0082.jpg 1 43 9 82 82
1044_0027_0100_0028_0028.jpg 1 27 100 28 28
1045_0018_0064_0069_0069.jpg 1 18 64 69 69
1046_0023_0036_0089_0089.jpg 1 23 36 89 89
1047_0063_0082_0029_0029.jpg 1 63 82 29 29
1048_0015_0022_0093_0093.jpg 1 15 22 93 93
1049_0035_0043_0080_0080.jpg 1 35 43 80 80
1050_0015_0010_0077_0077.jpg 1 15 10 77 77
1051_0080_0074_0041_0041.jpg 1 80 74 41 41
1052_0063_0085_0036_0036.jpg 1 63 85 36 36
1053_0037_0045_0080_0080.jpg 1 37 45 80 80
1054_0036_0016_0092_0092.jpg 1 36 16 92 92
1055_0060_0017_0076_0076.jpg 1 60 17 76 76
1056_0015_0008_0099_0099.jpg 1 15 8 99 99
1057_0099_0039_0024_0024.jpg 1 99 39 24 24
1058_0016_0067_0072_0072.jpg 1 16 67 72 72
1059_0013_0018_0099_0099.jpg 1 13 18 99 99
1060_0042_0074_0030_0030.jpg 1 42 74 30 30
1061_0096_0079_0027_0027.jpg 1 96 79 27 27
1062_0015_0026_0095_0095.jpg 1 15 26 95 95
1063_0030_0026_0055_0055.jpg 1 30 26 55 55
1064_0026_0040_0103_0103.jpg 1 26 40 103 103
1065_0016_0023_0094_0094.jpg 1 16 23 94 94
1066_0052_0046_0036_0036.jpg 1 52 46 36 36
1067_0031_0013_0104_0104.jpg 1 31 13 104 104
1068_0054_0009_0069_0069.jpg 1 54 9 69 69
1069_0079_0016_0044_0044.jpg 1 79 16 44 44
1070_0054_0103_0025_0025.jpg 1 54 103 25 25
1071_0015_0026_0090_0090.jpg 1 15 26 90 90
1072_0064_0029_0076_0076.jpg 1 64 29 76 76
1073_0052_0078_0042_0042.jpg 1 52 78 42 42
1074_0024_0033_0076_0076.jpg 1 24 33 76 76
1075_0055_0022_0066_0066.jpg 1 55 22 66 66
1076_0078_0027_0049_0049.jpg 1 78 27 49 49
1077_0020_0009_0098_0098.jpg 1 20 9 98 98
1078_0076_0073_0035_0035.jpg 1 76 73 35 35
1079_0028_0028_0070_0070.jpg 1 28 28 70 70
1080_0031_0046_0089_0089.jpg 1 31 46 89 89
1081_0028_0098_0030_0030.jpg 1 28 98 30 30
1082_0065_0038_0069_0069.jpg 1 65 38 69 69
1083_0044_0042_0079_0079.jpg 1 44 42 79 79
1084_0006_0007_0103_0103.jpg 1 6 7 103 103
1085_0069_0031_0054_0054.jpg 1 69 31 54 54
1086_0076_0087_0052_0052.jpg 1 76 87 52 52
1087_0050_0063_0046_0046.jpg 1 50 63 46 46
1088_0044_0041_0091_0091.jpg 1 44 41 91 91
1089_0080_0027_0059_0059.jpg 1 80 27 59 59
1090_0040_0036_0104_0104.jpg 1 40 36 104 104
1091_0077_0041_0051_0051.jpg 1 77 41 51 51
1092_0078_0065_0047_0047.jpg 1 78 65 47 47
1093_0094_0029_0033_0033.jpg 1 94 29 33 33
1094_0031_0049_0080_0080.jpg 1 31 49 80 80
1095_0010_0070_0070_0070.jpg 1 10 70 70 70
1096_0017_0064_0045_0045.jpg 1 17 64 45 45
1097_0033_0042_0097_0097.jpg 1 33 42 97 97
1098_0025_0028_0033_0033.jpg 1 25 28 33 33
1099_0041_0036_0103_0103.jpg 1 41 36 103 103
1100_0015_0070_0071_0071.jpg 1 15 70 71 71
1101_0021_0058_0084_0084.jpg 1 21 58 84 84
1102_0037_0027_0095_0095.jpg 1 37 27 95 95
1103_0056_0053_0061_0061.jpg 1 56 53 61 61
1104_0014_0087_0052_0052.jpg 1 14 87 52 52
1105_0049_0030_0049_0049.jpg 1 49 30 49 49
1106_0032_0014_0094_0094.jpg 1 32 14 94 94
1107_0022_0007_0099_0099.jpg 1 22 7 99 99
1108_0067_0052_0051_0051.jpg 1 67 52 51 51
1109_0064_0057_0073_0073.jpg 1 64 57 73 73
1110_0054_0042_0073_0073.jpg 1 54 42 73 73
1111_0068_0090_0037_0037.jpg 1 68 90 37 37
1112_0034_0039_0092_0092.jpg 1 34 39 92 92
1113_0006_0049_0092_0092.jpg 1 6 49 92 92
1114_0062_0064_0054_0054.jpg 1 62 64 54 54
1115_0084_0091_0048_0048.jpg 1 84 91 48 48
1116_0013_0023_0091_0091.jpg 1 13 23 91 91
1117_0033_0014_0094_0094.jpg 1 33 14 94 94
1118_0079_0016_0043_0043.jpg 1 79 16 43 43
1119_0060_0057_0075_0075.jpg 1 60 57 75 75
1120_0048_0056_0033_0033.jpg 1 48 56 33 33
1121_0058_0058_0080_0080.jpg 1 58 58 80 80
1122_0052_0060_0054_0054.jpg 1 52 60 54 54
1123_0018_0051_0079_0079.jpg 1 18 51 79 79
1124_0047_0031_0096_0096.jpg 1 47 31 96 96
1125_0023_0042_0051_0051.jpg 1 23 42 51 51
1126_0025_0056_0025_0025.jpg 1 25 56 25 25
1127_0050_0074_0063_0063.jpg 1 50 74 63 63
1128_0038_0068_0047_0047.jpg 1 38 68 47 47
1129_0019_0014_0036_0036.jpg 1 19 14 36 36
1130_0038_0007_0095_0095.jpg 1 38 7 95 95
1131_0074_0043_0034_0034.jpg 1 74 43 34 34
1132_0026_0017_0083_0083.jpg 1 26 17 83 83
1133_0054_0007_0080_0080.jpg 1 54 7 80 80
1134_0017_0025_0104_0104.jpg 1 17 25 104 104
1135_0058_0009_0065_0065.jpg 1 58 9 65 65
1136_0021_0062_0052_0052.jpg 1 21 62 52 52
1137_0021_0059_0071_0071.jpg 1 21 59 71 71
1138_0083_0020_0057_0057.jpg 1 83 20 57 57
1139_0015_0036_0060_0060.jpg 1 15 36 60 60
1140_0043_0019_0049_0049.jpg 1 43 19 49 49
1141_0026_0069_0070_0070.jpg 1 26 69 70 70
1142_0024_0019_0101_0101.jpg 1 24 19 101 101
1143_0023_0045_0081_0081.jpg 1 23 45 81 81
