0001_0030_0034_0083_0083.jpg 1 30 34 83 83
0002_0044_0014_0076_0076.jpg 1 44 14 76 76
0003_0030_0012_0048_0048.jpg 1 30 12 48 48
0004_0042_0054_0053_0053.jpg 1 42 54 53 53
0005_0060_0019_0047_0047.jpg 1 60 19 47 47
0006_0098_0024_0025_0025.jpg 1 98 24 25 25
0007_0018_0028_0086_0086.jpg 1 18 28 86 86
0008_0026_0026_0058_0058.jpg 1 26 26 58 58
0009_0040_0071_0060_0060.jpg 1 40 71 60 60
0010_0086_0090_0036_0036.jpg 1 86 90 36 36
0011_0023_0024_0042_0042.jpg 1 23 24 42 42
0012_0031_0059_0036_0036.jpg 1 31 59 36 36
0013_0086_0079_0053_0053.jpg 1 86 79 53 53
0014_0034_0014_0026_0026.jpg 1 34 14 26 26
0015_0035_0014_0092_0092.jpg 1 35 14 92 92
0016_0047_0031_0093_0093.jpg 1 47 31 93 93
0017_0053_0009_0080_0080.jpg 1 53 9 80 80
0018_0061_0029_0076_0076.jpg 1 61 29 76 76
0019_0042_0043_0037_0037.jpg 1 42 43 37 37
0020_0047_0068_0072_0072.jpg 1 47 68 72 72
0021_0011_0062_0080_0080.jpg 1 11 62 80 80
0022_0039_0074_0051_0051.jpg 1 39 74 51 51
0023_0066_0036_0060_0060.jpg 1 66 36 60 60
0024_0008_0034_0084_0084.jpg 1 8 34 84 84
0025_0032_0037_0026_0026.jpg 1 32 37 26 26
0026_0055_0075_0059_0059.jpg 1 55 75 59 59
0027_0072_0028_0066_0066.jpg 1 72 28 66 66
0028_0081_0084_0038_0038.jpg 1 81 84 38 38
0029_0053_0018_0081_0081.jpg 1 53 18 81 81
0030_0061_0044_0051_0051.jpg 1 61 44 51 51
0031_0008_0053_0083_0083.jpg 1 8 53 83 83
0032_0015_0062_0026_0026.jpg 1 15 62 26 26
0033_0043_0037_0094_0094.jpg 1 43 37 94 94
0034_0008_0026_0094_0094.jpg 1 8 26 94 94
0035_0037_0034_0063_0063.jpg 1 37 34 63 63
0036_0056_0057_0069_0069.jpg 1 56 57 69 69
0037_0094_0092_0037_0037.jpg 1 94 92 37 37
0038_0019_0040_0079_0079.jpg 1 19 40 79 79
0039_0012_0027_0033_0033.jpg 1 12 27 33 33
0040_0018_0008_0086_0086.jpg 1 18 8 86 86
0041_0007_0009_0083_0083.jpg 1 7 9 83 83
0042_0039_0030_0034_0034.jpg 1 39 30 34 34
0043_0033_0014_0104_0104.jpg 1 33 14 104 104
0044_0023_0051_0086_0086.jpg 1 23 51 86 86
0045_0051_0052_0044_0044.jpg 1 51 52 44 44
0046_0049_0041_0036_0036.jpg 1 49 41 36 36
0047_0007_0036_0093_0093.jpg 1 7 36 93 93
0048_0058_0063_0037_0037.jpg 1 58 63 37 37
0049_0064_0074_0051_0051.jpg 1 64 74 51 51
0050_0073_0092_0041_0041.jpg 1 73 92 41 41
0051_0103_0032_0028_0028.jpg 1 103 32 28 28
0052_0024_0013_0100_0100.jpg 1 24 13 100 100
0053_0062_0033_0069_0069.jpg 1 62 33 69 69
0054_0095_0016_0043_0043.jpg 1 95 16 43 43
0055_0053_0078_0047_0047.jpg 1 53 78 47 47
0056_0046_0051_0060_0060.jpg 1 46 51 60 60
0057_0017_0046_0082_0082.jpg 1 17 46 82 82
0058_0052_0103_0027_0027.jpg 1 52 103 27 27
0059_0005_0027_0094_0094.jpg 1 5 27 94 94
0060_0033_0026_0071_0071.jpg 1 33 26 71 71
0061_0051_0062_0068_0068.jpg 1 51 62 68 68
0062_0050_0011_0051_0051.jpg 1 50 11 51 51
0063_0054_0012_0075_0075.jpg 1 54 12 75 75
0064_0037_0012_0056_0056.jpg 1 37 12 56 56
0065_0066_0035_0066_0066.jpg 1 66 35 66 66
0066_0032_0090_0039_0039.jpg 1 32 90 39 39
0067_0034_0022_0049_0049.jpg 1 34 22 49 49
0068_0102_0022_0029_0029.jpg 1 102 22 29 29
0069_0018_0022_0061_0061.jpg 1 18 22 61 61
0070_0017_0091_0029_0029.jpg 1 17 91 29 29
0071_0086_0062_0033_0033.jpg 1 86 62 33 33
0072_0075_0054_0038_0038.jpg 1 75 54 38 38
0073_0054_0015_0039_0039.jpg 1 54 15 39 39
0074_0047_0030_0039_0039.jpg 1 47 30 39 39
0075_0039_0046_0073_0073.jpg 1 39 46 73 73
0076_0041_0029_0102_0102.jpg 1 41 29 102 102
0077_0074_0028_0040_0040.jpg 1 74 28 40 40
0078_0047_0043_0046_0046.jpg 1 47 43 46 46
0079_0025_0029_0087_0087.jpg 1 25 29 87 87
0080_0061_0063_0078_0078.jpg 1 61 63 78 78
0081_0075_0077_0029_0029.jpg 1 75 77 29 29
0082_0024_0008_0096_0096.jpg 1 24 8 96 96
0083_0025_0054_0061_0061.jpg 1 25 54 61 61
0084_0062_0064_0058_0058.jpg 1 62 64 58 58
0085_0008_0046_0069_0069.jpg 1 8 46 69 69
0086_0064_0057_0058_0058.jpg 1 64 57 58 58
0087_0022_0071_0037_0037.jpg 1 22 71 37 37
0088_0066_0011_0041_0041.jpg 1 66 11 41 41
0089_0065_0056_0064_0064.jpg 1 65 56 64 64
0090_0089_0072_0027_0027.jpg 1 89 72 27 27
0091_0041_0065_0055_0055.jpg 1 41 65 55 55
0092_0016_0056_0084_0084.jpg 1 16 56 84 84
0093_0091_0059_0036_0036.jpg 1 91 59 36 36
0094_0066_0067_0055_0055.jpg 1 66 67 55 55
0095_0035_0057_0035_0035.jpg 1 35 57 35 35
0096_0069_0090_0045_0045.jpg 1 69 90 45 45
0097_0020_0009_0061_0061.jpg 1 20 9 61 61
0098_0078_0054_0055_0055.jpg 1 78 54 55 55
0099_0021_0027_0102_0102.jpg 1 21 27 102 102
0100_0012_0058_0066_0066.jpg 1 12 58 66 66
0101_0021_0015_0095_0095.jpg 1 21 15 95 95
0102_0024_0018_0091_0091.jpg 1 24 18 91 91
0103_0063_0098_0037_0037.jpg 1 63 98 37 37
0104_0052_0035_0084_0084.jpg 1 52 35 84 84
0105_0072_0014_0056_0056.jpg 1 72 14 56 56
0106_0026_0048_0084_0084.jpg 1 26 48 84 84
0107_0082_0028_0050_0050.jpg 1 82 28 50 50
0108_0071_0049_0059_0059.jpg 1 71 49 59 59
0109_0065_0048_0044_0044.jpg 1 65 48 44 44
0110_0010_0047_0089_0089.jpg 1 10 47 89 89
0111_0073_0066_0042_0042.jpg 1 73 66 42 42
0112_0024_0079_0048_0048.jpg 1 24 79 48 48
0113_0016_0036_0103_0103.jpg 1 16 36 103 103
0114_0032_0017_0103_0103.jpg 1 32 17 103 103
0115_0053_0017_0068_0068.jpg 1 53 17 68 68
0116_0069_0064_0050_0050.jpg 1 69 64 50 50
0117_0015_0018_0082_0082.jpg 1 15 18 82 82
0118_0049_0066_0058_0058.jpg 1 49 66 58 58
0119_0054_0018_0087_0087.jpg 1 54 18 87 87
0120_0042_0039_0103_0103.jpg 1 42 39 103 103
0121_0043_0053_0074_0074.jpg 1 43 53 74 74
0122_0076_0073_0032_0032.jpg 1 76 73 32 32
0123_0095_0016_0031_0031.jpg 1 95 16 31 31
0124_0057_0042_0073_0073.jpg 1 57 42 73 73
0125_0068_0080_0035_0035.jpg 1 68 80 35 35
0126_0025_0009_0070_0070.jpg 1 25 9 70 70
0127_0063_0024_0035_0035.jpg 1 63 24 35 35
0128_0050_0054_0086_0086.jpg 1 50 54 86 86
0129_0044_0080_0060_0060.jpg 1 44 80 60 60
0130_0069_0037_0025_0025.jpg 1 69 37 25 25
0131_0066_0034_0047_0047.jpg 1 66 34 47 47
0132_0028_0069_0064_0064.jpg 1 28 69 64 64
0133_0041_0020_0102_0102.jpg 1 41 20 102 102
0134_0035_0033_0086_0086.jpg 1 35 33 86 86
0135_0016_0038_0067_0067.jpg 1 16 38 67 67
0136_0065_0033_0071_0071.jpg 1 65 33 71 71
0137_0046_0034_0091_0091.jpg 1 46 34 91 91
0138_0006_0009_0097_0097.jpg 1 6 9 97 97
0139_0038_0015_0057_0057.jpg 1 38 15 57 57
0140_0024_0083_0057_0057.jpg 1 24 83 57 57
0141_0047_0058_0034_0034.jpg 1 47 58 34 34
0142_0084_0103_0027_0027.jpg 1 84 103 27 27
0143_0021_0057_0052_0052.jpg 1 21 57 52 52
0144_0055_0074_0055_0055.jpg 1 55 74 55 55
0145_0104_0110_0024_0024.jpg 1 104 110 24 24
0146_0074_0076_0059_0059.jpg 1 74 76 59 59
0147_0043_0066_0051_0051.jpg 1 43 66 51 51
0148_0006_0007_0088_0088.jpg 1 6 7 88 88
0149_0012_0048_0092_0092.jpg 1 12 48 92 92
0150_0043_0033_0081_0081.jpg 1 43 33 81 81
0151_0062_0044_0059_0059.jpg 1 62 44 59 59
0152_0030_0034_0092_0092.jpg 1 30 34 92 92
0153_0009_0065_0056_0056.jpg 1 9 65 56 56
0154_0071_0083_0050_0050.jpg 1 71 83 50 50
0155_0039_0063_0072_0072.jpg 1 39 63 72 72
0156_0047_0089_0028_0028.jpg 1 47 89 28 28
0157_0085_0018_0051_0051.jpg 1 85 18 51 51
0158_0071_0034_0047_0047.jpg 1 71 34 47 47
0159_0026_0058_0063_0063.jpg 1 26 58 63 63
0160_0075_0079_0041_0041.jpg 1 75 79 41 41
0161_0040_0077_0025_0025.jpg 1 40 77 25 25
0162_0078_0053_0040_0040.jpg 1 78 53 40 40
0163_0052_0036_0065_0065.jpg 1 52 36 65 65
0164_0042_0039_0034_0034.jpg 1 42 39 34 34
0165_0027_0010_0087_0087.jpg 1 27 10 87 87
0166_0048_0006_0090_0090.jpg 1 48 6 90 90
0167_0053_0032_0047_0047.jpg 1 53 32 47 47
0168_0062_0041_0080_0080.jpg 1 62 41 80 80
0169_0053_0047_0086_0086.jpg 1 53 47 86 86
0170_0020_0059_0050_0050.jpg 1 20 59 50 50
0171_0062_0070_0038_0038.jpg 1 62 70 38 38
0172_0018_0040_0058_0058.jpg 1 18 40 58 58
0173_0037_0020_0100_0100.jpg 1 37 20 100 100
0174_0056_0025_0045_0045.jpg 1 56 25 45 45
0175_0032_0031_0081_0081.jpg 1 32 31 81 81
0176_0050_0034_0050_0050.jpg 1 50 34 50 50
0177_0030_0044_0092_0092.jpg 1 30 44 92 92
0178_0037_0068_0074_0074.jpg 1 37 68 74 74
0179_0024_0051_0080_0080.jpg 1 24 51 80 80
0180_0019_0060_0067_0067.jpg 1 19 60 67 67
0181_0063_0052_0052_0052.jpg 1 63 52 52 52
0182_0087_0033_0035_0035.jpg 1 87 33 35 35
0183_0049_0032_0093_0093.jpg 1 49 32 93 93
0184_0052_0031_0083_0083.jpg 1 52 31 83 83
0185_0021_0034_0082_0082.jpg 1 21 34 82 82
0186_0089_0074_0044_0044.jpg 1 89 74 44 44
0187_0056_0025_0066_0066.jpg 1 56 25 66 66
0188_0020_0019_0090_0090.jpg 1 20 19 90 90
0189_0010_0032_0075_0075.jpg 1 10 32 75 75
0190_0041_0079_0041_0041.jpg 1 41 79 41 41
0191_0043_0069_0047_0047.jpg 1 43 69 47 47
0192_0011_0042_0081_0081.jpg 1 11 42 81 81
0193_0027_0048_0084_0084.jpg 1 27 48 84 84
0194_0059_0023_0056_0056.jpg 1 59 23 56 56
0195_0030_0011_0101_0101.jpg 1 30 11 101 101
0196_0052_0017_0024_0024.jpg 1 52 17 24 24
0197_0079_0066_0051_0051.jpg 1 79 66 51 51
0198_0037_0037_0095_0095.jpg 1 37 37 95 95
0199_0075_0034_0059_0059.jpg 1 75 34 59 59
0200_0033_0021_0090_0090.jpg 1 33 21 90 90
0201_0040_0025_0091_0091.jpg 1 40 25 91 91
0202_0064_0065_0033_0033.jpg 1 64 65 33 33
0203_0078_0058_0050_0050.jpg 1 78 58 50 50
0204_0037_0016_0081_0081.jpg 1 37 16 81 81
0205_0025_0036_0080_0080.jpg 1 25 36 80 80
0206_0084_0052_0036_0036.jpg 1 84 52 36 36
0207_0046_0038_0025_0025.jpg 1 46 38 25 25
0208_0022_0013_0088_0088.jpg 1 22 13 88 88
0209_0044_0057_0054_0054.jpg 1 44 57 54 54
0210_0009_0020_0097_0097.jpg 1 9 20 97 97
0211_0014_0044_0040_0040.jpg 1 14 44 40 40
0212_0041_0055_0042_0042.jpg 1 41 55 42 42
0213_0016_0036_0102_0102.jpg 1 16 36 102 102
0214_0040_0046_0097_0097.jpg 1 40 46 97 97
0215_0019_0047_0047_0047.jpg 1 19 47 47 47
0216_0089_0011_0048_0048.jpg 1 89 11 48 48
0217_0031_0071_0066_0066.jpg 1 31 71 66 66
0218_0065_0040_0041_0041.jpg 1 65 40 41 41
0219_0032_0038_0076_0076.jpg 1 32 38 76 76
0220_0035_0052_0029_0029.jpg 1 35 52 29 29
0221_0013_0019_0075_0075.jpg 1 13 19 75 75
0222_0029_0033_0035_0035.jpg 1 29 33 35 35
0223_0018_0025_0053_0053.jpg 1 18 25 53 53
0224_0052_0017_0089_0089.jpg 1 52 17 89 89
0225_0087_0034_0046_0046.jpg 1 87 34 46 46
0226_0058_0070_0035_0035.jpg 1 58 70 35 35
0227_0063_0047_0066_0066.jpg 1 63 47 66 66
0228_0032_0048_0078_0078.jpg 1 32 48 78 78
0229_0015_0046_0089_0089.jpg 1 15 46 89 89
0230_0054_0035_0048_0048.jpg 1 54 35 48 48
0231_0022_0024_0056_0056.jpg 1 22 24 56 56
0232_0057_0013_0085_0085.jpg 1 57 13 85 85
0233_0012_0011_0092_0092.jpg 1 12 11 92 92
0234_0036_0028_0085_0085.jpg 1 36 28 85 85
0235_0010_0031_0051_0051.jpg 1 10 31 51 51
0236_0020_0005_0097_0097.jpg 1 20 5 97 97
0237_0072_0039_0066_0066.jpg 1 72 39 66 66
0238_0029_0018_0091_0091.jpg 1 29 18 91 91
0239_0050_0028_0054_0054.jpg 1 50 28 54 54
0240_0026_0034_0102_0102.jpg 1 26 34 102 102
0241_0061_0080_0057_0057.jpg 1 61 80 57 57
0242_0037_0028_0098_0098.jpg 1 37 28 98 98
0243_0064_0064_0039_0039.jpg 1 64 64 39 39
0244_0050_0022_0081_0081.jpg 1 50 22 81 81
0245_0038_0040_0088_0088.jpg 1 38 40 88 88
0246_0011_0044_0096_0096.jpg 1 11 44 96 96
0247_0045_0021_0028_0028.jpg 1 45 21 28 28
0248_0051_0042_0079_0079.jpg 1 51 42 79 79
0249_0026_0023_0057_0057.jpg 1 26 23 57 57
0250_0059_0010_0068_0068.jpg 1 59 10 68 68
0251_0059_0053_0074_0074.jpg 1 59 53 74 74
0252_0071_0042_0047_0047.jpg 1 71 42 47 47
0253_0045_0017_0080_0080.jpg 1 45 17 80 80
0254_0071_0026_0057_0057.jpg 1 71 26 57 57
0255_0046_0079_0043_0043.jpg 1 46 79 43 43
0256_0008_0007_0089_0089.jpg 1 8 7 89 89
0257_0077_0024_0046_0046.jpg 1 77 24 46 46
0258_0033_0084_0052_0052.jpg 1 33 84 52 52
0259_0059_0089_0031_0031.jpg 1 59 89 31 31
0260_0047_0023_0085_0085.jpg 1 47 23 85 85
0261_0099_0084_0026_0026.jpg 1 99 84 26 26
0262_0039_0041_0052_0052.jpg 1 39 41 52 52
0263_0096_0035_0030_0030.jpg 1 96 35 30 30
0264_0025_0024_0062_0062.jpg 1 25 24 62 62
0265_0020_0019_0076_0076.jpg 1 20 19 76 76
0266_0021_0040_0067_0067.jpg 1 21 40 67 67
0267_0069_0052_0066_0066.jpg 1 69 52 66 66
0268_0025_0045_0034_0034.jpg 1 25 45 34 34
0269_0077_0062_0032_0032.jpg 1 77 62 32 32
0270_0034_0038_0050_0050.jpg 1 34 38 50 50
0271_0057_0043_0059_0059.jpg 1 57 43 59 59
0272_0012_0027_0076_0076.jpg 1 12 27 76 76
0273_0029_0076_0043_0043.jpg 1 29 76 43 43
0274_0027_0070_0024_0024.jpg 1 27 70 24 24
0275_0040_0024_0099_0099.jpg 1 40 24 99 99
0276_0014_0029_0091_0091.jpg 1 14 29 91 91
0277_0044_0025_0059_0059.jpg 1 44 25 59 59
0278_0044_0064_0029_0029.jpg 1 44 64 29 29
0279_0057_0063_0045_0045.jpg 1 57 63 45 45
0280_0062_0063_0065_0065.jpg 1 62 63 65 65
0281_0054_0021_0073_0073.jpg 1 54 21 73 73
0282_0046_0014_0085_0085.jpg 1 46 14 85 85
0283_0077_0021_0061_0061.jpg 1 77 21 61 61
0284_0036_0008_0085_0085.jpg 1 36 8 85 85
0285_0033_0014_0090_0090.jpg 1 33 14 90 90
0286_0019_0050_0048_0048.jpg 1 19 50 48 48
0287_0055_0053_0037_0037.jpg 1 55 53 37 37
0288_0032_0010_0086_0086.jpg 1 32 10 86 86
0289_0043_0041_0074_0074.jpg 1 43 41 74 74
0290_0012_0014_0091_0091.jpg 1 12 14 91 91
0291_0011_0040_0081_0081.jpg 1 11 40 81 81
0292_0009_0031_0098_0098.jpg 1 9 31 98 98
0293_0048_0061_0037_0037.jpg 1 48 61 37 37
0294_0026_0013_0096_0096.jpg 1 26 13 96 96
0295_0042_0047_0091_0091.jpg 1 42 47 91 91
0296_0035_0066_0040_0040.jpg 1 35 66 40 40
0297_0027_0040_0064_0064.jpg 1 27 40 64 64
0298_0060_0027_0043_0043.jpg 1 60 27 43 43
0299_0047_0050_0089_0089.jpg 1 47 50 89 89
0300_0038_0040_0094_0094.jpg 1 38 40 94 94
0301_0087_0022_0027_0027.jpg 1 87 22 27 27
0302_0080_0085_0052_0052.jpg 1 80 85 52 52
0303_0010_0015_0098_0098.jpg 1 10 15 98 98
0304_0032_0020_0086_0086.jpg 1 32 20 86 86
0305_0035_0090_0041_0041.jpg 1 35 90 41 41
0306_0053_0042_0088_0088.jpg 1 53 42 88 88
0307_0105_0105_0027_0027.jpg 1 105 105 27 27
0308_0066_0011_0061_0061.jpg 1 66 11 61 61
0309_0072_0016_0051_0051.jpg 1 72 16 51 51
0310_0027_0093_0028_0028.jpg 1 27 93 28 28
0311_0009_0069_0060_0060.jpg 1 9 69 60 60
0312_0080_0044_0049_0049.jpg 1 80 44 49 49
0313_0015_0063_0052_0052.jpg 1 15 63 52 52
0314_0036_0065_0066_0066.jpg 1 36 65 66 66
0315_0061_0060_0049_0049.jpg 1 61 60 49 49
0316_0031_0018_0070_0070.jpg 1 31 18 70 70
0317_0028_0028_0074_0074.jpg 1 28 28 74 74
0318_0046_0015_0097_0097.jpg 1 46 15 97 97
0319_0013_0060_0063_0063.jpg 1 13 60 63 63
0320_0011_0046_0096_0096.jpg 1 11 46 96 96
0321_0075_0039_0041_0041.jpg 1 75 39 41 41
0322_0037_0024_0079_0079.jpg 1 37 24 79 79
0323_0023_0046_0029_0029.jpg 1 23 46 29 29
0324_0055_0082_0052_0052.jpg 1 55 82 52 52
0325_0070_0058_0045_0045.jpg 1 70 58 45 45
0326_0069_0072_0066_0066.jpg 1 69 72 66 66
0327_0051_0054_0085_0085.jpg 1 51 54 85 85
0328_0042_0033_0084_0084.jpg 1 42 33 84 84
0329_0030_0019_0060_0060.jpg 1 30 19 60 60
0330_0075_0032_0054_0054.jpg 1 75 32 54 54
0331_0028_0010_0103_0103.jpg 1 28 10 103 103
0332_0019_0031_0039_0039.jpg 1 19 31 39 39
0333_0064_0025_0077_0077.jpg 1 64 25 77 77
0334_0058_0052_0062_0062.jpg 1 58 52 62 62
0335_0037_0064_0062_0062.jpg 1 37 64 62 62
0336_0015_0039_0094_0094.jpg 1 15 39 94 94
0337_0035_0038_0104_0104.jpg 1 35 38 104 104
0338_0018_0010_0075_0075.jpg 1 18 10 75 75
0339_0030_0041_0100_0100.jpg 1 30 41 100 100
0340_0085_0019_0040_0040.jpg 1 85 19 40 40
0341_0039_0041_0045_0045.jpg 1 39 41 45 45
0342_0019_0039_0045_0045.jpg 1 19 39 45 45
0343_0012_0007_0099_0099.jpg 1 12 7 99 99
0344_0059_0044_0062_0062.jpg 1 59 44 62 62
0345_0095_0026_0043_0043.jpg 1 95 26 43 43
0346_0020_0025_0080_0080.jpg 1 20 25 80 80
0347_0017_0058_0073_0073.jpg 1 17 58 73 73
0348_0055_0052_0048_0048.jpg 1 55 52 48 48
0349_0064_0011_0053_0053.jpg 1 64 11 53 53
0350_0061_0054_0027_0027.jpg 1 61 54 27 27
0351_0020_0037_0033_0033.jpg 1 20 37 33 33
0352_0047_0027_0094_0094.jpg 1 47 27 94 94
0353_0015_0054_0089_0089.jpg 1 15 54 89 89
0354_0035_0088_0040_0040.jpg 1 35 88 40 40
0355_0020_0025_0084_0084.jpg 1 20 25 84 84
0356_0095_0047_0032_0032.jpg 1 95 47 32 32
0357_0046_0102_0025_0025.jpg 1 46 102 25 25
0358_0071_0090_0031_0031.jpg 1 71 90 31 31
0359_0029_0053_0079_0079.jpg 1 29 53 79 79
0360_0072_0011_0040_0040.jpg 1 72 11 40 40
0361_0031_0019_0056_0056.jpg 1 31 19 56 56
0362_0042_0036_0102_0102.jpg 1 42 36 102 102
0363_0027_0044_0085_0085.jpg 1 27 44 85 85
0364_0044_0036_0075_0075.jpg 1 44 36 75 75
0365_0046_0068_0062_0062.jpg 1 46 68 62 62
0366_0071_0012_0050_0050.jpg 1 71 12 50 50
0367_0058_0030_0030_0030.jpg 1 58 30 30 30
0368_0041_0087_0033_0033.jpg 1 41 87 33 33
0369_0012_0015_0079_0079.jpg 1 12 15 79 79
0370_0052_0038_0084_0084.jpg 1 52 38 84 84
0371_0076_0045_0041_0041.jpg 1 76 45 41 41
0372_0046_0017_0095_0095.jpg 1 46 17 95 95
0373_0046_0011_0092_0092.jpg 1 46 11 92 92
0374_0090_0014_0031_0031.jpg 1 90 14 31 31
0375_0098_0048_0039_0039.jpg 1 98 48 39 39
0376_0055_0085_0046_0046.jpg 1 55 85 46 46
0377_0018_0057_0080_0080.jpg 1 18 57 80 80
0378_0010_0058_0081_0081.jpg 1 10 58 81 81
0379_0056_0044_0079_0079.jpg 1 56 44 79 79
0380_0018_0064_0026_0026.jpg 1 18 64 26 26
0381_0071_0083_0029_0029.jpg 1 71 83 29 29
0382_0058_0018_0067_0067.jpg 1 58 18 67 67
0383_0021_0013_0068_0068.jpg 1 21 13 68 68
0384_0020_0035_0089_0089.jpg 1 20 35 89 89
0385_0063_0050_0075_0075.jpg 1 63 50 75 75
0386_0024_0051_0083_0083.jpg 1 24 51 83 83
0387_0005_0011_0104_0104.jpg 1 5 11 104 104
0388_0028_0022_0094_0094.jpg 1 28 22 94 94
0389_0051_0050_0067_0067.jpg 1 51 50 67 67
0390_0078_0013_0063_0063.jpg 1 78 13 63 63
0391_0046_0038_0080_0080.jpg 1 46 38 80 80
0392_0069_0076_0027_0027.jpg 1 69 76 27 27
0393_0032_0055_0045_0045.jpg 1 32 55 45 45
0394_0095_0058_0025_0025.jpg 1 95 58 25 25
0395_0018_0059_0053_0053.jpg 1 18 59 53 53
0396_0066_0031_0076_0076.jpg 1 66 31 76 76
0397_0028_0018_0079_0079.jpg 1 28 18 79 79
0398_0014_0011_0103_0103.jpg 1 14 11 103 103
0399_0021_0092_0035_0035.jpg 1 21 92 35 35
0400_0023_0034_0099_0099.jpg 1 23 34 99 99
0401_0026_0023_0073_0073.jpg 1 26 23 73 73
0402_0018_0044_0058_0058.jpg 1 18 44 58 58
0403_0039_0015_0100_0100.jpg 1 39 15 100 100
0404_0035_0011_0093_0093.jpg 1 35 11 93 93
0405_0019_0027_0096_0096.jpg 1 19 27 96 96
0406_0082_0069_0044_0044.jpg 1 82 69 44 44
0407_0038_0026_0093_0093.jpg 1 38 26 93 93
0408_0078_0023_0056_0056.jpg 1 78 23 56 56
0409_0014_0045_0034_0034.jpg 1 14 45 34 34
0410_0008_0016_0095_0095.jpg 1 8 16 95 95
0411_0011_0036_0098_0098.jpg 1 11 36 98 98
0412_0062_0011_0072_0072.jpg 1 62 11 72 72
0413_0070_0012_0069_0069.jpg 1 70 12 69 69
0414_0081_0030_0051_0051.jpg 1 81 30 51 51
0415_0032_0013_0097_0097.jpg 1 32 13 97 97
0416_0011_0031_0084_0084.jpg 1 11 31 84 84
0417_0034_0091_0025_0025.jpg 1 34 91 25 25
0418_0028_0032_0095_0095.jpg 1 28 32 95 95
0419_0021_0046_0079_0079.jpg 1 21 46 79 79
0420_0082_0067_0042_0042.jpg 1 82 67 42 42
0421_0050_0020_0064_0064.jpg 1 50 20 64 64
0422_0056_0011_0073_0073.jpg 1 56 11 73 73
0423_0021_0031_0054_0054.jpg 1 21 31 54 54
0424_0088_0059_0037_0037.jpg 1 88 59 37 37
0425_0107_0086_0026_0026.jpg 1 107 86 26 26
0426_0029_0012_0091_0091.jpg 1 29 12 91 91
0427_0082_0058_0057_0057.jpg 1 82 58 57 57
0428_0050_0020_0077_0077.jpg 1 50 20 77 77
0429_0046_0044_0070_0070.jpg 1 46 44 70 70
0430_0032_0019_0102_0102.jpg 1 32 19 102 102
0431_0027_0036_0083_0083.jpg 1 27 36 83 83
0432_0065_0028_0050_0050.jpg 1 65 28 50 50
0433_0027_0032_0051_0051.jpg 1 27 32 51 51
0434_0088_0028_0039_0039.jpg 1 88 28 39 39
0435_0056_0096_0042_0042.jpg 1 56 96 42 42
0436_0050_0068_0053_0053.jpg 1 50 68 53 53
0437_0045_0039_0089_0089.jpg 1 45 39 89 89
0438_0022_0067_0032_0032.jpg 1 22 67 32 32
0439_0016_0028_0041_0041.jpg 1 16 28 41 41
0440_0035_0014_0100_0100.jpg 1 35 14 100 100
0441_0018_0064_0033_0033.jpg 1 18 64 33 33
0442_0035_0050_0051_0051.jpg 1 35 50 51 51
0443_0028_0024_0069_0069.jpg 1 28 24 69 69
0444_0030_0009_0080_0080.jpg 1 30 9 80 80
0445_0023_0047_0031_0031.jpg 1 23 47 31 31
0446_0090_0058_0041_0041.jpg 1 90 58 41 41
0447_0054_0014_0087_0087.jpg 1 54 14 87 87
0448_0024_0032_0093_0093.jpg 1 24 32 93 93
0449_0029_0013_0055_0055.jpg 1 29 13 55 55
0450_0048_0100_0029_0029.jpg 1 48 100 29 29
0451_0035_0056_0063_0063.jpg 1 35 56 63 63
0452_0022_0032_0103_0103.jpg 1 22 32 103 103
0453_0022_0032_0054_0054.jpg 1 22 32 54 54
0454_0027_0033_0076_0076.jpg 1 27 33 76 76
0455_0048_0019_0083_0083.jpg 1 48 19 83 83
0456_0024_0043_0100_0100.jpg 1 24 43 100 100
0457_0058_0016_0084_0084.jpg 1 58 16 84 84
0458_0032_0008_0097_0097.jpg 1 32 8 97 97
0459_0035_0010_0098_0098.jpg 1 35 10 98 98
0460_0016_0052_0057_0057.jpg 1 16 52 57 57
0461_0036_0053_0074_0074.jpg 1 36 53 74 74
0462_0027_0019_0078_0078.jpg 1 27 19 78 78
0463_0062_0073_0025_0025.jpg 1 62 73 25 25
0464_0027_0037_0100_0100.jpg 1 27 37 100 100
0465_0067_0062_0067_0067.jpg 1 67 62 67 67
0466_0027_0071_0045_0045.jpg 1 27 71 45 45
0467_0035_0052_0068_0068.jpg 1 35 52 68 68
0468_0021_0065_0054_0054.jpg 1 21 65 54 54
0469_0044_0035_0087_0087.jpg 1 44 35 87 87
0470_0018_0071_0058_0058.jpg 1 18 71 58 58
0471_0023_0070_0069_0069.jpg 1 23 70 69 69
0472_0073_0059_0030_0030.jpg 1 73 59 30 30
0473_0026_0029_0077_0077.jpg 1 26 29 77 77
0474_0048_0018_0026_0026.jpg 1 48 18 26 26
0475_0038_0040_0101_0101.jpg 1 38 40 101 101
0476_0051_0055_0069_0069.jpg 1 51 55 69 69
0477_0081_0067_0030_0030.jpg 1 81 67 30 30
0478_0075_0025_0044_0044.jpg 1 75 25 44 44
0479_0039_0039_0072_0072.jpg 1 39 39 72 72
0480_0009_0048_0061_0061.jpg 1 9 48 61 61
0481_0012_0098_0040_0040.jpg 1 12 98 40 40
0482_0032_0009_0081_0081.jpg 1 32 9 81 81
0483_0046_0060_0063_0063.jpg 1 46 60 63 63
0484_0078_0065_0062_0062.jpg 1 78 65 62 62
0485_0029_0035_0087_0087.jpg 1 29 35 87 87
0486_0030_0015_0086_0086.jpg 1 30 15 86 86
0487_0032_0005_0099_0099.jpg 1 32 5 99 99
0488_0013_0009_0104_0104.jpg 1 13 9 104 104
0489_0068_0026_0050_0050.jpg 1 68 26 50 50
0490_0013_0010_0090_0090.jpg 1 13 10 90 90
0491_0096_0065_0027_0027.jpg 1 96 65 27 27
0492_0054_0018_0074_0074.jpg 1 54 18 74 74
0493_0066_0016_0060_0060.jpg 1 66 16 60 60
0494_0032_0048_0030_0030.jpg 1 32 48 30 30
0495_0049_0017_0093_0093.jpg 1 49 17 93 93
0496_0087_0078_0049_0049.jpg 1 87 78 49 49
0497_0040_0050_0056_0056.jpg 1 40 50 56 56
0498_0056_0031_0045_0045.jpg 1 56 31 45 45
0499_0013_0035_0093_0093.jpg 1 13 35 93 93
0500_0015_0006_0093_0093.jpg 1 15 6 93 93
0501_0038_0015_0081_0081.jpg 1 38 15 81 81
0502_0037_0069_0055_0055.jpg 1 37 69 55 55
0503_0041_0036_0072_0072.jpg 1 41 36 72 72
0504_0048_0011_0084_0084.jpg 1 48 11 84 84
0505_0083_0057_0037_0037.jpg 1 83 57 37 37
0506_0018_0038_0078_0078.jpg 1 18 38 78 78
0507_0017_0062_0032_0032.jpg 1 17 62 32 32
0508_0051_0058_0070_0070.jpg 1 51 58 70 70
0509_0057_0050_0076_0076.jpg 1 57 50 76 76
0510_0018_0017_0072_0072.jpg 1 18 17 72 72
0511_0018_0022_0100_0100.jpg 1 18 22 100 100
0512_0021_0043_0079_0079.jpg 1 21 43 79 79
0513_0008_0034_0088_0088.jpg 1 8 34 88 88
0514_0072_0063_0041_0041.jpg 1 72 63 41 41
0515_0042_0037_0071_0071.jpg 1 42 37 71 71
0516_0074_0045_0035_0035.jpg 1 74 45 35 35
0517_0044_0044_0100_0100.jpg 1 44 44 100 100
0518_0039_0009_0068_0068.jpg 1 39 9 68 68
0519_0098_0099_0031_0031.jpg 1 98 99 31 31
0520_0075_0053_0045_0045.jpg 1 75 53 45 45
0521_0083_0037_0030_0030.jpg 1 83 37 30 30
0522_0013_0033_0099_0099.jpg 1 13 33 99 99
0523_0080_0013_0058_0058.jpg 1 80 13 58 58
0524_0058_0017_0073_0073.jpg 1 58 17 73 73
0525_0021_0084_0026_0026.jpg 1 21 84 26 26
0526_0053_0017_0069_0069.jpg 1 53 17 69 69
0527_0011_0016_0068_0068.jpg 1 11 16 68 68
0528_0073_0040_0060_0060.jpg 1 73 40 60 60
0529_0061_0019_0069_0069.jpg 1 61 19 69 69
0530_0013_0029_0086_0086.jpg 1 13 29 86 86
0531_0084_0070_0041_0041.jpg 1 84 70 41 41
0532_0019_0024_0087_0087.jpg 1 19 24 87 87
0533_0024_0031_0049_0049.jpg 1 24 31 49 49
0534_0046_0070_0059_0059.jpg 1 46 70 59 59
0535_0055_0097_0026_0026.jpg 1 55 97 26 26
0536_0008_0014_0084_0084.jpg 1 8 14 84 84
0537_0074_0039_0046_0046.jpg 1 74 39 46 46
0538_0037_0042_0095_0095.jpg 1 37 42 95 95
0539_0016_0052_0042_0042.jpg 1 16 52 42 42
0540_0031_0041_0100_0100.jpg 1 31 41 100 100
0541_0056_0053_0081_0081.jpg 1 56 53 81 81
0542_0034_0028_0071_0071.jpg 1 34 28 71 71
0543_0021_0007_0103_0103.jpg 1 21 7 103 103
0544_0012_0050_0062_0062.jpg 1 12 50 62 62
0545_0036_0015_0097_0097.jpg 1 36 15 97 97
0546_0023_0013_0093_0093.jpg 1 23 13 93 93
0547_0072_0033_0066_0066.jpg 1 72 33 66 66
0548_0070_0045_0026_0026.jpg 1 70 45 26 26
0549_0022_0009_0083_0083.jpg 1 22 9 83 83
0550_0017_0035_0078_0078.jpg 1 17 35 78 78
0551_0024_0007_0103_0103.jpg 1 24 7 103 103
0552_0017_0021_0062_0062.jpg 1 17 21 62 62
0553_0038_0017_0097_0097.jpg 1 38 17 97 97
0554_0032_0016_0093_0093.jpg 1 32 16 93 93
0555_0046_0041_0065_0065.jpg 1 46 41 65 65
0556_0045_0017_0060_0060.jpg 1 45 17 60 60
0557_0029_0058_0044_0044.jpg 1 29 58 44 44
0558_0016_0035_0042_0042.jpg 1 16 35 42 42
0559_0048_0048_0094_0094.jpg 1 48 48 94 94
0560_0016_0036_0084_0084.jpg 1 16 36 84 84
0561_0029_0012_0025_0025.jpg 1 29 12 25 25
0562_0007_0032_0090_0090.jpg 1 7 32 90 90
0563_0044_0089_0040_0040.jpg 1 44 89 40 40
0564_0031_0017_0086_0086.jpg 1 31 17 86 86
0565_0026_0054_0078_0078.jpg 1 26 54 78 78
0566_0079_0052_0048_0048.jpg 1 79 52 48 48
0567_0079_0068_0050_0050.jpg 1 79 68 50 50
0568_0094_0055_0042_0042.jpg 1 94 55 42 42
0569_0049_0047_0062_0062.jpg 1 49 47 62 62
0570_0018_0025_0102_0102.jpg 1 18 25 102 102
0571_0068_0031_0067_0067.jpg 1 68 31 67 67
0572_0023_0093_0041_0041.jpg 1 23 93 41 41
0573_0061_0010_0072_0072.jpg 1 61 10 72 72
0574_0037_0069_0045_0045.jpg 1 37 69 45 45
0575_0041_0019_0027_0027.jpg 1 41 19 27 27
0576_0056_0053_0048_0048.jpg 1 56 53 48 48
0577_0054_0023_0038_0038.jpg 1 54 23 38 38
0578_0076_0049_0043_0043.jpg 1 76 49 43 43
0579_0067_0031_0031_0031.jpg 1 67 31 31 31
0580_0083_0057_0057_0057.jpg 1 83 57 57 57
0581_0034_0089_0044_0044.jpg 1 34 89 44 44
0582_0024_0080_0042_0042.jpg 1 24 80 42 42
0583_0060_0054_0082_0082.jpg 1 60 54 82 82
0584_0018_0062_0071_0071.jpg 1 18 62 71 71
0585_0035_0023_0102_0102.jpg 1 35 23 102 102
0586_0087_0084_0041_0041.jpg 1 87 84 41 41
0587_0020_0008_0089_0089.jpg 1 20 8 89 89
0588_0009_0036_0096_0096.jpg 1 9 36 96 96
0589_0014_0038_0100_0100.jpg 1 14 38 100 100
0590_0011_0066_0046_0046.jpg 1 11 66 46 46
0591_0038_0055_0085_0085.jpg 1 38 55 85 85
0592_0045_0058_0049_0049.jpg 1 45 58 49 49
0593_0039_0046_0083_0083.jpg 1 39 46 83 83
0594_0023_0062_0060_0060.jpg 1 23 62 60 60
0595_0068_0077_0035_0035.jpg 1 68 77 35 35
0596_0028_0050_0091_0091.jpg 1 28 50 91 91
0597_0024_0022_0049_0049.jpg 1 24 22 49 49
0598_0024_0056_0082_0082.jpg 1 24 56 82 82
0599_0075_0076_0029_0029.jpg 1 75 76 29 29
0600_0037_0092_0032_0032.jpg 1 37 92 32 32
0601_0030_0012_0084_0084.jpg 1 30 12 84 84
0602_0018_0050_0081_0081.jpg 1 18 50 81 81
0603_0014_0019_0082_0082.jpg 1 14 19 82 82
0604_0017_0027_0080_0080.jpg 1 17 27 80 80
0605_0077_0086_0054_0054.jpg 1 77 86 54 54
0606_0042_0021_0051_0051.jpg 1 42 21 51 51
0607_0095_0035_0035_0035.jpg 1 95 35 35 35
0608_0012_0033_0094_0094.jpg 1 12 33 94 94
0609_0017_0023_0076_0076.jpg 1 17 23 76 76
0610_0057_0065_0041_0041.jpg 1 57 65 41 41
0611_0082_0087_0039_0039.jpg 1 82 87 39 39
0612_0023_0090_0048_0048.jpg 1 23 90 48 48
0613_0038_0084_0027_0027.jpg 1 38 84 27 27
0614_0049_0025_0087_0087.jpg 1 49 25 87 87
0615_0010_0041_0102_0102.jpg 1 10 41 102 102
0616_0057_0010_0078_0078.jpg 1 57 10 78 78
0617_0050_0071_0061_0061.jpg 1 50 71 61 61
0618_0062_0019_0075_0075.jpg 1 62 19 75 75
0619_0051_0065_0047_0047.jpg 1 51 65 47 47
0620_0010_0014_0083_0083.jpg 1 10 14 83 83
0621_0027_0091_0036_0036.jpg 1 27 91 36 36
0622_0031_0090_0032_0032.jpg 1 31 90 32 32
0623_0068_0057_0067_0067.jpg 1 68 57 67 67
0624_0036_0045_0084_0084.jpg 1 36 45 84 84
0625_0067_0041_0045_0045.jpg 1 67 41 45 45
0626_0023_0037_0102_0102.jpg 1 23 37 102 102
0627_0043_0049_0090_0090.jpg 1 43 49 90 90
0628_0093_0072_0037_0037.jpg 1 93 72 37 37
0629_0052_0041_0037_0037.jpg 1 52 41 37 37
0630_0090_0085_0049_0049.jpg 1 90 85 49 49
0631_0074_0039_0024_0024.jpg 1 74 39 24 24
0632_0074_0086_0040_0040.jpg 1 74 86 40 40
0633_0062_0047_0067_0067.jpg 1 62 47 67 67
0634_0028_0010_0103_0103.jpg 1 28 10 103 103
0635_0006_0014_0098_0098.jpg 1 6 14 98 98
0636_0007_0023_0077_0077.jpg 1 7 23 77 77
0637_0040_0010_0068_0068.jpg 1 40 10 68 68
0638_0043_0062_0038_0038.jpg 1 43 62 38 38
0639_0031_0033_0087_0087.jpg 1 31 33 87 87
0640_0022_0022_0073_0073.jpg 1 22 22 73 73
0641_0045_0052_0061_0061.jpg 1 45 52 61 61
0642_0006_0006_0097_0097.jpg 1 6 6 97 97
0643_0030_0041_0103_0103.jpg 1 30 41 103 103
0644_0024_0018_0101_0101.jpg 1 24 18 101 101
0645_0096_0073_0039_0039.jpg 1 96 73 39 39
0646_0007_0041_0093_0093.jpg 1 7 41 93 93
0647_0030_0013_0102_0102.jpg 1 30 13 102 102
0648_0053_0053_0077_0077.jpg 1 53 53 77 77
0649_0034_0044_0095_0095.jpg 1 34 44 95 95
0650_0091_0020_0043_0043.jpg 1 91 20 43 43
0651_0075_0036_0054_0054.jpg 1 75 36 54 54
0652_0017_0047_0035_0035.jpg 1 17 47 35 35
0653_0020_0036_0085_0085.jpg 1 20 36 85 85
0654_0048_0073_0038_0038.jpg 1 48 73 38 38
0655_0063_0080_0029_0029.jpg 1 63 80 29 29
0656_0018_0022_0081_0081.jpg 1 18 22 81 81
0657_0021_0090_0030_0030.jpg 1 21 90 30 30
0658_0030_0101_0034_0034.jpg 1 30 101 34 34
0659_0089_0040_0038_0038.jpg 1 89 40 38 38
0660_0012_0017_0093_0093.jpg 1 12 17 93 93
0661_0006_0053_0086_0086.jpg 1 6 53 86 86
0662_0050_0042_0071_0071.jpg 1 50 42 71 71
0663_0013_0065_0041_0041.jpg 1 13 65 41 41
0664_0015_0049_0060_0060.jpg 1 15 49 60 60
0665_0020_0025_0098_0098.jpg 1 20 25 98 98
0666_0051_0045_0065_0065.jpg 1 51 45 65 65
0667_0024_0029_0101_0101.jpg 1 24 29 101 101
0668_0079_0030_0050_0050.jpg 1 79 30 50 50
0669_0020_0028_0089_0089.jpg 1 20 28 89 89
0670_0041_0022_0051_0051.jpg 1 41 22 51 51
0671_0026_0036_0103_0103.jpg 1 26 36 103 103
0672_0016_0048_0095_0095.jpg 1 16 48 95 95
0673_0039_0023_0100_0100.jpg 1 39 23 100 100
0674_0028_0043_0097_0097.jpg 1 28 43 97 97
0675_0067_0046_0069_0069.jpg 1 67 46 69 69
0676_0025_0042_0090_0090.jpg 1 25 42 90 90
0677_0011_0035_0104_0104.jpg 1 11 35 104 104
0678_0071_0093_0045_0045.jpg 1 71 93 45 45
0679_0058_0007_0077_0077.jpg 1 58 7 77 77
0680_0045_0008_0069_0069.jpg 1 45 8 69 69
0681_0085_0018_0053_0053.jpg 1 85 18 53 53
0682_0036_0027_0095_0095.jpg 1 36 27 95 95
0683_0016_0071_0047_0047.jpg 1 16 71 47 47
0684_0006_0027_0100_0100.jpg 1 6 27 100 100
0685_0073_0066_0058_0058.jpg 1 73 66 58 58
0686_0046_0027_0034_0034.jpg 1 46 27 34 34
0687_0053_0076_0032_0032.jpg 1 53 76 32 32
0688_0074_0054_0039_0039.jpg 1 74 54 39 39
0689_0060_0018_0044_0044.jpg 1 60 18 44 44
0690_0068_0047_0070_0070.jpg 1 68 47 70 70
0691_0054_0032_0085_0085.jpg 1 54 32 85 85
0692_0019_0065_0030_0030.jpg 1 19 65 30 30
0693_0013_0049_0032_0032.jpg 1 13 49 32 32
0694_0048_0014_0050_0050.jpg 1 48 14 50 50
0695_0085_0077_0026_0026.jpg 1 85 77 26 26
0696_0008_0052_0079_0079.jpg 1 8 52 79 79
0697_0047_0043_0092_0092.jpg 1 47 43 92 92
0698_0019_0044_0079_0079.jpg 1 19 44 79 79
0699_0022_0030_0065_0065.jpg 1 22 30 65 65
0700_0039_0031_0072_0072.jpg 1 39 31 72 72
0701_0095_0017_0026_0026.jpg 1 95 17 26 26
0702_0032_0037_0100_0100.jpg 1 32 37 100 100
0703_0028_0063_0025_0025.jpg 1 28 63 25 25
0704_0087_0029_0050_0050.jpg 1 87 29 50 50
0705_0006_0007_0103_0103.jpg 1 6 7 103 103
0706_0026_0061_0081_0081.jpg 1 26 61 81 81
0707_0009_0013_0093_0093.jpg 1 9 13 93 93
0708_0066_0053_0040_0040.jpg 1 66 53 40 40
0709_0020_0043_0031_0031.jpg 1 20 43 31 31
0710_0018_0064_0068_0068.jpg 1 18 64 68 68
0711_0065_0023_0062_0062.jpg 1 65 23 62 62
0712_0050_0038_0061_0061.jpg 1 50 38 61 61
0713_0055_0034_0033_0033.jpg 1 55 34 33 33
0714_0045_0038_0060_0060.jpg 1 45 38 60 60
0715_0083_0024_0044_0044.jpg 1 83 24 44 44
0716_0026_0050_0069_0069.jpg 1 26 50 69 69
0717_0088_0019_0031_0031.jpg 1 88 19 31 31
0718_0092_0030_0035_0035.jpg 1 92 30 35 35
0719_0039_0042_0080_0080.jpg 1 39 42 80 80
0720_0053_0007_0089_0089.jpg 1 53 7 89 89
0721_0074_0058_0066_0066.jpg 1 74 58 66 66
0722_0033_0030_0034_0034.jpg 1 33 30 34 34
0723_0060_0015_0066_0066.jpg 1 60 15 66 66
0724_0034_0010_0101_0101.jpg 1 34 10 101 101
0725_0057_0060_0061_0061.jpg 1 57 60 61 61
0726_0023_0009_0064_0064.jpg 1 23 9 64 64
0727_0038_0066_0026_0026.jpg 1 38 66 26 26
0728_0008_0032_0097_0097.jpg 1 8 32 97 97
0729_0040_0008_0089_0089.jpg 1 40 8 89 89
0730_0101_0062_0034_0034.jpg 1 101 62 34 34
0731_0058_0086_0052_0052.jpg 1 58 86 52 52
0732_0092_0035_0039_0039.jpg 1 92 35 39 39
0733_0043_0022_0099_0099.jpg 1 43 22 99 99
0734_0048_0067_0071_0071.jpg 1 48 67 71 71
0735_0045_0063_0077_0077.jpg 1 45 63 77 77
0736_0064_0032_0037_0037.jpg 1 64 32 37 37
0737_0012_0034_0082_0082.jpg 1 12 34 82 82
0738_0064_0030_0071_0071.jpg 1 64 30 71 71
0739_0008_0029_0068_0068.jpg 1 8 29 68 68
0740_0067_0013_0054_0054.jpg 1 67 13 54 54
0741_0035_0050_0046_0046.jpg 1 35 50 46 46
0742_0040_0017_0066_0066.jpg 1 40 17 66 66
0743_0039_0043_0029_0029.jpg 1 39 43 29 29
0744_0059_0049_0039_0039.jpg 1 59 49 39 39
0745_0019_0052_0064_0064.jpg 1 19 52 64 64
0746_0024_0039_0098_0098.jpg 1 24 39 98 98
0747_0012_0005_0102_0102.jpg 1 12 5 102 102
0748_0030_0061_0059_0059.jpg 1 30 61 59 59
0749_0046_0049_0091_0091.jpg 1 46 49 91 91
0750_0010_0030_0103_0103.jpg 1 10 30 103 103
0751_0022_0024_0071_0071.jpg 1 22 24 71 71
0752_0074_0010_0064_0064.jpg 1 74 10 64 64
0753_0093_0032_0042_0042.jpg 1 93 32 42 42
0754_0064_0016_0061_0061.jpg 1 64 16 61 61
0755_0069_0054_0065_0065.jpg 1 69 54 65 65
0756_0045_0045_0049_0049.jpg 1 45 45 49 49
0757_0051_0031_0087_0087.jpg 1 51 31 87 87
0758_0052_0012_0065_0065.jpg 1 52 12 65 65
0759_0016_0031_0065_0065.jpg 1 16 31 65 65
0760_0061_0074_0035_0035.jpg 1 61 74 35 35
0761_0027_0012_0095_0095.jpg 1 27 12 95 95
0762_0047_0092_0041_0041.jpg 1 47 92 41 41
0763_0070_0022_0033_0033.jpg 1 70 22 33 33
0764_0066_0102_0032_0032.jpg 1 66 102 32 32
0765_0038_0050_0035_0035.jpg 1 38 50 35 35
0766_0024_0062_0069_0069.jpg 1 24 62 69 69
0767_0063_0105_0026_0026.jpg 1 63 105 26 26
0768_0058_0059_0066_0066.jpg 1 58 59 66 66
0769_0037_0026_0028_0028.jpg 1 37 26 28 28
0770_0078_0016_0033_0033.jpg 1 78 16 33 33
0771_0034_0012_0088_0088.jpg 1 34 12 88 88
0772_0027_0026_0086_0086.jpg 1 27 26 86 86
0773_0014_0058_0047_0047.jpg 1 14 58 47 47
0774_0055_0030_0039_0039.jpg 1 55 30 39 39
0775_0006_0004_0102_0102.jpg 1 6 4 102 102
0776_0033_0027_0094_0094.jpg 1 33 27 94 94
0777_0051_0025_0085_0085.jpg 1 51 25 85 85
0778_0036_0068_0038_0038.jpg 1 36 68 38 38
0779_0026_0029_0095_0095.jpg 1 26 29 95 95
0780_0020_0016_0085_0085.jpg 1 20 16 85 85
0781_0007_0010_0101_0101.jpg 1 7 10 101 101
0782_0101_0038_0029_0029.jpg 1 101 38 29 29
0783_0030_0056_0055_0055.jpg 1 30 56 55 55
0784_0020_0058_0082_0082.jpg 1 20 58 82 82
0785_0079_0078_0049_0049.jpg 1 79 78 49 49
0786_0034_0031_0039_0039.jpg 1 34 31 39 39
0787_0058_0096_0035_0035.jpg 1 58 96 35 35
0788_0081_0067_0042_0042.jpg 1 81 67 42 42
0789_0059_0075_0035_0035.jpg 1 59 75 35 35
0790_0028_0031_0033_0033.jpg 1 28 31 33 33
0791_0014_0009_0067_0067.jpg 1 14 9 67 67
0792_0048_0017_0077_0077.jpg 1 48 17 77 77
0793_0073_0016_0057_0057.jpg 1 73 16 57 57
0794_0008_0040_0104_0104.jpg 1 8 40 104 104
0795_0051_0042_0086_0086.jpg 1 51 42 86 86
0796_0022_0044_0097_0097.jpg 1 22 44 97 97
0797_0036_0061_0068_0068.jpg 1 36 61 68 68
0798_0046_0045_0052_0052.jpg 1 46 45 52 52
0799_0019_0057_0054_0054.jpg 1 19 57 54 54
0800_0046_0085_0055_0055.jpg 1 46 85 55 55
0801_0028_0055_0042_0042.jpg 1 28 55 42 42
0802_0029_0019_0098_0098.jpg 1 29 19 98 98
0803_0005_0008_0092_0092.jpg 1 5 8 92 92
0804_0100_0098_0026_0026.jpg 1 100 98 26 26
0805_0005_0018_0101_0101.jpg 1 5 18 101 101
0806_0070_0083_0046_0046.jpg 1 70 83 46 46
0807_0048_0025_0081_0081.jpg 1 48 25 81 81
0808_0075_0020_0055_0055.jpg 1 75 20 55 55
0809_0053_0090_0027_0027.jpg 1 53 90 27 27
0810_0016_0018_0089_0089.jpg 1 16 18 89 89
0811_0031_0044_0092_0092.jpg 1 31 44 92 92
0812_0074_0062_0028_0028.jpg 1 74 62 28 28
0813_0050_0041_0066_0066.jpg 1 50 41 66 66
0814_0048_0073_0040_0040.jpg 1 48 73 40 40
0815_0024_0065_0064_0064.jpg 1 24 65 64 64
0816_0038_0010_0041_0041.jpg 1 38 10 41 41
0817_0044_0055_0079_0079.jpg 1 44 55 79 79
0818_0026_0069_0049_0049.jpg 1 26 69 49 49
0819_0015_0041_0068_0068.jpg 1 15 41 68 68
0820_0021_0043_0101_0101.jpg 1 21 43 101 101
0821_0060_0080_0050_0050.jpg 1 60 80 50 50
0822_0030_0011_0099_0099.jpg 1 30 11 99 99
0823_0050_0024_0089_0089.jpg 1 50 24 89 89
0824_0051_0014_0077_0077.jpg 1 51 14 77 77
0825_0070_0027_0038_0038.jpg 1 70 27 38 38
0826_0057_0058_0068_0068.jpg 1 57 58 68 68
0827_0052_0020_0086_0086.jpg 1 52 20 86 86
0828_0070_0028_0036_0036.jpg 1 70 28 36 36
0829_0073_0021_0047_0047.jpg 1 73 21 47 47
0830_0075_0032_0045_0045.jpg 1 75 32 45 45
0831_0065_0087_0051_0051.jpg 1 65 87 51 51
0832_0094_0101_0028_0028.jpg 1 94 101 28 28
0833_0091_0059_0048_0048.jpg 1 91 59 48 48
0834_0056_0063_0067_0067.jpg 1 56 63 67 67
0835_0075_0058_0041_0041.jpg 1 75 58 41 41
0836_0078_0080_0056_0056.jpg 1 78 80 56 56
0837_0086_0015_0051_0051.jpg 1 86 15 51 51
0838_0042_0068_0056_0056.jpg 1 42 68 56 56
0839_0046_0042_0078_0078.jpg 1 46 42 78 78
0840_0053_0026_0048_0048.jpg 1 53 26 48 48
0841_0068_0060_0050_0050.jpg 1 68 60 50 50
0842_0072_0062_0055_0055.jpg 1 72 62 55 55
0843_0073_0031_0064_0064.jpg 1 73 31 64 64
0844_0069_0077_0043_0043.jpg 1 69 77 43 43
0845_0054_0080_0052_0052.jpg 1 54 80 52 52
0846_0022_0010_0054_0054.jpg 1 22 10 54 54
0847_0064_0020_0075_0075.jpg 1 64 20 75 75
0848_0052_0021_0047_0047.jpg 1 52 21 47 47
0849_0042_0039_0103_0103.jpg 1 42 39 103 103
0850_0061_0072_0062_0062.jpg 1 61 72 62 62
0851_0079_0108_0027_0027.jpg 1 79 108 27 27
0852_0041_0058_0067_0067.jpg 1 41 58 67 67
0853_0041_0047_0088_0088.jpg 1 41 47 88 88
0854_0012_0039_0090_0090.jpg 1 12 39 90 90
0855_0027_0087_0035_0035.jpg 1 27 87 35 35
0856_0049_0026_0061_0061.jpg 1 49 26 61 61
0857_0097_0041_0035_0035.jpg 1 97 41 35 35
0858_0039_0016_0041_0041.jpg 1 39 16 41 41
0859_0042_0032_0094_0094.jpg 1 42 32 94 94
0860_0082_0088_0042_0042.jpg 1 82 88 42 42
0861_0054_0053_0052_0052.jpg 1 54 53 52 52
0862_0032_0093_0025_0025.jpg 1 32 93 25 25
0863_0021_0012_0076_0076.jpg 1 21 12 76 76
0864_0068_0023_0037_0037.jpg 1 68 23 37 37
0865_0053_0080_0025_0025.jpg 1 53 80 25 25
0866_0019_0015_0099_0099.jpg 1 19 15 99 99
0867_0031_0065_0063_0063.jpg 1 31 65 63 63
0868_0052_0046_0075_0075.jpg 1 52 46 75 75
0869_0010_0009_0056_0056.jpg 1 10 9 56 56
0870_0091_0066_0039_0039.jpg 1 91 66 39 39
0871_0006_0015_0103_0103.jpg 1 6 15 103 103
0872_0058_0067_0074_0074.jpg 1 58 67 74 74
0873_0039_0039_0096_0096.jpg 1 39 39 96 96
0874_0012_0099_0034_0034.jpg 1 12 99 34 34
0875_0046_0010_0075_0075.jpg 1 46 10 75 75
0876_0059_0058_0035_0035.jpg 1 59 58 35 35
0877_0101_0026_0025_0025.jpg 1 101 26 25 25
0878_0014_0016_0099_0099.jpg 1 14 16 99 99
0879_0052_0030_0089_0089.jpg 1 52 30 89 89
0880_0068_0054_0060_0060.jpg 1 68 54 60 60
0881_0013_0052_0084_0084.jpg 1 13 52 84 84
0882_0039_0053_0076_0076.jpg 1 39 53 76 76
0883_0076_0026_0028_0028.jpg 1 76 26 28 28
0884_0027_0028_0042_0042.jpg 1 27 28 42 42
0885_0013_0009_0090_0090.jpg 1 13 9 90 90
0886_0035_0020_0048_0048.jpg 1 35 20 48 48
0887_0047_0042_0026_0026.jpg 1 47 42 26 26
0888_0037_0044_0025_0025.jpg 1 37 44 25 25
0889_0036_0032_0049_0049.jpg 1 36 32 49 49
0890_0016_0025_0099_0099.jpg 1 16 25 99 99
0891_0074_0080_0024_0024.jpg 1 74 80 24 24
0892_0007_0030_0088_0088.jpg 1 7 30 88 88
0893_0083_0024_0031_0031.jpg 1 83 24 31 31
0894_0037_0060_0064_0064.jpg 1 37 60 64 64
0895_0045_0047_0072_0072.jpg 1 45 47 72 72
0896_0112_0025_0024_0024.jpg 1 112 25 24 24
0897_0058_0054_0031_0031.jpg 1 58 54 31 31
0898_0018_0021_0099_0099.jpg 1 18 21 99 99
0899_0043_0008_0092_0092.jpg 1 43 8 92 92
0900_0085_0037_0036_0036.jpg 1 85 37 36 36
0901_0097_0077_0026_0026.jpg 1 97 77 26 26
0902_0069_0030_0067_0067.jpg 1 69 30 67 67
0903_0019_0058_0031_0031.jpg 1 19 58 31 31
0904_0088_0066_0024_0024.jpg 1 88 66 24 24
0905_0093_0049_0026_0026.jpg 1 93 49 26 26
0906_0029_0074_0026_0026.jpg 1 29 74 26 26
0907_0019_0049_0090_0090.jpg 1 19 49 90 90
0908_0067_0058_0067_0067.jpg 1 67 58 67 67
0909_0070_0046_0055_0055.jpg 1 70 46 55 55
0910_0074_0046_0067_0067.jpg 1 74 46 67 67
0911_0042_0052_0081_0081.jpg 1 42 52 81 81
0912_0020_0037_0104_0104.jpg 1 20 37 104 104
0913_0037_0055_0087_0087.jpg 1 37 55 87 87
0914_0060_0018_0077_0077.jpg 1 60 18 77 77
0915_0032_0012_0096_0096.jpg 1 32 12 96 96
0916_0005_0032_0092_0092.jpg 1 5 32 92 92
0917_0050_0020_0076_0076.jpg 1 50 20 76 76
0918_0054_0012_0061_0061.jpg 1 54 12 61 61
0919_0028_0028_0097_0097.jpg 1 28 28 97 97
0920_0016_0007_0085_0085.jpg 1 16 7 85 85
0921_0013_0057_0056_0056.jpg 1 13 57 56 56
0922_0093_0069_0027_0027.jpg 1 93 69 27 27
0923_0027_0050_0036_0036.jpg 1 27 50 36 36
0924_0053_0058_0048_0048.jpg 1 53 58 48 48
0925_0008_0013_0099_0099.jpg 1 8 13 99 99
0926_0048_0096_0027_0027.jpg 1 48 96 27 27
0927_0039_0020_0088_0088.jpg 1 39 20 88 88
0928_0061_0054_0051_0051.jpg 1 61 54 51 51
0929_0070_0073_0048_0048.jpg 1 70 73 48 48
0930_0026_0051_0027_0027.jpg 1 26 51 27 27
0931_0035_0052_0086_0086.jpg 1 35 52 86 86
0932_0011_0053_0072_0072.jpg 1 11 53 72 72
0933_0047_0021_0082_0082.jpg 1 47 21 82 82
0934_0032_0040_0095_0095.jpg 1 32 40 95 95
0935_0031_0058_0064_0064.jpg 1 31 58 64 64
0936_0033_0010_0071_0071.jpg 1 33 10 71 71
0937_0089_0086_0040_0040.jpg 1 89 86 40 40
0938_0031_0104_0031_0031.jpg 1 31 104 31 31
0939_0011_0030_0094_0094.jpg 1 11 30 94 94
0940_0021_0022_0056_0056.jpg 1 21 22 56 56
0941_0065_0094_0026_0026.jpg 1 65 94 26 26
0942_0030_0056_0073_0073.jpg 1 30 56 73 73
0943_0053_0024_0080_0080.jpg 1 53 24 80 80
0944_0006_0041_0093_0093.jpg 1 6 41 93 93
0945_0032_0006_0090_0090.jpg 1 32 6 90 90
0946_0048_0024_0057_0057.jpg 1 48 24 57 57
0947_0039_0041_0083_0083.jpg 1 39 41 83 83
0948_0075_0067_0053_0053.jpg 1 75 67 53 53
0949_0011_0010_0049_0049.jpg 1 11 10 49 49
0950_0007_0025_0076_0076.jpg 1 7 25 76 76
0951_0048_0036_0055_0055.jpg 1 48 36 55 55
0952_0011_0010_0095_0095.jpg 1 11 10 95 95
0953_0068_0092_0044_0044.jpg 1 68 92 44 44
0954_0011_0044_0035_0035.jpg 1 11 44 35 35
0955_0075_0053_0031_0031.jpg 1 75 53 31 31
0956_0009_0009_0090_0090.jpg 1 9 9 90 90
0957_0082_0066_0039_0039.jpg 1 82 66 39 39
0958_0016_0067_0026_0026.jpg 1 16 67 26 26
0959_0008_0044_0065_0065.jpg 1 8 44 65 65
0960_0023_0029_0069_0069.jpg 1 23 29 69 69
0961_0010_0023_0058_0058.jpg 1 10 23 58 58
0962_0076_0024_0024_0024.jpg 1 76 24 24 24
0963_0010_0039_0073_0073.jpg 1 10 39 73 73
0964_0041_0015_0097_0097.jpg 1 41 15 97 97
0965_0040_0046_0075_0075.jpg 1 40 46 75 75
0966_0104_0052_0025_0025.jpg 1 104 52 25 25
0967_0038_0040_0047_0047.jpg 1 38 40 47 47
0968_0028_0040_0090_0090.jpg 1 28 40 90 90
0969_0084_0029_0028_0028.jpg 1 84 29 28 28
0970_0053_0016_0074_0074.jpg 1 53 16 74 74
0971_0017_0010_0062_0062.jpg 1 17 10 62 62
0972_0041_0096_0041_0041.jpg 1 41 96 41 41
0973_0035_0054_0065_0065.jpg 1 35 54 65 65
0974_0089_0085_0046_0046.jpg 1 89 85 46 46
0975_0064_0081_0046_0046.jpg 1 64 81 46 46
0976_0023_0053_0088_0088.jpg 1 23 53 88 88
0977_0091_0055_0048_0048.jpg 1 91 55 48 48
0978_0058_0053_0065_0065.jpg 1 58 53 65 65
0979_0029_0008_0101_0101.jpg 1 29 8 101 101
0980_0061_0029_0075_0075.jpg 1 61 29 75 75
0981_0020_0058_0056_0056.jpg 1 20 58 56 56
0982_0027_0029_0100_0100.jpg 1 27 29 100 100
0983_0054_0049_0050_0050.jpg 1 54 49 50 50
0984_0047_0017_0093_0093.jpg 1 47 17 93 93
0985_0032_0034_0103_0103.jpg 1 32 34 103 103
0986_0063_0021_0057_0057.jpg 1 63 21 57 57
0987_0075_0077_0045_0045.jpg 1 75 77 45 45
0988_0029_0084_0043_0043.jpg 1 29 84 43 43
0989_0045_0029_0047_0047.jpg 1 45 29 47 47
0990_0019_0023_0092_0092.jpg 1 19 23 92 92
0991_0029_0020_0080_0080.jpg 1 29 20 80 80
0992_0038_0030_0092_0092.jpg 1 38 30 92 92
0993_0049_0013_0048_0048.jpg 1 49 13 48 48
0994_0079_0018_0036_0036.jpg 1 79 18 36 36
0995_0105_0092_0029_0029.jpg 1 105 92 29 29
0996_0015_0053_0067_0067.jpg 1 15 53 67 67
0997_0031_0046_0045_0045.jpg 1 31 46 45 45
0998_0037_0019_0089_0089.jpg 1 37 19 89 89
0999_0030_0024_0094_0094.jpg 1 30 24 94 94
1000_0020_0053_0074_0074.jpg 1 20 53 74 74
1001_0036_0074_0053_0053.jpg 1 36 74 53 53
1002_0037_0033_0066_0066.jpg 1 37 33 66 66
1003_0014_0093_0036_0036.jpg 1 14 93 36 36
1004_0083_0068_0051_0051.jpg 1 83 68 51 51
1005_0041_0046_0081_0081.jpg 1 41 46 81 81
1006_0082_0058_0034_0034.jpg 1 82 58 34 34
1007_0031_0032_0048_0048.jpg 1 31 32 48 48
1008_0072_0036_0053_0053.jpg 1 72 36 53 53
1009_0041_0029_0085_0085.jpg 1 41 29 85 85
1010_0057_0070_0060_0060.jpg 1 57 70 60 60
1011_0030_0023_0061_0061.jpg 1 30 23 61 61
1012_0030_0037_0100_0100.jpg 1 30 37 100 100
1013_0037_0050_0092_0092.jpg 1 37 50 92 92
1014_0059_0047_0042_0042.jpg 1 59 47 42 42
1015_0026_0023_0045_0045.jpg 1 26 23 45 45
1016_0091_0024_0028_0028.jpg 1 91 24 28 28
1017_0042_0048_0092_0092.jpg 1 42 48 92 92
1018_0070_0090_0024_0024.jpg 1 70 90 24 24
1019_0060_0096_0037_0037.jpg 1 60 96 37 37
1020_0064_0054_0059_0059.jpg 1 64 54 59 59
1021_0041_0021_0073_0073.jpg 1 41 21 73 73
1022_0057_0063_0041_0041.jpg 1 57 63 41 41
1023_0034_0007_0086_0086.jpg 1 34 7 86 86
1024_0049_0087_0024_0024.jpg 1 49 87 24 24
1025_0020_0022_0026_0026.jpg 1 20 22 26 26
1026_0033_0062_0080_0080.jpg 1 33 62 80 80
1027_0014_0049_0076_0076.jpg 1 14 49 76 76
1028_0026_0042_0027_0027.jpg 1 26 42 27 27
1029_0033_0019_0060_0060.jpg 1 33 19 60 60
1030_0064_0093_0043_0043.jpg 1 64 93 43 43
1031_0026_0022_0101_0101.jpg 1 26 22 101 101
1032_0016_0023_0101_0101.jpg 1 16 23 101 101
1033_0052_0013_0045_0045.jpg 1 52 13 45 45
1034_0045_0083_0055_0055.jpg 1 45 83 55 55
1035_0042_0041_0094_0094.jpg 1 42 41 94 94
1036_0035_0054_0075_0075.jpg 1 35 54 75 75
1037_0015_0048_0062_0062.jpg 1 15 48 62 62
1038_0060_0044_0044_0044.jpg 1 60 44 44 44
1039_0023_0021_0081_0081.jpg 1 23 21 81 81
1040_0035_0036_0085_0085.jpg 1 35 36 85 85
1041_0023_0094_0031_0031.jpg 1 23 94 31 31
1042_0075_0065_0059_0059.jpg 1 75 65 59 59
1043_0057_0047_0046_0046.jpg 1 57 47 46 46
1044_0015_0024_0100_0100.jpg 1 15 24 100 100
1045_0040_0021_0063_0063.jpg 1 40 21 63 63
1046_0008_0048_0091_0091.jpg 1 8 48 91 91
1047_0016_0065_0064_0064.jpg 1 16 65 64 64
1048_0020_0052_0085_0085.jpg 1 20 52 85 85
1049_0034_0046_0097_0097.jpg 1 34 46 97 97
1050_0037_0032_0076_0076.jpg 1 37 32 76 76
1051_0026_0040_0028_0028.jpg 1 26 40 28 28
1052_0056_0043_0024_0024.jpg 1 56 43 24 24
1053_0025_0072_0057_0057.jpg 1 25 72 57 57
1054_0034_0085_0050_0050.jpg 1 34 85 50 50
1055_0054_0023_0082_0082.jpg 1 54 23 82 82
1056_0022_0029_0081_0081.jpg 1 22 29 81 81
1057_0089_0047_0047_0047.jpg 1 89 47 47 47
1058_0032_0064_0049_0049.jpg 1 32 64 49 49
1059_0047_0034_0089_0089.jpg 1 47 34 89 89
1060_0009_0052_0075_0075.jpg 1 9 52 75 75
1061_0046_0060_0079_0079.jpg 1 46 60 79 79
1062_0035_0038_0098_0098.jpg 1 35 38 98 98
1063_0047_0069_0050_0050.jpg 1 47 69 50 50
1064_0032_0036_0094_0094.jpg 1 32 36 94 94
1065_0048_0039_0056_0056.jpg 1 48 39 56 56
1066_0026_0029_0046_0046.jpg 1 26 29 46 46
1067_0016_0026_0101_0101.jpg 1 16 26 101 101
1068_0019_0058_0055_0055.jpg 1 19 58 55 55
1069_0066_0048_0063_0063.jpg 1 66 48 63 63
1070_0053_0044_0040_0040.jpg 1 53 44 40 40
1071_0031_0027_0067_0067.jpg 1 31 27 67 67
1072_0027_0022_0029_0029.jpg 1 27 22 29 29
1073_0085_0040_0031_0031.jpg 1 85 40 31 31
1074_0042_0041_0097_0097.jpg 1 42 41 97 97
1075_0014_0034_0088_0088.jpg 1 14 34 88 88
1076_0026_0077_0063_0063.jpg 1 26 77 63 63
1077_0043_0042_0100_0100.jpg 1 43 42 100 100
1078_0040_0023_0081_0081.jpg 1 40 23 81 81
1079_0025_0040_0059_0059.jpg 1 25 40 59 59
1080_0051_0046_0048_0048.jpg 1 51 46 48 48
1081_0020_0042_0090_0090.jpg 1 20 42 90 90
1082_0025_0010_0101_0101.jpg 1 25 10 101 101
1083_0029_0036_0047_0047.jpg 1 29 36 47 47
1084_0019_0053_0080_0080.jpg 1 19 53 80 80
1085_0030_0012_0099_0099.jpg 1 30 12 99 99
1086_0092_0025_0033_0033.jpg 1 92 25 33 33
1087_0049_0019_0066_0066.jpg 1 49 19 66 66
1088_0059_0030_0083_0083.jpg 1 59 30 83 83
1089_0012_0091_0037_0037.jpg 1 12 91 37 37
1090_0092_0104_0033_0033.jpg 1 92 104 33 33
1091_0025_0059_0063_0063.jpg 1 25 59 63 63
1092_0046_0026_0079_0079.jpg 1 46 26 79 79
1093_0024_0070_0039_0039.jpg 1 24 70 39 39
1094_0022_0013_0057_0057.jpg 1 22 13 57 57
1095_0022_0096_0038_0038.jpg 1 22 96 38 38
1096_0093_0046_0046_0046.jpg 1 93 46 46 46
1097_0072_0042_0033_0033.jpg 1 72 42 33 33
1098_0046_0023_0078_0078.jpg 1 46 23 78 78
1099_0053_0035_0076_0076.jpg 1 53 35 76 76
1100_0095_0038_0034_0034.jpg 1 95 38 34 34
1101_0039_0027_0053_0053.jpg 1 39 27 53 53
1102_0018_0050_0065_0065.jpg 1 18 50 65 65
1103_0078_0088_0044_0044.jpg 1 78 88 44 44
1104_0022_0031_0060_0060.jpg 1 22 31 60 60
1105_0050_0019_0093_0093.jpg 1 50 19 93 93
1106_0059_0051_0056_0056.jpg 1 59 51 56 56
1107_0052_0013_0061_0061.jpg 1 52 13 61 61
1108_0034_0030_0087_0087.jpg 1 34 30 87 87
1109_0040_0028_0066_0066.jpg 1 40 28 66 66
1110_0057_0067_0042_0042.jpg 1 57 67 42 42
1111_0026_0060_0051_0051.jpg 1 26 60 51 51
1112_0085_0104_0024_0024.jpg 1 85 104 24 24
1113_0021_0049_0094_0094.jpg 1 21 49 94 94
1114_0036_0049_0094_0094.jpg 1 36 49 94 94
1115_0072_0088_0050_0050.jpg 1 72 88 50 50
1116_0044_0069_0044_0044.jpg 1 44 69 44 44
1117_0097_0067_0040_0040.jpg 1 97 67 40 40
1118_0018_0037_0062_0062.jpg 1 18 37 62 62
1119_0044_0063_0039_0039.jpg 1 44 63 39 39
1120_0081_0023_0044_0044.jpg 1 81 23 44 44
1121_0037_0047_0055_0055.jpg 1 37 47 55 55
1122_0041_0057_0027_0027.jpg 1 41 57 27 27
1123_0047_0035_0051_0051.jpg 1 47 35 51 51
1124_0028_0012_0085_0085.jpg 1 28 12 85 85
1125_0017_0062_0025_0025.jpg 1 17 62 25 25
1126_0085_0030_0042_0042.jpg 1 85 30 42 42
1127_0070_0041_0065_0065.jpg 1 70 41 65 65
1128_0088_0098_0027_0027.jpg 1 88 98 27 27
1129_0032_0050_0079_0079.jpg 1 32 50 79 79
1130_0024_0033_0100_0100.jpg 1 24 33 100 100
1131_0020_0039_0086_0086.jpg 1 20 39 86 86
1132_0016_0049_0085_0085.jpg 1 16 49 85 85
1133_0096_0014_0032_0032.jpg 1 96 14 32 32
1134_0044_0028_0090_0090.jpg 1 44 28 90 90
1135_0049_0035_0089_0089.jpg 1 49 35 89 89
1136_0063_0051_0052_0052.jpg 1 63 51 52 52
1137_0040_0056_0064_0064.jpg 1 40 56 64 64
1138_0038_0043_0081_0081.jpg 1 38 43 81 81
1139_0051_0021_0074_0074.jpg 1 51 21 74 74
1140_0092_0052_0030_0030.jpg 1 92 52 30 30
1141_0048_0045_0024_0024.jpg 1 48 45 24 24
1142_0044_0032_0085_0085.jpg 1 44 32 85 85
1143_0038_0017_0083_0083.jpg 1 38 17 83 83
