0001_0018_0068_0043_0043.jpg 1 18 68 43 43
0002_0048_0055_0040_0040.jpg 1 48 55 40 40
0003_0033_0019_0077_0077.jpg 1 33 19 77 77
0004_0037_0046_0029_0029.jpg 1 37 46 29 29
0005_0062_0043_0061_0061.jpg 1 62 43 61 61
0006_0015_0036_0053_0053.jpg 1 15 36 53 53
0007_0056_0064_0053_0053.jpg 1 56 64 53 53
0008_0064_0034_0042_0042.jpg 1 64 34 42 42
0009_0019_0055_0033_0033.jpg 1 19 55 33 33
0010_0018_0017_0100_0100.jpg 1 18 17 100 100
0011_0050_0027_0093_0093.jpg 1 50 27 93 93
0012_0024_0017_0070_0070.jpg 1 24 17 70 70
0013_0047_0038_0065_0065.jpg 1 47 38 65 65
0014_0022_0059_0055_0055.jpg 1 22 59 55 55
0015_0040_0045_0083_0083.jpg 1 40 45 83 83
0016_0024_0010_0094_0094.jpg 1 24 10 94 94
0017_0046_0031_0056_0056.jpg 1 46 31 56 56
0018_0051_0017_0048_0048.jpg 1 51 17 48 48
0019_0046_0054_0070_0070.jpg 1 46 54 70 70
0020_0017_0056_0045_0045.jpg 1 17 56 45 45
0021_0075_0084_0038_0038.jpg 1 75 84 38 38
0022_0067_0042_0057_0057.jpg 1 67 42 57 57
0023_0029_0035_0084_0084.jpg 1 29 35 84 84
0024_0081_0046_0029_0029.jpg 1 81 46 29 29
0025_0010_0030_0090_0090.jpg 1 10 30 90 90
0026_0020_0061_0066_0066.jpg 1 20 61 66 66
0027_0067_0066_0063_0063.jpg 1 67 66 63 63
0028_0024_0056_0062_0062.jpg 1 24 56 62 62
0029_0053_0037_0067_0067.jpg 1 53 37 67 67
0030_0025_0045_0041_0041.jpg 1 25 45 41 41
0031_0050_0062_0060_0060.jpg 1 50 62 60 60
0032_0109_0093_0028_0028.jpg 1 109 93 28 28
0033_0005_0014_0099_0099.jpg 1 5 14 99 99
0034_0056_0023_0066_0066.jpg 1 56 23 66 66
0035_0053_0026_0038_0038.jpg 1 53 26 38 38
0036_0012_0025_0062_0062.jpg 1 12 25 62 62
0037_0073_0024_0057_0057.jpg 1 73 24 57 57
0038_0041_0041_0074_0074.jpg 1 41 41 74 74
0039_0057_0032_0054_0054.jpg 1 57 32 54 54
0040_0026_0015_0086_0086.jpg 1 26 15 86 86
0041_0037_0020_0087_0087.jpg 1 37 20 87 87
0042_0020_0070_0043_0043.jpg 1 20 70 43 43
0043_0012_0068_0053_0053.jpg 1 12 68 53 53
0044_0040_0028_0093_0093.jpg 1 40 28 93 93
0045_0037_0037_0097_0097.jpg 1 37 37 97 97
0046_0015_0062_0077_0077.jpg 1 15 62 77 77
0047_0068_0019_0074_0074.jpg 1 68 19 74 74
0048_0012_0051_0031_0031.jpg 1 12 51 31 31
0049_0064_0020_0063_0063.jpg 1 64 20 63 63
0050_0027_0011_0095_0095.jpg 1 27 11 95 95
0051_0106_0033_0031_0031.jpg 1 106 33 31 31
0052_0022_0016_0094_0094.jpg 1 22 16 94 94
0053_0046_0040_0074_0074.jpg 1 46 40 74 74
0054_0017_0009_0092_0092.jpg 1 17 9 92 92
0055_0010_0048_0096_0096.jpg 1 10 48 96 96
0056_0044_0022_0088_0088.jpg 1 44 22 88 88
0057_0032_0034_0103_0103.jpg 1 32 34 103 103
0058_0045_0025_0088_0088.jpg 1 45 25 88 88
0059_0077_0054_0045_0045.jpg 1 77 54 45 45
0060_0015_0034_0078_0078.jpg 1 15 34 78 78
0061_0057_0038_0066_0066.jpg 1 57 38 66 66
0062_0058_0027_0084_0084.jpg 1 58 27 84 84
0063_0038_0035_0102_0102.jpg 1 38 35 102 102
0064_0055_0018_0076_0076.jpg 1 55 18 76 76
0065_0043_0031_0096_0096.jpg 1 43 31 96 96
0066_0025_0030_0034_0034.jpg 1 25 30 34 34
0067_0083_0077_0048_0048.jpg 1 83 77 48 48
0068_0015_0032_0069_0069.jpg 1 15 32 69 69
0069_0037_0018_0059_0059.jpg 1 37 18 59 59
0070_0050_0044_0045_0045.jpg 1 50 44 45 45
0071_0094_0101_0028_0028.jpg 1 94 101 28 28
0072_0057_0024_0074_0074.jpg 1 57 24 74 74
0073_0026_0024_0048_0048.jpg 1 26 24 48 48
0074_0012_0030_0034_0034.jpg 1 12 30 34 34
0075_0035_0018_0084_0084.jpg 1 35 18 84 84
0076_0052_0050_0061_0061.jpg 1 52 50 61 61
0077_0022_0053_0088_0088.jpg 1 22 53 88 88
0078_0022_0011_0041_0041.jpg 1 22 11 41 41
0079_0087_0061_0027_0027.jpg 1 87 61 27 27
0080_0023_0011_0069_0069.jpg 1 23 11 69 69
0081_0043_0045_0055_0055.jpg 1 43 45 55 55
0082_0032_0013_0084_0084.jpg 1 32 13 84 84
0083_0030_0007_0095_0095.jpg 1 30 7 95 95
0084_0081_0050_0029_0029.jpg 1 81 50 29 29
0085_0005_0037_0095_0095.jpg 1 5 37 95 95
0086_0047_0023_0063_0063.jpg 1 47 23 63 63
0087_0021_0020_0059_0059.jpg 1 21 20 59 59
0088_0019_0040_0101_0101.jpg 1 19 40 101 101
0089_0039_0092_0042_0042.jpg 1 39 92 42 42
0090_0040_0021_0100_0100.jpg 1 40 21 100 100
0091_0076_0079_0044_0044.jpg 1 76 79 44 44
0092_0063_0053_0027_0027.jpg 1 63 53 27 27
0093_0099_0025_0037_0037.jpg 1 99 25 37 37
0094_0072_0030_0065_0065.jpg 1 72 30 65 65
0095_0058_0014_0034_0034.jpg 1 58 14 34 34
0096_0108_0077_0025_0025.jpg 1 108 77 25 25
0097_0007_0055_0087_0087.jpg 1 7 55 87 87
0098_0067_0032_0043_0043.jpg 1 67 32 43 43
0099_0057_0090_0032_0032.jpg 1 57 90 32 32
0100_0017_0008_0075_0075.jpg 1 17 8 75 75
0101_0045_0048_0034_0034.jpg 1 45 48 34 34
0102_0016_0078_0036_0036.jpg 1 16 78 36 36
0103_0061_0046_0060_0060.jpg 1 61 46 60 60
0104_0035_0041_0097_0097.jpg 1 35 41 97 97
0105_0036_0019_0046_0046.jpg 1 36 19 46 46
0106_0060_0058_0079_0079.jpg 1 60 58 79 79
0107_0071_0034_0025_0025.jpg 1 71 34 25 25
0108_0043_0016_0043_0043.jpg 1 43 16 43 43
0109_0023_0009_0102_0102.jpg 1 23 9 102 102
0110_0024_0076_0036_0036.jpg 1 24 76 36 36
0111_0055_0061_0063_0063.jpg 1 55 61 63 63
0112_0067_0019_0062_0062.jpg 1 67 19 62 62
0113_0027_0031_0103_0103.jpg 1 27 31 103 103
0114_0017_0029_0057_0057.jpg 1 17 29 57 57
0115_0013_0060_0064_0064.jpg 1 13 60 64 64
0116_0055_0092_0032_0032.jpg 1 55 92 32 32
0117_0058_0015_0069_0069.jpg 1 58 15 69 69
0118_0057_0082_0032_0032.jpg 1 57 82 32 32
0119_0020_0051_0060_0060.jpg 1 20 51 60 60
0120_0078_0023_0028_0028.jpg 1 78 23 28 28
0121_0039_0064_0046_0046.jpg 1 39 64 46 46
0122_0061_0023_0035_0035.jpg 1 61 23 35 35
0123_0023_0043_0057_0057.jpg 1 23 43 57 57
0124_0025_0064_0059_0059.jpg 1 25 64 59 59
0125_0031_0101_0030_0030.jpg 1 31 101 30 30
0126_0075_0095_0026_0026.jpg 1 75 95 26 26
0127_0033_0089_0034_0034.jpg 1 33 89 34 34
0128_0058_0016_0057_0057.jpg 1 58 16 57 57
0129_0055_0010_0082_0082.jpg 1 55 10 82 82
0130_0049_0043_0061_0061.jpg 1 49 43 61 61
0131_0042_0044_0074_0074.jpg 1 42 44 74 74
0132_0041_0070_0038_0038.jpg 1 41 70 38 38
0133_0033_0066_0075_0075.jpg 1 33 66 75 75
0134_0086_0032_0041_0041.jpg 1 86 32 41 41
0135_0028_0023_0029_0029.jpg 1 28 23 29 29
0136_0058_0022_0055_0055.jpg 1 58 22 55 55
0137_0010_0041_0098_0098.jpg 1 10 41 98 98
0138_0023_0041_0086_0086.jpg 1 23 41 86 86
0139_0064_0068_0029_0029.jpg 1 64 68 29 29
0140_0031_0044_0044_0044.jpg 1 31 44 44 44
0141_0036_0025_0102_0102.jpg 1 36 25 102 102
0142_0050_0041_0078_0078.jpg 1 50 41 78 78
0143_0027_0014_0096_0096.jpg 1 27 14 96 96
0144_0047_0079_0029_0029.jpg 1 47 79 29 29
0145_0058_0049_0061_0061.jpg 1 58 49 61 61
0146_0034_0043_0093_0093.jpg 1 34 43 93 93
0147_0112_0054_0024_0024.jpg 1 112 54 24 24
0148_0020_0022_0024_0024.jpg 1 20 22 24 24
0149_0027_0066_0050_0050.jpg 1 27 66 50 50
0150_0022_0079_0058_0058.jpg 1 22 79 58 58
0151_0021_0050_0093_0093.jpg 1 21 50 93 93
0152_0054_0064_0076_0076.jpg 1 54 64 76 76
0153_0054_0010_0066_0066.jpg 1 54 10 66 66
0154_0090_0110_0026_0026.jpg 1 90 110 26 26
0155_0033_0025_0099_0099.jpg 1 33 25 99 99
0156_0041_0015_0101_0101.jpg 1 41 15 101 101
0157_0022_0027_0075_0075.jpg 1 22 27 75 75
0158_0031_0038_0073_0073.jpg 1 31 38 73 73
0159_0039_0056_0075_0075.jpg 1 39 56 75 75
0160_0018_0062_0049_0049.jpg 1 18 62 49 49
0161_0049_0024_0085_0085.jpg 1 49 24 85 85
0162_0032_0010_0080_0080.jpg 1 32 10 80 80
0163_0062_0106_0025_0025.jpg 1 62 106 25 25
0164_0050_0056_0054_0054.jpg 1 50 56 54 54
0165_0042_0045_0038_0038.jpg 1 42 45 38 38
0166_0041_0028_0099_0099.jpg 1 41 28 99 99
0167_0025_0048_0086_0086.jpg 1 25 48 86 86
0168_0035_0010_0070_0070.jpg 1 35 10 70 70
0169_0008_0042_0088_0088.jpg 1 8 42 88 88
0170_0062_0050_0030_0030.jpg 1 62 50 30 30
0171_0057_0031_0063_0063.jpg 1 57 31 63 63
0172_0026_0053_0047_0047.jpg 1 26 53 47 47
0173_0027_0043_0083_0083.jpg 1 27 43 83 83
0174_0049_0022_0095_0095.jpg 1 49 22 95 95
0175_0026_0050_0043_0043.jpg 1 26 50 43 43
0176_0007_0019_0084_0084.jpg 1 7 19 84 84
0177_0013_0022_0076_0076.jpg 1 13 22 76 76
0178_0086_0045_0052_0052.jpg 1 86 45 52 52
0179_0013_0015_0097_0097.jpg 1 13 15 97 97
0180_0065_0028_0075_0075.jpg 1 65 28 75 75
0181_0017_0010_0044_0044.jpg 1 17 10 44 44
0182_0051_0034_0072_0072.jpg 1 51 34 72 72
0183_0019_0017_0090_0090.jpg 1 19 17 90 90
0184_0041_0057_0056_0056.jpg 1 41 57 56 56
0185_0013_0033_0074_0074.jpg 1 13 33 74 74
0186_0109_0035_0028_0028.jpg 1 109 35 28 28
0187_0059_0035_0073_0073.jpg 1 59 35 73 73
0188_0077_0018_0051_0051.jpg 1 77 18 51 51
0189_0071_0104_0031_0031.jpg 1 71 104 31 31
0190_0046_0016_0091_0091.jpg 1 46 16 91 91
0191_0055_0029_0068_0068.jpg 1 55 29 68 68
0192_0009_0021_0071_0071.jpg 1 9 21 71 71
0193_0026_0032_0091_0091.jpg 1 26 32 91 91
0194_0035_0053_0053_0053.jpg 1 35 53 53 53
0195_0034_0053_0090_0090.jpg 1 34 53 90 90
0196_0044_0028_0067_0067.jpg 1 44 28 67 67
0197_0044_0038_0061_0061.jpg 1 44 38 61 61
0198_0018_0082_0039_0039.jpg 1 18 82 39 39
0199_0037_0061_0051_0051.jpg 1 37 61 51 51
0200_0045_0027_0030_0030.jpg 1 45 27 30 30
0201_0014_0053_0026_0026.jpg 1 14 53 26 26
0202_0046_0025_0078_0078.jpg 1 46 25 78 78
0203_0008_0034_0074_0074.jpg 1 8 34 74 74
0204_0038_0012_0098_0098.jpg 1 38 12 98 98
0205_0062_0019_0065_0065.jpg 1 62 19 65 65
0206_0034_0032_0067_0067.jpg 1 34 32 67 67
0207_0030_0030_0099_0099.jpg 1 30 30 99 99
0208_0054_0020_0077_0077.jpg 1 54 20 77 77
0209_0038_0017_0089_0089.jpg 1 38 17 89 89
0210_0064_0064_0075_0075.jpg 1 64 64 75 75
0211_0025_0054_0083_0083.jpg 1 25 54 83 83
0212_0031_0047_0097_0097.jpg 1 31 47 97 97
0213_0095_0070_0030_0030.jpg 1 95 70 30 30
0214_0038_0080_0055_0055.jpg 1 38 80 55 55
0215_0034_0033_0065_0065.jpg 1 34 33 65 65
0216_0036_0035_0086_0086.jpg 1 36 35 86 86
0217_0085_0049_0036_0036.jpg 1 85 49 36 36
0218_0053_0039_0085_0085.jpg 1 53 39 85 85
0219_0041_0041_0031_0031.jpg 1 41 41 31 31
0220_0022_0061_0024_0024.jpg 1 22 61 24 24
0221_0044_0040_0086_0086.jpg 1 44 40 86 86
0222_0050_0039_0085_0085.jpg 1 50 39 85 85
0223_0037_0027_0050_0050.jpg 1 37 27 50 50
0224_0062_0060_0079_0079.jpg 1 62 60 79 79
0225_0019_0057_0056_0056.jpg 1 19 57 56 56
0226_0063_0014_0063_0063.jpg 1 63 14 63 63
0227_0037_0008_0104_0104.jpg 1 37 8 104 104
0228_0007_0065_0075_0075.jpg 1 7 65 75 75
0229_0065_0067_0071_0071.jpg 1 65 67 71 71
0230_0067_0071_0064_0064.jpg 1 67 71 64 64
0231_0021_0042_0082_0082.jpg 1 21 42 82 82
0232_0022_0069_0066_0066.jpg 1 22 69 66 66
0233_0039_0024_0086_0086.jpg 1 39 24 86 86
0234_0016_0034_0064_0064.jpg 1 16 34 64 64
0235_0041_0024_0040_0040.jpg 1 41 24 40 40
0236_0045_0018_0077_0077.jpg 1 45 18 77 77
0237_0060_0047_0060_0060.jpg 1 60 47 60 60
0238_0010_0033_0049_0049.jpg 1 10 33 49 49
0239_0106_0083_0027_0027.jpg 1 106 83 27 27
0240_0075_0036_0030_0030.jpg 1 75 36 30 30
0241_0033_0052_0047_0047.jpg 1 33 52 47 47
0242_0085_0028_0052_0052.jpg 1 85 28 52 52
0243_0056_0061_0054_0054.jpg 1 56 61 54 54
0244_0055_0021_0085_0085.jpg 1 55 21 85 85
0245_0044_0073_0045_0045.jpg 1 44 73 45 45
0246_0008_0013_0079_0079.jpg 1 8 13 79 79
0247_0033_0031_0083_0083.jpg 1 33 31 83 83
0248_0013_0063_0051_0051.jpg 1 13 63 51 51
0249_0009_0075_0065_0065.jpg 1 9 75 65 65
0250_0022_0006_0102_0102.jpg 1 22 6 102 102
0251_0027_0033_0057_0057.jpg 1 27 33 57 57
0252_0015_0043_0034_0034.jpg 1 15 43 34 34
0253_0056_0022_0077_0077.jpg 1 56 22 77 77
0254_0009_0015_0073_0073.jpg 1 9 15 73 73
0255_0028_0026_0097_0097.jpg 1 28 26 97 97
0256_0010_0010_0100_0100.jpg 1 10 10 100 100
0257_0069_0023_0072_0072.jpg 1 69 23 72 72
0258_0043_0060_0067_0067.jpg 1 43 60 67 67
0259_0028_0020_0047_0047.jpg 1 28 20 47 47
0260_0034_0074_0038_0038.jpg 1 34 74 38 38
0261_0030_0030_0100_0100.jpg 1 30 30 100 100
0262_0039_0013_0034_0034.jpg 1 39 13 34 34
0263_0027_0079_0043_0043.jpg 1 27 79 43 43
0264_0021_0091_0032_0032.jpg 1 21 91 32 32
0265_0025_0056_0033_0033.jpg 1 25 56 33 33
0266_0069_0067_0030_0030.jpg 1 69 67 30 30
0267_0024_0033_0051_0051.jpg 1 24 33 51 51
0268_0053_0023_0054_0054.jpg 1 53 23 54 54
0269_0040_0020_0073_0073.jpg 1 40 20 73 73
0270_0064_0016_0070_0070.jpg 1 64 16 70 70
0271_0034_0053_0080_0080.jpg 1 34 53 80 80
0272_0100_0022_0030_0030.jpg 1 100 22 30 30
0273_0061_0010_0061_0061.jpg 1 61 10 61 61
0274_0061_0010_0079_0079.jpg 1 61 10 79 79
0275_0041_0024_0093_0093.jpg 1 41 24 93 93
0276_0038_0045_0040_0040.jpg 1 38 45 40 40
0277_0052_0023_0071_0071.jpg 1 52 23 71 71
0278_0010_0030_0086_0086.jpg 1 10 30 86 86
0279_0017_0039_0086_0086.jpg 1 17 39 86 86
0280_0008_0017_0101_0101.jpg 1 8 17 101 101
0281_0039_0049_0086_0086.jpg 1 39 49 86 86
0282_0007_0032_0084_0084.jpg 1 7 32 84 84
0283_0052_0041_0076_0076.jpg 1 52 41 76 76
0284_0058_0022_0079_0079.jpg 1 58 22 79 79
0285_0060_0068_0061_0061.jpg 1 60 68 61 61
0286_0051_0062_0055_0055.jpg 1 51 62 55 55
0287_0048_0097_0033_0033.jpg 1 48 97 33 33
0288_0011_0095_0042_0042.jpg 1 11 95 42 42
0289_0026_0021_0096_0096.jpg 1 26 21 96 96
0290_0051_0063_0075_0075.jpg 1 51 63 75 75
0291_0034_0060_0046_0046.jpg 1 34 60 46 46
0292_0057_0060_0074_0074.jpg 1 57 60 74 74
0293_0005_0026_0103_0103.jpg 1 5 26 103 103
0294_0045_0018_0051_0051.jpg 1 45 18 51 51
0295_0098_0087_0038_0038.jpg 1 98 87 38 38
0296_0017_0040_0091_0091.jpg 1 17 40 91 91
0297_0044_0101_0031_0031.jpg 1 44 101 31 31
0298_0016_0068_0070_0070.jpg 1 16 68 70 70
0299_0060_0052_0078_0078.jpg 1 60 52 78 78
0300_0045_0062_0048_0048.jpg 1 45 62 48 48
0301_0070_0050_0071_0071.jpg 1 70 50 71 71
0302_0021_0067_0049_0049.jpg 1 21 67 49 49
0303_0046_0012_0084_0084.jpg 1 46 12 84 84
0304_0087_0014_0025_0025.jpg 1 87 14 25 25
0305_0063_0037_0072_0072.jpg 1 63 37 72 72
0306_0014_0086_0024_0024.jpg 1 14 86 24 24
0307_0017_0047_0071_0071.jpg 1 17 47 71 71
0308_0070_0015_0071_0071.jpg 1 70 15 71 71
0309_0011_0022_0085_0085.jpg 1 11 22 85 85
0310_0069_0021_0029_0029.jpg 1 69 21 29 29
0311_0072_0097_0033_0033.jpg 1 72 97 33 33
0312_0058_0112_0024_0024.jpg 1 58 112 24 24
0313_0019_0042_0067_0067.jpg 1 19 42 67 67
0314_0105_0101_0026_0026.jpg 1 105 101 26 26
0315_0016_0082_0042_0042.jpg 1 16 82 42 42
0316_0088_0052_0039_0039.jpg 1 88 52 39 39
0317_0040_0029_0037_0037.jpg 1 40 29 37 37
0318_0059_0023_0052_0052.jpg 1 59 23 52 52
0319_0030_0039_0091_0091.jpg 1 30 39 91 91
0320_0033_0027_0093_0093.jpg 1 33 27 93 93
0321_0016_0022_0084_0084.jpg 1 16 22 84 84
0322_0068_0010_0074_0074.jpg 1 68 10 74 74
0323_0019_0030_0099_0099.jpg 1 19 30 99 99
0324_0075_0064_0024_0024.jpg 1 75 64 24 24
0325_0032_0021_0029_0029.jpg 1 32 21 29 29
0326_0034_0046_0025_0025.jpg 1 34 46 25 25
0327_0014_0005_0103_0103.jpg 1 14 5 103 103
0328_0007_0017_0074_0074.jpg 1 7 17 74 74
0329_0059_0028_0040_0040.jpg 1 59 28 40 40
0330_0029_0072_0059_0059.jpg 1 29 72 59 59
0331_0042_0012_0073_0073.jpg 1 42 12 73 73
0332_0019_0027_0100_0100.jpg 1 19 27 100 100
0333_0023_0017_0104_0104.jpg 1 23 17 104 104
0334_0023_0033_0089_0089.jpg 1 23 33 89 89
0335_0050_0011_0064_0064.jpg 1 50 11 64 64
0336_0008_0051_0071_0071.jpg 1 8 51 71 71
0337_0076_0023_0052_0052.jpg 1 76 23 52 52
0338_0007_0036_0079_0079.jpg 1 7 36 79 79
0339_0042_0051_0090_0090.jpg 1 42 51 90 90
0340_0096_0094_0035_0035.jpg 1 96 94 35 35
0341_0021_0032_0093_0093.jpg 1 21 32 93 93
0342_0046_0046_0061_0061.jpg 1 46 46 61 61
0343_0045_0040_0088_0088.jpg 1 45 40 88 88
0344_0100_0027_0035_0035.jpg 1 100 27 35 35
0345_0050_0019_0059_0059.jpg 1 50 19 59 59
0346_0063_0047_0045_0045.jpg 1 63 47 45 45
0347_0006_0021_0086_0086.jpg 1 6 21 86 86
0348_0056_0047_0057_0057.jpg 1 56 47 57 57
0349_0014_0097_0040_0040.jpg 1 14 97 40 40
0350_0055_0081_0030_0030.jpg 1 55 81 30 30
0351_0055_0040_0029_0029.jpg 1 55 40 29 29
0352_0017_0039_0099_0099.jpg 1 17 39 99 99
0353_0012_0040_0101_0101.jpg 1 12 40 101 101
0354_0028_0072_0044_0044.jpg 1 28 72 44 44
0355_0029_0067_0064_0064.jpg 1 29 67 64 64
0356_0063_0071_0050_0050.jpg 1 63 71 50 50
0357_0042_0066_0051_0051.jpg 1 42 66 51 51
0358_0045_0065_0032_0032.jpg 1 45 65 32 32
0359_0040_0056_0086_0086.jpg 1 40 56 86 86
0360_0021_0050_0077_0077.jpg 1 21 50 77 77
0361_0039_0017_0103_0103.jpg 1 39 17 103 103
0362_0066_0062_0047_0047.jpg 1 66 62 47 47
0363_0014_0083_0024_0024.jpg 1 14 83 24 24
0364_0036_0061_0078_0078.jpg 1 36 61 78 78
0365_0056_0057_0084_0084.jpg 1 56 57 84 84
0366_0025_0012_0102_0102.jpg 1 25 12 102 102
0367_0032_0017_0103_0103.jpg 1 32 17 103 103
0368_0009_0053_0078_0078.jpg 1 9 53 78 78
0369_0055_0060_0039_0039.jpg 1 55 60 39 39
0370_0060_0009_0077_0077.jpg 1 60 9 77 77
0371_0015_0032_0071_0071.jpg 1 15 32 71 71
0372_0039_0073_0055_0055.jpg 1 39 73 55 55
0373_0067_0059_0073_0073.jpg 1 67 59 73 73
0374_0034_0014_0055_0055.jpg 1 34 14 55 55
0375_0036_0015_0086_0086.jpg 1 36 15 86 86
0376_0017_0053_0085_0085.jpg 1 17 53 85 85
0377_0076_0070_0051_0051.jpg 1 76 70 51 51
0378_0031_0023_0043_0043.jpg 1 31 23 43 43
0379_0044_0057_0081_0081.jpg 1 44 57 81 81
0380_0056_0058_0062_0062.jpg 1 56 58 62 62
0381_0081_0031_0059_0059.jpg 1 81 31 59 59
0382_0023_0056_0038_0038.jpg 1 23 56 38 38
0383_0059_0033_0071_0071.jpg 1 59 33 71 71
0384_0083_0058_0038_0038.jpg 1 83 58 38 38
0385_0032_0071_0050_0050.jpg 1 32 71 50 50
0386_0022_0035_0066_0066.jpg 1 22 35 66 66
0387_0072_0023_0033_0033.jpg 1 72 23 33 33
0388_0045_0029_0073_0073.jpg 1 45 29 73 73
0389_0043_0047_0091_0091.jpg 1 43 47 91 91
0390_0022_0009_0071_0071.jpg 1 22 9 71 71
0391_0029_0012_0094_0094.jpg 1 29 12 94 94
0392_0095_0022_0042_0042.jpg 1 95 22 42 42
0393_0045_0010_0094_0094.jpg 1 45 10 94 94
0394_0054_0041_0071_0071.jpg 1 54 41 71 71
0395_0057_0043_0053_0053.jpg 1 57 43 53 53
0396_0061_0030_0079_0079.jpg 1 61 30 79 79
0397_0041_0047_0038_0038.jpg 1 41 47 38 38
0398_0040_0046_0024_0024.jpg 1 40 46 24 24
0399_0020_0024_0049_0049.jpg 1 20 24 49 49
0400_0057_0070_0070_0070.jpg 1 57 70 70 70
0401_0041_0048_0063_0063.jpg 1 41 48 63 63
0402_0040_0030_0098_0098.jpg 1 40 30 98 98
0403_0011_0035_0097_0097.jpg 1 11 35 97 97
0404_0041_0035_0080_0080.jpg 1 41 35 80 80
0405_0009_0064_0073_0073.jpg 1 9 64 73 73
0406_0079_0070_0034_0034.jpg 1 79 70 34 34
0407_0046_0031_0078_0078.jpg 1 46 31 78 78
0408_0027_0048_0074_0074.jpg 1 27 48 74 74
0409_0057_0020_0060_0060.jpg 1 57 20 60 60
0410_0016_0038_0069_0069.jpg 1 16 38 69 69
0411_0054_0027_0071_0071.jpg 1 54 27 71 71
0412_0045_0018_0080_0080.jpg 1 45 18 80 80
0413_0049_0060_0068_0068.jpg 1 49 60 68 68
0414_0043_0014_0068_0068.jpg 1 43 14 68 68
0415_0054_0027_0063_0063.jpg 1 54 27 63 63
0416_0029_0060_0077_0077.jpg 1 29 60 77 77
0417_0014_0026_0100_0100.jpg 1 14 26 100 100
0418_0084_0107_0025_0025.jpg 1 84 107 25 25
0419_0056_0050_0030_0030.jpg 1 56 50 30 30
0420_0009_0047_0082_0082.jpg 1 9 47 82 82
0421_0053_0050_0081_0081.jpg 1 53 50 81 81
0422_0071_0061_0067_0067.jpg 1 71 61 67 67
0423_0077_0050_0064_0064.jpg 1 77 50 64 64
0424_0047_0013_0065_0065.jpg 1 47 13 65 65
0425_0069_0013_0030_0030.jpg 1 69 13 30 30
0426_0043_0091_0028_0028.jpg 1 43 91 28 28
0427_0090_0059_0030_0030.jpg 1 90 59 30 30
0428_0034_0017_0025_0025.jpg 1 34 17 25 25
0429_0028_0046_0096_0096.jpg 1 28 46 96 96
0430_0096_0046_0036_0036.jpg 1 96 46 36 36
0431_0052_0048_0073_0073.jpg 1 52 48 73 73
0432_0040_0022_0091_0091.jpg 1 40 22 91 91
0433_0022_0016_0104_0104.jpg 1 22 16 104 104
0434_0016_0027_0096_0096.jpg 1 16 27 96 96
0435_0079_0042_0033_0033.jpg 1 79 42 33 33
0436_0018_0037_0094_0094.jpg 1 18 37 94 94
0437_0027_0017_0044_0044.jpg 1 27 17 44 44
0438_0079_0091_0038_0038.jpg 1 79 91 38 38
0439_0024_0038_0082_0082.jpg 1 24 38 82 82
0440_0048_0068_0065_0065.jpg 1 48 68 65 65
0441_0032_0068_0045_0045.jpg 1 32 68 45 45
0442_0040_0047_0062_0062.jpg 1 40 47 62 62
0443_0026_0038_0067_0067.jpg 1 26 38 67 67
0444_0017_0024_0075_0075.jpg 1 17 24 75 75
0445_0007_0026_0100_0100.jpg 1 7 26 100 100
0446_0064_0033_0030_0030.jpg 1 64 33 30 30
0447_0055_0026_0075_0075.jpg 1 55 26 75 75
0448_0057_0019_0067_0067.jpg 1 57 19 67 67
0449_0071_0061_0033_0033.jpg 1 71 61 33 33
0450_0054_0055_0072_0072.jpg 1 54 55 72 72
0451_0042_0015_0100_0100.jpg 1 42 15 100 100
0452_0055_0039_0062_0062.jpg 1 55 39 62 62
0453_0039_0041_0091_0091.jpg 1 39 41 91 91
0454_0043_0027_0086_0086.jpg 1 43 27 86 86
0455_0014_0053_0046_0046.jpg 1 14 53 46 46
0456_0018_0047_0089_0089.jpg 1 18 47 89 89
0457_0063_0082_0048_0048.jpg 1 63 82 48 48
0458_0089_0057_0040_0040.jpg 1 89 57 40 40
0459_0021_0057_0075_0075.jpg 1 21 57 75 75
0460_0033_0008_0071_0071.jpg 1 33 8 71 71
0461_0041_0041_0072_0072.jpg 1 41 41 72 72
0462_0011_0065_0032_0032.jpg 1 11 65 32 32
0463_0017_0013_0048_0048.jpg 1 17 13 48 48
0464_0037_0041_0043_0043.jpg 1 37 41 43 43
0465_0019_0032_0093_0093.jpg 1 19 32 93 93
0466_0060_0052_0082_0082.jpg 1 60 52 82 82
0467_0071_0014_0057_0057.jpg 1 71 14 57 57
0468_0078_0070_0035_0035.jpg 1 78 70 35 35
0469_0053_0045_0088_0088.jpg 1 53 45 88 88
0470_0046_0018_0030_0030.jpg 1 46 18 30 30
0471_0096_0078_0029_0029.jpg 1 96 78 29 29
0472_0027_0023_0060_0060.jpg 1 27 23 60 60
0473_0028_0011_0090_0090.jpg 1 28 11 90 90
0474_0050_0014_0064_0064.jpg 1 50 14 64 64
0475_0074_0104_0032_0032.jpg 1 74 104 32 32
0476_0030_0048_0092_0092.jpg 1 30 48 92 92
0477_0062_0042_0027_0027.jpg 1 62 42 27 27
0478_0062_0058_0072_0072.jpg 1 62 58 72 72
0479_0054_0048_0055_0055.jpg 1 54 48 55 55
0480_0064_0047_0063_0063.jpg 1 64 47 63 63
0481_0105_0097_0031_0031.jpg 1 105 97 31 31
0482_0070_0065_0058_0058.jpg 1 70 65 58 58
0483_0026_0020_0103_0103.jpg 1 26 20 103 103
0484_0094_0057_0025_0025.jpg 1 94 57 25 25
0485_0040_0110_0024_0024.jpg 1 40 110 24 24
0486_0010_0049_0074_0074.jpg 1 10 49 74 74
0487_0034_0094_0025_0025.jpg 1 34 94 25 25
0488_0078_0075_0039_0039.jpg 1 78 75 39 39
0489_0106_0079_0029_0029.jpg 1 106 79 29 29
0490_0011_0033_0095_0095.jpg 1 11 33 95 95
0491_0053_0072_0052_0052.jpg 1 53 72 52 52
0492_0032_0103_0033_0033.jpg 1 32 103 33 33
0493_0096_0094_0038_0038.jpg 1 96 94 38 38
0494_0018_0092_0033_0033.jpg 1 18 92 33 33
0495_0043_0072_0063_0063.jpg 1 43 72 63 63
0496_0032_0017_0100_0100.jpg 1 32 17 100 100
0497_0067_0023_0048_0048.jpg 1 67 23 48 48
0498_0017_0047_0045_0045.jpg 1 17 47 45 45
0499_0041_0066_0063_0063.jpg 1 41 66 63 63
0500_0090_0080_0036_0036.jpg 1 90 80 36 36
0501_0040_0061_0055_0055.jpg 1 40 61 55 55
0502_0021_0060_0048_0048.jpg 1 21 60 48 48
0503_0060_0036_0071_0071.jpg 1 60 36 71 71
0504_0028_0077_0064_0064.jpg 1 28 77 64 64
0505_0033_0015_0097_0097.jpg 1 33 15 97 97
0506_0017_0042_0075_0075.jpg 1 17 42 75 75
0507_0037_0042_0027_0027.jpg 1 37 42 27 27
0508_0091_0084_0045_0045.jpg 1 91 84 45 45
0509_0034_0015_0063_0063.jpg 1 34 15 63 63
0510_0021_0022_0092_0092.jpg 1 21 22 92 92
0511_0070_0094_0028_0028.jpg 1 70 94 28 28
0512_0081_0055_0028_0028.jpg 1 81 55 28 28
0513_0053_0022_0071_0071.jpg 1 53 22 71 71
0514_0067_0076_0057_0057.jpg 1 67 76 57 57
0515_0027_0056_0050_0050.jpg 1 27 56 50 50
0516_0024_0007_0093_0093.jpg 1 24 7 93 93
0517_0069_0018_0059_0059.jpg 1 69 18 59 59
0518_0030_0020_0093_0093.jpg 1 30 20 93 93
0519_0053_0033_0089_0089.jpg 1 53 33 89 89
0520_0055_0061_0074_0074.jpg 1 55 61 74 74
0521_0036_0040_0097_0097.jpg 1 36 40 97 97
0522_0023_0034_0040_0040.jpg 1 23 34 40 40
0523_0067_0029_0024_0024.jpg 1 67 29 24 24
0524_0046_0044_0082_0082.jpg 1 46 44 82 82
0525_0026_0030_0061_0061.jpg 1 26 30 61 61
0526_0027_0045_0031_0031.jpg 1 27 45 31 31
0527_0016_0035_0092_0092.jpg 1 16 35 92 92
0528_0010_0035_0083_0083.jpg 1 10 35 83 83
0529_0051_0071_0062_0062.jpg 1 51 71 62 62
0530_0015_0041_0086_0086.jpg 1 15 41 86 86
0531_0042_0010_0102_0102.jpg 1 42 10 102 102
0532_0046_0032_0056_0056.jpg 1 46 32 56 56
0533_0020_0027_0056_0056.jpg 1 20 27 56 56
0534_0063_0058_0027_0027.jpg 1 63 58 27 27
0535_0047_0065_0063_0063.jpg 1 47 65 63 63
0536_0029_0030_0089_0089.jpg 1 29 30 89 89
0537_0055_0012_0072_0072.jpg 1 55 12 72 72
0538_0035_0031_0103_0103.jpg 1 35 31 103 103
0539_0031_0026_0104_0104.jpg 1 31 26 104 104
0540_0037_0038_0043_0043.jpg 1 37 38 43 43
0541_0019_0026_0064_0064.jpg 1 19 26 64 64
0542_0084_0035_0040_0040.jpg 1 84 35 40 40
0543_0047_0053_0025_0025.jpg 1 47 53 25 25
0544_0022_0078_0046_0046.jpg 1 22 78 46 46
0545_0060_0080_0028_0028.jpg 1 60 80 28 28
0546_0042_0017_0097_0097.jpg 1 42 17 97 97
0547_0069_0011_0067_0067.jpg 1 69 11 67 67
0548_0012_0041_0083_0083.jpg 1 12 41 83 83
0549_0030_0053_0044_0044.jpg 1 30 53 44 44
0550_0044_0018_0096_0096.jpg 1 44 18 96 96
0551_0067_0023_0060_0060.jpg 1 67 23 60 60
0552_0084_0053_0054_0054.jpg 1 84 53 54 54
0553_0046_0028_0095_0095.jpg 1 46 28 95 95
0554_0016_0094_0037_0037.jpg 1 16 94 37 37
0555_0096_0020_0037_0037.jpg 1 96 20 37 37
0556_0029_0027_0087_0087.jpg 1 29 27 87 87
0557_0052_0083_0050_0050.jpg 1 52 83 50 50
0558_0033_0016_0037_0037.jpg 1 33 16 37 37
0559_0013_0014_0098_0098.jpg 1 13 14 98 98
0560_0069_0008_0072_0072.jpg 1 69 8 72 72
0561_0036_0019_0058_0058.jpg 1 36 19 58 58
0562_0044_0047_0094_0094.jpg 1 44 47 94 94
0563_0032_0021_0038_0038.jpg 1 32 21 38 38
0564_0028_0032_0053_0053.jpg 1 28 32 53 53
0565_0031_0041_0096_0096.jpg 1 31 41 96 96
0566_0009_0061_0079_0079.jpg 1 9 61 79 79
0567_0031_0059_0028_0028.jpg 1 31 59 28 28
0568_0069_0029_0064_0064.jpg 1 69 29 64 64
0569_0040_0052_0079_0079.jpg 1 40 52 79 79
0570_0089_0030_0036_0036.jpg 1 89 30 36 36
0571_0020_0031_0100_0100.jpg 1 20 31 100 100
0572_0050_0088_0043_0043.jpg 1 50 88 43 43
0573_0053_0075_0041_0041.jpg 1 53 75 41 41
0574_0039_0041_0085_0085.jpg 1 39 41 85 85
0575_0043_0038_0062_0062.jpg 1 43 38 62 62
0576_0023_0084_0045_0045.jpg 1 23 84 45 45
0577_0007_0030_0094_0094.jpg 1 7 30 94 94
0578_0038_0014_0074_0074.jpg 1 38 14 74 74
0579_0051_0081_0055_0055.jpg 1 51 81 55 55
0580_0062_0034_0071_0071.jpg 1 62 34 71 71
0581_0031_0029_0081_0081.jpg 1 31 29 81 81
0582_0028_0074_0037_0037.jpg 1 28 74 37 37
0583_0083_0080_0048_0048.jpg 1 83 80 48 48
0584_0027_0010_0089_0089.jpg 1 27 10 89 89
0585_0017_0049_0045_0045.jpg 1 17 49 45 45
0586_0084_0054_0031_0031.jpg 1 84 54 31 31
0587_0099_0053_0037_0037.jpg 1 99 53 37 37
0588_0076_0015_0049_0049.jpg 1 76 15 49 49
0589_0028_0010_0063_0063.jpg 1 28 10 63 63
0590_0099_0091_0032_0032.jpg 1 99 91 32 32
0591_0023_0017_0054_0054.jpg 1 23 17 54 54
0592_0035_0037_0044_0044.jpg 1 35 37 44 44
0593_0020_0012_0104_0104.jpg 1 20 12 104 104
0594_0077_0074_0043_0043.jpg 1 77 74 43 43
0595_0013_0013_0096_0096.jpg 1 13 13 96 96
0596_0025_0014_0095_0095.jpg 1 25 14 95 95
0597_0040_0010_0091_0091.jpg 1 40 10 91 91
0598_0015_0027_0035_0035.jpg 1 15 27 35 35
0599_0014_0052_0085_0085.jpg 1 14 52 85 85
0600_0011_0059_0050_0050.jpg 1 11 59 50 50
0601_0044_0037_0099_0099.jpg 1 44 37 99 99
0602_0058_0010_0055_0055.jpg 1 58 10 55 55
0603_0038_0057_0062_0062.jpg 1 38 57 62 62
0604_0037_0033_0101_0101.jpg 1 37 33 101 101
0605_0036_0028_0088_0088.jpg 1 36 28 88 88
0606_0054_0011_0052_0052.jpg 1 54 11 52 52
0607_0046_0068_0037_0037.jpg 1 46 68 37 37
0608_0094_0077_0028_0028.jpg 1 94 77 28 28
0609_0051_0084_0052_0052.jpg 1 51 84 52 52
0610_0012_0020_0043_0043.jpg 1 12 20 43 43
0611_0020_0023_0082_0082.jpg 1 20 23 82 82
0612_0027_0047_0082_0082.jpg 1 27 47 82 82
0613_0055_0013_0088_0088.jpg 1 55 13 88 88
0614_0083_0026_0051_0051.jpg 1 83 26 51 51
0615_0017_0028_0092_0092.jpg 1 17 28 92 92
0616_0034_0061_0064_0064.jpg 1 34 61 64 64
0617_0073_0047_0025_0025.jpg 1 73 47 25 25
0618_0064_0022_0056_0056.jpg 1 64 22 56 56
0619_0043_0024_0099_0099.jpg 1 43 24 99 99
0620_0023_0106_0025_0025.jpg 1 23 106 25 25
0621_0099_0034_0036_0036.jpg 1 99 34 36 36
0622_0037_0062_0078_0078.jpg 1 37 62 78 78
0623_0013_0030_0089_0089.jpg 1 13 30 89 89
0624_0035_0025_0100_0100.jpg 1 35 25 100 100
0625_0024_0025_0045_0045.jpg 1 24 25 45 45
0626_0020_0036_0090_0090.jpg 1 20 36 90 90
0627_0012_0015_0056_0056.jpg 1 12 15 56 56
0628_0031_0016_0083_0083.jpg 1 31 16 83 83
0629_0073_0093_0024_0024.jpg 1 73 93 24 24
0630_0079_0017_0051_0051.jpg 1 79 17 51 51
0631_0096_0035_0040_0040.jpg 1 96 35 40 40
0632_0060_0090_0031_0031.jpg 1 60 90 31 31
0633_0029_0107_0025_0025.jpg 1 29 107 25 25
0634_0024_0039_0099_0099.jpg 1 24 39 99 99
0635_0066_0025_0046_0046.jpg 1 66 25 46 46
0636_0079_0100_0031_0031.jpg 1 79 100 31 31
0637_0047_0091_0037_0037.jpg 1 47 91 37 37
0638_0009_0041_0086_0086.jpg 1 9 41 86 86
0639_0010_0038_0074_0074.jpg 1 10 38 74 74
0640_0045_0022_0088_0088.jpg 1 45 22 88 88
0641_0061_0037_0079_0079.jpg 1 61 37 79 79
0642_0045_0031_0065_0065.jpg 1 45 31 65 65
0643_0038_0022_0091_0091.jpg 1 38 22 91 91
0644_0082_0038_0039_0039.jpg 1 82 38 39 39
0645_0073_0031_0052_0052.jpg 1 73 31 52 52
0646_0023_0023_0056_0056.jpg 1 23 23 56 56
0647_0057_0042_0024_0024.jpg 1 57 42 24 24
0648_0081_0022_0032_0032.jpg 1 81 22 32 32
0649_0075_0073_0064_0064.jpg 1 75 73 64 64
0650_0049_0039_0052_0052.jpg 1 49 39 52 52
0651_0014_0044_0092_0092.jpg 1 14 44 92 92
0652_0046_0039_0060_0060.jpg 1 46 39 60 60
0653_0060_0014_0050_0050.jpg 1 60 14 50 50
0654_0021_0042_0039_0039.jpg 1 21 42 39 39
0655_0026_0045_0046_0046.jpg 1 26 45 46 46
0656_0042_0024_0071_0071.jpg 1 42 24 71 71
0657_0089_0076_0048_0048.jpg 1 89 76 48 48
0658_0037_0096_0032_0032.jpg 1 37 96 32 32
0659_0020_0032_0093_0093.jpg 1 20 32 93 93
0660_0044_0035_0077_0077.jpg 1 44 35 77 77
0661_0068_0038_0024_0024.jpg 1 68 38 24 24
0662_0018_0030_0103_0103.jpg 1 18 30 103 103
0663_0046_0007_0091_0091.jpg 1 46 7 91 91
0664_0028_0073_0024_0024.jpg 1 28 73 24 24
0665_0048_0037_0067_0067.jpg 1 48 37 67 67
0666_0064_0014_0047_0047.jpg 1 64 14 47 47
0667_0023_0031_0092_0092.jpg 1 23 31 92 92
0668_0014_0017_0101_0101.jpg 1 14 17 101 101
0669_0018_0070_0049_0049.jpg 1 18 70 49 49
0670_0056_0061_0043_0043.jpg 1 56 61 43 43
0671_0013_0058_0051_0051.jpg 1 13 58 51 51
0672_0019_0032_0083_0083.jpg 1 19 32 83 83
0673_0083_0093_0045_0045.jpg 1 83 93 45 45
0674_0090_0050_0027_0027.jpg 1 90 50 27 27
0675_0040_0035_0098_0098.jpg 1 40 35 98 98
0676_0010_0035_0083_0083.jpg 1 10 35 83 83
0677_0033_0029_0037_0037.jpg 1 33 29 37 37
0678_0009_0041_0073_0073.jpg 1 9 41 73 73
0679_0062_0035_0028_0028.jpg 1 62 35 28 28
0680_0072_0012_0055_0055.jpg 1 72 12 55 55
0681_0093_0039_0044_0044.jpg 1 93 39 44 44
0682_0026_0028_0100_0100.jpg 1 26 28 100 100
0683_0044_0034_0088_0088.jpg 1 44 34 88 88
0684_0062_0013_0062_0062.jpg 1 62 13 62 62
0685_0011_0058_0048_0048.jpg 1 11 58 48 48
0686_0076_0026_0061_0061.jpg 1 76 26 61 61
0687_0052_0060_0078_0078.jpg 1 52 60 78 78
0688_0020_0007_0092_0092.jpg 1 20 7 92 92
0689_0032_0049_0050_0050.jpg 1 32 49 50 50
0690_0075_0009_0060_0060.jpg 1 75 9 60 60
0691_0031_0042_0084_0084.jpg 1 31 42 84 84
0692_0093_0027_0044_0044.jpg 1 93 27 44 44
0693_0052_0012_0059_0059.jpg 1 52 12 59 59
0694_0011_0045_0098_0098.jpg 1 11 45 98 98
0695_0053_0079_0055_0055.jpg 1 53 79 55 55
0696_0014_0045_0044_0044.jpg 1 14 45 44 44
0697_0015_0035_0093_0093.jpg 1 15 35 93 93
0698_0035_0039_0026_0026.jpg 1 35 39 26 26
0699_0023_0061_0045_0045.jpg 1 23 61 45 45
0700_0069_0057_0025_0025.jpg 1 69 57 25 25
0701_0102_0075_0029_0029.jpg 1 102 75 29 29
0702_0039_0033_0102_0102.jpg 1 39 33 102 102
0703_0064_0057_0068_0068.jpg 1 64 57 68 68
0704_0064_0022_0063_0063.jpg 1 64 22 63 63
0705_0040_0029_0026_0026.jpg 1 40 29 26 26
0706_0088_0056_0042_0042.jpg 1 88 56 42 42
0707_0033_0052_0059_0059.jpg 1 33 52 59 59
0708_0023_0028_0096_0096.jpg 1 23 28 96 96
0709_0017_0047_0073_0073.jpg 1 17 47 73 73
0710_0029_0025_0079_0079.jpg 1 29 25 79 79
0711_0032_0017_0074_0074.jpg 1 32 17 74 74
0712_0030_0035_0099_0099.jpg 1 30 35 99 99
0713_0033_0050_0061_0061.jpg 1 33 50 61 61
0714_0016_0021_0091_0091.jpg 1 16 21 91 91
0715_0013_0015_0095_0095.jpg 1 13 15 95 95
0716_0036_0050_0073_0073.jpg 1 36 50 73 73
0717_0015_0066_0072_0072.jpg 1 15 66 72 72
0718_0039_0035_0085_0085.jpg 1 39 35 85 85
0719_0054_0012_0073_0073.jpg 1 54 12 73 73
0720_0027_0044_0098_0098.jpg 1 27 44 98 98
0721_0030_0076_0044_0044.jpg 1 30 76 44 44
0722_0068_0066_0074_0074.jpg 1 68 66 74 74
0723_0018_0070_0035_0035.jpg 1 18 70 35 35
0724_0040_0041_0084_0084.jpg 1 40 41 84 84
0725_0049_0015_0080_0080.jpg 1 49 15 80 80
0726_0016_0073_0068_0068.jpg 1 16 73 68 68
0727_0071_0067_0043_0043.jpg 1 71 67 43 43
0728_0057_0097_0024_0024.jpg 1 57 97 24 24
0729_0081_0082_0053_0053.jpg 1 81 82 53 53
0730_0047_0097_0041_0041.jpg 1 47 97 41 41
0731_0043_0048_0078_0078.jpg 1 43 48 78 78
0732_0053_0051_0061_0061.jpg 1 53 51 61 61
0733_0020_0030_0072_0072.jpg 1 20 30 72 72
0734_0087_0041_0030_0030.jpg 1 87 41 30 30
0735_0030_0074_0027_0027.jpg 1 30 74 27 27
0736_0034_0044_0099_0099.jpg 1 34 44 99 99
0737_0014_0059_0077_0077.jpg 1 14 59 77 77
0738_0045_0057_0035_0035.jpg 1 45 57 35 35
0739_0046_0029_0053_0053.jpg 1 46 29 53 53
0740_0077_0027_0054_0054.jpg 1 77 27 54 54
0741_0066_0018_0041_0041.jpg 1 66 18 41 41
0742_0018_0058_0079_0079.jpg 1 18 58 79 79
0743_0034_0062_0054_0054.jpg 1 34 62 54 54
0744_0082_0058_0054_0054.jpg 1 82 58 54 54
0745_0036_0033_0057_0057.jpg 1 36 33 57 57
0746_0030_0057_0054_0054.jpg 1 30 57 54 54
0747_0034_0066_0068_0068.jpg 1 34 66 68 68
0748_0011_0047_0042_0042.jpg 1 11 47 42 42
0749_0060_0055_0035_0035.jpg 1 60 55 35 35
0750_0057_0096_0027_0027.jpg 1 57 96 27 27
0751_0060_0018_0056_0056.jpg 1 60 18 56 56
0752_0026_0089_0037_0037.jpg 1 26 89 37 37
0753_0022_0038_0086_0086.jpg 1 22 38 86 86
0754_0012_0055_0086_0086.jpg 1 12 55 86 86
0755_0036_0038_0079_0079.jpg 1 36 38 79 79
0756_0038_0047_0081_0081.jpg 1 38 47 81 81
0757_0056_0039_0085_0085.jpg 1 56 39 85 85
0758_0057_0081_0027_0027.jpg 1 57 81 27 27
0759_0011_0045_0085_0085.jpg 1 11 45 85 85
0760_0079_0061_0043_0043.jpg 1 79 61 43 43
0761_0051_0028_0078_0078.jpg 1 51 28 78 78
0762_0022_0029_0040_0040.jpg 1 22 29 40 40
0763_0062_0067_0065_0065.jpg 1 62 67 65 65
0764_0044_0047_0080_0080.jpg 1 44 47 80 80
0765_0008_0030_0104_0104.jpg 1 8 30 104 104
0766_0046_0027_0084_0084.jpg 1 46 27 84 84
0767_0098_0019_0039_0039.jpg 1 98 19 39 39
0768_0036_0007_0080_0080.jpg 1 36 7 80 80
0769_0017_0021_0061_0061.jpg 1 17 21 61 61
0770_0062_0049_0063_0063.jpg 1 62 49 63 63
0771_0108_0106_0025_0025.jpg 1 108 106 25 25
0772_0008_0033_0095_0095.jpg 1 8 33 95 95
0773_0053_0073_0048_0048.jpg 1 53 73 48 48
0774_0060_0016_0078_0078.jpg 1 60 16 78 78
0775_0076_0018_0059_0059.jpg 1 76 18 59 59
0776_0048_0020_0066_0066.jpg 1 48 20 66 66
0777_0017_0069_0045_0045.jpg 1 17 69 45 45
0778_0030_0014_0091_0091.jpg 1 30 14 91 91
0779_0009_0033_0067_0067.jpg 1 9 33 67 67
0780_0089_0084_0031_0031.jpg 1 89 84 31 31
0781_0076_0038_0028_0028.jpg 1 76 38 28 28
0782_0026_0061_0072_0072.jpg 1 26 61 72 72
0783_0047_0012_0087_0087.jpg 1 47 12 87 87
0784_0029_0023_0103_0103.jpg 1 29 23 103 103
0785_0054_0032_0056_0056.jpg 1 54 32 56 56
0786_0071_0030_0059_0059.jpg 1 71 30 59 59
0787_0049_0032_0068_0068.jpg 1 49 32 68 68
0788_0006_0016_0084_0084.jpg 1 6 16 84 84
0789_0034_0045_0058_0058.jpg 1 34 45 58 58
0790_0048_0048_0093_0093.jpg 1 48 48 93 93
0791_0034_0013_0036_0036.jpg 1 34 13 36 36
0792_0062_0030_0065_0065.jpg 1 62 30 65 65
0793_0033_0017_0042_0042.jpg 1 33 17 42 42
0794_0016_0020_0100_0100.jpg 1 16 20 100 100
0795_0015_0041_0089_0089.jpg 1 15 41 89 89
0796_0037_0030_0098_0098.jpg 1 37 30 98 98
0797_0074_0011_0053_0053.jpg 1 74 11 53 53
0798_0091_0058_0046_0046.jpg 1 91 58 46 46
0799_0026_0038_0084_0084.jpg 1 26 38 84 84
0800_0012_0018_0088_0088.jpg 1 12 18 88 88
0801_0026_0110_0027_0027.jpg 1 26 110 27 27
0802_0082_0012_0054_0054.jpg 1 82 12 54 54
0803_0028_0012_0095_0095.jpg 1 28 12 95 95
0804_0052_0050_0066_0066.jpg 1 52 50 66 66
0805_0048_0033_0085_0085.jpg 1 48 33 85 85
0806_0047_0040_0096_0096.jpg 1 47 40 96 96
0807_0030_0023_0069_0069.jpg 1 30 23 69 69
0808_0011_0008_0096_0096.jpg 1 11 8 96 96
0809_0065_0012_0035_0035.jpg 1 65 12 35 35
0810_0046_0053_0064_0064.jpg 1 46 53 64 64
0811_0055_0050_0079_0079.jpg 1 55 50 79 79
0812_0043_0064_0031_0031.jpg 1 43 64 31 31
0813_0060_0008_0066_0066.jpg 1 60 8 66 66
0814_0055_0019_0085_0085.jpg 1 55 19 85 85
0815_0010_0070_0070_0070.jpg 1 10 70 70 70
0816_0012_0010_0054_0054.jpg 1 12 10 54 54
0817_0014_0009_0085_0085.jpg 1 14 9 85 85
0818_0013_0046_0055_0055.jpg 1 13 46 55 55
0819_0017_0011_0103_0103.jpg 1 17 11 103 103
0820_0069_0066_0047_0047.jpg 1 69 66 47 47
0821_0065_0071_0063_0063.jpg 1 65 71 63 63
0822_0032_0076_0053_0053.jpg 1 32 76 53 53
0823_0069_0063_0069_0069.jpg 1 69 63 69 69
0824_0050_0029_0056_0056.jpg 1 50 29 56 56
0825_0046_0038_0067_0067.jpg 1 46 38 67 67
0826_0072_0041_0059_0059.jpg 1 72 41 59 59
0827_0033_0046_0050_0050.jpg 1 33 46 50 50
0828_0035_0026_0095_0095.jpg 1 35 26 95 95
0829_0066_0055_0069_0069.jpg 1 66 55 69 69
0830_0040_0006_0104_0104.jpg 1 40 6 104 104
0831_0036_0005_0100_0100.jpg 1 36 5 100 100
0832_0028_0046_0064_0064.jpg 1 28 46 64 64
0833_0057_0014_0039_0039.jpg 1 57 14 39 39
0834_0075_0081_0050_0050.jpg 1 75 81 50 50
0835_0015_0030_0045_0045.jpg 1 15 30 45 45
0836_0062_0066_0068_0068.jpg 1 62 66 68 68
0837_0050_0052_0074_0074.jpg 1 50 52 74 74
0838_0038_0066_0054_0054.jpg 1 38 66 54 54
0839_0064_0087_0042_0042.jpg 1 64 87 42 42
0840_0079_0014_0050_0050.jpg 1 79 14 50 50
0841_0057_0013_0066_0066.jpg 1 57 13 66 66
0842_0054_0088_0033_0033.jpg 1 54 88 33 33
0843_0022_0020_0069_0069.jpg 1 22 20 69 69
0844_0022_0028_0077_0077.jpg 1 22 28 77 77
0845_0028_0024_0061_0061.jpg 1 28 24 61 61
0846_0009_0069_0064_0064.jpg 1 9 69 64 64
0847_0072_0053_0037_0037.jpg 1 72 53 37 37
0848_0040_0019_0074_0074.jpg 1 40 19 74 74
0849_0068_0056_0073_0073.jpg 1 68 56 73 73
0850_0067_0064_0041_0041.jpg 1 67 64 41 41
0851_0086_0031_0050_0050.jpg 1 86 31 50 50
0852_0011_0035_0057_0057.jpg 1 11 35 57 57
0853_0056_0066_0049_0049.jpg 1 56 66 49 49
0854_0080_0019_0036_0036.jpg 1 80 19 36 36
0855_0066_0033_0061_0061.jpg 1 66 33 61 61
0856_0027_0107_0029_0029.jpg 1 27 107 29 29
0857_0050_0031_0032_0032.jpg 1 50 31 32 32
0858_0033_0016_0071_0071.jpg 1 33 16 71 71
0859_0046_0035_0047_0047.jpg 1 46 35 47 47
0860_0044_0054_0084_0084.jpg 1 44 54 84 84
0861_0079_0089_0043_0043.jpg 1 79 89 43 43
0862_0009_0039_0099_0099.jpg 1 9 39 99 99
0863_0068_0076_0058_0058.jpg 1 68 76 58 58
0864_0038_0019_0056_0056.jpg 1 38 19 56 56
0865_0079_0044_0033_0033.jpg 1 79 44 33 33
0866_0029_0050_0078_0078.jpg 1 29 50 78 78
0867_0056_0046_0062_0062.jpg 1 56 46 62 62
0868_0040_0059_0073_0073.jpg 1 40 59 73 73
0869_0009_0029_0102_0102.jpg 1 9 29 102 102
0870_0031_0053_0076_0076.jpg 1 31 53 76 76
0871_0085_0027_0041_0041.jpg 1 85 27 41 41
0872_0026_0026_0032_0032.jpg 1 26 26 32 32
0873_0091_0085_0045_0045.jpg 1 91 85 45 45
0874_0072_0054_0049_0049.jpg 1 72 54 49 49
0875_0054_0065_0069_0069.jpg 1 54 65 69 69
0876_0059_0069_0050_0050.jpg 1 59 69 50 50
0877_0029_0009_0068_0068.jpg 1 29 9 68 68
0878_0068_0051_0069_0069.jpg 1 68 51 69 69
0879_0013_0045_0051_0051.jpg 1 13 45 51 51
0880_0072_0029_0054_0054.jpg 1 72 29 54 54
0881_0039_0059_0040_0040.jpg 1 39 59 40 40
0882_0036_0036_0094_0094.jpg 1 36 36 94 94
0883_0020_0016_0094_0094.jpg 1 20 16 94 94
0884_0083_0032_0044_0044.jpg 1 83 32 44 44
0885_0081_0105_0030_0030.jpg 1 81 105 30 30
0886_0058_0059_0060_0060.jpg 1 58 59 60 60
0887_0040_0030_0033_0033.jpg 1 40 30 33 33
0888_0036_0020_0103_0103.jpg 1 36 20 103 103
0889_0080_0074_0060_0060.jpg 1 80 74 60 60
0890_0043_0035_0068_0068.jpg 1 43 35 68 68
0891_0039_0030_0027_0027.jpg 1 39 30 27 27
0892_0053_0021_0081_0081.jpg 1 53 21 81 81
0893_0024_0095_0030_0030.jpg 1 24 95 30 30
0894_0026_0024_0082_0082.jpg 1 26 24 82 82
0895_0062_0082_0055_0055.jpg 1 62 82 55 55
0896_0044_0025_0076_0076.jpg 1 44 25 76 76
0897_0067_0071_0038_0038.jpg 1 67 71 38 38
0898_0053_0040_0026_0026.jpg 1 53 40 26 26
0899_0047_0050_0076_0076.jpg 1 47 50 76 76
0900_0062_0064_0077_0077.jpg 1 62 64 77 77
0901_0030_0018_0054_0054.jpg 1 30 18 54 54
0902_0012_0046_0077_0077.jpg 1 12 46 77 77
0903_0037_0018_0099_0099.jpg 1 37 18 99 99
0904_0068_0056_0073_0073.jpg 1 68 56 73 73
0905_0015_0033_0096_0096.jpg 1 15 33 96 96
0906_0012_0041_0097_0097.jpg 1 12 41 97 97
0907_0023_0036_0045_0045.jpg 1 23 36 45 45
0908_0070_0059_0064_0064.jpg 1 70 59 64 64
0909_0088_0088_0051_0051.jpg 1 88 88 51 51
0910_0028_0035_0061_0061.jpg 1 28 35 61 61
0911_0056_0051_0059_0059.jpg 1 56 51 59 59
0912_0053_0033_0086_0086.jpg 1 53 33 86 86
0913_0015_0083_0046_0046.jpg 1 15 83 46 46
0914_0040_0037_0085_0085.jpg 1 40 37 85 85
0915_0068_0049_0064_0064.jpg 1 68 49 64 64
0916_0028_0027_0066_0066.jpg 1 28 27 66 66
0917_0026_0083_0038_0038.jpg 1 26 83 38 38
0918_0016_0007_0081_0081.jpg 1 16 7 81 81
0919_0059_0069_0064_0064.jpg 1 59 69 64 64
0920_0011_0030_0104_0104.jpg 1 11 30 104 104
0921_0080_0085_0038_0038.jpg 1 80 85 38 38
0922_0012_0024_0099_0099.jpg 1 12 24 99 99
0923_0033_0010_0091_0091.jpg 1 33 10 91 91
0924_0055_0038_0088_0088.jpg 1 55 38 88 88
0925_0037_0021_0070_0070.jpg 1 37 21 70 70
0926_0061_0027_0072_0072.jpg 1 61 27 72 72
0927_0026_0035_0087_0087.jpg 1 26 35 87 87
0928_0018_0009_0103_0103.jpg 1 18 9 103 103
0929_0028_0041_0090_0090.jpg 1 28 41 90 90
0930_0028_0020_0095_0095.jpg 1 28 20 95 95
0931_0036_0027_0102_0102.jpg 1 36 27 102 102
0932_0014_0023_0031_0031.jpg 1 14 23 31 31
0933_0049_0017_0076_0076.jpg 1 49 17 76 76
0934_0019_0071_0043_0043.jpg 1 19 71 43 43
0935_0052_0067_0035_0035.jpg 1 52 67 35 35
0936_0094_0035_0032_0032.jpg 1 94 35 32 32
0937_0051_0045_0093_0093.jpg 1 51 45 93 93
0938_0046_0047_0074_0074.jpg 1 46 47 74 74
0939_0043_0033_0099_0099.jpg 1 43 33 99 99
0940_0056_0067_0074_0074.jpg 1 56 67 74 74
0941_0034_0065_0052_0052.jpg 1 34 65 52 52
0942_0016_0041_0100_0100.jpg 1 16 41 100 100
0943_0076_0023_0059_0059.jpg 1 76 23 59 59
0944_0037_0076_0049_0049.jpg 1 37 76 49 49
0945_0065_0041_0053_0053.jpg 1 65 41 53 53
0946_0074_0018_0047_0047.jpg 1 74 18 47 47
0947_0060_0031_0053_0053.jpg 1 60 31 53 53
0948_0010_0013_0076_0076.jpg 1 10 13 76 76
0949_0060_0013_0065_0065.jpg 1 60 13 65 65
0950_0036_0075_0055_0055.jpg 1 36 75 55 55
0951_0033_0017_0097_0097.jpg 1 33 17 97 97
0952_0023_0071_0060_0060.jpg 1 23 71 60 60
0953_0020_0106_0027_0027.jpg 1 20 106 27 27
0954_0025_0060_0068_0068.jpg 1 25 60 68 68
0955_0018_0030_0032_0032.jpg 1 18 30 32 32
0956_0005_0031_0101_0101.jpg 1 5 31 101 101
0957_0076_0013_0026_0026.jpg 1 76 13 26 26
0958_0013_0049_0087_0087.jpg 1 13 49 87 87
0959_0039_0052_0078_0078.jpg 1 39 52 78 78
0960_0029_0054_0031_0031.jpg 1 29 54 31 31
0961_0028_0056_0069_0069.jpg 1 28 56 69 69
0962_0020_0027_0097_0097.jpg 1 20 27 97 97
0963_0023_0052_0073_0073.jpg 1 23 52 73 73
0964_0060_0053_0070_0070.jpg 1 60 53 70 70
0965_0034_0008_0087_0087.jpg 1 34 8 87 87
0966_0057_0058_0080_0080.jpg 1 57 58 80 80
0967_0010_0041_0079_0079.jpg 1 10 41 79 79
0968_0014_0035_0099_0099.jpg 1 14 35 99 99
0969_0035_0073_0055_0055.jpg 1 35 73 55 55
0970_0061_0050_0076_0076.jpg 1 61 50 76 76
0971_0038_0030_0083_0083.jpg 1 38 30 83 83
0972_0097_0072_0025_0025.jpg 1 97 72 25 25
0973_0011_0032_0080_0080.jpg 1 11 32 80 80
0974_0018_0031_0099_0099.jpg 1 18 31 99 99
0975_0014_0019_0065_0065.jpg 1 14 19 65 65
0976_0088_0052_0030_0030.jpg 1 88 52 30 30
0977_0056_0068_0032_0032.jpg 1 56 68 32 32
0978_0016_0051_0078_0078.jpg 1 16 51 78 78
0979_0024_0020_0059_0059.jpg 1 24 20 59 59
0980_0041_0035_0050_0050.jpg 1 41 35 50 50
0981_0100_0025_0025_0025.jpg 1 100 25 25 25
0982_0016_0035_0090_0090.jpg 1 16 35 90 90
0983_0045_0026_0036_0036.jpg 1 45 26 36 36
0984_0090_0046_0027_0027.jpg 1 90 46 27 27
0985_0032_0039_0055_0055.jpg 1 32 39 55 55
0986_0055_0042_0067_0067.jpg 1 55 42 67 67
0987_0065_0036_0064_0064.jpg 1 65 36 64 64
0988_0020_0095_0043_0043.jpg 1 20 95 43 43
0989_0050_0052_0089_0089.jpg 1 50 52 89 89
0990_0036_0031_0099_0099.jpg 1 36 31 99 99
0991_0022_0035_0098_0098.jpg 1 22 35 98 98
0992_0008_0047_0086_0086.jpg 1 8 47 86 86
0993_0023_0010_0053_0053.jpg 1 23 10 53 53
0994_0029_0009_0087_0087.jpg 1 29 9 87 87
0995_0037_0045_0025_0025.jpg 1 37 45 25 25
0996_0018_0072_0066_0066.jpg 1 18 72 66 66
0997_0027_0033_0051_0051.jpg 1 27 33 51 51
0998_0058_0054_0061_0061.jpg 1 58 54 61 61
0999_0023_0021_0066_0066.jpg 1 23 21 66 66
1000_0098_0063_0031_0031.jpg 1 98 63 31 31
1001_0031_0037_0079_0079.jpg 1 31 37 79 79
1002_0033_0038_0067_0067.jpg 1 33 38 67 67
1003_0090_0087_0038_0038.jpg 1 90 87 38 38
1004_0044_0050_0091_0091.jpg 1 44 50 91 91
1005_0048_0010_0078_0078.jpg 1 48 10 78 78
1006_0007_0024_0100_0100.jpg 1 7 24 100 100
1007_0039_0054_0034_0034.jpg 1 39 54 34 34
1008_0011_0064_0049_0049.jpg 1 11 64 49 49
1009_0010_0068_0067_0067.jpg 1 10 68 67 67
1010_0012_0017_0079_0079.jpg 1 12 17 79 79
1011_0053_0080_0024_0024.jpg 1 53 80 24 24
1012_0062_0044_0076_0076.jpg 1 62 44 76 76
1013_0039_0059_0061_0061.jpg 1 39 59 61 61
1014_0044_0029_0071_0071.jpg 1 44 29 71 71
1015_0064_0069_0052_0052.jpg 1 64 69 52 52
1016_0019_0059_0036_0036.jpg 1 19 59 36 36
1017_0031_0048_0035_0035.jpg 1 31 48 35 35
1018_0030_0095_0033_0033.jpg 1 30 95 33 33
1019_0067_0024_0047_0047.jpg 1 67 24 47 47
1020_0055_0057_0084_0084.jpg 1 55 57 84 84
1021_0044_0025_0044_0044.jpg 1 44 25 44 44
1022_0080_0038_0059_0059.jpg 1 80 38 59 59
1023_0026_0053_0061_0061.jpg 1 26 53 61 61
1024_0021_0021_0083_0083.jpg 1 21 21 83 83
1025_0101_0087_0036_0036.jpg 1 101 87 36 36
1026_0075_0024_0056_0056.jpg 1 75 24 56 56
1027_0009_0018_0091_0091.jpg 1 9 18 91 91
1028_0101_0082_0033_0033.jpg 1 101 82 33 33
1029_0109_0074_0028_0028.jpg 1 109 74 28 28
1030_0012_0032_0034_0034.jpg 1 12 32 34 34
1031_0022_0021_0061_0061.jpg 1 22 21 61 61
1032_0044_0087_0049_0049.jpg 1 44 87 49 49
1033_0011_0016_0104_0104.jpg 1 11 16 104 104
1034_0067_0023_0047_0047.jpg 1 67 23 47 47
1035_0041_0021_0092_0092.jpg 1 41 21 92 92
1036_0016_0038_0056_0056.jpg 1 16 38 56 56
1037_0032_0067_0074_0074.jpg 1 32 67 74 74
1038_0016_0069_0029_0029.jpg 1 16 69 29 29
1039_0020_0011_0043_0043.jpg 1 20 11 43 43
1040_0073_0065_0066_0066.jpg 1 73 65 66 66
