0001_0094_0096_0040_0040.jpg 1 94 96 40 40
0002_0009_0035_0065_0065.jpg 1 9 35 65 65
0003_0031_0062_0025_0025.jpg 1 31 62 25 25
0004_0038_0029_0078_0078.jpg 1 38 29 78 78
0005_0012_0044_0099_0099.jpg 1 12 44 99 99
0006_0035_0065_0074_0074.jpg 1 35 65 74 74
0007_0021_0070_0058_0058.jpg 1 21 70 58 58
0008_0080_0087_0048_0048.jpg 1 80 87 48 48
0009_0035_0024_0078_0078.jpg 1 35 24 78 78
0010_0098_0085_0031_0031.jpg 1 98 85 31 31
0011_0040_0032_0094_0094.jpg 1 40 32 94 94
0012_0042_0027_0097_0097.jpg 1 42 27 97 97
0013_0066_0049_0051_0051.jpg 1 66 49 51 51
0014_0006_0054_0086_0086.jpg 1 6 54 86 86
0015_0037_0047_0085_0085.jpg 1 37 47 85 85
0016_0046_0087_0033_0033.jpg 1 46 87 33 33
0017_0021_0052_0052_0052.jpg 1 21 52 52 52
0018_0028_0030_0090_0090.jpg 1 28 30 90 90
0019_0033_0036_0103_0103.jpg 1 33 36 103 103
0020_0040_0019_0083_0083.jpg 1 40 19 83 83
0021_0038_0036_0055_0055.jpg 1 38 36 55 55
0022_0007_0043_0092_0092.jpg 1 7 43 92 92
0023_0048_0043_0079_0079.jpg 1 48 43 79 79
0024_0029_0037_0040_0040.jpg 1 29 37 40 40
0025_0038_0006_0095_0095.jpg 1 38 6 95 95
0026_0018_0023_0074_0074.jpg 1 18 23 74 74
0027_0008_0027_0102_0102.jpg 1 8 27 102 102
0028_0072_0053_0063_0063.jpg 1 72 53 63 63
0029_0022_0015_0070_0070.jpg 1 22 15 70 70
0030_0086_0063_0031_0031.jpg 1 86 63 31 31
0031_0034_0029_0102_0102.jpg 1 34 29 102 102
0032_0064_0021_0055_0055.jpg 1 64 21 55 55
0033_0013_0027_0090_0090.jpg 1 13 27 90 90
0034_0095_0055_0025_0025.jpg 1 95 55 25 25
0035_0050_0068_0038_0038.jpg 1 50 68 38 38
0036_0028_0057_0080_0080.jpg 1 28 57 80 80
0037_0033_0041_0062_0062.jpg 1 33 41 62 62
0038_0041_0038_0068_0068.jpg 1 41 38 68 68
0039_0018_0042_0096_0096.jpg 1 18 42 96 96
0040_0084_0042_0056_0056.jpg 1 84 42 56 56
0041_0057_0074_0057_0057.jpg 1 57 74 57 57
0042_0039_0027_0078_0078.jpg 1 39 27 78 78
0043_0090_0073_0039_0039.jpg 1 90 73 39 39
0044_0073_0073_0052_0052.jpg 1 73 73 52 52
0045_0075_0074_0049_0049.jpg 1 75 74 49 49
0046_0017_0041_0051_0051.jpg 1 17 41 51 51
0047_0033_0022_0090_0090.jpg 1 33 22 90 90
0048_0072_0038_0033_0033.jpg 1 72 38 33 33
0049_0040_0092_0044_0044.jpg 1 40 92 44 44
0050_0055_0036_0067_0067.jpg 1 55 36 67 67
0051_0067_0066_0067_0067.jpg 1 67 66 67 67
0052_0017_0055_0073_0073.jpg 1 17 55 73 73
0053_0029_0028_0104_0104.jpg 1 29 28 104 104
0054_0038_0018_0081_0081.jpg 1 38 18 81 81
0055_0027_0033_0102_0102.jpg 1 27 33 102 102
0056_0051_0038_0086_0086.jpg 1 51 38 86 86
0057_0023_0038_0093_0093.jpg 1 23 38 93 93
0058_0030_0033_0093_0093.jpg 1 30 33 93 93
0059_0052_0023_0069_0069.jpg 1 52 23 69 69
0060_0014_0019_0095_0095.jpg 1 14 19 95 95
0061_0032_0011_0072_0072.jpg 1 32 11 72 72
0062_0022_0013_0048_0048.jpg 1 22 13 48 48
0063_0063_0104_0033_0033.jpg 1 63 104 33 33
0064_0059_0037_0055_0055.jpg 1 59 37 55 55
0065_0031_0048_0081_0081.jpg 1 31 48 81 81
0066_0082_0086_0045_0045.jpg 1 82 86 45 45
0067_0078_0070_0053_0053.jpg 1 78 70 53 53
0068_0015_0092_0024_0024.jpg 1 15 92 24 24
0069_0015_0020_0086_0086.jpg 1 15 20 86 86
0070_0053_0081_0041_0041.jpg 1 53 81 41 41
0071_0048_0007_0083_0083.jpg 1 48 7 83 83
0072_0043_0070_0055_0055.jpg 1 43 70 55 55
0073_0044_0043_0031_0031.jpg 1 44 43 31 31
0074_0052_0072_0050_0050.jpg 1 52 72 50 50
0075_0051_0008_0082_0082.jpg 1 51 8 82 82
0076_0029_0060_0035_0035.jpg 1 29 60 35 35
0077_0016_0075_0040_0040.jpg 1 16 75 40 40
0078_0016_0062_0077_0077.jpg 1 16 62 77 77
0079_0017_0013_0092_0092.jpg 1 17 13 92 92
0080_0028_0030_0084_0084.jpg 1 28 30 84 84
0081_0010_0021_0096_0096.jpg 1 10 21 96 96
0082_0076_0010_0059_0059.jpg 1 76 10 59 59
0083_0044_0026_0093_0093.jpg 1 44 26 93 93
0084_0034_0024_0072_0072.jpg 1 34 24 72 72
0085_0008_0046_0092_0092.jpg 1 8 46 92 92
0086_0027_0071_0064_0064.jpg 1 27 71 64 64
0087_0037_0011_0101_0101.jpg 1 37 11 101 101
0088_0033_0021_0096_0096.jpg 1 33 21 96 96
0089_0041_0029_0064_0064.jpg 1 41 29 64 64
0090_0054_0106_0031_0031.jpg 1 54 106 31 31
0091_0077_0068_0060_0060.jpg 1 77 68 60 60
0092_0069_0044_0057_0057.jpg 1 69 44 57 57
0093_0012_0014_0059_0059.jpg 1 12 14 59 59
0094_0026_0025_0037_0037.jpg 1 26 25 37 37
0095_0066_0057_0067_0067.jpg 1 66 57 67 67
0096_0012_0010_0069_0069.jpg 1 12 10 69 69
0097_0029_0019_0073_0073.jpg 1 29 19 73 73
0098_0047_0045_0089_0089.jpg 1 47 45 89 89
0099_0057_0013_0081_0081.jpg 1 57 13 81 81
0100_0086_0042_0025_0025.jpg 1 86 42 25 25
0101_0017_0059_0073_0073.jpg 1 17 59 73 73
0102_0073_0069_0059_0059.jpg 1 73 69 59 59
0103_0071_0023_0070_0070.jpg 1 71 23 70 70
0104_0015_0060_0044_0044.jpg 1 15 60 44 44
0105_0030_0078_0059_0059.jpg 1 30 78 59 59
0106_0107_0043_0024_0024.jpg 1 107 43 24 24
0107_0037_0018_0102_0102.jpg 1 37 18 102 102
0108_0035_0037_0029_0029.jpg 1 35 37 29 29
0109_0082_0016_0031_0031.jpg 1 82 16 31 31
0110_0078_0076_0051_0051.jpg 1 78 76 51 51
0111_0048_0047_0073_0073.jpg 1 48 47 73 73
0112_0080_0017_0052_0052.jpg 1 80 17 52 52
0113_0021_0039_0101_0101.jpg 1 21 39 101 101
0114_0066_0065_0064_0064.jpg 1 66 65 64 64
0115_0015_0037_0063_0063.jpg 1 15 37 63 63
0116_0011_0039_0064_0064.jpg 1 11 39 64 64
0117_0006_0040_0101_0101.jpg 1 6 40 101 101
0118_0009_0027_0073_0073.jpg 1 9 27 73 73
0119_0034_0011_0080_0080.jpg 1 34 11 80 80
0120_0045_0039_0090_0090.jpg 1 45 39 90 90
0121_0050_0054_0070_0070.jpg 1 50 54 70 70
0122_0051_0038_0082_0082.jpg 1 51 38 82 82
0123_0018_0087_0042_0042.jpg 1 18 87 42 42
0124_0014_0052_0074_0074.jpg 1 14 52 74 74
0125_0064_0075_0060_0060.jpg 1 64 75 60 60
0126_0043_0022_0060_0060.jpg 1 43 22 60 60
0127_0069_0063_0062_0062.jpg 1 69 63 62 62
0128_0077_0104_0024_0024.jpg 1 77 104 24 24
0129_0017_0094_0036_0036.jpg 1 17 94 36 36
0130_0009_0006_0086_0086.jpg 1 9 6 86 86
0131_0011_0029_0081_0081.jpg 1 11 29 81 81
0132_0055_0011_0049_0049.jpg 1 55 11 49 49
0133_0015_0091_0029_0029.jpg 1 15 91 29 29
0134_0039_0070_0028_0028.jpg 1 39 70 28 28
0135_0008_0009_0093_0093.jpg 1 8 9 93 93
0136_0060_0025_0031_0031.jpg 1 60 25 31 31
0137_0034_0014_0042_0042.jpg 1 34 14 42 42
0138_0014_0021_0099_0099.jpg 1 14 21 99 99
0139_0060_0057_0080_0080.jpg 1 60 57 80 80
0140_0021_0026_0089_0089.jpg 1 21 26 89 89
0141_0040_0017_0103_0103.jpg 1 40 17 103 103
0142_0060_0058_0081_0081.jpg 1 60 58 81 81
0143_0079_0049_0032_0032.jpg 1 79 49 32 32
0144_0023_0054_0087_0087.jpg 1 23 54 87 87
0145_0016_0036_0064_0064.jpg 1 16 36 64 64
0146_0014_0020_0091_0091.jpg 1 14 20 91 91
0147_0039_0017_0102_0102.jpg 1 39 17 102 102
0148_0051_0017_0059_0059.jpg 1 51 17 59 59
0149_0044_0047_0086_0086.jpg 1 44 47 86 86
0150_0080_0031_0040_0040.jpg 1 80 31 40 40
0151_0070_0017_0053_0053.jpg 1 70 17 53 53
0152_0027_0060_0053_0053.jpg 1 27 60 53 53
0153_0049_0032_0037_0037.jpg 1 49 32 37 37
0154_0011_0068_0049_0049.jpg 1 11 68 49 49
0155_0011_0033_0053_0053.jpg 1 11 33 53 53
0156_0029_0019_0036_0036.jpg 1 29 19 36 36
0157_0024_0029_0084_0084.jpg 1 24 29 84 84
0158_0015_0019_0056_0056.jpg 1 15 19 56 56
0159_0021_0039_0076_0076.jpg 1 21 39 76 76
0160_0056_0090_0048_0048.jpg 1 56 90 48 48
0161_0047_0040_0096_0096.jpg 1 47 40 96 96
0162_0041_0090_0033_0033.jpg 1 41 90 33 33
0163_0073_0092_0045_0045.jpg 1 73 92 45 45
0164_0092_0054_0025_0025.jpg 1 92 54 25 25
0165_0067_0039_0026_0026.jpg 1 67 39 26 26
0166_0053_0097_0036_0036.jpg 1 53 97 36 36
0167_0051_0062_0025_0025.jpg 1 51 62 25 25
0168_0016_0010_0046_0046.jpg 1 16 10 46 46
0169_0050_0037_0079_0079.jpg 1 50 37 79 79
0170_0056_0040_0058_0058.jpg 1 56 40 58 58
0171_0035_0062_0067_0067.jpg 1 35 62 67 67
0172_0023_0081_0058_0058.jpg 1 23 81 58 58
0173_0016_0068_0066_0066.jpg 1 16 68 66 66
0174_0046_0018_0089_0089.jpg 1 46 18 89 89
0175_0014_0033_0065_0065.jpg 1 14 33 65 65
0176_0037_0045_0063_0063.jpg 1 37 45 63 63
0177_0006_0051_0089_0089.jpg 1 6 51 89 89
0178_0052_0026_0069_0069.jpg 1 52 26 69 69
0179_0070_0014_0028_0028.jpg 1 70 14 28 28
0180_0010_0072_0064_0064.jpg 1 10 72 64 64
0181_0032_0021_0098_0098.jpg 1 32 21 98 98
0182_0075_0020_0046_0046.jpg 1 75 20 46 46
0183_0005_0019_0101_0101.jpg 1 5 19 101 101
0184_0037_0040_0099_0099.jpg 1 37 40 99 99
0185_0051_0048_0053_0053.jpg 1 51 48 53 53
0186_0036_0033_0095_0095.jpg 1 36 33 95 95
0187_0044_0035_0101_0101.jpg 1 44 35 101 101
0188_0027_0041_0085_0085.jpg 1 27 41 85 85
0189_0019_0041_0093_0093.jpg 1 19 41 93 93
0190_0026_0023_0082_0082.jpg 1 26 23 82 82
0191_0014_0067_0063_0063.jpg 1 14 67 63 63
0192_0052_0022_0088_0088.jpg 1 52 22 88 88
0193_0064_0085_0049_0049.jpg 1 64 85 49 49
0194_0081_0067_0057_0057.jpg 1 81 67 57 57
0195_0072_0033_0066_0066.jpg 1 72 33 66 66
0196_0025_0064_0076_0076.jpg 1 25 64 76 76
0197_0080_0042_0034_0034.jpg 1 80 42 34 34
0198_0087_0075_0031_0031.jpg 1 87 75 31 31
0199_0060_0009_0078_0078.jpg 1 60 9 78 78
0200_0099_0018_0033_0033.jpg 1 99 18 33 33
0201_0039_0043_0096_0096.jpg 1 39 43 96 96
0202_0065_0032_0068_0068.jpg 1 65 32 68 68
0203_0035_0052_0070_0070.jpg 1 35 52 70 70
0204_0017_0044_0032_0032.jpg 1 17 44 32 32
0205_0031_0075_0034_0034.jpg 1 31 75 34 34
0206_0025_0069_0067_0067.jpg 1 25 69 67 67
0207_0056_0040_0056_0056.jpg 1 56 40 56 56
0208_0027_0074_0041_0041.jpg 1 27 74 41 41
0209_0049_0020_0059_0059.jpg 1 49 20 59 59
0210_0035_0067_0044_0044.jpg 1 35 67 44 44
0211_0039_0045_0074_0074.jpg 1 39 45 74 74
0212_0067_0064_0068_0068.jpg 1 67 64 68 68
0213_0029_0027_0064_0064.jpg 1 29 27 64 64
0214_0027_0093_0031_0031.jpg 1 27 93 31 31
0215_0036_0031_0091_0091.jpg 1 36 31 91 91
0216_0028_0015_0101_0101.jpg 1 28 15 101 101
0217_0066_0044_0068_0068.jpg 1 66 44 68 68
0218_0074_0027_0039_0039.jpg 1 74 27 39 39
0219_0016_0025_0033_0033.jpg 1 16 25 33 33
0220_0068_0059_0061_0061.jpg 1 68 59 61 61
0221_0038_0009_0100_0100.jpg 1 38 9 100 100
0222_0032_0049_0055_0055.jpg 1 32 49 55 55
0223_0042_0031_0072_0072.jpg 1 42 31 72 72
0224_0071_0062_0038_0038.jpg 1 71 62 38 38
0225_0028_0032_0045_0045.jpg 1 28 32 45 45
0226_0053_0014_0049_0049.jpg 1 53 14 49 49
0227_0032_0008_0102_0102.jpg 1 32 8 102 102
0228_0031_0060_0029_0029.jpg 1 31 60 29 29
0229_0040_0071_0062_0062.jpg 1 40 71 62 62
0230_0081_0065_0050_0050.jpg 1 81 65 50 50
0231_0009_0033_0067_0067.jpg 1 9 33 67 67
0232_0046_0062_0061_0061.jpg 1 46 62 61 61
0233_0043_0016_0065_0065.jpg 1 43 16 65 65
0234_0031_0020_0038_0038.jpg 1 31 20 38 38
0235_0016_0018_0059_0059.jpg 1 16 18 59 59
0236_0031_0051_0049_0049.jpg 1 31 51 49 49
0237_0038_0020_0076_0076.jpg 1 38 20 76 76
0238_0024_0041_0034_0034.jpg 1 24 41 34 34
0239_0045_0069_0051_0051.jpg 1 45 69 51 51
0240_0012_0011_0073_0073.jpg 1 12 11 73 73
0241_0026_0026_0104_0104.jpg 1 26 26 104 104
0242_0045_0040_0079_0079.jpg 1 45 40 79 79
0243_0022_0052_0032_0032.jpg 1 22 52 32 32
0244_0016_0038_0100_0100.jpg 1 16 38 100 100
0245_0021_0046_0045_0045.jpg 1 21 46 45 45
0246_0021_0008_0074_0074.jpg 1 21 8 74 74
0247_0034_0020_0094_0094.jpg 1 34 20 94 94
0248_0023_0024_0086_0086.jpg 1 23 24 86 86
0249_0021_0009_0055_0055.jpg 1 21 9 55 55
0250_0072_0027_0045_0045.jpg 1 72 27 45 45
0251_0015_0053_0079_0079.jpg 1 15 53 79 79
0252_0017_0017_0101_0101.jpg 1 17 17 101 101
0253_0050_0020_0069_0069.jpg 1 50 20 69 69
0254_0029_0018_0078_0078.jpg 1 29 18 78 78
0255_0040_0015_0073_0073.jpg 1 40 15 73 73
0256_0058_0044_0069_0069.jpg 1 58 44 69 69
0257_0037_0038_0078_0078.jpg 1 37 38 78 78
0258_0014_0020_0087_0087.jpg 1 14 20 87 87
0259_0064_0082_0052_0052.jpg 1 64 82 52 52
0260_0017_0037_0101_0101.jpg 1 17 37 101 101
0261_0060_0043_0052_0052.jpg 1 60 43 52 52
0262_0018_0101_0037_0037.jpg 1 18 101 37 37
0263_0078_0069_0037_0037.jpg 1 78 69 37 37
0264_0064_0007_0074_0074.jpg 1 64 7 74 74
0265_0031_0031_0067_0067.jpg 1 31 31 67 67
0266_0050_0034_0078_0078.jpg 1 50 34 78 78
0267_0059_0046_0070_0070.jpg 1 59 46 70 70
0268_0048_0020_0082_0082.jpg 1 48 20 82 82
0269_0057_0035_0078_0078.jpg 1 57 35 78 78
0270_0033_0083_0029_0029.jpg 1 33 83 29 29
0271_0014_0032_0104_0104.jpg 1 14 32 104 104
0272_0020_0039_0042_0042.jpg 1 20 39 42 42
0273_0012_0011_0101_0101.jpg 1 12 11 101 101
0274_0048_0055_0088_0088.jpg 1 48 55 88 88
0275_0014_0047_0071_0071.jpg 1 14 47 71 71
0276_0044_0029_0073_0073.jpg 1 44 29 73 73
0277_0011_0048_0090_0090.jpg 1 11 48 90 90
0278_0036_0057_0028_0028.jpg 1 36 57 28 28
0279_0066_0008_0072_0072.jpg 1 66 8 72 72
0280_0064_0094_0043_0043.jpg 1 64 94 43 43
0281_0097_0016_0037_0037.jpg 1 97 16 37 37
0282_0038_0015_0093_0093.jpg 1 38 15 93 93
0283_0011_0017_0073_0073.jpg 1 11 17 73 73
0284_0019_0032_0046_0046.jpg 1 19 32 46 46
0285_0033_0030_0059_0059.jpg 1 33 30 59 59
0286_0016_0011_0093_0093.jpg 1 16 11 93 93
0287_0043_0039_0061_0061.jpg 1 43 39 61 61
0288_0073_0067_0066_0066.jpg 1 73 67 66 66
0289_0048_0008_0087_0087.jpg 1 48 8 87 87
0290_0035_0037_0048_0048.jpg 1 35 37 48 48
0291_0031_0078_0060_0060.jpg 1 31 78 60 60
0292_0029_0040_0081_0081.jpg 1 29 40 81 81
0293_0102_0045_0028_0028.jpg 1 102 45 28 28
0294_0016_0007_0075_0075.jpg 1 16 7 75 75
0295_0040_0026_0092_0092.jpg 1 40 26 92 92
0296_0017_0069_0037_0037.jpg 1 17 69 37 37
0297_0024_0031_0100_0100.jpg 1 24 31 100 100
0298_0079_0033_0050_0050.jpg 1 79 33 50 50
0299_0081_0038_0045_0045.jpg 1 81 38 45 45
0300_0048_0009_0089_0089.jpg 1 48 9 89 89
0301_0021_0064_0075_0075.jpg 1 21 64 75 75
0302_0051_0028_0088_0088.jpg 1 51 28 88 88
0303_0031_0086_0051_0051.jpg 1 31 86 51 51
0304_0059_0091_0040_0040.jpg 1 59 91 40 40
0305_0040_0047_0032_0032.jpg 1 40 47 32 32
0306_0049_0051_0084_0084.jpg 1 49 51 84 84
0307_0049_0089_0029_0029.jpg 1 49 89 29 29
0308_0066_0041_0040_0040.jpg 1 66 41 40 40
0309_0021_0036_0052_0052.jpg 1 21 36 52 52
0310_0035_0007_0092_0092.jpg 1 35 7 92 92
0311_0107_0036_0024_0024.jpg 1 107 36 24 24
0312_0048_0091_0025_0025.jpg 1 48 91 25 25
0313_0028_0052_0071_0071.jpg 1 28 52 71 71
0314_0031_0089_0047_0047.jpg 1 31 89 47 47
0315_0066_0067_0043_0043.jpg 1 66 67 43 43
0316_0089_0090_0025_0025.jpg 1 89 90 25 25
0317_0027_0069_0030_0030.jpg 1 27 69 30 30
0318_0056_0076_0048_0048.jpg 1 56 76 48 48
0319_0026_0045_0036_0036.jpg 1 26 45 36 36
0320_0062_0030_0035_0035.jpg 1 62 30 35 35
0321_0024_0080_0056_0056.jpg 1 24 80 56 56
0322_0010_0014_0101_0101.jpg 1 10 14 101 101
0323_0049_0045_0092_0092.jpg 1 49 45 92 92
0324_0041_0080_0039_0039.jpg 1 41 80 39 39
0325_0028_0072_0064_0064.jpg 1 28 72 64 64
0326_0022_0056_0029_0029.jpg 1 22 56 29 29
0327_0014_0070_0069_0069.jpg 1 14 70 69 69
0328_0073_0032_0048_0048.jpg 1 73 32 48 48
0329_0018_0029_0091_0091.jpg 1 18 29 91 91
0330_0023_0015_0082_0082.jpg 1 23 15 82 82
0331_0021_0061_0047_0047.jpg 1 21 61 47 47
0332_0039_0078_0056_0056.jpg 1 39 78 56 56
0333_0026_0047_0054_0054.jpg 1 26 47 54 54
0334_0075_0079_0041_0041.jpg 1 75 79 41 41
0335_0077_0042_0059_0059.jpg 1 77 42 59 59
0336_0045_0039_0076_0076.jpg 1 45 39 76 76
0337_0015_0048_0051_0051.jpg 1 15 48 51 51
0338_0029_0080_0043_0043.jpg 1 29 80 43 43
0339_0015_0057_0057_0057.jpg 1 15 57 57 57
0340_0097_0073_0038_0038.jpg 1 97 73 38 38
0341_0012_0052_0071_0071.jpg 1 12 52 71 71
0342_0029_0079_0032_0032.jpg 1 29 79 32 32
0343_0076_0027_0044_0044.jpg 1 76 27 44 44
0344_0041_0017_0055_0055.jpg 1 41 17 55 55
0345_0101_0027_0034_0034.jpg 1 101 27 34 34
0346_0044_0042_0078_0078.jpg 1 44 42 78 78
0347_0021_0105_0026_0026.jpg 1 21 105 26 26
0348_0062_0049_0068_0068.jpg 1 62 49 68 68
0349_0036_0035_0095_0095.jpg 1 36 35 95 95
0350_0054_0075_0049_0049.jpg 1 54 75 49 49
0351_0028_0035_0088_0088.jpg 1 28 35 88 88
0352_0017_0036_0068_0068.jpg 1 17 36 68 68
0353_0028_0007_0103_0103.jpg 1 28 7 103 103
0354_0056_0032_0082_0082.jpg 1 56 32 82 82
0355_0041_0058_0075_0075.jpg 1 41 58 75 75
0356_0106_0014_0024_0024.jpg 1 106 14 24 24
0357_0068_0100_0027_0027.jpg 1 68 100 27 27
0358_0051_0041_0086_0086.jpg 1 51 41 86 86
0359_0083_0080_0054_0054.jpg 1 83 80 54 54
0360_0016_0027_0095_0095.jpg 1 16 27 95 95
0361_0093_0018_0033_0033.jpg 1 93 18 33 33
0362_0022_0029_0090_0090.jpg 1 22 29 90 90
0363_0093_0092_0043_0043.jpg 1 93 92 43 43
0364_0040_0051_0056_0056.jpg 1 40 51 56 56
0365_0056_0014_0062_0062.jpg 1 56 14 62 62
0366_0018_0057_0075_0075.jpg 1 18 57 75 75
0367_0059_0039_0048_0048.jpg 1 59 39 48 48
0368_0073_0051_0054_0054.jpg 1 73 51 54 54
0369_0063_0052_0070_0070.jpg 1 63 52 70 70
0370_0076_0078_0046_0046.jpg 1 76 78 46 46
0371_0066_0032_0029_0029.jpg 1 66 32 29 29
0372_0034_0017_0104_0104.jpg 1 34 17 104 104
0373_0009_0055_0070_0070.jpg 1 9 55 70 70
0374_0037_0051_0087_0087.jpg 1 37 51 87 87
0375_0058_0023_0077_0077.jpg 1 58 23 77 77
0376_0026_0029_0037_0037.jpg 1 26 29 37 37
0377_0028_0042_0038_0038.jpg 1 28 42 38 38
0378_0072_0072_0043_0043.jpg 1 72 72 43 43
0379_0035_0029_0069_0069.jpg 1 35 29 69 69
0380_0016_0028_0063_0063.jpg 1 16 28 63 63
0381_0046_0043_0073_0073.jpg 1 46 43 73 73
0382_0047_0081_0052_0052.jpg 1 47 81 52 52
0383_0069_0062_0028_0028.jpg 1 69 62 28 28
0384_0094_0078_0037_0037.jpg 1 94 78 37 37
0385_0067_0047_0046_0046.jpg 1 67 47 46 46
0386_0063_0049_0064_0064.jpg 1 63 49 64 64
0387_0036_0049_0064_0064.jpg 1 36 49 64 64
0388_0045_0024_0099_0099.jpg 1 45 24 99 99
0389_0021_0024_0062_0062.jpg 1 21 24 62 62
0390_0030_0048_0070_0070.jpg 1 30 48 70 70
0391_0039_0057_0062_0062.jpg 1 39 57 62 62
0392_0047_0025_0097_0097.jpg 1 47 25 97 97
0393_0043_0087_0041_0041.jpg 1 43 87 41 41
0394_0024_0006_0087_0087.jpg 1 24 6 87 87
0395_0009_0052_0089_0089.jpg 1 9 52 89 89
0396_0012_0085_0041_0041.jpg 1 12 85 41 41
0397_0018_0024_0090_0090.jpg 1 18 24 90 90
0398_0064_0062_0062_0062.jpg 1 64 62 62 62
0399_0098_0040_0029_0029.jpg 1 98 40 29 29
0400_0053_0080_0047_0047.jpg 1 53 80 47 47
0401_0010_0044_0082_0082.jpg 1 10 44 82 82
0402_0035_0011_0094_0094.jpg 1 35 11 94 94
0403_0016_0069_0050_0050.jpg 1 16 69 50 50
0404_0010_0052_0052_0052.jpg 1 10 52 52 52
0405_0030_0020_0085_0085.jpg 1 30 20 85 85
0406_0039_0038_0038_0038.jpg 1 39 38 38 38
0407_0027_0031_0090_0090.jpg 1 27 31 90 90
0408_0044_0061_0079_0079.jpg 1 44 61 79 79
0409_0025_0010_0087_0087.jpg 1 25 10 87 87
0410_0007_0006_0103_0103.jpg 1 7 6 103 103
0411_0010_0041_0086_0086.jpg 1 10 41 86 86
0412_0046_0032_0046_0046.jpg 1 46 32 46 46
0413_0023_0017_0100_0100.jpg 1 23 17 100 100
0414_0086_0087_0047_0047.jpg 1 86 87 47 47
0415_0091_0083_0029_0029.jpg 1 91 83 29 29
0416_0076_0074_0061_0061.jpg 1 76 74 61 61
0417_0029_0089_0042_0042.jpg 1 29 89 42 42
0418_0024_0088_0035_0035.jpg 1 24 88 35 35
0419_0056_0093_0039_0039.jpg 1 56 93 39 39
0420_0025_0022_0097_0097.jpg 1 25 22 97 97
0421_0061_0067_0046_0046.jpg 1 61 67 46 46
0422_0054_0043_0088_0088.jpg 1 54 43 88 88
0423_0081_0017_0042_0042.jpg 1 81 17 42 42
0424_0037_0074_0051_0051.jpg 1 37 74 51 51
0425_0073_0035_0060_0060.jpg 1 73 35 60 60
0426_0011_0053_0083_0083.jpg 1 11 53 83 83
0427_0081_0063_0051_0051.jpg 1 81 63 51 51
0428_0093_0028_0040_0040.jpg 1 93 28 40 40
0429_0019_0029_0099_0099.jpg 1 19 29 99 99
0430_0017_0026_0096_0096.jpg 1 17 26 96 96
0431_0036_0041_0045_0045.jpg 1 36 41 45 45
0432_0015_0038_0042_0042.jpg 1 15 38 42 42
0433_0086_0036_0033_0033.jpg 1 86 36 33 33
0434_0019_0084_0034_0034.jpg 1 19 84 34 34
0435_0010_0051_0086_0086.jpg 1 10 51 86 86
0436_0010_0074_0060_0060.jpg 1 10 74 60 60
0437_0031_0010_0091_0091.jpg 1 31 10 91 91
0438_0043_0093_0037_0037.jpg 1 43 93 37 37
0439_0063_0044_0064_0064.jpg 1 63 44 64 64
0440_0012_0051_0089_0089.jpg 1 12 51 89 89
0441_0033_0039_0075_0075.jpg 1 33 39 75 75
0442_0106_0100_0031_0031.jpg 1 106 100 31 31
0443_0080_0023_0057_0057.jpg 1 80 23 57 57
0444_0026_0031_0035_0035.jpg 1 26 31 35 35
0445_0039_0020_0056_0056.jpg 1 39 20 56 56
0446_0008_0044_0095_0095.jpg 1 8 44 95 95
0447_0028_0053_0089_0089.jpg 1 28 53 89 89
0448_0090_0036_0035_0035.jpg 1 90 36 35 35
0449_0032_0076_0050_0050.jpg 1 32 76 50 50
0450_0013_0024_0033_0033.jpg 1 13 24 33 33
0451_0018_0095_0034_0034.jpg 1 18 95 34 34
0452_0040_0058_0055_0055.jpg 1 40 58 55 55
0453_0078_0054_0042_0042.jpg 1 78 54 42 42
0454_0045_0039_0079_0079.jpg 1 45 39 79 79
0455_0029_0029_0087_0087.jpg 1 29 29 87 87
0456_0078_0071_0058_0058.jpg 1 78 71 58 58
0457_0016_0013_0053_0053.jpg 1 16 13 53 53
0458_0044_0045_0061_0061.jpg 1 44 45 61 61
0459_0043_0038_0094_0094.jpg 1 43 38 94 94
0460_0044_0058_0084_0084.jpg 1 44 58 84 84
0461_0090_0053_0035_0035.jpg 1 90 53 35 35
0462_0037_0026_0074_0074.jpg 1 37 26 74 74
0463_0019_0051_0091_0091.jpg 1 19 51 91 91
0464_0041_0069_0069_0069.jpg 1 41 69 69 69
0465_0087_0015_0040_0040.jpg 1 87 15 40 40
0466_0059_0050_0054_0054.jpg 1 59 50 54 54
0467_0033_0042_0069_0069.jpg 1 33 42 69 69
0468_0017_0013_0095_0095.jpg 1 17 13 95 95
0469_0058_0010_0071_0071.jpg 1 58 10 71 71
0470_0043_0049_0075_0075.jpg 1 43 49 75 75
0471_0024_0037_0091_0091.jpg 1 24 37 91 91
0472_0069_0075_0054_0054.jpg 1 69 75 54 54
0473_0018_0055_0076_0076.jpg 1 18 55 76 76
0474_0041_0073_0064_0064.jpg 1 41 73 64 64
0475_0023_0038_0102_0102.jpg 1 23 38 102 102
0476_0061_0045_0045_0045.jpg 1 61 45 45 45
0477_0029_0095_0035_0035.jpg 1 29 95 35 35
0478_0050_0030_0081_0081.jpg 1 50 30 81 81
0479_0066_0064_0035_0035.jpg 1 66 64 35 35
0480_0029_0041_0030_0030.jpg 1 29 41 30 30
0481_0052_0054_0033_0033.jpg 1 52 54 33 33
0482_0034_0027_0092_0092.jpg 1 34 27 92 92
0483_0046_0006_0093_0093.jpg 1 46 6 93 93
0484_0073_0082_0029_0029.jpg 1 73 82 29 29
0485_0100_0048_0027_0027.jpg 1 100 48 27 27
0486_0023_0023_0098_0098.jpg 1 23 23 98 98
0487_0048_0063_0059_0059.jpg 1 48 63 59 59
0488_0020_0027_0080_0080.jpg 1 20 27 80 80
0489_0012_0023_0066_0066.jpg 1 12 23 66 66
0490_0062_0069_0041_0041.jpg 1 62 69 41 41
0491_0018_0043_0101_0101.jpg 1 18 43 101 101
0492_0052_0043_0089_0089.jpg 1 52 43 89 89
0493_0046_0025_0051_0051.jpg 1 46 25 51 51
0494_0040_0038_0099_0099.jpg 1 40 38 99 99
0495_0050_0037_0092_0092.jpg 1 50 37 92 92
0496_0083_0025_0032_0032.jpg 1 83 25 32 32
0497_0096_0012_0037_0037.jpg 1 96 12 37 37
0498_0016_0041_0088_0088.jpg 1 16 41 88 88
0499_0040_0012_0097_0097.jpg 1 40 12 97 97
0500_0022_0054_0065_0065.jpg 1 22 54 65 65
0501_0066_0014_0072_0072.jpg 1 66 14 72 72
0502_0025_0027_0044_0044.jpg 1 25 27 44 44
0503_0063_0021_0041_0041.jpg 1 63 21 41 41
0504_0029_0057_0082_0082.jpg 1 29 57 82 82
0505_0061_0055_0075_0075.jpg 1 61 55 75 75
0506_0045_0029_0038_0038.jpg 1 45 29 38 38
0507_0022_0044_0086_0086.jpg 1 22 44 86 86
0508_0038_0072_0036_0036.jpg 1 38 72 36 36
0509_0022_0081_0035_0035.jpg 1 22 81 35 35
0510_0057_0105_0033_0033.jpg 1 57 105 33 33
0511_0029_0060_0026_0026.jpg 1 29 60 26 26
0512_0041_0007_0072_0072.jpg 1 41 7 72 72
0513_0065_0054_0055_0055.jpg 1 65 54 55 55
0514_0045_0023_0095_0095.jpg 1 45 23 95 95
0515_0064_0047_0077_0077.jpg 1 64 47 77 77
0516_0035_0053_0089_0089.jpg 1 35 53 89 89
0517_0047_0049_0046_0046.jpg 1 47 49 46 46
0518_0100_0079_0034_0034.jpg 1 100 79 34 34
0519_0110_0027_0027_0027.jpg 1 110 27 27 27
0520_0029_0047_0072_0072.jpg 1 29 47 72 72
0521_0039_0046_0056_0056.jpg 1 39 46 56 56
0522_0009_0006_0094_0094.jpg 1 9 6 94 94
0523_0032_0069_0064_0064.jpg 1 32 69 64 64
0524_0026_0031_0076_0076.jpg 1 26 31 76 76
0525_0032_0040_0101_0101.jpg 1 32 40 101 101
0526_0024_0045_0079_0079.jpg 1 24 45 79 79
0527_0042_0021_0093_0093.jpg 1 42 21 93 93
0528_0033_0025_0073_0073.jpg 1 33 25 73 73
0529_0024_0015_0096_0096.jpg 1 24 15 96 96
0530_0007_0045_0099_0099.jpg 1 7 45 99 99
0531_0066_0057_0045_0045.jpg 1 66 57 45 45
0532_0046_0052_0059_0059.jpg 1 46 52 59 59
0533_0048_0024_0053_0053.jpg 1 48 24 53 53
0534_0018_0024_0099_0099.jpg 1 18 24 99 99
0535_0071_0082_0057_0057.jpg 1 71 82 57 57
0536_0027_0033_0060_0060.jpg 1 27 33 60 60
0537_0075_0046_0024_0024.jpg 1 75 46 24 24
0538_0033_0019_0102_0102.jpg 1 33 19 102 102
0539_0019_0031_0066_0066.jpg 1 19 31 66 66
0540_0053_0047_0068_0068.jpg 1 53 47 68 68
0541_0042_0039_0030_0030.jpg 1 42 39 30 30
0542_0033_0016_0097_0097.jpg 1 33 16 97 97
0543_0021_0083_0051_0051.jpg 1 21 83 51 51
0544_0048_0079_0026_0026.jpg 1 48 79 26 26
0545_0057_0058_0081_0081.jpg 1 57 58 81 81
0546_0031_0028_0072_0072.jpg 1 31 28 72 72
0547_0013_0014_0086_0086.jpg 1 13 14 86 86
0548_0057_0054_0050_0050.jpg 1 57 54 50 50
0549_0064_0033_0072_0072.jpg 1 64 33 72 72
0550_0018_0042_0086_0086.jpg 1 18 42 86 86
0551_0034_0015_0094_0094.jpg 1 34 15 94 94
0552_0026_0011_0102_0102.jpg 1 26 11 102 102
0553_0058_0043_0077_0077.jpg 1 58 43 77 77
0554_0034_0061_0066_0066.jpg 1 34 61 66 66
0555_0071_0085_0046_0046.jpg 1 71 85 46 46
0556_0082_0060_0024_0024.jpg 1 82 60 24 24
0557_0012_0016_0104_0104.jpg 1 12 16 104 104
0558_0055_0054_0061_0061.jpg 1 55 54 61 61
0559_0040_0033_0101_0101.jpg 1 40 33 101 101
0560_0021_0015_0089_0089.jpg 1 21 15 89 89
0561_0076_0051_0035_0035.jpg 1 76 51 35 35
0562_0063_0028_0052_0052.jpg 1 63 28 52 52
0563_0032_0047_0074_0074.jpg 1 32 47 74 74
0564_0021_0035_0079_0079.jpg 1 21 35 79 79
0565_0053_0046_0046_0046.jpg 1 53 46 46 46
0566_0050_0013_0050_0050.jpg 1 50 13 50 50
0567_0066_0052_0060_0060.jpg 1 66 52 60 60
0568_0046_0066_0040_0040.jpg 1 46 66 40 40
0569_0034_0037_0091_0091.jpg 1 34 37 91 91
0570_0010_0043_0099_0099.jpg 1 10 43 99 99
0571_0042_0070_0038_0038.jpg 1 42 70 38 38
0572_0024_0009_0081_0081.jpg 1 24 9 81 81
0573_0032_0009_0090_0090.jpg 1 32 9 90 90
0574_0043_0053_0056_0056.jpg 1 43 53 56 56
0575_0030_0023_0064_0064.jpg 1 30 23 64 64
0576_0019_0060_0061_0061.jpg 1 19 60 61 61
0577_0059_0042_0062_0062.jpg 1 59 42 62 62
0578_0035_0029_0080_0080.jpg 1 35 29 80 80
0579_0036_0050_0071_0071.jpg 1 36 50 71 71
0580_0073_0078_0056_0056.jpg 1 73 78 56 56
0581_0009_0039_0095_0095.jpg 1 9 39 95 95
0582_0040_0043_0055_0055.jpg 1 40 43 55 55
0583_0047_0036_0089_0089.jpg 1 47 36 89 89
0584_0033_0028_0100_0100.jpg 1 33 28 100 100
0585_0030_0065_0046_0046.jpg 1 30 65 46 46
0586_0023_0040_0084_0084.jpg 1 23 40 84 84
0587_0086_0037_0029_0029.jpg 1 86 37 29 29
0588_0023_0026_0099_0099.jpg 1 23 26 99 99
0589_0022_0024_0093_0093.jpg 1 22 24 93 93
0590_0061_0073_0053_0053.jpg 1 61 73 53 53
0591_0025_0046_0072_0072.jpg 1 25 46 72 72
0592_0077_0086_0045_0045.jpg 1 77 86 45 45
0593_0052_0052_0047_0047.jpg 1 52 52 47 47
0594_0028_0041_0090_0090.jpg 1 28 41 90 90
0595_0021_0009_0081_0081.jpg 1 21 9 81 81
0596_0046_0018_0039_0039.jpg 1 46 18 39 39
0597_0020_0085_0048_0048.jpg 1 20 85 48 48
0598_0033_0008_0104_0104.jpg 1 33 8 104 104
0599_0067_0043_0067_0067.jpg 1 67 43 67 67
0600_0033_0038_0066_0066.jpg 1 33 38 66 66
0601_0073_0070_0031_0031.jpg 1 73 70 31 31
0602_0037_0028_0054_0054.jpg 1 37 28 54 54
0603_0026_0031_0096_0096.jpg 1 26 31 96 96
0604_0033_0067_0039_0039.jpg 1 33 67 39 39
0605_0051_0014_0061_0061.jpg 1 51 14 61 61
0606_0045_0070_0037_0037.jpg 1 45 70 37 37
0607_0014_0012_0099_0099.jpg 1 14 12 99 99
0608_0010_0032_0078_0078.jpg 1 10 32 78 78
0609_0015_0053_0070_0070.jpg 1 15 53 70 70
0610_0048_0073_0062_0062.jpg 1 48 73 62 62
0611_0027_0067_0034_0034.jpg 1 27 67 34 34
0612_0061_0021_0061_0061.jpg 1 61 21 61 61
0613_0062_0038_0078_0078.jpg 1 62 38 78 78
0614_0056_0019_0083_0083.jpg 1 56 19 83 83
0615_0024_0034_0091_0091.jpg 1 24 34 91 91
0616_0038_0032_0097_0097.jpg 1 38 32 97 97
0617_0046_0058_0025_0025.jpg 1 46 58 25 25
0618_0015_0029_0084_0084.jpg 1 15 29 84 84
0619_0021_0035_0103_0103.jpg 1 21 35 103 103
0620_0006_0032_0096_0096.jpg 1 6 32 96 96
0621_0029_0012_0041_0041.jpg 1 29 12 41 41
0622_0064_0078_0028_0028.jpg 1 64 78 28 28
0623_0062_0066_0028_0028.jpg 1 62 66 28 28
0624_0033_0075_0025_0025.jpg 1 33 75 25 25
0625_0011_0007_0082_0082.jpg 1 11 7 82 82
0626_0033_0009_0056_0056.jpg 1 33 9 56 56
0627_0066_0063_0070_0070.jpg 1 66 63 70 70
0628_0027_0089_0037_0037.jpg 1 27 89 37 37
0629_0082_0021_0042_0042.jpg 1 82 21 42 42
0630_0059_0088_0049_0049.jpg 1 59 88 49 49
0631_0049_0018_0090_0090.jpg 1 49 18 90 90
0632_0067_0062_0047_0047.jpg 1 67 62 47 47
0633_0029_0048_0082_0082.jpg 1 29 48 82 82
0634_0052_0099_0034_0034.jpg 1 52 99 34 34
0635_0067_0049_0068_0068.jpg 1 67 49 68 68
0636_0026_0045_0063_0063.jpg 1 26 45 63 63
0637_0030_0007_0104_0104.jpg 1 30 7 104 104
0638_0031_0012_0050_0050.jpg 1 31 12 50 50
0639_0098_0082_0031_0031.jpg 1 98 82 31 31
0640_0067_0040_0072_0072.jpg 1 67 40 72 72
0641_0014_0046_0094_0094.jpg 1 14 46 94 94
0642_0017_0062_0061_0061.jpg 1 17 62 61 61
0643_0023_0031_0092_0092.jpg 1 23 31 92 92
0644_0081_0038_0034_0034.jpg 1 81 38 34 34
0645_0068_0072_0048_0048.jpg 1 68 72 48 48
0646_0022_0073_0052_0052.jpg 1 22 73 52 52
0647_0049_0025_0070_0070.jpg 1 49 25 70 70
0648_0020_0039_0101_0101.jpg 1 20 39 101 101
0649_0042_0013_0088_0088.jpg 1 42 13 88 88
0650_0013_0038_0094_0094.jpg 1 13 38 94 94
0651_0018_0029_0099_0099.jpg 1 18 29 99 99
0652_0070_0056_0067_0067.jpg 1 70 56 67 67
0653_0066_0043_0070_0070.jpg 1 66 43 70 70
0654_0055_0026_0057_0057.jpg 1 55 26 57 57
0655_0046_0071_0058_0058.jpg 1 46 71 58 58
0656_0024_0063_0066_0066.jpg 1 24 63 66 66
0657_0065_0095_0040_0040.jpg 1 65 95 40 40
0658_0015_0072_0031_0031.jpg 1 15 72 31 31
0659_0034_0093_0027_0027.jpg 1 34 93 27 27
0660_0105_0070_0024_0024.jpg 1 105 70 24 24
0661_0057_0033_0061_0061.jpg 1 57 33 61 61
0662_0038_0014_0088_0088.jpg 1 38 14 88 88
0663_0081_0087_0030_0030.jpg 1 81 87 30 30
0664_0022_0050_0078_0078.jpg 1 22 50 78 78
0665_0015_0037_0069_0069.jpg 1 15 37 69 69
0666_0023_0032_0097_0097.jpg 1 23 32 97 97
0667_0023_0018_0030_0030.jpg 1 23 18 30 30
0668_0063_0042_0074_0074.jpg 1 63 42 74 74
0669_0026_0039_0092_0092.jpg 1 26 39 92 92
0670_0053_0034_0084_0084.jpg 1 53 34 84 84
0671_0045_0057_0080_0080.jpg 1 45 57 80 80
0672_0068_0037_0061_0061.jpg 1 68 37 61 61
0673_0016_0005_0104_0104.jpg 1 16 5 104 104
0674_0025_0017_0051_0051.jpg 1 25 17 51 51
0675_0099_0077_0034_0034.jpg 1 99 77 34 34
0676_0010_0055_0088_0088.jpg 1 10 55 88 88
0677_0051_0014_0054_0054.jpg 1 51 14 54 54
0678_0020_0021_0032_0032.jpg 1 20 21 32 32
0679_0073_0071_0056_0056.jpg 1 73 71 56 56
0680_0027_0066_0073_0073.jpg 1 27 66 73 73
0681_0031_0027_0089_0089.jpg 1 31 27 89 89
0682_0067_0021_0049_0049.jpg 1 67 21 49 49
0683_0015_0026_0093_0093.jpg 1 15 26 93 93
0684_0096_0063_0027_0027.jpg 1 96 63 27 27
0685_0031_0054_0081_0081.jpg 1 31 54 81 81
0686_0012_0036_0080_0080.jpg 1 12 36 80 80
0687_0048_0008_0075_0075.jpg 1 48 8 75 75
0688_0060_0043_0083_0083.jpg 1 60 43 83 83
0689_0021_0008_0082_0082.jpg 1 21 8 82 82
0690_0049_0044_0036_0036.jpg 1 49 44 36 36
0691_0045_0046_0087_0087.jpg 1 45 46 87 87
0692_0061_0028_0043_0043.jpg 1 61 28 43 43
0693_0085_0092_0036_0036.jpg 1 85 92 36 36
0694_0026_0045_0081_0081.jpg 1 26 45 81 81
0695_0006_0007_0092_0092.jpg 1 6 7 92 92
0696_0085_0069_0049_0049.jpg 1 85 69 49 49
0697_0049_0032_0087_0087.jpg 1 49 32 87 87
0698_0064_0081_0024_0024.jpg 1 64 81 24 24
0699_0077_0026_0044_0044.jpg 1 77 26 44 44
0700_0023_0049_0038_0038.jpg 1 23 49 38 38
0701_0056_0036_0038_0038.jpg 1 56 36 38 38
0702_0097_0029_0040_0040.jpg 1 97 29 40 40
0703_0087_0034_0041_0041.jpg 1 87 34 41 41
0704_0056_0039_0076_0076.jpg 1 56 39 76 76
0705_0065_0015_0064_0064.jpg 1 65 15 64 64
0706_0048_0032_0086_0086.jpg 1 48 32 86 86
0707_0053_0054_0083_0083.jpg 1 53 54 83 83
0708_0053_0056_0075_0075.jpg 1 53 56 75 75
0709_0031_0011_0095_0095.jpg 1 31 11 95 95
0710_0043_0054_0085_0085.jpg 1 43 54 85 85
0711_0016_0060_0036_0036.jpg 1 16 60 36 36
0712_0031_0086_0034_0034.jpg 1 31 86 34 34
0713_0098_0053_0026_0026.jpg 1 98 53 26 26
0714_0048_0015_0051_0051.jpg 1 48 15 51 51
0715_0046_0021_0052_0052.jpg 1 46 21 52 52
0716_0013_0106_0027_0027.jpg 1 13 106 27 27
0717_0036_0038_0085_0085.jpg 1 36 38 85 85
0718_0010_0007_0085_0085.jpg 1 10 7 85 85
0719_0027_0016_0082_0082.jpg 1 27 16 82 82
0720_0005_0024_0094_0094.jpg 1 5 24 94 94
0721_0035_0017_0102_0102.jpg 1 35 17 102 102
0722_0018_0040_0097_0097.jpg 1 18 40 97 97
0723_0011_0016_0044_0044.jpg 1 11 16 44 44
0724_0087_0060_0037_0037.jpg 1 87 60 37 37
0725_0028_0081_0039_0039.jpg 1 28 81 39 39
0726_0033_0053_0037_0037.jpg 1 33 53 37 37
0727_0084_0014_0037_0037.jpg 1 84 14 37 37
0728_0023_0067_0071_0071.jpg 1 23 67 71 71
0729_0020_0009_0063_0063.jpg 1 20 9 63 63
0730_0065_0081_0036_0036.jpg 1 65 81 36 36
0731_0077_0072_0064_0064.jpg 1 77 72 64 64
0732_0016_0024_0097_0097.jpg 1 16 24 97 97
0733_0057_0077_0026_0026.jpg 1 57 77 26 26
0734_0082_0061_0055_0055.jpg 1 82 61 55 55
0735_0032_0042_0096_0096.jpg 1 32 42 96 96
0736_0059_0041_0079_0079.jpg 1 59 41 79 79
0737_0024_0017_0065_0065.jpg 1 24 17 65 65
0738_0029_0018_0093_0093.jpg 1 29 18 93 93
0739_0032_0020_0073_0073.jpg 1 32 20 73 73
0740_0034_0067_0073_0073.jpg 1 34 67 73 73
0741_0073_0019_0033_0033.jpg 1 73 19 33 33
0742_0017_0020_0098_0098.jpg 1 17 20 98 98
0743_0033_0072_0063_0063.jpg 1 33 72 63 63
0744_0069_0050_0062_0062.jpg 1 69 50 62 62
0745_0073_0043_0057_0057.jpg 1 73 43 57 57
0746_0063_0025_0039_0039.jpg 1 63 25 39 39
0747_0079_0027_0053_0053.jpg 1 79 27 53 53
0748_0024_0010_0098_0098.jpg 1 24 10 98 98
0749_0049_0086_0040_0040.jpg 1 49 86 40 40
0750_0019_0016_0035_0035.jpg 1 19 16 35 35
0751_0022_0037_0102_0102.jpg 1 22 37 102 102
0752_0055_0061_0073_0073.jpg 1 55 61 73 73
0753_0087_0037_0051_0051.jpg 1 87 37 51 51
0754_0100_0097_0037_0037.jpg 1 100 97 37 37
0755_0037_0045_0062_0062.jpg 1 37 45 62 62
0756_0040_0032_0086_0086.jpg 1 40 32 86 86
0757_0041_0026_0064_0064.jpg 1 41 26 64 64
0758_0047_0006_0092_0092.jpg 1 47 6 92 92
0759_0031_0026_0064_0064.jpg 1 31 26 64 64
0760_0046_0044_0027_0027.jpg 1 46 44 27 27
0761_0041_0017_0097_0097.jpg 1 41 17 97 97
0762_0018_0059_0057_0057.jpg 1 18 59 57 57
0763_0029_0029_0103_0103.jpg 1 29 29 103 103
0764_0021_0034_0090_0090.jpg 1 21 34 90 90
0765_0039_0046_0051_0051.jpg 1 39 46 51 51
0766_0069_0083_0056_0056.jpg 1 69 83 56 56
0767_0107_0065_0027_0027.jpg 1 107 65 27 27
0768_0026_0043_0100_0100.jpg 1 26 43 100 100
0769_0018_0023_0037_0037.jpg 1 18 23 37 37
0770_0035_0006_0093_0093.jpg 1 35 6 93 93
0771_0017_0007_0100_0100.jpg 1 17 7 100 100
0772_0069_0018_0060_0060.jpg 1 69 18 60 60
0773_0061_0096_0042_0042.jpg 1 61 96 42 42
0774_0088_0063_0031_0031.jpg 1 88 63 31 31
0775_0010_0057_0049_0049.jpg 1 10 57 49 49
0776_0067_0071_0033_0033.jpg 1 67 71 33 33
0777_0046_0016_0078_0078.jpg 1 46 16 78 78
0778_0019_0023_0087_0087.jpg 1 19 23 87 87
0779_0033_0028_0071_0071.jpg 1 33 28 71 71
0780_0008_0018_0099_0099.jpg 1 8 18 99 99
0781_0018_0047_0052_0052.jpg 1 18 47 52 52
0782_0022_0036_0048_0048.jpg 1 22 36 48 48
0783_0030_0034_0077_0077.jpg 1 30 34 77 77
0784_0059_0065_0066_0066.jpg 1 59 65 66 66
0785_0013_0019_0064_0064.jpg 1 13 19 64 64
0786_0082_0026_0053_0053.jpg 1 82 26 53 53
0787_0030_0051_0088_0088.jpg 1 30 51 88 88
0788_0053_0033_0039_0039.jpg 1 53 33 39 39
0789_0010_0012_0091_0091.jpg 1 10 12 91 91
0790_0032_0045_0091_0091.jpg 1 32 45 91 91
0791_0073_0041_0059_0059.jpg 1 73 41 59 59
0792_0052_0048_0081_0081.jpg 1 52 48 81 81
0793_0005_0022_0102_0102.jpg 1 5 22 102 102
0794_0051_0042_0079_0079.jpg 1 51 42 79 79
0795_0043_0020_0076_0076.jpg 1 43 20 76 76
0796_0012_0061_0075_0075.jpg 1 12 61 75 75
0797_0075_0055_0042_0042.jpg 1 75 55 42 42
0798_0035_0054_0076_0076.jpg 1 35 54 76 76
0799_0009_0037_0099_0099.jpg 1 9 37 99 99
0800_0029_0032_0082_0082.jpg 1 29 32 82 82
0801_0036_0025_0025_0025.jpg 1 36 25 25 25
0802_0022_0085_0041_0041.jpg 1 22 85 41 41
0803_0047_0058_0024_0024.jpg 1 47 58 24 24
0804_0093_0013_0031_0031.jpg 1 93 13 31 31
0805_0019_0073_0024_0024.jpg 1 19 73 24 24
0806_0015_0011_0069_0069.jpg 1 15 11 69 69
0807_0018_0049_0073_0073.jpg 1 18 49 73 73
0808_0057_0046_0076_0076.jpg 1 57 46 76 76
0809_0041_0009_0069_0069.jpg 1 41 9 69 69
0810_0041_0008_0104_0104.jpg 1 41 8 104 104
0811_0033_0031_0041_0041.jpg 1 33 31 41 41
0812_0028_0068_0041_0041.jpg 1 28 68 41 41
0813_0067_0104_0034_0034.jpg 1 67 104 34 34
0814_0013_0081_0028_0028.jpg 1 13 81 28 28
0815_0025_0035_0035_0035.jpg 1 25 35 35 35
0816_0017_0034_0086_0086.jpg 1 17 34 86 86
0817_0030_0048_0056_0056.jpg 1 30 48 56 56
0818_0013_0038_0098_0098.jpg 1 13 38 98 98
0819_0094_0013_0041_0041.jpg 1 94 13 41 41
0820_0038_0067_0072_0072.jpg 1 38 67 72 72
0821_0068_0013_0039_0039.jpg 1 68 13 39 39
0822_0014_0079_0046_0046.jpg 1 14 79 46 46
0823_0019_0031_0075_0075.jpg 1 19 31 75 75
0824_0016_0009_0097_0097.jpg 1 16 9 97 97
0825_0040_0063_0049_0049.jpg 1 40 63 49 49
0826_0057_0045_0044_0044.jpg 1 57 45 44 44
0827_0040_0017_0069_0069.jpg 1 40 17 69 69
0828_0061_0031_0032_0032.jpg 1 61 31 32 32
0829_0052_0026_0090_0090.jpg 1 52 26 90 90
0830_0046_0062_0056_0056.jpg 1 46 62 56 56
0831_0012_0041_0057_0057.jpg 1 12 41 57 57
0832_0039_0015_0074_0074.jpg 1 39 15 74 74
0833_0031_0019_0096_0096.jpg 1 31 19 96 96
0834_0069_0017_0067_0067.jpg 1 69 17 67 67
0835_0081_0068_0046_0046.jpg 1 81 68 46 46
0836_0060_0036_0068_0068.jpg 1 60 36 68 68
0837_0037_0012_0093_0093.jpg 1 37 12 93 93
0838_0058_0030_0080_0080.jpg 1 58 30 80 80
0839_0051_0085_0029_0029.jpg 1 51 85 29 29
0840_0084_0050_0027_0027.jpg 1 84 50 27 27
0841_0021_0014_0075_0075.jpg 1 21 14 75 75
0842_0088_0079_0029_0029.jpg 1 88 79 29 29
0843_0035_0058_0079_0079.jpg 1 35 58 79 79
0844_0041_0055_0050_0050.jpg 1 41 55 50 50
0845_0013_0028_0095_0095.jpg 1 13 28 95 95
0846_0041_0050_0077_0077.jpg 1 41 50 77 77
0847_0055_0009_0083_0083.jpg 1 55 9 83 83
0848_0065_0015_0050_0050.jpg 1 65 15 50 50
0849_0024_0050_0043_0043.jpg 1 24 50 43 43
0850_0048_0028_0077_0077.jpg 1 48 28 77 77
0851_0063_0013_0058_0058.jpg 1 63 13 58 58
0852_0020_0093_0029_0029.jpg 1 20 93 29 29
0853_0042_0052_0050_0050.jpg 1 42 52 50 50
0854_0057_0083_0029_0029.jpg 1 57 83 29 29
0855_0096_0020_0037_0037.jpg 1 96 20 37 37
0856_0050_0037_0070_0070.jpg 1 50 37 70 70
0857_0023_0030_0090_0090.jpg 1 23 30 90 90
0858_0039_0029_0102_0102.jpg 1 39 29 102 102
0859_0079_0052_0049_0049.jpg 1 79 52 49 49
0860_0073_0017_0062_0062.jpg 1 73 17 62 62
0861_0040_0073_0035_0035.jpg 1 40 73 35 35
0862_0031_0046_0093_0093.jpg 1 31 46 93 93
0863_0026_0034_0025_0025.jpg 1 26 34 25 25
0864_0065_0055_0077_0077.jpg 1 65 55 77 77
0865_0014_0032_0078_0078.jpg 1 14 32 78 78
0866_0015_0064_0042_0042.jpg 1 15 64 42 42
0867_0020_0015_0101_0101.jpg 1 20 15 101 101
0868_0045_0016_0095_0095.jpg 1 45 16 95 95
0869_0049_0045_0051_0051.jpg 1 49 45 51 51
0870_0007_0006_0087_0087.jpg 1 7 6 87 87
0871_0056_0068_0064_0064.jpg 1 56 68 64 64
0872_0054_0008_0088_0088.jpg 1 54 8 88 88
0873_0034_0081_0058_0058.jpg 1 34 81 58 58
0874_0087_0028_0045_0045.jpg 1 87 28 45 45
0875_0048_0048_0083_0083.jpg 1 48 48 83 83
0876_0071_0019_0030_0030.jpg 1 71 19 30 30
0877_0056_0042_0055_0055.jpg 1 56 42 55 55
0878_0013_0012_0085_0085.jpg 1 13 12 85 85
0879_0033_0024_0061_0061.jpg 1 33 24 61 61
0880_0031_0030_0042_0042.jpg 1 31 30 42 42
0881_0033_0018_0041_0041.jpg 1 33 18 41 41
0882_0031_0062_0034_0034.jpg 1 31 62 34 34
0883_0062_0055_0048_0048.jpg 1 62 55 48 48
0884_0061_0056_0052_0052.jpg 1 61 56 52 52
0885_0041_0015_0087_0087.jpg 1 41 15 87 87
0886_0094_0028_0029_0029.jpg 1 94 28 29 29
0887_0024_0013_0094_0094.jpg 1 24 13 94 94
0888_0010_0033_0100_0100.jpg 1 10 33 100 100
0889_0035_0039_0094_0094.jpg 1 35 39 94 94
0890_0020_0024_0103_0103.jpg 1 20 24 103 103
0891_0061_0041_0039_0039.jpg 1 61 41 39 39
0892_0053_0019_0076_0076.jpg 1 53 19 76 76
0893_0030_0013_0085_0085.jpg 1 30 13 85 85
0894_0078_0034_0036_0036.jpg 1 78 34 36 36
0895_0053_0048_0076_0076.jpg 1 53 48 76 76
0896_0012_0015_0074_0074.jpg 1 12 15 74 74
0897_0069_0015_0070_0070.jpg 1 69 15 70 70
0898_0086_0082_0027_0027.jpg 1 86 82 27 27
0899_0036_0062_0066_0066.jpg 1 36 62 66 66
0900_0014_0030_0080_0080.jpg 1 14 30 80 80
0901_0020_0075_0044_0044.jpg 1 20 75 44 44
0902_0071_0064_0055_0055.jpg 1 71 64 55 55
0903_0031_0074_0060_0060.jpg 1 31 74 60 60
0904_0058_0048_0061_0061.jpg 1 58 48 61 61
0905_0014_0016_0060_0060.jpg 1 14 16 60 60
0906_0065_0049_0072_0072.jpg 1 65 49 72 72
0907_0077_0091_0046_0046.jpg 1 77 91 46 46
0908_0045_0097_0029_0029.jpg 1 45 97 29 29
0909_0085_0032_0054_0054.jpg 1 85 32 54 54
0910_0084_0056_0041_0041.jpg 1 84 56 41 41
0911_0021_0029_0076_0076.jpg 1 21 29 76 76
0912_0052_0048_0050_0050.jpg 1 52 48 50 50
0913_0043_0016_0101_0101.jpg 1 43 16 101 101
0914_0063_0064_0071_0071.jpg 1 63 64 71 71
0915_0022_0041_0082_0082.jpg 1 22 41 82 82
0916_0010_0044_0086_0086.jpg 1 10 44 86 86
0917_0091_0029_0042_0042.jpg 1 91 29 42 42
0918_0046_0058_0082_0082.jpg 1 46 58 82 82
0919_0056_0021_0059_0059.jpg 1 56 21 59 59
0920_0008_0043_0084_0084.jpg 1 8 43 84 84
0921_0016_0039_0098_0098.jpg 1 16 39 98 98
0922_0021_0083_0036_0036.jpg 1 21 83 36 36
0923_0012_0011_0095_0095.jpg 1 12 11 95 95
0924_0082_0025_0056_0056.jpg 1 82 25 56 56
0925_0090_0050_0044_0044.jpg 1 90 50 44 44
0926_0038_0023_0097_0097.jpg 1 38 23 97 97
0927_0057_0093_0028_0028.jpg 1 57 93 28 28
0928_0075_0047_0039_0039.jpg 1 75 47 39 39
0929_0088_0017_0040_0040.jpg 1 88 17 40 40
0930_0078_0060_0039_0039.jpg 1 78 60 39 39
0931_0043_0011_0092_0092.jpg 1 43 11 92 92
0932_0035_0021_0083_0083.jpg 1 35 21 83 83
0933_0058_0012_0066_0066.jpg 1 58 12 66 66
0934_0047_0036_0097_0097.jpg 1 47 36 97 97
0935_0074_0076_0052_0052.jpg 1 74 76 52 52
0936_0016_0027_0035_0035.jpg 1 16 27 35 35
0937_0035_0087_0049_0049.jpg 1 35 87 49 49
0938_0034_0007_0095_0095.jpg 1 34 7 95 95
0939_0037_0037_0056_0056.jpg 1 37 37 56 56
0940_0009_0022_0057_0057.jpg 1 9 22 57 57
0941_0052_0076_0030_0030.jpg 1 52 76 30 30
0942_0052_0051_0031_0031.jpg 1 52 51 31 31
0943_0031_0019_0067_0067.jpg 1 31 19 67 67
0944_0044_0071_0026_0026.jpg 1 44 71 26 26
0945_0094_0051_0043_0043.jpg 1 94 51 43 43
0946_0073_0068_0068_0068.jpg 1 73 68 68 68
0947_0045_0034_0099_0099.jpg 1 45 34 99 99
0948_0027_0030_0094_0094.jpg 1 27 30 94 94
0949_0067_0062_0047_0047.jpg 1 67 62 47 47
0950_0023_0016_0087_0087.jpg 1 23 16 87 87
0951_0012_0065_0068_0068.jpg 1 12 65 68 68
0952_0068_0086_0045_0045.jpg 1 68 86 45 45
0953_0022_0043_0060_0060.jpg 1 22 43 60 60
0954_0052_0079_0024_0024.jpg 1 52 79 24 24
0955_0048_0014_0057_0057.jpg 1 48 14 57 57
0956_0017_0073_0040_0040.jpg 1 17 73 40 40
0957_0051_0043_0040_0040.jpg 1 51 43 40 40
0958_0009_0059_0056_0056.jpg 1 9 59 56 56
0959_0041_0049_0037_0037.jpg 1 41 49 37 37
0960_0066_0019_0069_0069.jpg 1 66 19 69 69
0961_0023_0032_0063_0063.jpg 1 23 32 63 63
0962_0031_0037_0103_0103.jpg 1 31 37 103 103
0963_0041_0020_0087_0087.jpg 1 41 20 87 87
0964_0070_0068_0030_0030.jpg 1 70 68 30 30
0965_0023_0024_0093_0093.jpg 1 23 24 93 93
0966_0027_0046_0089_0089.jpg 1 27 46 89 89
0967_0041_0039_0063_0063.jpg 1 41 39 63 63
0968_0051_0035_0084_0084.jpg 1 51 35 84 84
0969_0037_0038_0094_0094.jpg 1 37 38 94 94
0970_0071_0052_0065_0065.jpg 1 71 52 65 65
0971_0093_0051_0025_0025.jpg 1 93 51 25 25
0972_0059_0022_0054_0054.jpg 1 59 22 54 54
0973_0044_0028_0088_0088.jpg 1 44 28 88 88
0974_0031_0030_0027_0027.jpg 1 31 30 27 27
0975_0045_0088_0027_0027.jpg 1 45 88 27 27
0976_0044_0028_0036_0036.jpg 1 44 28 36 36
0977_0087_0064_0052_0052.jpg 1 87 64 52 52
0978_0024_0036_0096_0096.jpg 1 24 36 96 96
0979_0063_0068_0051_0051.jpg 1 63 68 51 51
0980_0015_0058_0076_0076.jpg 1 15 58 76 76
0981_0018_0009_0092_0092.jpg 1 18 9 92 92
0982_0083_0044_0055_0055.jpg 1 83 44 55 55
0983_0008_0012_0101_0101.jpg 1 8 12 101 101
0984_0038_0041_0090_0090.jpg 1 38 41 90 90
0985_0006_0012_0094_0094.jpg 1 6 12 94 94
0986_0028_0049_0065_0065.jpg 1 28 49 65 65
0987_0006_0050_0087_0087.jpg 1 6 50 87 87
0988_0016_0040_0099_0099.jpg 1 16 40 99 99
0989_0050_0056_0087_0087.jpg 1 50 56 87 87
0990_0069_0048_0024_0024.jpg 1 69 48 24 24
0991_0009_0058_0076_0076.jpg 1 9 58 76 76
0992_0044_0044_0057_0057.jpg 1 44 44 57 57
0993_0011_0022_0086_0086.jpg 1 11 22 86 86
0994_0038_0014_0049_0049.jpg 1 38 14 49 49
0995_0068_0018_0067_0067.jpg 1 68 18 67 67
0996_0013_0055_0040_0040.jpg 1 13 55 40 40
0997_0029_0037_0041_0041.jpg 1 29 37 41 41
0998_0022_0030_0104_0104.jpg 1 22 30 104 104
0999_0023_0035_0060_0060.jpg 1 23 35 60 60
1000_0046_0013_0055_0055.jpg 1 46 13 55 55
1001_0056_0076_0062_0062.jpg 1 56 76 62 62
1002_0029_0010_0097_0097.jpg 1 29 10 97 97
1003_0028_0054_0048_0048.jpg 1 28 54 48 48
1004_0105_0087_0032_0032.jpg 1 105 87 32 32
1005_0054_0024_0072_0072.jpg 1 54 24 72 72
1006_0011_0027_0102_0102.jpg 1 11 27 102 102
1007_0037_0031_0091_0091.jpg 1 37 31 91 91
1008_0023_0054_0071_0071.jpg 1 23 54 71 71
1009_0070_0052_0038_0038.jpg 1 70 52 38 38
1010_0019_0088_0051_0051.jpg 1 19 88 51 51
1011_0022_0017_0102_0102.jpg 1 22 17 102 102
1012_0022_0019_0087_0087.jpg 1 22 19 87 87
1013_0056_0038_0033_0033.jpg 1 56 38 33 33
1014_0085_0090_0028_0028.jpg 1 85 90 28 28
1015_0089_0078_0046_0046.jpg 1 89 78 46 46
1016_0008_0026_0102_0102.jpg 1 8 26 102 102
1017_0065_0035_0075_0075.jpg 1 65 35 75 75
1018_0017_0036_0086_0086.jpg 1 17 36 86 86
1019_0037_0020_0089_0089.jpg 1 37 20 89 89
1020_0058_0063_0079_0079.jpg 1 58 63 79 79
1021_0039_0035_0098_0098.jpg 1 39 35 98 98
1022_0047_0028_0097_0097.jpg 1 47 28 97 97
1023_0024_0054_0061_0061.jpg 1 24 54 61 61
1024_0037_0070_0070_0070.jpg 1 37 70 70 70
1025_0033_0026_0099_0099.jpg 1 33 26 99 99
1026_0077_0066_0051_0051.jpg 1 77 66 51 51
1027_0024_0052_0030_0030.jpg 1 24 52 30 30
1028_0023_0023_0064_0064.jpg 1 23 23 64 64
1029_0018_0018_0067_0067.jpg 1 18 18 67 67
1030_0088_0072_0037_0037.jpg 1 88 72 37 37
1031_0042_0038_0076_0076.jpg 1 42 38 76 76
1032_0036_0016_0104_0104.jpg 1 36 16 104 104
1033_0055_0044_0086_0086.jpg 1 55 44 86 86
1034_0025_0015_0067_0067.jpg 1 25 15 67 67
1035_0089_0070_0047_0047.jpg 1 89 70 47 47
1036_0083_0053_0052_0052.jpg 1 83 53 52 52
1037_0080_0041_0057_0057.jpg 1 80 41 57 57
1038_0064_0064_0076_0076.jpg 1 64 64 76 76
1039_0026_0084_0031_0031.jpg 1 26 84 31 31
1040_0037_0065_0059_0059.jpg 1 37 65 59 59
1041_0038_0053_0074_0074.jpg 1 38 53 74 74
1042_0024_0041_0068_0068.jpg 1 24 41 68 68
1043_0078_0040_0037_0037.jpg 1 78 40 37 37
1044_0089_0081_0035_0035.jpg 1 89 81 35 35
1045_0044_0032_0045_0045.jpg 1 44 32 45 45
1046_0050_0056_0086_0086.jpg 1 50 56 86 86
1047_0025_0040_0093_0093.jpg 1 25 40 93 93
1048_0023_0007_0098_0098.jpg 1 23 7 98 98
1049_0048_0019_0057_0057.jpg 1 48 19 57 57
1050_0033_0024_0031_0031.jpg 1 33 24 31 31
1051_0053_0016_0063_0063.jpg 1 53 16 63 63
1052_0071_0078_0054_0054.jpg 1 71 78 54 54
1053_0098_0021_0038_0038.jpg 1 98 21 38 38
1054_0068_0066_0073_0073.jpg 1 68 66 73 73
1055_0089_0098_0031_0031.jpg 1 89 98 31 31
1056_0079_0081_0054_0054.jpg 1 79 81 54 54
1057_0022_0023_0067_0067.jpg 1 22 23 67 67
1058_0018_0023_0062_0062.jpg 1 18 23 62 62
1059_0037_0039_0099_0099.jpg 1 37 39 99 99
1060_0046_0059_0039_0039.jpg 1 46 59 39 39
1061_0035_0012_0085_0085.jpg 1 35 12 85 85
1062_0037_0042_0080_0080.jpg 1 37 42 80 80
1063_0052_0068_0044_0044.jpg 1 52 68 44 44
1064_0023_0025_0095_0095.jpg 1 23 25 95 95
1065_0017_0037_0072_0072.jpg 1 17 37 72 72
1066_0051_0016_0082_0082.jpg 1 51 16 82 82
1067_0042_0086_0046_0046.jpg 1 42 86 46 46
1068_0011_0021_0089_0089.jpg 1 11 21 89 89
1069_0041_0024_0098_0098.jpg 1 41 24 98 98
1070_0010_0043_0101_0101.jpg 1 10 43 101 101
1071_0079_0015_0056_0056.jpg 1 79 15 56 56
1072_0037_0054_0076_0076.jpg 1 37 54 76 76
1073_0022_0014_0064_0064.jpg 1 22 14 64 64
1074_0074_0098_0038_0038.jpg 1 74 98 38 38
1075_0005_0011_0103_0103.jpg 1 5 11 103 103
1076_0086_0077_0035_0035.jpg 1 86 77 35 35
1077_0040_0058_0050_0050.jpg 1 40 58 50 50
1078_0046_0020_0038_0038.jpg 1 46 20 38 38
1079_0007_0047_0093_0093.jpg 1 7 47 93 93
1080_0091_0026_0027_0027.jpg 1 91 26 27 27
1081_0078_0096_0038_0038.jpg 1 78 96 38 38
1082_0067_0055_0059_0059.jpg 1 67 55 59 59
1083_0026_0050_0072_0072.jpg 1 26 50 72 72
1084_0009_0017_0078_0078.jpg 1 9 17 78 78
1085_0060_0049_0041_0041.jpg 1 60 49 41 41
1086_0071_0041_0049_0049.jpg 1 71 41 49 49
1087_0029_0027_0049_0049.jpg 1 29 27 49 49
1088_0017_0025_0052_0052.jpg 1 17 25 52 52
1089_0033_0036_0102_0102.jpg 1 33 36 102 102
1090_0009_0046_0080_0080.jpg 1 9 46 80 80
1091_0078_0022_0057_0057.jpg 1 78 22 57 57
1092_0053_0091_0025_0025.jpg 1 53 91 25 25
1093_0041_0073_0038_0038.jpg 1 41 73 38 38
1094_0068_0053_0065_0065.jpg 1 68 53 65 65
1095_0014_0044_0099_0099.jpg 1 14 44 99 99
1096_0026_0038_0057_0057.jpg 1 26 38 57 57
1097_0030_0017_0065_0065.jpg 1 30 17 65 65
1098_0059_0057_0069_0069.jpg 1 59 57 69 69
1099_0034_0090_0038_0038.jpg 1 34 90 38 38
1100_0089_0065_0030_0030.jpg 1 89 65 30 30
1101_0064_0016_0071_0071.jpg 1 64 16 71 71
1102_0086_0034_0051_0051.jpg 1 86 34 51 51
1103_0077_0071_0024_0024.jpg 1 77 71 24 24
1104_0065_0022_0053_0053.jpg 1 65 22 53 53
1105_0085_0017_0032_0032.jpg 1 85 17 32 32
1106_0080_0101_0031_0031.jpg 1 80 101 31 31
1107_0026_0063_0079_0079.jpg 1 26 63 79 79
1108_0028_0042_0100_0100.jpg 1 28 42 100 100
1109_0067_0054_0056_0056.jpg 1 67 54 56 56
1110_0015_0061_0082_0082.jpg 1 15 61 82 82
1111_0025_0033_0098_0098.jpg 1 25 33 98 98
1112_0011_0055_0079_0079.jpg 1 11 55 79 79
1113_0056_0093_0034_0034.jpg 1 56 93 34 34
1114_0031_0009_0074_0074.jpg 1 31 9 74 74
1115_0037_0057_0065_0065.jpg 1 37 57 65 65
1116_0098_0104_0028_0028.jpg 1 98 104 28 28
1117_0033_0043_0091_0091.jpg 1 33 43 91 91
1118_0102_0039_0031_0031.jpg 1 102 39 31 31
1119_0010_0036_0052_0052.jpg 1 10 36 52 52
1120_0016_0053_0083_0083.jpg 1 16 53 83 83
1121_0027_0015_0087_0087.jpg 1 27 15 87 87
1122_0030_0051_0041_0041.jpg 1 30 51 41 41
1123_0047_0029_0074_0074.jpg 1 47 29 74 74
1124_0083_0072_0049_0049.jpg 1 83 72 49 49
1125_0037_0020_0095_0095.jpg 1 37 20 95 95
1126_0065_0019_0069_0069.jpg 1 65 19 69 69
1127_0028_0068_0045_0045.jpg 1 28 68 45 45
1128_0048_0031_0094_0094.jpg 1 48 31 94 94
1129_0064_0015_0073_0073.jpg 1 64 15 73 73
1130_0030_0021_0054_0054.jpg 1 30 21 54 54
1131_0076_0019_0055_0055.jpg 1 76 19 55 55
1132_0026_0025_0097_0097.jpg 1 26 25 97 97
1133_0009_0033_0079_0079.jpg 1 9 33 79 79
1134_0067_0030_0067_0067.jpg 1 67 30 67 67
1135_0022_0094_0039_0039.jpg 1 22 94 39 39
1136_0017_0017_0104_0104.jpg 1 17 17 104 104
1137_0021_0066_0065_0065.jpg 1 21 66 65 65
1138_0036_0042_0084_0084.jpg 1 36 42 84 84
1139_0049_0014_0067_0067.jpg 1 49 14 67 67
1140_0018_0029_0067_0067.jpg 1 18 29 67 67
1141_0025_0013_0041_0041.jpg 1 25 13 41 41
1142_0066_0084_0048_0048.jpg 1 66 84 48 48
1143_0021_0061_0049_0049.jpg 1 21 61 49 49
