0001_0046_0058_0079_0079.jpg 1 46 58 79 79
0002_0021_0033_0103_0103.jpg 1 21 33 103 103
0003_0072_0076_0050_0050.jpg 1 72 76 50 50
0004_0069_0023_0059_0059.jpg 1 69 23 59 59
0005_0073_0038_0067_0067.jpg 1 73 38 67 67
0006_0063_0058_0075_0075.jpg 1 63 58 75 75
0007_0034_0073_0033_0033.jpg 1 34 73 33 33
0008_0072_0090_0036_0036.jpg 1 72 90 36 36
0009_0044_0033_0094_0094.jpg 1 44 33 94 94
0010_0058_0012_0056_0056.jpg 1 58 12 56 56
0011_0095_0028_0028_0028.jpg 1 95 28 28 28
0012_0027_0045_0084_0084.jpg 1 27 45 84 84
0013_0073_0049_0040_0040.jpg 1 73 49 40 40
0014_0021_0019_0100_0100.jpg 1 21 19 100 100
0015_0046_0063_0055_0055.jpg 1 46 63 55 55
0016_0015_0044_0057_0057.jpg 1 15 44 57 57
0017_0011_0059_0063_0063.jpg 1 11 59 63 63
0018_0033_0037_0084_0084.jpg 1 33 37 84 84
0019_0012_0059_0038_0038.jpg 1 12 59 38 38
0020_0048_0062_0067_0067.jpg 1 48 62 67 67
0021_0052_0041_0091_0091.jpg 1 52 41 91 91
0022_0025_0056_0036_0036.jpg 1 25 56 36 36
0023_0021_0070_0057_0057.jpg 1 21 70 57 57
0024_0010_0035_0064_0064.jpg 1 10 35 64 64
0025_0023_0014_0097_0097.jpg 1 23 14 97 97
0026_0068_0084_0030_0030.jpg 1 68 84 30 30
0027_0020_0035_0064_0064.jpg 1 20 35 64 64
0028_0039_0018_0047_0047.jpg 1 39 18 47 47
0029_0033_0072_0061_0061.jpg 1 33 72 61 61
0030_0042_0038_0079_0079.jpg 1 42 38 79 79
0031_0038_0027_0102_0102.jpg 1 38 27 102 102
0032_0059_0011_0058_0058.jpg 1 59 11 58 58
0033_0079_0088_0034_0034.jpg 1 79 88 34 34
0034_0042_0033_0087_0087.jpg 1 42 33 87 87
0035_0060_0017_0058_0058.jpg 1 60 17 58 58
0036_0039_0060_0064_0064.jpg 1 39 60 64 64
0037_0044_0033_0064_0064.jpg 1 44 33 64 64
0038_0055_0080_0055_0055.jpg 1 55 80 55 55
0039_0013_0053_0068_0068.jpg 1 13 53 68 68
0040_0015_0029_0099_0099.jpg 1 15 29 99 99
0041_0076_0032_0062_0062.jpg 1 76 32 62 62
0042_0027_0027_0081_0081.jpg 1 27 27 81 81
0043_0006_0044_0100_0100.jpg 1 6 44 100 100
0044_0017_0059_0060_0060.jpg 1 17 59 60 60
0045_0008_0038_0104_0104.jpg 1 8 38 104 104
0046_0040_0064_0042_0042.jpg 1 40 64 42 42
0047_0051_0028_0079_0079.jpg 1 51 28 79 79
0048_0023_0037_0024_0024.jpg 1 23 37 24 24
0049_0081_0064_0028_0028.jpg 1 81 64 28 28
0050_0022_0021_0098_0098.jpg 1 22 21 98 98
0051_0032_0018_0061_0061.jpg 1 32 18 61 61
0052_0013_0015_0029_0029.jpg 1 13 15 29 29
0053_0037_0078_0040_0040.jpg 1 37 78 40 40
0054_0027_0028_0059_0059.jpg 1 27 28 59 59
0055_0067_0045_0041_0041.jpg 1 67 45 41 41
0056_0034_0043_0102_0102.jpg 1 34 43 102 102
0057_0090_0048_0028_0028.jpg 1 90 48 28 28
0058_0076_0037_0049_0049.jpg 1 76 37 49 49
0059_0077_0043_0063_0063.jpg 1 77 43 63 63
0060_0093_0014_0028_0028.jpg 1 93 14 28 28
0061_0063_0091_0025_0025.jpg 1 63 91 25 25
0062_0043_0036_0026_0026.jpg 1 43 36 26 26
0063_0009_0016_0104_0104.jpg 1 9 16 104 104
0064_0018_0026_0072_0072.jpg 1 18 26 72 72
0065_0024_0053_0034_0034.jpg 1 24 53 34 34
0066_0087_0063_0043_0043.jpg 1 87 63 43 43
0067_0012_0032_0091_0091.jpg 1 12 32 91 91
0068_0080_0027_0051_0051.jpg 1 80 27 51 51
0069_0018_0081_0054_0054.jpg 1 18 81 54 54
0070_0016_0028_0096_0096.jpg 1 16 28 96 96
0071_0073_0062_0024_0024.jpg 1 73 62 24 24
0072_0063_0042_0047_0047.jpg 1 63 42 47 47
0073_0022_0106_0029_0029.jpg 1 22 106 29 29
0074_0062_0025_0062_0062.jpg 1 62 25 62 62
0075_0049_0064_0029_0029.jpg 1 49 64 29 29
0076_0057_0009_0076_0076.jpg 1 57 9 76 76
0077_0060_0009_0060_0060.jpg 1 60 9 60 60
0078_0041_0031_0064_0064.jpg 1 41 31 64 64
0079_0011_0034_0088_0088.jpg 1 11 34 88 88
0080_0010_0043_0080_0080.jpg 1 10 43 80 80
0081_0025_0031_0084_0084.jpg 1 25 31 84 84
0082_0044_0083_0049_0049.jpg 1 44 83 49 49
0083_0038_0051_0075_0075.jpg 1 38 51 75 75
0084_0051_0087_0024_0024.jpg 1 51 87 24 24
0085_0019_0013_0071_0071.jpg 1 19 13 71 71
0086_0053_0020_0061_0061.jpg 1 53 20 61 61
0087_0049_0101_0031_0031.jpg 1 49 101 31 31
0088_0029_0038_0097_0097.jpg 1 29 38 97 97
0089_0043_0029_0050_0050.jpg 1 43 29 50 50
0090_0086_0084_0046_0046.jpg 1 86 84 46 46
0091_0034_0026_0085_0085.jpg 1 34 26 85 85
0092_0034_0081_0030_0030.jpg 1 34 81 30 30
0093_0047_0019_0090_0090.jpg 1 47 19 90 90
0094_0032_0026_0097_0097.jpg 1 32 26 97 97
0095_0008_0038_0104_0104.jpg 1 8 38 104 104
0096_0104_0045_0027_0027.jpg 1 104 45 27 27
0097_0023_0016_0101_0101.jpg 1 23 16 101 101
0098_0039_0012_0090_0090.jpg 1 39 12 90 90
0099_0034_0028_0074_0074.jpg 1 34 28 74 74
0100_0020_0013_0083_0083.jpg 1 20 13 83 83
0101_0073_0075_0050_0050.jpg 1 73 75 50 50
0102_0017_0045_0072_0072.jpg 1 17 45 72 72
0103_0030_0011_0073_0073.jpg 1 30 11 73 73
0104_0023_0072_0044_0044.jpg 1 23 72 44 44
0105_0046_0052_0045_0045.jpg 1 46 52 45 45
0106_0016_0032_0086_0086.jpg 1 16 32 86 86
0107_0050_0019_0088_0088.jpg 1 50 19 88 88
0108_0048_0040_0096_0096.jpg 1 48 40 96 96
0109_0021_0070_0045_0045.jpg 1 21 70 45 45
0110_0018_0029_0063_0063.jpg 1 18 29 63 63
0111_0013_0016_0089_0089.jpg 1 13 16 89 89
0112_0040_0007_0085_0085.jpg 1 40 7 85 85
0113_0071_0079_0053_0053.jpg 1 71 79 53 53
0114_0032_0062_0064_0064.jpg 1 32 62 64 64
0115_0018_0040_0101_0101.jpg 1 18 40 101 101
0116_0030_0051_0080_0080.jpg 1 30 51 80 80
0117_0028_0030_0067_0067.jpg 1 28 30 67 67
0118_0080_0040_0060_0060.jpg 1 80 40 60 60
0119_0010_0055_0088_0088.jpg 1 10 55 88 88
0120_0051_0054_0034_0034.jpg 1 51 54 34 34
0121_0042_0059_0046_0046.jpg 1 42 59 46 46
0122_0013_0072_0060_0060.jpg 1 13 72 60 60
0123_0036_0044_0100_0100.jpg 1 36 44 100 100
0124_0042_0062_0058_0058.jpg 1 42 62 58 58
0125_0092_0083_0027_0027.jpg 1 92 83 27 27
0126_0060_0088_0051_0051.jpg 1 60 88 51 51
0127_0050_0036_0091_0091.jpg 1 50 36 91 91
0128_0035_0051_0045_0045.jpg 1 35 51 45 45
0129_0098_0072_0033_0033.jpg 1 98 72 33 33
0130_0051_0022_0047_0047.jpg 1 51 22 47 47
0131_0032_0054_0024_0024.jpg 1 32 54 24 24
0132_0104_0078_0024_0024.jpg 1 104 78 24 24
0133_0008_0028_0083_0083.jpg 1 8 28 83 83
0134_0044_0045_0043_0043.jpg 1 44 45 43 43
0135_0040_0068_0025_0025.jpg 1 40 68 25 25
0136_0045_0014_0060_0060.jpg 1 45 14 60 60
0137_0020_0031_0101_0101.jpg 1 20 31 101 101
0138_0030_0043_0090_0090.jpg 1 30 43 90 90
0139_0033_0073_0024_0024.jpg 1 33 73 24 24
0140_0009_0041_0088_0088.jpg 1 9 41 88 88
0141_0078_0060_0036_0036.jpg 1 78 60 36 36
0142_0028_0031_0050_0050.jpg 1 28 31 50 50
0143_0067_0054_0047_0047.jpg 1 67 54 47 47
0144_0065_0081_0041_0041.jpg 1 65 81 41 41
0145_0098_0101_0032_0032.jpg 1 98 101 32 32
0146_0048_0034_0029_0029.jpg 1 48 34 29 29
0147_0063_0024_0062_0062.jpg 1 63 24 62 62
0148_0043_0040_0074_0074.jpg 1 43 40 74 74
0149_0033_0052_0030_0030.jpg 1 33 52 30 30
0150_0044_0047_0083_0083.jpg 1 44 47 83 83
0151_0013_0032_0101_0101.jpg 1 13 32 101 101
0152_0034_0038_0059_0059.jpg 1 34 38 59 59
0153_0011_0044_0068_0068.jpg 1 11 44 68 68
0154_0081_0097_0028_0028.jpg 1 81 97 28 28
0155_0064_0064_0054_0054.jpg 1 64 64 54 54
0156_0019_0061_0037_0037.jpg 1 19 61 37 37
0157_0023_0015_0055_0055.jpg 1 23 15 55 55
0158_0053_0058_0080_0080.jpg 1 53 58 80 80
0159_0012_0048_0088_0088.jpg 1 12 48 88 88
0160_0038_0040_0063_0063.jpg 1 38 40 63 63
0161_0042_0041_0099_0099.jpg 1 42 41 99 99
0162_0024_0008_0101_0101.jpg 1 24 8 101 101
0163_0080_0072_0040_0040.jpg 1 80 72 40 40
0164_0047_0057_0052_0052.jpg 1 47 57 52 52
0165_0040_0040_0094_0094.jpg 1 40 40 94 94
0166_0037_0093_0029_0029.jpg 1 37 93 29 29
0167_0042_0023_0061_0061.jpg 1 42 23 61 61
0168_0071_0083_0027_0027.jpg 1 71 83 27 27
0169_0057_0056_0083_0083.jpg 1 57 56 83 83
0170_0036_0050_0089_0089.jpg 1 36 50 89 89
0171_0102_0098_0028_0028.jpg 1 102 98 28 28
0172_0021_0025_0103_0103.jpg 1 21 25 103 103
0173_0010_0038_0068_0068.jpg 1 10 38 68 68
0174_0019_0077_0059_0059.jpg 1 19 77 59 59
0175_0078_0079_0043_0043.jpg 1 78 79 43 43
0176_0005_0040_0098_0098.jpg 1 5 40 98 98
0177_0050_0081_0055_0055.jpg 1 50 81 55 55
0178_0043_0077_0034_0034.jpg 1 43 77 34 34
0179_0075_0073_0060_0060.jpg 1 75 73 60 60
0180_0036_0055_0069_0069.jpg 1 36 55 69 69
0181_0015_0034_0065_0065.jpg 1 15 34 65 65
0182_0033_0016_0101_0101.jpg 1 33 16 101 101
0183_0037_0070_0029_0029.jpg 1 37 70 29 29
0184_0031_0020_0104_0104.jpg 1 31 20 104 104
0185_0064_0071_0069_0069.jpg 1 64 71 69 69
0186_0063_0011_0045_0045.jpg 1 63 11 45 45
0187_0106_0066_0029_0029.jpg 1 106 66 29 29
0188_0026_0025_0072_0072.jpg 1 26 25 72 72
0189_0069_0067_0055_0055.jpg 1 69 67 55 55
0190_0024_0027_0048_0048.jpg 1 24 27 48 48
0191_0048_0013_0081_0081.jpg 1 48 13 81 81
0192_0046_0055_0078_0078.jpg 1 46 55 78 78
0193_0022_0045_0059_0059.jpg 1 22 45 59 59
0194_0060_0051_0040_0040.jpg 1 60 51 40 40
0195_0033_0047_0077_0077.jpg 1 33 47 77 77
0196_0037_0023_0101_0101.jpg 1 37 23 101 101
0197_0030_0032_0085_0085.jpg 1 30 32 85 85
0198_0032_0012_0062_0062.jpg 1 32 12 62 62
0199_0024_0058_0045_0045.jpg 1 24 58 45 45
0200_0050_0063_0079_0079.jpg 1 50 63 79 79
0201_0068_0012_0051_0051.jpg 1 68 12 51 51
0202_0030_0057_0047_0047.jpg 1 30 57 47 47
0203_0042_0011_0099_0099.jpg 1 42 11 99 99
0204_0062_0061_0056_0056.jpg 1 62 61 56 56
0205_0024_0030_0091_0091.jpg 1 24 30 91 91
0206_0065_0060_0071_0071.jpg 1 65 60 71 71
0207_0082_0012_0040_0040.jpg 1 82 12 40 40
0208_0043_0040_0100_0100.jpg 1 43 40 100 100
0209_0013_0020_0097_0097.jpg 1 13 20 97 97
0210_0015_0011_0090_0090.jpg 1 15 11 90 90
0211_0025_0040_0090_0090.jpg 1 25 40 90 90
0212_0036_0046_0086_0086.jpg 1 36 46 86 86
0213_0047_0037_0094_0094.jpg 1 47 37 94 94
0214_0022_0053_0028_0028.jpg 1 22 53 28 28
0215_0033_0017_0104_0104.jpg 1 33 17 104 104
0216_0051_0025_0048_0048.jpg 1 51 25 48 48
0217_0016_0044_0095_0095.jpg 1 16 44 95 95
0218_0044_0080_0033_0033.jpg 1 44 80 33 33
0219_0062_0034_0069_0069.jpg 1 62 34 69 69
0220_0013_0050_0024_0024.jpg 1 13 50 24 24
0221_0029_0050_0035_0035.jpg 1 29 50 35 35
0222_0083_0060_0055_0055.jpg 1 83 60 55 55
0223_0021_0060_0028_0028.jpg 1 21 60 28 28
0224_0038_0009_0095_0095.jpg 1 38 9 95 95
0225_0009_0056_0070_0070.jpg 1 9 56 70 70
0226_0059_0011_0077_0077.jpg 1 59 11 77 77
0227_0064_0106_0030_0030.jpg 1 64 106 30 30
0228_0060_0068_0051_0051.jpg 1 60 68 51 51
0229_0035_0023_0098_0098.jpg 1 35 23 98 98
0230_0007_0048_0075_0075.jpg 1 7 48 75 75
0231_0082_0036_0044_0044.jpg 1 82 36 44 44
0232_0067_0036_0065_0065.jpg 1 67 36 65 65
0233_0016_0039_0044_0044.jpg 1 16 39 44 44
0234_0081_0050_0057_0057.jpg 1 81 50 57 57
0235_0044_0015_0077_0077.jpg 1 44 15 77 77
0236_0012_0048_0025_0025.jpg 1 12 48 25 25
0237_0051_0051_0085_0085.jpg 1 51 51 85 85
0238_0011_0038_0086_0086.jpg 1 11 38 86 86
0239_0033_0063_0046_0046.jpg 1 33 63 46 46
0240_0013_0030_0085_0085.jpg 1 13 30 85 85
0241_0046_0085_0026_0026.jpg 1 46 85 26 26
0242_0011_0005_0095_0095.jpg 1 11 5 95 95
0243_0048_0019_0084_0084.jpg 1 48 19 84 84
0244_0036_0032_0078_0078.jpg 1 36 32 78 78
0245_0095_0048_0043_0043.jpg 1 95 48 43 43
0246_0054_0060_0048_0048.jpg 1 54 60 48 48
0247_0074_0058_0025_0025.jpg 1 74 58 25 25
0248_0075_0015_0049_0049.jpg 1 75 15 49 49
0249_0019_0065_0034_0034.jpg 1 19 65 34 34
0250_0034_0010_0094_0094.jpg 1 34 10 94 94
0251_0029_0034_0078_0078.jpg 1 29 34 78 78
0252_0035_0085_0025_0025.jpg 1 35 85 25 25
0253_0016_0092_0040_0040.jpg 1 16 92 40 40
0254_0058_0072_0056_0056.jpg 1 58 72 56 56
0255_0039_0025_0099_0099.jpg 1 39 25 99 99
0256_0031_0037_0099_0099.jpg 1 31 37 99 99
0257_0023_0063_0046_0046.jpg 1 23 63 46 46
0258_0029_0075_0062_0062.jpg 1 29 75 62 62
0259_0042_0017_0093_0093.jpg 1 42 17 93 93
0260_0026_0026_0095_0095.jpg 1 26 26 95 95
0261_0067_0023_0035_0035.jpg 1 67 23 35 35
0262_0010_0035_0089_0089.jpg 1 10 35 89 89
0263_0062_0063_0038_0038.jpg 1 62 63 38 38
0264_0070_0015_0070_0070.jpg 1 70 15 70 70
0265_0023_0080_0055_0055.jpg 1 23 80 55 55
0266_0037_0014_0101_0101.jpg 1 37 14 101 101
0267_0060_0071_0057_0057.jpg 1 60 71 57 57
0268_0010_0016_0104_0104.jpg 1 10 16 104 104
0269_0051_0021_0092_0092.jpg 1 51 21 92 92
0270_0073_0010_0055_0055.jpg 1 73 10 55 55
0271_0014_0049_0061_0061.jpg 1 14 49 61 61
0272_0054_0036_0072_0072.jpg 1 54 36 72 72
0273_0085_0027_0047_0047.jpg 1 85 27 47 47
0274_0053_0043_0071_0071.jpg 1 53 43 71 71
0275_0017_0055_0074_0074.jpg 1 17 55 74 74
0276_0005_0019_0100_0100.jpg 1 5 19 100 100
0277_0025_0023_0025_0025.jpg 1 25 23 25 25
0278_0097_0012_0041_0041.jpg 1 97 12 41 41
0279_0018_0040_0080_0080.jpg 1 18 40 80 80
0280_0060_0016_0041_0041.jpg 1 60 16 41 41
0281_0076_0045_0065_0065.jpg 1 76 45 65 65
0282_0061_0077_0047_0047.jpg 1 61 77 47 47
0283_0073_0048_0039_0039.jpg 1 73 48 39 39
0284_0059_0063_0050_0050.jpg 1 59 63 50 50
0285_0076_0038_0051_0051.jpg 1 76 38 51 51
0286_0085_0014_0024_0024.jpg 1 85 14 24 24
0287_0051_0032_0062_0062.jpg 1 51 32 62 62
0288_0025_0027_0053_0053.jpg 1 25 27 53 53
0289_0039_0059_0076_0076.jpg 1 39 59 76 76
0290_0076_0088_0049_0049.jpg 1 76 88 49 49
0291_0048_0035_0094_0094.jpg 1 48 35 94 94
0292_0031_0053_0090_0090.jpg 1 31 53 90 90
0293_0023_0032_0091_0091.jpg 1 23 32 91 91
0294_0054_0030_0082_0082.jpg 1 54 30 82 82
0295_0043_0041_0080_0080.jpg 1 43 41 80 80
0296_0037_0032_0078_0078.jpg 1 37 32 78 78
0297_0028_0046_0077_0077.jpg 1 28 46 77 77
0298_0031_0085_0031_0031.jpg 1 31 85 31 31
0299_0022_0009_0100_0100.jpg 1 22 9 100 100
0300_0055_0045_0038_0038.jpg 1 55 45 38 38
0301_0024_0041_0101_0101.jpg 1 24 41 101 101
0302_0023_0058_0032_0032.jpg 1 23 58 32 32
0303_0047_0043_0031_0031.jpg 1 47 43 31 31
0304_0033_0041_0069_0069.jpg 1 33 41 69 69
0305_0011_0029_0084_0084.jpg 1 11 29 84 84
0306_0020_0058_0033_0033.jpg 1 20 58 33 33
0307_0008_0009_0074_0074.jpg 1 8 9 74 74
0308_0015_0035_0043_0043.jpg 1 15 35 43 43
0309_0028_0052_0064_0064.jpg 1 28 52 64 64
0310_0045_0035_0028_0028.jpg 1 45 35 28 28
0311_0026_0063_0032_0032.jpg 1 26 63 32 32
0312_0105_0085_0030_0030.jpg 1 105 85 30 30
0313_0024_0029_0055_0055.jpg 1 24 29 55 55
0314_0026_0022_0039_0039.jpg 1 26 22 39 39
0315_0038_0011_0081_0081.jpg 1 38 11 81 81
0316_0089_0053_0047_0047.jpg 1 89 53 47 47
0317_0047_0014_0079_0079.jpg 1 47 14 79 79
0318_0052_0042_0049_0049.jpg 1 52 42 49 49
0319_0076_0058_0061_0061.jpg 1 76 58 61 61
0320_0095_0077_0031_0031.jpg 1 95 77 31 31
0321_0046_0051_0090_0090.jpg 1 46 51 90 90
0322_0095_0021_0024_0024.jpg 1 95 21 24 24
0323_0075_0078_0059_0059.jpg 1 75 78 59 59
0324_0011_0035_0091_0091.jpg 1 11 35 91 91
0325_0064_0063_0053_0053.jpg 1 64 63 53 53
0326_0040_0012_0103_0103.jpg 1 40 12 103 103
0327_0053_0073_0059_0059.jpg 1 53 73 59 59
0328_0047_0033_0071_0071.jpg 1 47 33 71 71
0329_0022_0028_0061_0061.jpg 1 22 28 61 61
0330_0095_0056_0026_0026.jpg 1 95 56 26 26
0331_0021_0070_0067_0067.jpg 1 21 70 67 67
0332_0015_0017_0067_0067.jpg 1 15 17 67 67
0333_0016_0011_0060_0060.jpg 1 16 11 60 60
0334_0022_0029_0078_0078.jpg 1 22 29 78 78
0335_0025_0008_0099_0099.jpg 1 25 8 99 99
0336_0086_0011_0038_0038.jpg 1 86 11 38 38
0337_0043_0074_0042_0042.jpg 1 43 74 42 42
0338_0070_0016_0034_0034.jpg 1 70 16 34 34
0339_0012_0025_0079_0079.jpg 1 12 25 79 79
0340_0064_0029_0076_0076.jpg 1 64 29 76 76
0341_0037_0053_0073_0073.jpg 1 37 53 73 73
0342_0055_0098_0033_0033.jpg 1 55 98 33 33
0343_0093_0024_0041_0041.jpg 1 93 24 41 41
0344_0013_0068_0058_0058.jpg 1 13 68 58 58
0345_0015_0027_0091_0091.jpg 1 15 27 91 91
0346_0015_0010_0050_0050.jpg 1 15 10 50 50
0347_0043_0039_0062_0062.jpg 1 43 39 62 62
0348_0053_0064_0049_0049.jpg 1 53 64 49 49
0349_0012_0034_0071_0071.jpg 1 12 34 71 71
0350_0042_0021_0056_0056.jpg 1 42 21 56 56
0351_0039_0056_0033_0033.jpg 1 39 56 33 33
0352_0087_0089_0040_0040.jpg 1 87 89 40 40
0353_0039_0028_0077_0077.jpg 1 39 28 77 77
0354_0090_0023_0039_0039.jpg 1 90 23 39 39
0355_0018_0027_0103_0103.jpg 1 18 27 103 103
0356_0008_0025_0103_0103.jpg 1 8 25 103 103
0357_0066_0012_0076_0076.jpg 1 66 12 76 76
0358_0030_0073_0060_0060.jpg 1 30 73 60 60
0359_0042_0036_0093_0093.jpg 1 42 36 93 93
0360_0067_0079_0028_0028.jpg 1 67 79 28 28
0361_0027_0045_0065_0065.jpg 1 27 45 65 65
0362_0066_0097_0038_0038.jpg 1 66 97 38 38
0363_0044_0038_0100_0100.jpg 1 44 38 100 100
0364_0033_0035_0098_0098.jpg 1 33 35 98 98
0365_0035_0030_0065_0065.jpg 1 35 30 65 65
0366_0087_0055_0030_0030.jpg 1 87 55 30 30
0367_0042_0086_0031_0031.jpg 1 42 86 31 31
0368_0027_0059_0077_0077.jpg 1 27 59 77 77
0369_0039_0019_0095_0095.jpg 1 39 19 95 95
0370_0041_0007_0074_0074.jpg 1 41 7 74 74
0371_0037_0008_0104_0104.jpg 1 37 8 104 104
0372_0007_0030_0103_0103.jpg 1 7 30 103 103
0373_0010_0012_0077_0077.jpg 1 10 12 77 77
0374_0067_0065_0060_0060.jpg 1 67 65 60 60
0375_0031_0016_0064_0064.jpg 1 31 16 64 64
0376_0005_0042_0092_0092.jpg 1 5 42 92 92
0377_0052_0058_0054_0054.jpg 1 52 58 54 54
0378_0041_0048_0090_0090.jpg 1 41 48 90 90
0379_0036_0043_0097_0097.jpg 1 36 43 97 97
0380_0025_0047_0042_0042.jpg 1 25 47 42 42
0381_0024_0049_0051_0051.jpg 1 24 49 51 51
0382_0034_0051_0090_0090.jpg 1 34 51 90 90
0383_0059_0097_0032_0032.jpg 1 59 97 32 32
0384_0029_0039_0085_0085.jpg 1 29 39 85 85
0385_0014_0033_0060_0060.jpg 1 14 33 60 60
0386_0056_0033_0068_0068.jpg 1 56 33 68 68
0387_0031_0048_0070_0070.jpg 1 31 48 70 70
0388_0052_0033_0089_0089.jpg 1 52 33 89 89
0389_0040_0080_0046_0046.jpg 1 40 80 46 46
0390_0014_0016_0098_0098.jpg 1 14 16 98 98
0391_0016_0036_0074_0074.jpg 1 16 36 74 74
0392_0040_0027_0082_0082.jpg 1 40 27 82 82
0393_0096_0043_0024_0024.jpg 1 96 43 24 24
0394_0037_0043_0096_0096.jpg 1 37 43 96 96
0395_0083_0079_0040_0040.jpg 1 83 79 40 40
0396_0061_0020_0076_0076.jpg 1 61 20 76 76
0397_0058_0069_0064_0064.jpg 1 58 69 64 64
0398_0027_0020_0089_0089.jpg 1 27 20 89 89
0399_0062_0069_0070_0070.jpg 1 62 69 70 70
0400_0074_0056_0048_0048.jpg 1 74 56 48 48
0401_0074_0046_0046_0046.jpg 1 74 46 46 46
0402_0035_0033_0077_0077.jpg 1 35 33 77 77
0403_0017_0060_0064_0064.jpg 1 17 60 64 64
0404_0049_0041_0072_0072.jpg 1 49 41 72 72
0405_0026_0083_0036_0036.jpg 1 26 83 36 36
0406_0029_0013_0067_0067.jpg 1 29 13 67 67
0407_0019_0012_0079_0079.jpg 1 19 12 79 79
0408_0034_0019_0072_0072.jpg 1 34 19 72 72
0409_0025_0022_0039_0039.jpg 1 25 22 39 39
0410_0047_0033_0055_0055.jpg 1 47 33 55 55
0411_0042_0011_0074_0074.jpg 1 42 11 74 74
0412_0029_0036_0104_0104.jpg 1 29 36 104 104
0413_0018_0059_0076_0076.jpg 1 18 59 76 76
0414_0025_0072_0039_0039.jpg 1 25 72 39 39
0415_0054_0050_0084_0084.jpg 1 54 50 84 84
0416_0061_0078_0035_0035.jpg 1 61 78 35 35
0417_0032_0023_0096_0096.jpg 1 32 23 96 96
0418_0028_0062_0073_0073.jpg 1 28 62 73 73
0419_0014_0077_0026_0026.jpg 1 14 77 26 26
0420_0020_0050_0091_0091.jpg 1 20 50 91 91
0421_0062_0026_0029_0029.jpg 1 62 26 29 29
0422_0020_0012_0102_0102.jpg 1 20 12 102 102
0423_0086_0070_0036_0036.jpg 1 86 70 36 36
0424_0089_0047_0044_0044.jpg 1 89 47 44 44
0425_0037_0038_0058_0058.jpg 1 37 38 58 58
0426_0038_0027_0098_0098.jpg 1 38 27 98 98
0427_0032_0104_0025_0025.jpg 1 32 104 25 25
0428_0016_0040_0055_0055.jpg 1 16 40 55 55
0429_0041_0041_0089_0089.jpg 1 41 41 89 89
0430_0101_0102_0035_0035.jpg 1 101 102 35 35
0431_0011_0039_0099_0099.jpg 1 11 39 99 99
0432_0040_0012_0044_0044.jpg 1 40 12 44 44
0433_0023_0101_0026_0026.jpg 1 23 101 26 26
0434_0046_0032_0094_0094.jpg 1 46 32 94 94
0435_0018_0062_0068_0068.jpg 1 18 62 68 68
0436_0011_0046_0095_0095.jpg 1 11 46 95 95
0437_0061_0044_0067_0067.jpg 1 61 44 67 67
0438_0049_0041_0057_0057.jpg 1 49 41 57 57
0439_0017_0032_0073_0073.jpg 1 17 32 73 73
0440_0057_0039_0067_0067.jpg 1 57 39 67 67
0441_0020_0046_0048_0048.jpg 1 20 46 48 48
0442_0046_0065_0046_0046.jpg 1 46 65 46 46
0443_0036_0036_0037_0037.jpg 1 36 36 37 37
0444_0019_0021_0091_0091.jpg 1 19 21 91 91
0445_0041_0017_0089_0089.jpg 1 41 17 89 89
0446_0025_0039_0081_0081.jpg 1 25 39 81 81
0447_0035_0074_0052_0052.jpg 1 35 74 52 52
0448_0032_0034_0090_0090.jpg 1 32 34 90 90
0449_0049_0024_0066_0066.jpg 1 49 24 66 66
0450_0034_0013_0042_0042.jpg 1 34 13 42 42
0451_0106_0067_0030_0030.jpg 1 106 67 30 30
0452_0053_0083_0046_0046.jpg 1 53 83 46 46
0453_0017_0044_0047_0047.jpg 1 17 44 47 47
0454_0048_0016_0047_0047.jpg 1 48 16 47 47
0455_0021_0035_0097_0097.jpg 1 21 35 97 97
0456_0011_0025_0097_0097.jpg 1 11 25 97 97
0457_0065_0084_0048_0048.jpg 1 65 84 48 48
0458_0057_0044_0070_0070.jpg 1 57 44 70 70
0459_0062_0074_0061_0061.jpg 1 62 74 61 61
0460_0030_0029_0076_0076.jpg 1 30 29 76 76
0461_0010_0025_0077_0077.jpg 1 10 25 77 77
0462_0021_0015_0045_0045.jpg 1 21 15 45 45
0463_0015_0048_0088_0088.jpg 1 15 48 88 88
0464_0010_0021_0095_0095.jpg 1 10 21 95 95
0465_0083_0051_0054_0054.jpg 1 83 51 54 54
0466_0046_0041_0093_0093.jpg 1 46 41 93 93
0467_0048_0024_0036_0036.jpg 1 48 24 36 36
0468_0048_0050_0089_0089.jpg 1 48 50 89 89
0469_0070_0060_0069_0069.jpg 1 70 60 69 69
0470_0050_0008_0082_0082.jpg 1 50 8 82 82
0471_0011_0055_0087_0087.jpg 1 11 55 87 87
0472_0053_0022_0070_0070.jpg 1 53 22 70 70
0473_0071_0060_0039_0039.jpg 1 71 60 39 39
0474_0028_0035_0098_0098.jpg 1 28 35 98 98
0475_0063_0033_0073_0073.jpg 1 63 33 73 73
0476_0041_0031_0094_0094.jpg 1 41 31 94 94
0477_0012_0035_0097_0097.jpg 1 12 35 97 97
0478_0010_0036_0100_0100.jpg 1 10 36 100 100
0479_0040_0039_0053_0053.jpg 1 40 39 53 53
0480_0013_0047_0077_0077.jpg 1 13 47 77 77
0481_0082_0050_0051_0051.jpg 1 82 50 51 51
0482_0013_0007_0086_0086.jpg 1 13 7 86 86
0483_0054_0060_0031_0031.jpg 1 54 60 31 31
0484_0076_0098_0038_0038.jpg 1 76 98 38 38
0485_0022_0020_0041_0041.jpg 1 22 20 41 41
0486_0061_0024_0071_0071.jpg 1 61 24 71 71
0487_0024_0030_0024_0024.jpg 1 24 30 24 24
0488_0035_0009_0103_0103.jpg 1 35 9 103 103
0489_0069_0008_0072_0072.jpg 1 69 8 72 72
0490_0087_0016_0043_0043.jpg 1 87 16 43 43
0491_0011_0048_0088_0088.jpg 1 11 48 88 88
0492_0036_0030_0045_0045.jpg 1 36 30 45 45
0493_0021_0059_0068_0068.jpg 1 21 59 68 68
0494_0070_0015_0063_0063.jpg 1 70 15 63 63
0495_0040_0065_0043_0043.jpg 1 40 65 43 43
0496_0017_0048_0056_0056.jpg 1 17 48 56 56
0497_0017_0053_0081_0081.jpg 1 17 53 81 81
0498_0035_0045_0058_0058.jpg 1 35 45 58 58
0499_0057_0041_0050_0050.jpg 1 57 41 50 50
0500_0048_0025_0096_0096.jpg 1 48 25 96 96
0501_0025_0031_0079_0079.jpg 1 25 31 79 79
0502_0067_0070_0031_0031.jpg 1 67 70 31 31
0503_0056_0034_0039_0039.jpg 1 56 34 39 39
0504_0029_0052_0080_0080.jpg 1 29 52 80 80
0505_0016_0009_0102_0102.jpg 1 16 9 102 102
0506_0022_0038_0094_0094.jpg 1 22 38 94 94
0507_0058_0069_0068_0068.jpg 1 58 69 68 68
0508_0049_0059_0059_0059.jpg 1 49 59 59 59
0509_0013_0037_0104_0104.jpg 1 13 37 104 104
0510_0007_0046_0092_0092.jpg 1 7 46 92 92
0511_0038_0022_0092_0092.jpg 1 38 22 92 92
0512_0026_0032_0042_0042.jpg 1 26 32 42 42
0513_0034_0067_0039_0039.jpg 1 34 67 39 39
0514_0050_0071_0052_0052.jpg 1 50 71 52 52
0515_0067_0037_0054_0054.jpg 1 67 37 54 54
0516_0058_0052_0085_0085.jpg 1 58 52 85 85
0517_0078_0046_0031_0031.jpg 1 78 46 31 31
0518_0054_0016_0039_0039.jpg 1 54 16 39 39
0519_0061_0021_0075_0075.jpg 1 61 21 75 75
0520_0079_0036_0044_0044.jpg 1 79 36 44 44
0521_0023_0050_0089_0089.jpg 1 23 50 89 89
0522_0020_0030_0098_0098.jpg 1 20 30 98 98
0523_0070_0030_0041_0041.jpg 1 70 30 41 41
0524_0026_0062_0065_0065.jpg 1 26 62 65 65
0525_0031_0050_0081_0081.jpg 1 31 50 81 81
0526_0095_0035_0024_0024.jpg 1 95 35 24 24
0527_0024_0042_0092_0092.jpg 1 24 42 92 92
0528_0024_0017_0065_0065.jpg 1 24 17 65 65
0529_0017_0010_0047_0047.jpg 1 17 10 47 47
0530_0014_0057_0055_0055.jpg 1 14 57 55 55
0531_0071_0068_0069_0069.jpg 1 71 68 69 69
0532_0014_0014_0094_0094.jpg 1 14 14 94 94
0533_0027_0029_0098_0098.jpg 1 27 29 98 98
0534_0068_0098_0039_0039.jpg 1 68 98 39 39
0535_0092_0084_0044_0044.jpg 1 92 84 44 44
0536_0073_0070_0031_0031.jpg 1 73 70 31 31
0537_0016_0042_0084_0084.jpg 1 16 42 84 84
0538_0030_0007_0101_0101.jpg 1 30 7 101 101
0539_0066_0053_0032_0032.jpg 1 66 53 32 32
0540_0056_0081_0026_0026.jpg 1 56 81 26 26
0541_0045_0021_0079_0079.jpg 1 45 21 79 79
0542_0052_0071_0069_0069.jpg 1 52 71 69 69
0543_0042_0095_0032_0032.jpg 1 42 95 32 32
0544_0046_0082_0035_0035.jpg 1 46 82 35 35
0545_0051_0048_0092_0092.jpg 1 51 48 92 92
0546_0076_0068_0034_0034.jpg 1 76 68 34 34
0547_0055_0083_0049_0049.jpg 1 55 83 49 49
0548_0011_0014_0065_0065.jpg 1 11 14 65 65
0549_0019_0020_0083_0083.jpg 1 19 20 83 83
0550_0090_0032_0024_0024.jpg 1 90 32 24 24
0551_0011_0039_0095_0095.jpg 1 11 39 95 95
0552_0063_0068_0046_0046.jpg 1 63 68 46 46
0553_0028_0010_0077_0077.jpg 1 28 10 77 77
0554_0068_0012_0055_0055.jpg 1 68 12 55 55
0555_0098_0046_0027_0027.jpg 1 98 46 27 27
0556_0070_0070_0028_0028.jpg 1 70 70 28 28
0557_0046_0035_0086_0086.jpg 1 46 35 86 86
0558_0086_0071_0054_0054.jpg 1 86 71 54 54
0559_0035_0089_0036_0036.jpg 1 35 89 36 36
0560_0020_0021_0082_0082.jpg 1 20 21 82 82
0561_0011_0072_0042_0042.jpg 1 11 72 42 42
0562_0047_0043_0076_0076.jpg 1 47 43 76 76
0563_0039_0063_0061_0061.jpg 1 39 63 61 61
0564_0053_0038_0062_0062.jpg 1 53 38 62 62
0565_0037_0029_0085_0085.jpg 1 37 29 85 85
0566_0038_0038_0094_0094.jpg 1 38 38 94 94
0567_0037_0031_0096_0096.jpg 1 37 31 96 96
0568_0041_0014_0099_0099.jpg 1 41 14 99 99
0569_0032_0078_0048_0048.jpg 1 32 78 48 48
0570_0076_0016_0063_0063.jpg 1 76 16 63 63
0571_0041_0068_0034_0034.jpg 1 41 68 34 34
0572_0073_0028_0051_0051.jpg 1 73 28 51 51
0573_0044_0028_0066_0066.jpg 1 44 28 66 66
0574_0103_0060_0026_0026.jpg 1 103 60 26 26
0575_0062_0031_0056_0056.jpg 1 62 31 56 56
0576_0032_0047_0080_0080.jpg 1 32 47 80 80
0577_0015_0057_0055_0055.jpg 1 15 57 55 55
0578_0019_0023_0060_0060.jpg 1 19 23 60 60
0579_0016_0053_0055_0055.jpg 1 16 53 55 55
0580_0009_0006_0099_0099.jpg 1 9 6 99 99
0581_0031_0073_0050_0050.jpg 1 31 73 50 50
0582_0039_0016_0046_0046.jpg 1 39 16 46 46
0583_0069_0060_0037_0037.jpg 1 69 60 37 37
0584_0032_0057_0067_0067.jpg 1 32 57 67 67
0585_0012_0023_0085_0085.jpg 1 12 23 85 85
0586_0014_0027_0085_0085.jpg 1 14 27 85 85
0587_0036_0052_0063_0063.jpg 1 36 52 63 63
0588_0026_0011_0094_0094.jpg 1 26 11 94 94
0589_0079_0039_0026_0026.jpg 1 79 39 26 26
0590_0065_0030_0066_0066.jpg 1 65 30 66 66
0591_0023_0051_0071_0071.jpg 1 23 51 71 71
0592_0057_0011_0058_0058.jpg 1 57 11 58 58
0593_0039_0017_0102_0102.jpg 1 39 17 102 102
0594_0085_0037_0038_0038.jpg 1 85 37 38 38
0595_0010_0051_0071_0071.jpg 1 10 51 71 71
0596_0020_0049_0075_0075.jpg 1 20 49 75 75
0597_0057_0014_0027_0027.jpg 1 57 14 27 27
0598_0087_0036_0051_0051.jpg 1 87 36 51 51
0599_0038_0026_0103_0103.jpg 1 38 26 103 103
0600_0033_0014_0051_0051.jpg 1 33 14 51 51
0601_0009_0020_0062_0062.jpg 1 9 20 62 62
0602_0038_0014_0081_0081.jpg 1 38 14 81 81
0603_0012_0061_0052_0052.jpg 1 12 61 52 52
0604_0079_0081_0044_0044.jpg 1 79 81 44 44
0605_0045_0025_0068_0068.jpg 1 45 25 68 68
0606_0020_0042_0099_0099.jpg 1 20 42 99 99
0607_0043_0016_0076_0076.jpg 1 43 16 76 76
0608_0069_0011_0068_0068.jpg 1 69 11 68 68
0609_0057_0058_0079_0079.jpg 1 57 58 79 79
0610_0047_0044_0087_0087.jpg 1 47 44 87 87
0611_0050_0015_0067_0067.jpg 1 50 15 67 67
0612_0039_0018_0080_0080.jpg 1 39 18 80 80
0613_0042_0095_0034_0034.jpg 1 42 95 34 34
0614_0020_0018_0064_0064.jpg 1 20 18 64 64
0615_0062_0041_0079_0079.jpg 1 62 41 79 79
0616_0083_0044_0046_0046.jpg 1 83 44 46 46
0617_0011_0028_0094_0094.jpg 1 11 28 94 94
0618_0048_0010_0094_0094.jpg 1 48 10 94 94
0619_0061_0098_0029_0029.jpg 1 61 98 29 29
0620_0055_0027_0080_0080.jpg 1 55 27 80 80
0621_0047_0023_0084_0084.jpg 1 47 23 84 84
0622_0044_0027_0100_0100.jpg 1 44 27 100 100
0623_0027_0027_0061_0061.jpg 1 27 27 61 61
0624_0039_0034_0029_0029.jpg 1 39 34 29 29
0625_0099_0070_0039_0039.jpg 1 99 70 39 39
0626_0031_0075_0059_0059.jpg 1 31 75 59 59
0627_0019_0031_0099_0099.jpg 1 19 31 99 99
0628_0078_0053_0053_0053.jpg 1 78 53 53 53
0629_0035_0054_0034_0034.jpg 1 35 54 34 34
0630_0005_0029_0099_0099.jpg 1 5 29 99 99
0631_0034_0027_0048_0048.jpg 1 34 27 48 48
0632_0037_0088_0045_0045.jpg 1 37 88 45 45
0633_0090_0071_0042_0042.jpg 1 90 71 42 42
0634_0041_0062_0060_0060.jpg 1 41 62 60 60
0635_0097_0074_0024_0024.jpg 1 97 74 24 24
0636_0043_0051_0059_0059.jpg 1 43 51 59 59
0637_0017_0053_0085_0085.jpg 1 17 53 85 85
0638_0071_0075_0061_0061.jpg 1 71 75 61 61
0639_0073_0069_0053_0053.jpg 1 73 69 53 53
0640_0054_0057_0051_0051.jpg 1 54 57 51 51
0641_0104_0072_0026_0026.jpg 1 104 72 26 26
0642_0047_0057_0031_0031.jpg 1 47 57 31 31
0643_0042_0025_0102_0102.jpg 1 42 25 102 102
0644_0010_0076_0053_0053.jpg 1 10 76 53 53
0645_0009_0038_0065_0065.jpg 1 9 38 65 65
0646_0031_0059_0083_0083.jpg 1 31 59 83 83
0647_0053_0020_0038_0038.jpg 1 53 20 38 38
0648_0020_0042_0095_0095.jpg 1 20 42 95 95
0649_0044_0079_0054_0054.jpg 1 44 79 54 54
0650_0019_0037_0057_0057.jpg 1 19 37 57 57
0651_0059_0037_0046_0046.jpg 1 59 37 46 46
0652_0041_0013_0057_0057.jpg 1 41 13 57 57
0653_0047_0020_0049_0049.jpg 1 47 20 49 49
0654_0064_0047_0076_0076.jpg 1 64 47 76 76
0655_0031_0034_0100_0100.jpg 1 31 34 100 100
0656_0043_0032_0059_0059.jpg 1 43 32 59 59
0657_0020_0036_0092_0092.jpg 1 20 36 92 92
0658_0035_0022_0096_0096.jpg 1 35 22 96 96
0659_0046_0021_0036_0036.jpg 1 46 21 36 36
0660_0017_0081_0049_0049.jpg 1 17 81 49 49
0661_0012_0089_0031_0031.jpg 1 12 89 31 31
0662_0081_0043_0033_0033.jpg 1 81 43 33 33
0663_0054_0062_0068_0068.jpg 1 54 62 68 68
0664_0032_0026_0086_0086.jpg 1 32 26 86 86
0665_0069_0035_0045_0045.jpg 1 69 35 45 45
0666_0057_0040_0050_0050.jpg 1 57 40 50 50
0667_0032_0049_0085_0085.jpg 1 32 49 85 85
0668_0064_0040_0066_0066.jpg 1 64 40 66 66
0669_0019_0036_0099_0099.jpg 1 19 36 99 99
0670_0096_0096_0040_0040.jpg 1 96 96 40 40
0671_0054_0040_0087_0087.jpg 1 54 40 87 87
0672_0035_0015_0090_0090.jpg 1 35 15 90 90
0673_0063_0073_0052_0052.jpg 1 63 73 52 52
0674_0076_0018_0024_0024.jpg 1 76 18 24 24
0675_0037_0041_0086_0086.jpg 1 37 41 86 86
0676_0026_0065_0075_0075.jpg 1 26 65 75 75
0677_0073_0088_0035_0035.jpg 1 73 88 35 35
0678_0079_0065_0028_0028.jpg 1 79 65 28 28
0679_0042_0014_0035_0035.jpg 1 42 14 35 35
0680_0021_0084_0045_0045.jpg 1 21 84 45 45
0681_0048_0054_0063_0063.jpg 1 48 54 63 63
0682_0038_0006_0085_0085.jpg 1 38 6 85 85
0683_0097_0078_0035_0035.jpg 1 97 78 35 35
0684_0070_0063_0049_0049.jpg 1 70 63 49 49
0685_0009_0007_0102_0102.jpg 1 9 7 102 102
0686_0081_0046_0024_0024.jpg 1 81 46 24 24
0687_0040_0016_0076_0076.jpg 1 40 16 76 76
0688_0027_0012_0030_0030.jpg 1 27 12 30 30
0689_0024_0036_0100_0100.jpg 1 24 36 100 100
0690_0085_0058_0051_0051.jpg 1 85 58 51 51
0691_0079_0042_0026_0026.jpg 1 79 42 26 26
0692_0061_0086_0042_0042.jpg 1 61 86 42 42
0693_0029_0043_0093_0093.jpg 1 29 43 93 93
0694_0078_0060_0060_0060.jpg 1 78 60 60 60
0695_0034_0014_0038_0038.jpg 1 34 14 38 38
0696_0011_0061_0079_0079.jpg 1 11 61 79 79
0697_0034_0038_0042_0042.jpg 1 34 38 42 42
0698_0067_0051_0041_0041.jpg 1 67 51 41 41
0699_0080_0079_0056_0056.jpg 1 80 79 56 56
0700_0068_0042_0036_0036.jpg 1 68 42 36 36
0701_0069_0019_0071_0071.jpg 1 69 19 71 71
0702_0022_0012_0099_0099.jpg 1 22 12 99 99
0703_0085_0046_0033_0033.jpg 1 85 46 33 33
0704_0049_0046_0084_0084.jpg 1 49 46 84 84
0705_0041_0041_0072_0072.jpg 1 41 41 72 72
0706_0053_0080_0047_0047.jpg 1 53 80 47 47
0707_0066_0015_0050_0050.jpg 1 66 15 50 50
0708_0089_0071_0039_0039.jpg 1 89 71 39 39
0709_0043_0078_0052_0052.jpg 1 43 78 52 52
0710_0041_0035_0095_0095.jpg 1 41 35 95 95
0711_0027_0091_0046_0046.jpg 1 27 91 46 46
0712_0047_0014_0095_0095.jpg 1 47 14 95 95
0713_0030_0039_0093_0093.jpg 1 30 39 93 93
0714_0019_0031_0097_0097.jpg 1 19 31 97 97
0715_0015_0039_0047_0047.jpg 1 15 39 47 47
0716_0087_0069_0025_0025.jpg 1 87 69 25 25
0717_0064_0008_0074_0074.jpg 1 64 8 74 74
0718_0062_0053_0080_0080.jpg 1 62 53 80 80
0719_0046_0073_0063_0063.jpg 1 46 73 63 63
0720_0022_0037_0063_0063.jpg 1 22 37 63 63
0721_0033_0026_0048_0048.jpg 1 33 26 48 48
0722_0085_0058_0040_0040.jpg 1 85 58 40 40
0723_0048_0051_0057_0057.jpg 1 48 51 57 57
0724_0065_0080_0037_0037.jpg 1 65 80 37 37
0725_0024_0051_0028_0028.jpg 1 24 51 28 28
0726_0062_0046_0072_0072.jpg 1 62 46 72 72
0727_0028_0030_0094_0094.jpg 1 28 30 94 94
0728_0061_0037_0026_0026.jpg 1 61 37 26 26
0729_0059_0058_0073_0073.jpg 1 59 58 73 73
0730_0014_0044_0077_0077.jpg 1 14 44 77 77
0731_0061_0063_0078_0078.jpg 1 61 63 78 78
0732_0046_0056_0086_0086.jpg 1 46 56 86 86
0733_0079_0026_0032_0032.jpg 1 79 26 32 32
0734_0075_0088_0049_0049.jpg 1 75 88 49 49
0735_0066_0031_0037_0037.jpg 1 66 31 37 37
0736_0027_0017_0052_0052.jpg 1 27 17 52 52
0737_0097_0098_0036_0036.jpg 1 97 98 36 36
0738_0067_0063_0061_0061.jpg 1 67 63 61 61
0739_0044_0047_0081_0081.jpg 1 44 47 81 81
0740_0018_0063_0033_0033.jpg 1 18 63 33 33
0741_0010_0049_0083_0083.jpg 1 10 49 83 83
0742_0069_0055_0029_0029.jpg 1 69 55 29 29
0743_0017_0036_0099_0099.jpg 1 17 36 99 99
0744_0031_0072_0062_0062.jpg 1 31 72 62 62
0745_0066_0072_0057_0057.jpg 1 66 72 57 57
0746_0037_0017_0061_0061.jpg 1 37 17 61 61
0747_0015_0050_0058_0058.jpg 1 15 50 58 58
0748_0013_0051_0089_0089.jpg 1 13 51 89 89
0749_0034_0075_0027_0027.jpg 1 34 75 27 27
0750_0046_0060_0076_0076.jpg 1 46 60 76 76
0751_0057_0034_0029_0029.jpg 1 57 34 29 29
0752_0075_0077_0063_0063.jpg 1 75 77 63 63
0753_0054_0070_0044_0044.jpg 1 54 70 44 44
0754_0041_0045_0096_0096.jpg 1 41 45 96 96
0755_0026_0031_0094_0094.jpg 1 26 31 94 94
0756_0026_0044_0045_0045.jpg 1 26 44 45 45
0757_0048_0017_0090_0090.jpg 1 48 17 90 90
0758_0035_0016_0088_0088.jpg 1 35 16 88 88
0759_0069_0016_0069_0069.jpg 1 69 16 69 69
0760_0037_0034_0051_0051.jpg 1 37 34 51 51
0761_0051_0049_0087_0087.jpg 1 51 49 87 87
0762_0040_0020_0101_0101.jpg 1 40 20 101 101
0763_0029_0050_0076_0076.jpg 1 29 50 76 76
0764_0059_0039_0034_0034.jpg 1 59 39 34 34
0765_0016_0020_0072_0072.jpg 1 16 20 72 72
0766_0024_0072_0061_0061.jpg 1 24 72 61 61
0767_0011_0080_0037_0037.jpg 1 11 80 37 37
0768_0048_0029_0090_0090.jpg 1 48 29 90 90
0769_0041_0085_0030_0030.jpg 1 41 85 30 30
0770_0042_0036_0088_0088.jpg 1 42 36 88 88
0771_0093_0082_0039_0039.jpg 1 93 82 39 39
0772_0042_0058_0082_0082.jpg 1 42 58 82 82
0773_0051_0016_0074_0074.jpg 1 51 16 74 74
0774_0025_0023_0025_0025.jpg 1 25 23 25 25
0775_0027_0007_0099_0099.jpg 1 27 7 99 99
0776_0041_0050_0071_0071.jpg 1 41 50 71 71
0777_0012_0007_0103_0103.jpg 1 12 7 103 103
0778_0035_0026_0074_0074.jpg 1 35 26 74 74
0779_0033_0040_0043_0043.jpg 1 33 40 43 43
0780_0012_0018_0094_0094.jpg 1 12 18 94 94
0781_0009_0031_0104_0104.jpg 1 9 31 104 104
0782_0035_0015_0060_0060.jpg 1 35 15 60 60
0783_0067_0080_0033_0033.jpg 1 67 80 33 33
0784_0104_0030_0028_0028.jpg 1 104 30 28 28
0785_0016_0010_0097_0097.jpg 1 16 10 97 97
0786_0027_0014_0094_0094.jpg 1 27 14 94 94
0787_0056_0066_0074_0074.jpg 1 56 66 74 74
0788_0037_0055_0048_0048.jpg 1 37 55 48 48
0789_0041_0050_0043_0043.jpg 1 41 50 43 43
0790_0022_0061_0047_0047.jpg 1 22 61 47 47
0791_0043_0089_0045_0045.jpg 1 43 89 45 45
0792_0104_0076_0025_0025.jpg 1 104 76 25 25
0793_0024_0042_0032_0032.jpg 1 24 42 32 32
0794_0069_0039_0027_0027.jpg 1 69 39 27 27
0795_0052_0010_0063_0063.jpg 1 52 10 63 63
0796_0037_0012_0054_0054.jpg 1 37 12 54 54
0797_0058_0058_0027_0027.jpg 1 58 58 27 27
0798_0020_0048_0053_0053.jpg 1 20 48 53 53
0799_0022_0104_0029_0029.jpg 1 22 104 29 29
0800_0027_0015_0085_0085.jpg 1 27 15 85 85
0801_0021_0064_0067_0067.jpg 1 21 64 67 67
0802_0019_0016_0100_0100.jpg 1 19 16 100 100
0803_0039_0042_0074_0074.jpg 1 39 42 74 74
0804_0065_0017_0049_0049.jpg 1 65 17 49 49
0805_0029_0067_0029_0029.jpg 1 29 67 29 29
0806_0024_0052_0040_0040.jpg 1 24 52 40 40
0807_0068_0035_0025_0025.jpg 1 68 35 25 25
0808_0049_0018_0061_0061.jpg 1 49 18 61 61
0809_0016_0037_0093_0093.jpg 1 16 37 93 93
0810_0062_0077_0058_0058.jpg 1 62 77 58 58
0811_0016_0011_0041_0041.jpg 1 16 11 41 41
0812_0024_0008_0082_0082.jpg 1 24 8 82 82
0813_0029_0034_0093_0093.jpg 1 29 34 93 93
0814_0049_0022_0038_0038.jpg 1 49 22 38 38
0815_0086_0032_0053_0053.jpg 1 86 32 53 53
0816_0073_0052_0059_0059.jpg 1 73 52 59 59
0817_0027_0041_0077_0077.jpg 1 27 41 77 77
0818_0076_0019_0035_0035.jpg 1 76 19 35 35
0819_0024_0065_0040_0040.jpg 1 24 65 40 40
0820_0025_0012_0059_0059.jpg 1 25 12 59 59
0821_0039_0008_0102_0102.jpg 1 39 8 102 102
0822_0009_0042_0086_0086.jpg 1 9 42 86 86
0823_0012_0019_0050_0050.jpg 1 12 19 50 50
0824_0066_0073_0050_0050.jpg 1 66 73 50 50
0825_0048_0074_0041_0041.jpg 1 48 74 41 41
0826_0014_0046_0078_0078.jpg 1 14 46 78 78
0827_0039_0027_0085_0085.jpg 1 39 27 85 85
0828_0036_0031_0097_0097.jpg 1 36 31 97 97
0829_0089_0072_0039_0039.jpg 1 89 72 39 39
0830_0043_0032_0026_0026.jpg 1 43 32 26 26
0831_0012_0037_0049_0049.jpg 1 12 37 49 49
0832_0012_0025_0096_0096.jpg 1 12 25 96 96
0833_0046_0015_0078_0078.jpg 1 46 15 78 78
0834_0043_0034_0102_0102.jpg 1 43 34 102 102
0835_0010_0015_0086_0086.jpg 1 10 15 86 86
0836_0052_0047_0045_0045.jpg 1 52 47 45 45
0837_0084_0089_0047_0047.jpg 1 84 89 47 47
0838_0044_0022_0049_0049.jpg 1 44 22 49 49
0839_0060_0043_0054_0054.jpg 1 60 43 54 54
0840_0044_0019_0098_0098.jpg 1 44 19 98 98
0841_0021_0029_0092_0092.jpg 1 21 29 92 92
0842_0020_0040_0062_0062.jpg 1 20 40 62 62
0843_0038_0014_0094_0094.jpg 1 38 14 94 94
0844_0019_0061_0042_0042.jpg 1 19 61 42 42
0845_0013_0059_0068_0068.jpg 1 13 59 68 68
0846_0019_0067_0033_0033.jpg 1 19 67 33 33
0847_0030_0047_0071_0071.jpg 1 30 47 71 71
0848_0016_0023_0059_0059.jpg 1 16 23 59 59
0849_0082_0081_0031_0031.jpg 1 82 81 31 31
0850_0043_0045_0068_0068.jpg 1 43 45 68 68
0851_0061_0053_0059_0059.jpg 1 61 53 59 59
0852_0061_0022_0080_0080.jpg 1 61 22 80 80
0853_0047_0024_0068_0068.jpg 1 47 24 68 68
0854_0082_0053_0044_0044.jpg 1 82 53 44 44
0855_0086_0018_0027_0027.jpg 1 86 18 27 27
0856_0072_0029_0044_0044.jpg 1 72 29 44 44
0857_0008_0030_0096_0096.jpg 1 8 30 96 96
0858_0082_0071_0048_0048.jpg 1 82 71 48 48
0859_0026_0043_0040_0040.jpg 1 26 43 40 40
0860_0035_0018_0042_0042.jpg 1 35 18 42 42
0861_0054_0055_0047_0047.jpg 1 54 55 47 47
0862_0045_0054_0088_0088.jpg 1 45 54 88 88
0863_0055_0011_0043_0043.jpg 1 55 11 43 43
0864_0079_0052_0057_0057.jpg 1 79 52 57 57
0865_0039_0046_0093_0093.jpg 1 39 46 93 93
0866_0023_0011_0075_0075.jpg 1 23 11 75 75
0867_0089_0032_0026_0026.jpg 1 89 32 26 26
0868_0023_0039_0100_0100.jpg 1 23 39 100 100
0869_0085_0052_0029_0029.jpg 1 85 52 29 29
0870_0056_0045_0047_0047.jpg 1 56 45 47 47
0871_0078_0078_0037_0037.jpg 1 78 78 37 37
0872_0038_0071_0056_0056.jpg 1 38 71 56 56
0873_0014_0061_0063_0063.jpg 1 14 61 63 63
0874_0076_0073_0042_0042.jpg 1 76 73 42 42
0875_0055_0037_0069_0069.jpg 1 55 37 69 69
0876_0044_0068_0060_0060.jpg 1 44 68 60 60
0877_0028_0094_0044_0044.jpg 1 28 94 44 44
0878_0050_0034_0044_0044.jpg 1 50 34 44 44
0879_0024_0038_0097_0097.jpg 1 24 38 97 97
0880_0064_0014_0073_0073.jpg 1 64 14 73 73
0881_0011_0042_0100_0100.jpg 1 11 42 100 100
0882_0053_0036_0053_0053.jpg 1 53 36 53 53
0883_0084_0059_0042_0042.jpg 1 84 59 42 42
0884_0006_0012_0102_0102.jpg 1 6 12 102 102
0885_0090_0097_0038_0038.jpg 1 90 97 38 38
0886_0048_0050_0064_0064.jpg 1 48 50 64 64
0887_0038_0025_0102_0102.jpg 1 38 25 102 102
0888_0082_0013_0054_0054.jpg 1 82 13 54 54
0889_0042_0057_0069_0069.jpg 1 42 57 69 69
0890_0034_0012_0044_0044.jpg 1 34 12 44 44
0891_0041_0011_0057_0057.jpg 1 41 11 57 57
0892_0094_0044_0044_0044.jpg 1 94 44 44 44
0893_0042_0009_0098_0098.jpg 1 42 9 98 98
0894_0052_0073_0050_0050.jpg 1 52 73 50 50
0895_0076_0096_0031_0031.jpg 1 76 96 31 31
0896_0013_0030_0059_0059.jpg 1 13 30 59 59
0897_0038_0041_0102_0102.jpg 1 38 41 102 102
0898_0035_0021_0067_0067.jpg 1 35 21 67 67
0899_0021_0024_0098_0098.jpg 1 21 24 98 98
0900_0050_0030_0038_0038.jpg 1 50 30 38 38
0901_0032_0028_0089_0089.jpg 1 32 28 89 89
0902_0082_0076_0052_0052.jpg 1 82 76 52 52
0903_0016_0011_0080_0080.jpg 1 16 11 80 80
0904_0049_0037_0052_0052.jpg 1 49 37 52 52
0905_0019_0019_0088_0088.jpg 1 19 19 88 88
0906_0012_0019_0070_0070.jpg 1 12 19 70 70
0907_0024_0025_0081_0081.jpg 1 24 25 81 81
0908_0045_0031_0074_0074.jpg 1 45 31 74 74
0909_0016_0031_0044_0044.jpg 1 16 31 44 44
0910_0007_0041_0096_0096.jpg 1 7 41 96 96
0911_0017_0025_0099_0099.jpg 1 17 25 99 99
0912_0038_0045_0044_0044.jpg 1 38 45 44 44
0913_0065_0070_0045_0045.jpg 1 65 70 45 45
0914_0056_0059_0070_0070.jpg 1 56 59 70 70
0915_0035_0053_0034_0034.jpg 1 35 53 34 34
0916_0042_0027_0031_0031.jpg 1 42 27 31 31
0917_0035_0025_0043_0043.jpg 1 35 25 43 43
0918_0034_0059_0044_0044.jpg 1 34 59 44 44
0919_0083_0020_0050_0050.jpg 1 83 20 50 50
0920_0009_0031_0075_0075.jpg 1 9 31 75 75
0921_0072_0051_0065_0065.jpg 1 72 51 65 65
0922_0015_0021_0066_0066.jpg 1 15 21 66 66
0923_0039_0024_0104_0104.jpg 1 39 24 104 104
0924_0075_0038_0062_0062.jpg 1 75 38 62 62
0925_0031_0030_0058_0058.jpg 1 31 30 58 58
0926_0045_0026_0096_0096.jpg 1 45 26 96 96
0927_0019_0014_0094_0094.jpg 1 19 14 94 94
0928_0052_0039_0091_0091.jpg 1 52 39 91 91
0929_0050_0027_0092_0092.jpg 1 50 27 92 92
0930_0040_0038_0087_0087.jpg 1 40 38 87 87
0931_0019_0062_0075_0075.jpg 1 19 62 75 75
0932_0035_0088_0034_0034.jpg 1 35 88 34 34
0933_0039_0059_0080_0080.jpg 1 39 59 80 80
0934_0032_0049_0066_0066.jpg 1 32 49 66 66
0935_0063_0035_0068_0068.jpg 1 63 35 68 68
0936_0007_0024_0098_0098.jpg 1 7 24 98 98
0937_0085_0096_0034_0034.jpg 1 85 96 34 34
0938_0016_0019_0029_0029.jpg 1 16 19 29 29
0939_0027_0072_0040_0040.jpg 1 27 72 40 40
0940_0021_0034_0052_0052.jpg 1 21 34 52 52
0941_0073_0024_0053_0053.jpg 1 73 24 53 53
0942_0027_0041_0066_0066.jpg 1 27 41 66 66
0943_0047_0034_0048_0048.jpg 1 47 34 48 48
0944_0017_0046_0068_0068.jpg 1 17 46 68 68
0945_0016_0044_0031_0031.jpg 1 16 44 31 31
0946_0021_0078_0060_0060.jpg 1 21 78 60 60
0947_0021_0007_0081_0081.jpg 1 21 7 81 81
0948_0046_0049_0072_0072.jpg 1 46 49 72 72
0949_0027_0023_0099_0099.jpg 1 27 23 99 99
0950_0069_0082_0046_0046.jpg 1 69 82 46 46
0951_0029_0027_0075_0075.jpg 1 29 27 75 75
0952_0008_0016_0085_0085.jpg 1 8 16 85 85
0953_0021_0008_0078_0078.jpg 1 21 8 78 78
0954_0021_0065_0056_0056.jpg 1 21 65 56 56
0955_0104_0105_0028_0028.jpg 1 104 105 28 28
0956_0038_0020_0072_0072.jpg 1 38 20 72 72
0957_0052_0025_0090_0090.jpg 1 52 25 90 90
0958_0033_0056_0076_0076.jpg 1 33 56 76 76
0959_0033_0041_0092_0092.jpg 1 33 41 92 92
0960_0087_0076_0043_0043.jpg 1 87 76 43 43
0961_0018_0051_0075_0075.jpg 1 18 51 75 75
0962_0027_0021_0103_0103.jpg 1 27 21 103 103
0963_0067_0045_0041_0041.jpg 1 67 45 41 41
0964_0024_0044_0056_0056.jpg 1 24 44 56 56
0965_0069_0050_0068_0068.jpg 1 69 50 68 68
0966_0020_0042_0100_0100.jpg 1 20 42 100 100
0967_0057_0037_0067_0067.jpg 1 57 37 67 67
0968_0028_0047_0081_0081.jpg 1 28 47 81 81
0969_0015_0040_0071_0071.jpg 1 15 40 71 71
0970_0059_0062_0029_0029.jpg 1 59 62 29 29
0971_0108_0101_0027_0027.jpg 1 108 101 27 27
0972_0112_0067_0025_0025.jpg 1 112 67 25 25
0973_0028_0030_0104_0104.jpg 1 28 30 104 104
0974_0075_0058_0065_0065.jpg 1 75 58 65 65
0975_0053_0084_0030_0030.jpg 1 53 84 30 30
0976_0010_0026_0089_0089.jpg 1 10 26 89 89
0977_0028_0018_0084_0084.jpg 1 28 18 84 84
0978_0035_0066_0041_0041.jpg 1 35 66 41 41
0979_0011_0067_0040_0040.jpg 1 11 67 40 40
0980_0040_0011_0096_0096.jpg 1 40 11 96 96
0981_0029_0050_0060_0060.jpg 1 29 50 60 60
0982_0031_0012_0093_0093.jpg 1 31 12 93 93
0983_0011_0057_0066_0066.jpg 1 11 57 66 66
0984_0029_0017_0070_0070.jpg 1 29 17 70 70
0985_0030_0028_0079_0079.jpg 1 30 28 79 79
0986_0008_0039_0090_0090.jpg 1 8 39 90 90
0987_0097_0102_0036_0036.jpg 1 97 102 36 36
0988_0016_0060_0040_0040.jpg 1 16 60 40 40
0989_0072_0027_0052_0052.jpg 1 72 27 52 52
0990_0048_0015_0068_0068.jpg 1 48 15 68 68
0991_0081_0097_0031_0031.jpg 1 81 97 31 31
0992_0033_0047_0062_0062.jpg 1 33 47 62 62
0993_0014_0048_0077_0077.jpg 1 14 48 77 77
0994_0065_0078_0048_0048.jpg 1 65 78 48 48
0995_0068_0013_0040_0040.jpg 1 68 13 40 40
0996_0029_0031_0075_0075.jpg 1 29 31 75 75
0997_0026_0022_0082_0082.jpg 1 26 22 82 82
0998_0048_0037_0059_0059.jpg 1 48 37 59 59
0999_0020_0068_0041_0041.jpg 1 20 68 41 41
1000_0070_0082_0027_0027.jpg 1 70 82 27 27
1001_0051_0048_0091_0091.jpg 1 51 48 91 91
1002_0079_0073_0030_0030.jpg 1 79 73 30 30
1003_0063_0038_0067_0067.jpg 1 63 38 67 67
1004_0036_0032_0057_0057.jpg 1 36 32 57 57
1005_0039_0018_0070_0070.jpg 1 39 18 70 70
1006_0009_0027_0090_0090.jpg 1 9 27 90 90
1007_0008_0044_0100_0100.jpg 1 8 44 100 100
1008_0023_0029_0082_0082.jpg 1 23 29 82 82
1009_0045_0025_0087_0087.jpg 1 45 25 87 87
1010_0027_0026_0057_0057.jpg 1 27 26 57 57
1011_0040_0013_0063_0063.jpg 1 40 13 63 63
1012_0059_0066_0054_0054.jpg 1 59 66 54 54
1013_0039_0059_0060_0060.jpg 1 39 59 60 60
1014_0011_0024_0092_0092.jpg 1 11 24 92 92
1015_0045_0043_0094_0094.jpg 1 45 43 94 94
1016_0047_0075_0056_0056.jpg 1 47 75 56 56
1017_0083_0064_0048_0048.jpg 1 83 64 48 48
1018_0024_0034_0100_0100.jpg 1 24 34 100 100
1019_0026_0038_0092_0092.jpg 1 26 38 92 92
1020_0093_0082_0031_0031.jpg 1 93 82 31 31
1021_0023_0026_0067_0067.jpg 1 23 26 67 67
1022_0022_0030_0090_0090.jpg 1 22 30 90 90
1023_0012_0034_0073_0073.jpg 1 12 34 73 73
1024_0080_0018_0041_0041.jpg 1 80 18 41 41
1025_0061_0044_0037_0037.jpg 1 61 44 37 37
1026_0039_0024_0058_0058.jpg 1 39 24 58 58
1027_0065_0028_0047_0047.jpg 1 65 28 47 47
1028_0034_0060_0079_0079.jpg 1 34 60 79 79
1029_0021_0062_0070_0070.jpg 1 21 62 70 70
1030_0056_0057_0078_0078.jpg 1 56 57 78 78
1031_0111_0070_0025_0025.jpg 1 111 70 25 25
1032_0028_0008_0097_0097.jpg 1 28 8 97 97
1033_0046_0046_0032_0032.jpg 1 46 46 32 32
1034_0044_0030_0058_0058.jpg 1 44 30 58 58
1035_0028_0071_0030_0030.jpg 1 28 71 30 30
1036_0033_0030_0039_0039.jpg 1 33 30 39 39
1037_0033_0047_0037_0037.jpg 1 33 47 37 37
1038_0036_0016_0101_0101.jpg 1 36 16 101 101
1039_0023_0010_0099_0099.jpg 1 23 10 99 99
1040_0014_0062_0072_0072.jpg 1 14 62 72 72
1041_0012_0041_0056_0056.jpg 1 12 41 56 56
1042_0024_0011_0069_0069.jpg 1 24 11 69 69
1043_0010_0022_0085_0085.jpg 1 10 22 85 85
1044_0012_0039_0072_0072.jpg 1 12 39 72 72
1045_0056_0068_0063_0063.jpg 1 56 68 63 63
1046_0027_0011_0032_0032.jpg 1 27 11 32 32
1047_0023_0041_0086_0086.jpg 1 23 41 86 86
1048_0011_0052_0060_0060.jpg 1 11 52 60 60
1049_0062_0016_0068_0068.jpg 1 62 16 68 68
1050_0040_0041_0100_0100.jpg 1 40 41 100 100
1051_0019_0043_0097_0097.jpg 1 19 43 97 97
1052_0044_0031_0076_0076.jpg 1 44 31 76 76
1053_0015_0054_0056_0056.jpg 1 15 54 56 56
1054_0055_0033_0084_0084.jpg 1 55 33 84 84
1055_0040_0041_0098_0098.jpg 1 40 41 98 98
1056_0077_0035_0026_0026.jpg 1 77 35 26 26
1057_0020_0033_0103_0103.jpg 1 20 33 103 103
1058_0065_0020_0035_0035.jpg 1 65 20 35 35
1059_0080_0075_0052_0052.jpg 1 80 75 52 52
1060_0071_0012_0045_0045.jpg 1 71 12 45 45
1061_0016_0013_0072_0072.jpg 1 16 13 72 72
1062_0039_0034_0088_0088.jpg 1 39 34 88 88
1063_0055_0053_0058_0058.jpg 1 55 53 58 58
1064_0035_0059_0077_0077.jpg 1 35 59 77 77
1065_0045_0065_0070_0070.jpg 1 45 65 70 70
1066_0080_0047_0053_0053.jpg 1 80 47 53 53
1067_0061_0028_0059_0059.jpg 1 61 28 59 59
1068_0011_0022_0092_0092.jpg 1 11 22 92 92
1069_0066_0027_0070_0070.jpg 1 66 27 70 70
1070_0066_0089_0038_0038.jpg 1 66 89 38 38
1071_0029_0069_0066_0066.jpg 1 29 69 66 66
1072_0051_0024_0086_0086.jpg 1 51 24 86 86
1073_0031_0021_0067_0067.jpg 1 31 21 67 67
1074_0017_0036_0083_0083.jpg 1 17 36 83 83
1075_0093_0026_0031_0031.jpg 1 93 26 31 31
1076_0023_0024_0043_0043.jpg 1 23 24 43 43
1077_0041_0042_0090_0090.jpg 1 41 42 90 90
1078_0052_0013_0070_0070.jpg 1 52 13 70 70
1079_0051_0044_0088_0088.jpg 1 51 44 88 88
1080_0030_0052_0091_0091.jpg 1 30 52 91 91
1081_0020_0035_0078_0078.jpg 1 20 35 78 78
1082_0054_0020_0083_0083.jpg 1 54 20 83 83
1083_0021_0042_0059_0059.jpg 1 21 42 59 59
1084_0019_0014_0085_0085.jpg 1 19 14 85 85
1085_0009_0021_0062_0062.jpg 1 9 21 62 62
1086_0006_0030_0099_0099.jpg 1 6 30 99 99
1087_0064_0057_0074_0074.jpg 1 64 57 74 74
1088_0023_0014_0082_0082.jpg 1 23 14 82 82
1089_0054_0009_0078_0078.jpg 1 54 9 78 78
1090_0038_0028_0092_0092.jpg 1 38 28 92 92
1091_0029_0112_0025_0025.jpg 1 29 112 25 25
1092_0050_0075_0042_0042.jpg 1 50 75 42 42
1093_0066_0069_0053_0053.jpg 1 66 69 53 53
1094_0077_0053_0041_0041.jpg 1 77 53 41 41
1095_0096_0089_0032_0032.jpg 1 96 89 32 32
1096_0015_0041_0092_0092.jpg 1 15 41 92 92
1097_0075_0018_0037_0037.jpg 1 75 18 37 37
1098_0049_0029_0095_0095.jpg 1 49 29 95 95
1099_0021_0024_0102_0102.jpg 1 21 24 102 102
1100_0028_0041_0103_0103.jpg 1 28 41 103 103
1101_0070_0069_0026_0026.jpg 1 70 69 26 26
1102_0080_0032_0027_0027.jpg 1 80 32 27 27
1103_0028_0058_0032_0032.jpg 1 28 58 32 32
1104_0066_0078_0056_0056.jpg 1 66 78 56 56
1105_0094_0033_0044_0044.jpg 1 94 33 44 44
1106_0073_0061_0056_0056.jpg 1 73 61 56 56
1107_0070_0013_0068_0068.jpg 1 70 13 68 68
1108_0059_0041_0066_0066.jpg 1 59 41 66 66
1109_0007_0008_0080_0080.jpg 1 7 8 80 80
1110_0041_0048_0093_0093.jpg 1 41 48 93 93
1111_0023_0041_0093_0093.jpg 1 23 41 93 93
1112_0024_0043_0081_0081.jpg 1 24 43 81 81
1113_0039_0029_0062_0062.jpg 1 39 29 62 62
1114_0011_0071_0050_0050.jpg 1 11 71 50 50
1115_0043_0027_0027_0027.jpg 1 43 27 27 27
1116_0073_0039_0042_0042.jpg 1 73 39 42 42
1117_0015_0034_0052_0052.jpg 1 15 34 52 52
1118_0011_0017_0078_0078.jpg 1 11 17 78 78
1119_0049_0019_0076_0076.jpg 1 49 19 76 76
1120_0025_0013_0104_0104.jpg 1 25 13 104 104
1121_0013_0031_0085_0085.jpg 1 13 31 85 85
1122_0037_0066_0059_0059.jpg 1 37 66 59 59
1123_0073_0062_0024_0024.jpg 1 73 62 24 24
1124_0092_0054_0039_0039.jpg 1 92 54 39 39
1125_0061_0071_0069_0069.jpg 1 61 71 69 69
1126_0009_0035_0072_0072.jpg 1 9 35 72 72
1127_0022_0026_0070_0070.jpg 1 22 26 70 70
1128_0017_0065_0041_0041.jpg 1 17 65 41 41
1129_0023_0005_0104_0104.jpg 1 23 5 104 104
1130_0028_0094_0044_0044.jpg 1 28 94 44 44
1131_0051_0028_0091_0091.jpg 1 51 28 91 91
1132_0013_0025_0104_0104.jpg 1 13 25 104 104
1133_0041_0018_0064_0064.jpg 1 41 18 64 64
1134_0043_0025_0080_0080.jpg 1 43 25 80 80
1135_0038_0023_0104_0104.jpg 1 38 23 104 104
1136_0028_0021_0050_0050.jpg 1 28 21 50 50
1137_0007_0023_0095_0095.jpg 1 7 23 95 95
1138_0066_0054_0062_0062.jpg 1 66 54 62 62
1139_0022_0100_0034_0034.jpg 1 22 100 34 34
1140_0040_0031_0086_0086.jpg 1 40 31 86 86
1141_0020_0042_0099_0099.jpg 1 20 42 99 99
1142_0026_0018_0095_0095.jpg 1 26 18 95 95
1143_0060_0012_0071_0071.jpg 1 60 12 71 71
