0001_0050_0009_0078_0078.jpg 1 50 9 78 78
0002_0027_0046_0087_0087.jpg 1 27 46 87 87
0003_0052_0050_0079_0079.jpg 1 52 50 79 79
0004_0038_0026_0059_0059.jpg 1 38 26 59 59
0005_0079_0107_0028_0028.jpg 1 79 107 28 28
0006_0034_0041_0074_0074.jpg 1 34 41 74 74
0007_0030_0021_0097_0097.jpg 1 30 21 97 97
0008_0043_0026_0090_0090.jpg 1 43 26 90 90
0009_0083_0018_0043_0043.jpg 1 83 18 43 43
0010_0026_0068_0039_0039.jpg 1 26 68 39 39
0011_0099_0058_0031_0031.jpg 1 99 58 31 31
0012_0060_0087_0028_0028.jpg 1 60 87 28 28
0013_0040_0020_0102_0102.jpg 1 40 20 102 102
0014_0031_0056_0081_0081.jpg 1 31 56 81 81
0015_0069_0032_0045_0045.jpg 1 69 32 45 45
0016_0047_0014_0081_0081.jpg 1 47 14 81 81
0017_0055_0012_0025_0025.jpg 1 55 12 25 25
0018_0067_0045_0063_0063.jpg 1 67 45 63 63
0019_0009_0027_0094_0094.jpg 1 9 27 94 94
0020_0040_0036_0096_0096.jpg 1 40 36 96 96
0021_0030_0021_0026_0026.jpg 1 30 21 26 26
0022_0067_0035_0068_0068.jpg 1 67 35 68 68
0023_0068_0069_0065_0065.jpg 1 68 69 65 65
0024_0062_0074_0042_0042.jpg 1 62 74 42 42
0025_0046_0106_0024_0024.jpg 1 46 106 24 24
0026_0099_0026_0027_0027.jpg 1 99 26 27 27
0027_0019_0061_0076_0076.jpg 1 19 61 76 76
0028_0017_0095_0035_0035.jpg 1 17 95 35 35
0029_0034_0010_0055_0055.jpg 1 34 10 55 55
0030_0014_0018_0083_0083.jpg 1 14 18 83 83
0031_0044_0021_0093_0093.jpg 1 44 21 93 93
0032_0052_0045_0084_0084.jpg 1 52 45 84 84
0033_0076_0042_0035_0035.jpg 1 76 42 35 35
0034_0015_0043_0094_0094.jpg 1 15 43 94 94
0035_0025_0014_0080_0080.jpg 1 25 14 80 80
0036_0071_0104_0028_0028.jpg 1 71 104 28 28
0037_0067_0072_0035_0035.jpg 1 67 72 35 35
0038_0059_0024_0067_0067.jpg 1 59 24 67 67
0039_0073_0017_0026_0026.jpg 1 73 17 26 26
0040_0033_0030_0103_0103.jpg 1 33 30 103 103
0041_0007_0022_0094_0094.jpg 1 7 22 94 94
0042_0026_0036_0076_0076.jpg 1 26 36 76 76
0043_0015_0017_0080_0080.jpg 1 15 17 80 80
0044_0021_0015_0096_0096.jpg 1 21 15 96 96
0045_0030_0055_0078_0078.jpg 1 30 55 78 78
0046_0063_0044_0037_0037.jpg 1 63 44 37 37
0047_0053_0045_0067_0067.jpg 1 53 45 67 67
0048_0019_0050_0073_0073.jpg 1 19 50 73 73
0049_0024_0005_0096_0096.jpg 1 24 5 96 96
0050_0055_0020_0067_0067.jpg 1 55 20 67 67
0051_0041_0020_0065_0065.jpg 1 41 20 65 65
0052_0006_0043_0086_0086.jpg 1 6 43 86 86
0053_0052_0015_0084_0084.jpg 1 52 15 84 84
0054_0059_0038_0073_0073.jpg 1 59 38 73 73
0055_0056_0052_0069_0069.jpg 1 56 52 69 69
0056_0075_0098_0033_0033.jpg 1 75 98 33 33
0057_0031_0042_0101_0101.jpg 1 31 42 101 101
0058_0019_0081_0058_0058.jpg 1 19 81 58 58
0059_0026_0015_0091_0091.jpg 1 26 15 91 91
0060_0021_0036_0092_0092.jpg 1 21 36 92 92
0061_0024_0034_0101_0101.jpg 1 24 34 101 101
0062_0081_0079_0052_0052.jpg 1 81 79 52 52
0063_0010_0015_0070_0070.jpg 1 10 15 70 70
0064_0063_0082_0040_0040.jpg 1 63 82 40 40
0065_0064_0044_0024_0024.jpg 1 64 44 24 24
0066_0009_0014_0097_0097.jpg 1 9 14 97 97
0067_0018_0047_0029_0029.jpg 1 18 47 29 29
0068_0072_0062_0026_0026.jpg 1 72 62 26 26
0069_0054_0043_0026_0026.jpg 1 54 43 26 26
0070_0047_0022_0080_0080.jpg 1 47 22 80 80
0071_0042_0005_0095_0095.jpg 1 42 5 95 95
0072_0024_0012_0038_0038.jpg 1 24 12 38 38
0073_0037_0082_0032_0032.jpg 1 37 82 32 32
0074_0039_0050_0063_0063.jpg 1 39 50 63 63
0075_0020_0027_0061_0061.jpg 1 20 27 61 61
0076_0052_0055_0072_0072.jpg 1 52 55 72 72
0077_0051_0071_0046_0046.jpg 1 51 71 46 46
0078_0084_0023_0044_0044.jpg 1 84 23 44 44
0079_0010_0015_0079_0079.jpg 1 10 15 79 79
0080_0052_0029_0091_0091.jpg 1 52 29 91 91
0081_0017_0028_0076_0076.jpg 1 17 28 76 76
0082_0056_0036_0086_0086.jpg 1 56 36 86 86
0083_0083_0035_0048_0048.jpg 1 83 35 48 48
0084_0040_0033_0057_0057.jpg 1 40 33 57 57
0085_0059_0057_0078_0078.jpg 1 59 57 78 78
0086_0051_0039_0087_0087.jpg 1 51 39 87 87
0087_0068_0032_0040_0040.jpg 1 68 32 40 40
0088_0059_0065_0069_0069.jpg 1 59 65 69 69
0089_0020_0062_0064_0064.jpg 1 20 62 64 64
0090_0047_0036_0095_0095.jpg 1 47 36 95 95
0091_0025_0044_0042_0042.jpg 1 25 44 42 42
0092_0028_0069_0056_0056.jpg 1 28 69 56 56
0093_0049_0015_0058_0058.jpg 1 49 15 58 58
0094_0089_0036_0026_0026.jpg 1 89 36 26 26
0095_0080_0063_0060_0060.jpg 1 80 63 60 60
0096_0013_0074_0036_0036.jpg 1 13 74 36 36
0097_0027_0029_0085_0085.jpg 1 27 29 85 85
0098_0013_0030_0096_0096.jpg 1 13 30 96 96
0099_0054_0027_0089_0089.jpg 1 54 27 89 89
0100_0012_0016_0084_0084.jpg 1 12 16 84 84
0101_0068_0076_0035_0035.jpg 1 68 76 35 35
0102_0006_0008_0104_0104.jpg 1 6 8 104 104
0103_0021_0042_0074_0074.jpg 1 21 42 74 74
0104_0034_0034_0083_0083.jpg 1 34 34 83 83
0105_0023_0030_0100_0100.jpg 1 23 30 100 100
0106_0012_0068_0055_0055.jpg 1 12 68 55 55
0107_0024_0027_0098_0098.jpg 1 24 27 98 98
0108_0043_0101_0028_0028.jpg 1 43 101 28 28
0109_0022_0068_0053_0053.jpg 1 22 68 53 53
0110_0054_0102_0028_0028.jpg 1 54 102 28 28
0111_0080_0056_0056_0056.jpg 1 80 56 56 56
0112_0056_0031_0056_0056.jpg 1 56 31 56 56
0113_0032_0075_0051_0051.jpg 1 32 75 51 51
0114_0014_0039_0087_0087.jpg 1 14 39 87 87
0115_0047_0022_0094_0094.jpg 1 47 22 94 94
0116_0070_0077_0044_0044.jpg 1 70 77 44 44
0117_0060_0013_0035_0035.jpg 1 60 13 35 35
0118_0049_0016_0025_0025.jpg 1 49 16 25 25
0119_0043_0037_0038_0038.jpg 1 43 37 38 38
0120_0035_0020_0073_0073.jpg 1 35 20 73 73
0121_0068_0035_0064_0064.jpg 1 68 35 64 64
0122_0039_0065_0030_0030.jpg 1 39 65 30 30
0123_0026_0021_0049_0049.jpg 1 26 21 49 49
0124_0056_0036_0063_0063.jpg 1 56 36 63 63
0125_0036_0041_0100_0100.jpg 1 36 41 100 100
0126_0049_0034_0078_0078.jpg 1 49 34 78 78
0127_0086_0024_0053_0053.jpg 1 86 24 53 53
0128_0049_0026_0088_0088.jpg 1 49 26 88 88
0129_0036_0013_0099_0099.jpg 1 36 13 99 99
0130_0013_0067_0042_0042.jpg 1 13 67 42 42
0131_0021_0061_0057_0057.jpg 1 21 61 57 57
0132_0008_0064_0075_0075.jpg 1 8 64 75 75
0133_0062_0041_0079_0079.jpg 1 62 41 79 79
0134_0071_0081_0031_0031.jpg 1 71 81 31 31
0135_0038_0046_0086_0086.jpg 1 38 46 86 86
0136_0034_0031_0079_0079.jpg 1 34 31 79 79
0137_0019_0039_0086_0086.jpg 1 19 39 86 86
0138_0049_0030_0043_0043.jpg 1 49 30 43 43
0139_0031_0048_0062_0062.jpg 1 31 48 62 62
0140_0044_0050_0091_0091.jpg 1 44 50 91 91
0141_0014_0030_0090_0090.jpg 1 14 30 90 90
0142_0033_0074_0034_0034.jpg 1 33 74 34 34
0143_0021_0096_0039_0039.jpg 1 21 96 39 39
0144_0034_0040_0086_0086.jpg 1 34 40 86 86
0145_0069_0060_0062_0062.jpg 1 69 60 62 62
0146_0110_0041_0027_0027.jpg 1 110 41 27 27
0147_0017_0029_0039_0039.jpg 1 17 29 39 39
0148_0093_0054_0035_0035.jpg 1 93 54 35 35
0149_0074_0035_0051_0051.jpg 1 74 35 51 51
0150_0087_0081_0048_0048.jpg 1 87 81 48 48
0151_0029_0103_0032_0032.jpg 1 29 103 32 32
0152_0033_0029_0079_0079.jpg 1 33 29 79 79
0153_0024_0009_0101_0101.jpg 1 24 9 101 101
0154_0022_0035_0075_0075.jpg 1 22 35 75 75
0155_0041_0086_0030_0030.jpg 1 41 86 30 30
0156_0039_0014_0081_0081.jpg 1 39 14 81 81
0157_0102_0097_0033_0033.jpg 1 102 97 33 33
0158_0014_0051_0077_0077.jpg 1 14 51 77 77
0159_0098_0028_0028_0028.jpg 1 98 28 28 28
0160_0038_0037_0083_0083.jpg 1 38 37 83 83
0161_0009_0064_0076_0076.jpg 1 9 64 76 76
0162_0100_0011_0036_0036.jpg 1 100 11 36 36
0163_0055_0048_0049_0049.jpg 1 55 48 49 49
0164_0050_0068_0068_0068.jpg 1 50 68 68 68
0165_0013_0062_0074_0074.jpg 1 13 62 74 74
0166_0033_0035_0067_0067.jpg 1 33 35 67 67
0167_0082_0099_0038_0038.jpg 1 82 99 38 38
0168_0055_0060_0074_0074.jpg 1 55 60 74 74
0169_0019_0007_0095_0095.jpg 1 19 7 95 95
0170_0016_0058_0069_0069.jpg 1 16 58 69 69
0171_0046_0071_0063_0063.jpg 1 46 71 63 63
0172_0022_0006_0093_0093.jpg 1 22 6 93 93
0173_0037_0020_0094_0094.jpg 1 37 20 94 94
0174_0034_0019_0067_0067.jpg 1 34 19 67 67
0175_0045_0041_0089_0089.jpg 1 45 41 89 89
0176_0048_0035_0054_0054.jpg 1 48 35 54 54
0177_0036_0065_0055_0055.jpg 1 36 65 55 55
0178_0010_0034_0076_0076.jpg 1 10 34 76 76
0179_0093_0019_0038_0038.jpg 1 93 19 38 38
0180_0051_0036_0046_0046.jpg 1 51 36 46 46
0181_0014_0045_0078_0078.jpg 1 14 45 78 78
0182_0017_0032_0048_0048.jpg 1 17 32 48 48
0183_0017_0021_0096_0096.jpg 1 17 21 96 96
0184_0023_0031_0102_0102.jpg 1 23 31 102 102
0185_0011_0044_0091_0091.jpg 1 11 44 91 91
0186_0067_0014_0057_0057.jpg 1 67 14 57 57
0187_0035_0020_0074_0074.jpg 1 35 20 74 74
0188_0071_0043_0067_0067.jpg 1 71 43 67 67
0189_0046_0074_0055_0055.jpg 1 46 74 55 55
0190_0049_0068_0066_0066.jpg 1 49 68 66 66
0191_0084_0040_0052_0052.jpg 1 84 40 52 52
0192_0086_0051_0050_0050.jpg 1 86 51 50 50
0193_0007_0016_0102_0102.jpg 1 7 16 102 102
0194_0070_0012_0065_0065.jpg 1 70 12 65 65
0195_0010_0015_0085_0085.jpg 1 10 15 85 85
0196_0029_0028_0070_0070.jpg 1 29 28 70 70
0197_0066_0011_0041_0041.jpg 1 66 11 41 41
0198_0006_0039_0098_0098.jpg 1 6 39 98 98
0199_0026_0080_0045_0045.jpg 1 26 80 45 45
0200_0052_0034_0076_0076.jpg 1 52 34 76 76
0201_0020_0017_0090_0090.jpg 1 20 17 90 90
0202_0037_0089_0035_0035.jpg 1 37 89 35 35
0203_0039_0011_0079_0079.jpg 1 39 11 79 79
0204_0034_0058_0080_0080.jpg 1 34 58 80 80
0205_0078_0099_0039_0039.jpg 1 78 99 39 39
0206_0031_0008_0072_0072.jpg 1 31 8 72 72
0207_0027_0054_0081_0081.jpg 1 27 54 81 81
0208_0069_0087_0024_0024.jpg 1 69 87 24 24
0209_0031_0052_0091_0091.jpg 1 31 52 91 91
0210_0064_0013_0045_0045.jpg 1 64 13 45 45
0211_0060_0081_0054_0054.jpg 1 60 81 54 54
0212_0069_0062_0034_0034.jpg 1 69 62 34 34
0213_0015_0042_0093_0093.jpg 1 15 42 93 93
0214_0020_0059_0064_0064.jpg 1 20 59 64 64
0215_0013_0029_0041_0041.jpg 1 13 29 41 41
0216_0014_0062_0077_0077.jpg 1 14 62 77 77
0217_0037_0029_0046_0046.jpg 1 37 29 46 46
0218_0044_0039_0052_0052.jpg 1 44 39 52 52
0219_0035_0027_0035_0035.jpg 1 35 27 35 35
0220_0027_0049_0092_0092.jpg 1 27 49 92 92
0221_0032_0076_0050_0050.jpg 1 32 76 50 50
0222_0040_0083_0039_0039.jpg 1 40 83 39 39
0223_0040_0038_0026_0026.jpg 1 40 38 26 26
0224_0008_0047_0096_0096.jpg 1 8 47 96 96
0225_0030_0008_0091_0091.jpg 1 30 8 91 91
0226_0020_0050_0072_0072.jpg 1 20 50 72 72
0227_0035_0015_0091_0091.jpg 1 35 15 91 91
0228_0091_0077_0042_0042.jpg 1 91 77 42 42
0229_0009_0025_0066_0066.jpg 1 9 25 66 66
0230_0018_0076_0037_0037.jpg 1 18 76 37 37
0231_0079_0089_0041_0041.jpg 1 79 89 41 41
0232_0029_0079_0034_0034.jpg 1 29 79 34 34
0233_0082_0065_0039_0039.jpg 1 82 65 39 39
0234_0023_0050_0029_0029.jpg 1 23 50 29 29
0235_0035_0054_0043_0043.jpg 1 35 54 43 43
0236_0011_0018_0038_0038.jpg 1 11 18 38 38
0237_0019_0056_0063_0063.jpg 1 19 56 63 63
0238_0042_0029_0097_0097.jpg 1 42 29 97 97
0239_0023_0032_0101_0101.jpg 1 23 32 101 101
0240_0090_0107_0027_0027.jpg 1 90 107 27 27
0241_0046_0070_0053_0053.jpg 1 46 70 53 53
0242_0049_0017_0094_0094.jpg 1 49 17 94 94
0243_0048_0008_0086_0086.jpg 1 48 8 86 86
0244_0018_0021_0067_0067.jpg 1 18 21 67 67
0245_0075_0012_0046_0046.jpg 1 75 12 46 46
0246_0082_0038_0027_0027.jpg 1 82 38 27 27
0247_0046_0043_0046_0046.jpg 1 46 43 46 46
0248_0073_0022_0035_0035.jpg 1 73 22 35 35
0249_0034_0040_0098_0098.jpg 1 34 40 98 98
0250_0026_0081_0058_0058.jpg 1 26 81 58 58
0251_0077_0041_0060_0060.jpg 1 77 41 60 60
0252_0035_0026_0085_0085.jpg 1 35 26 85 85
0253_0089_0030_0042_0042.jpg 1 89 30 42 42
0254_0034_0092_0040_0040.jpg 1 34 92 40 40
0255_0016_0014_0081_0081.jpg 1 16 14 81 81
0256_0027_0034_0099_0099.jpg 1 27 34 99 99
0257_0023_0036_0079_0079.jpg 1 23 36 79 79
0258_0028_0026_0103_0103.jpg 1 28 26 103 103
0259_0047_0099_0030_0030.jpg 1 47 99 30 30
0260_0011_0079_0059_0059.jpg 1 11 79 59 59
0261_0032_0049_0090_0090.jpg 1 32 49 90 90
0262_0028_0043_0095_0095.jpg 1 28 43 95 95
0263_0012_0024_0081_0081.jpg 1 12 24 81 81
0264_0034_0069_0048_0048.jpg 1 34 69 48 48
0265_0028_0049_0074_0074.jpg 1 28 49 74 74
0266_0031_0028_0035_0035.jpg 1 31 28 35 35
0267_0048_0035_0037_0037.jpg 1 48 35 37 37
0268_0063_0032_0074_0074.jpg 1 63 32 74 74
0269_0047_0044_0061_0061.jpg 1 47 44 61 61
0270_0045_0027_0089_0089.jpg 1 45 27 89 89
0271_0039_0029_0093_0093.jpg 1 39 29 93 93
0272_0057_0103_0029_0029.jpg 1 57 103 29 29
0273_0024_0045_0045_0045.jpg 1 24 45 45 45
0274_0047_0026_0057_0057.jpg 1 47 26 57 57
0275_0018_0035_0080_0080.jpg 1 18 35 80 80
0276_0031_0053_0075_0075.jpg 1 31 53 75 75
0277_0045_0043_0051_0051.jpg 1 45 43 51 51
0278_0027_0035_0078_0078.jpg 1 27 35 78 78
0279_0039_0078_0062_0062.jpg 1 39 78 62 62
0280_0033_0052_0062_0062.jpg 1 33 52 62 62
0281_0039_0038_0074_0074.jpg 1 39 38 74 74
0282_0054_0032_0088_0088.jpg 1 54 32 88 88
0283_0038_0011_0042_0042.jpg 1 38 11 42 42
0284_0021_0015_0074_0074.jpg 1 21 15 74 74
0285_0049_0058_0076_0076.jpg 1 49 58 76 76
0286_0046_0053_0029_0029.jpg 1 46 53 29 29
0287_0039_0076_0040_0040.jpg 1 39 76 40 40
0288_0018_0051_0073_0073.jpg 1 18 51 73 73
0289_0046_0047_0035_0035.jpg 1 46 47 35 35
0290_0012_0007_0104_0104.jpg 1 12 7 104 104
0291_0019_0045_0036_0036.jpg 1 19 45 36 36
0292_0019_0051_0082_0082.jpg 1 19 51 82 82
0293_0051_0023_0088_0088.jpg 1 51 23 88 88
0294_0006_0023_0096_0096.jpg 1 6 23 96 96
0295_0032_0018_0090_0090.jpg 1 32 18 90 90
0296_0037_0053_0047_0047.jpg 1 37 53 47 47
0297_0040_0027_0083_0083.jpg 1 40 27 83 83
0298_0047_0048_0057_0057.jpg 1 47 48 57 57
0299_0073_0082_0031_0031.jpg 1 73 82 31 31
0300_0007_0059_0079_0079.jpg 1 7 59 79 79
0301_0043_0024_0056_0056.jpg 1 43 24 56 56
0302_0022_0056_0034_0034.jpg 1 22 56 34 34
0303_0075_0038_0064_0064.jpg 1 75 38 64 64
0304_0033_0029_0102_0102.jpg 1 33 29 102 102
0305_0010_0048_0095_0095.jpg 1 10 48 95 95
0306_0028_0058_0045_0045.jpg 1 28 58 45 45
0307_0044_0033_0076_0076.jpg 1 44 33 76 76
0308_0054_0060_0042_0042.jpg 1 54 60 42 42
0309_0018_0038_0103_0103.jpg 1 18 38 103 103
0310_0105_0020_0028_0028.jpg 1 105 20 28 28
0311_0080_0044_0055_0055.jpg 1 80 44 55 55
0312_0087_0044_0052_0052.jpg 1 87 44 52 52
0313_0038_0086_0053_0053.jpg 1 38 86 53 53
0314_0026_0012_0096_0096.jpg 1 26 12 96 96
0315_0008_0023_0099_0099.jpg 1 8 23 99 99
0316_0061_0042_0075_0075.jpg 1 61 42 75 75
0317_0052_0042_0058_0058.jpg 1 52 42 58 58
0318_0020_0012_0100_0100.jpg 1 20 12 100 100
0319_0082_0094_0029_0029.jpg 1 82 94 29 29
0320_0038_0033_0096_0096.jpg 1 38 33 96 96
0321_0019_0074_0054_0054.jpg 1 19 74 54 54
0322_0073_0011_0036_0036.jpg 1 73 11 36 36
0323_0078_0072_0040_0040.jpg 1 78 72 40 40
0324_0036_0062_0047_0047.jpg 1 36 62 47 47
0325_0088_0092_0046_0046.jpg 1 88 92 46 46
0326_0039_0026_0040_0040.jpg 1 39 26 40 40
0327_0014_0045_0089_0089.jpg 1 14 45 89 89
0328_0050_0050_0065_0065.jpg 1 50 50 65 65
0329_0015_0031_0054_0054.jpg 1 15 31 54 54
0330_0023_0041_0073_0073.jpg 1 23 41 73 73
0331_0078_0055_0037_0037.jpg 1 78 55 37 37
0332_0096_0067_0025_0025.jpg 1 96 67 25 25
0333_0067_0025_0033_0033.jpg 1 67 25 33 33
0334_0068_0012_0069_0069.jpg 1 68 12 69 69
0335_0047_0041_0032_0032.jpg 1 47 41 32 32
0336_0060_0017_0043_0043.jpg 1 60 17 43 43
0337_0019_0069_0067_0067.jpg 1 19 69 67 67
0338_0023_0085_0046_0046.jpg 1 23 85 46 46
0339_0091_0100_0033_0033.jpg 1 91 100 33 33
0340_0025_0045_0080_0080.jpg 1 25 45 80 80
0341_0017_0014_0099_0099.jpg 1 17 14 99 99
0342_0039_0059_0034_0034.jpg 1 39 59 34 34
0343_0035_0048_0082_0082.jpg 1 35 48 82 82
0344_0052_0052_0078_0078.jpg 1 52 52 78 78
0345_0072_0022_0067_0067.jpg 1 72 22 67 67
0346_0049_0045_0090_0090.jpg 1 49 45 90 90
0347_0072_0069_0066_0066.jpg 1 72 69 66 66
0348_0021_0021_0104_0104.jpg 1 21 21 104 104
0349_0038_0050_0084_0084.jpg 1 38 50 84 84
0350_0024_0035_0070_0070.jpg 1 24 35 70 70
0351_0072_0015_0067_0067.jpg 1 72 15 67 67
0352_0049_0105_0029_0029.jpg 1 49 105 29 29
0353_0029_0021_0074_0074.jpg 1 29 21 74 74
0354_0048_0065_0054_0054.jpg 1 48 65 54 54
0355_0050_0014_0056_0056.jpg 1 50 14 56 56
0356_0076_0033_0049_0049.jpg 1 76 33 49 49
0357_0035_0044_0083_0083.jpg 1 35 44 83 83
0358_0009_0016_0092_0092.jpg 1 9 16 92 92
0359_0030_0013_0057_0057.jpg 1 30 13 57 57
0360_0030_0032_0091_0091.jpg 1 30 32 91 91
0361_0021_0038_0096_0096.jpg 1 21 38 96 96
0362_0081_0040_0049_0049.jpg 1 81 40 49 49
0363_0050_0019_0046_0046.jpg 1 50 19 46 46
0364_0049_0048_0066_0066.jpg 1 49 48 66 66
0365_0024_0014_0071_0071.jpg 1 24 14 71 71
0366_0024_0104_0026_0026.jpg 1 24 104 26 26
0367_0050_0027_0090_0090.jpg 1 50 27 90 90
0368_0047_0010_0065_0065.jpg 1 47 10 65 65
0369_0041_0039_0076_0076.jpg 1 41 39 76 76
0370_0015_0025_0103_0103.jpg 1 15 25 103 103
0371_0013_0031_0086_0086.jpg 1 13 31 86 86
0372_0063_0034_0048_0048.jpg 1 63 34 48 48
0373_0028_0037_0084_0084.jpg 1 28 37 84 84
0374_0014_0038_0065_0065.jpg 1 14 38 65 65
0375_0020_0040_0101_0101.jpg 1 20 40 101 101
0376_0067_0092_0043_0043.jpg 1 67 92 43 43
0377_0018_0057_0085_0085.jpg 1 18 57 85 85
0378_0028_0099_0028_0028.jpg 1 28 99 28 28
0379_0033_0058_0038_0038.jpg 1 33 58 38 38
0380_0035_0029_0085_0085.jpg 1 35 29 85 85
0381_0032_0019_0091_0091.jpg 1 32 19 91 91
0382_0008_0011_0090_0090.jpg 1 8 11 90 90
0383_0062_0063_0039_0039.jpg 1 62 63 39 39
0384_0066_0036_0053_0053.jpg 1 66 36 53 53
0385_0022_0015_0086_0086.jpg 1 22 15 86 86
0386_0055_0065_0074_0074.jpg 1 55 65 74 74
0387_0062_0082_0027_0027.jpg 1 62 82 27 27
0388_0068_0088_0044_0044.jpg 1 68 88 44 44
0389_0035_0078_0039_0039.jpg 1 35 78 39 39
0390_0070_0027_0033_0033.jpg 1 70 27 33 33
0391_0043_0075_0066_0066.jpg 1 43 75 66 66
0392_0014_0078_0062_0062.jpg 1 14 78 62 62
0393_0019_0013_0101_0101.jpg 1 19 13 101 101
0394_0067_0103_0033_0033.jpg 1 67 103 33 33
0395_0084_0019_0032_0032.jpg 1 84 19 32 32
0396_0028_0045_0074_0074.jpg 1 28 45 74 74
0397_0034_0043_0094_0094.jpg 1 34 43 94 94
0398_0058_0037_0071_0071.jpg 1 58 37 71 71
0399_0016_0045_0098_0098.jpg 1 16 45 98 98
0400_0063_0034_0047_0047.jpg 1 63 34 47 47
0401_0081_0091_0026_0026.jpg 1 81 91 26 26
0402_0014_0056_0073_0073.jpg 1 14 56 73 73
0403_0054_0079_0047_0047.jpg 1 54 79 47 47
0404_0043_0047_0079_0079.jpg 1 43 47 79 79
0405_0033_0033_0032_0032.jpg 1 33 33 32 32
0406_0046_0010_0089_0089.jpg 1 46 10 89 89
0407_0077_0094_0035_0035.jpg 1 77 94 35 35
0408_0013_0086_0035_0035.jpg 1 13 86 35 35
0409_0090_0038_0032_0032.jpg 1 90 38 32 32
0410_0023_0028_0082_0082.jpg 1 23 28 82 82
0411_0027_0033_0056_0056.jpg 1 27 33 56 56
0412_0007_0052_0086_0086.jpg 1 7 52 86 86
0413_0022_0045_0075_0075.jpg 1 22 45 75 75
0414_0021_0045_0091_0091.jpg 1 21 45 91 91
0415_0031_0016_0091_0091.jpg 1 31 16 91 91
0416_0023_0009_0104_0104.jpg 1 23 9 104 104
0417_0045_0070_0060_0060.jpg 1 45 70 60 60
0418_0084_0069_0035_0035.jpg 1 84 69 35 35
0419_0051_0026_0057_0057.jpg 1 51 26 57 57
0420_0022_0039_0078_0078.jpg 1 22 39 78 78
0421_0087_0054_0028_0028.jpg 1 87 54 28 28
0422_0070_0035_0067_0067.jpg 1 70 35 67 67
0423_0078_0038_0044_0044.jpg 1 78 38 44 44
0424_0063_0081_0054_0054.jpg 1 63 81 54 54
0425_0067_0070_0035_0035.jpg 1 67 70 35 35
0426_0041_0030_0084_0084.jpg 1 41 30 84 84
0427_0042_0029_0088_0088.jpg 1 42 29 88 88
0428_0054_0014_0051_0051.jpg 1 54 14 51 51
0429_0023_0044_0052_0052.jpg 1 23 44 52 52
0430_0012_0056_0065_0065.jpg 1 12 56 65 65
0431_0064_0042_0065_0065.jpg 1 64 42 65 65
0432_0043_0055_0030_0030.jpg 1 43 55 30 30
0433_0058_0070_0061_0061.jpg 1 58 70 61 61
0434_0061_0035_0059_0059.jpg 1 61 35 59 59
0435_0047_0099_0029_0029.jpg 1 47 99 29 29
0436_0012_0027_0099_0099.jpg 1 12 27 99 99
0437_0029_0022_0071_0071.jpg 1 29 22 71 71
0438_0040_0014_0100_0100.jpg 1 40 14 100 100
0439_0091_0034_0025_0025.jpg 1 91 34 25 25
0440_0049_0025_0060_0060.jpg 1 49 25 60 60
0441_0016_0058_0069_0069.jpg 1 16 58 69 69
0442_0019_0040_0078_0078.jpg 1 19 40 78 78
0443_0050_0021_0075_0075.jpg 1 50 21 75 75
0444_0023_0095_0036_0036.jpg 1 23 95 36 36
0445_0010_0056_0086_0086.jpg 1 10 56 86 86
0446_0010_0051_0063_0063.jpg 1 10 51 63 63
0447_0007_0044_0091_0091.jpg 1 7 44 91 91
0448_0065_0064_0069_0069.jpg 1 65 64 69 69
0449_0055_0073_0050_0050.jpg 1 55 73 50 50
0450_0107_0074_0027_0027.jpg 1 107 74 27 27
0451_0076_0016_0056_0056.jpg 1 76 16 56 56
0452_0050_0012_0089_0089.jpg 1 50 12 89 89
0453_0060_0019_0075_0075.jpg 1 60 19 75 75
0454_0012_0078_0048_0048.jpg 1 12 78 48 48
0455_0058_0011_0083_0083.jpg 1 58 11 83 83
0456_0021_0026_0098_0098.jpg 1 21 26 98 98
0457_0010_0072_0065_0065.jpg 1 10 72 65 65
0458_0019_0010_0102_0102.jpg 1 19 10 102 102
0459_0049_0049_0086_0086.jpg 1 49 49 86 86
0460_0099_0023_0037_0037.jpg 1 99 23 37 37
0461_0050_0025_0030_0030.jpg 1 50 25 30 30
0462_0049_0051_0053_0053.jpg 1 49 51 53 53
0463_0007_0021_0076_0076.jpg 1 7 21 76 76
0464_0052_0034_0036_0036.jpg 1 52 34 36 36
0465_0081_0022_0029_0029.jpg 1 81 22 29 29
0466_0061_0036_0075_0075.jpg 1 61 36 75 75
0467_0092_0026_0038_0038.jpg 1 92 26 38 38
0468_0040_0016_0068_0068.jpg 1 40 16 68 68
0469_0059_0012_0063_0063.jpg 1 59 12 63 63
0470_0015_0038_0077_0077.jpg 1 15 38 77 77
0471_0033_0048_0096_0096.jpg 1 33 48 96 96
0472_0037_0052_0050_0050.jpg 1 37 52 50 50
0473_0028_0012_0103_0103.jpg 1 28 12 103 103
0474_0035_0031_0027_0027.jpg 1 35 31 27 27
0475_0054_0021_0088_0088.jpg 1 54 21 88 88
0476_0057_0050_0065_0065.jpg 1 57 50 65 65
0477_0032_0051_0092_0092.jpg 1 32 51 92 92
0478_0051_0092_0026_0026.jpg 1 51 92 26 26
0479_0026_0006_0094_0094.jpg 1 26 6 94 94
0480_0059_0017_0058_0058.jpg 1 59 17 58 58
0481_0033_0037_0104_0104.jpg 1 33 37 104 104
0482_0073_0064_0067_0067.jpg 1 73 64 67 67
0483_0025_0057_0046_0046.jpg 1 25 57 46 46
0484_0047_0018_0085_0085.jpg 1 47 18 85 85
0485_0094_0085_0040_0040.jpg 1 94 85 40 40
0486_0034_0012_0087_0087.jpg 1 34 12 87 87
0487_0053_0081_0038_0038.jpg 1 53 81 38 38
0488_0013_0016_0027_0027.jpg 1 13 16 27 27
0489_0024_0022_0070_0070.jpg 1 24 22 70 70
0490_0076_0023_0058_0058.jpg 1 76 23 58 58
0491_0074_0049_0036_0036.jpg 1 74 49 36 36
0492_0016_0024_0050_0050.jpg 1 16 24 50 50
0493_0012_0032_0101_0101.jpg 1 12 32 101 101
0494_0051_0046_0081_0081.jpg 1 51 46 81 81
0495_0021_0098_0032_0032.jpg 1 21 98 32 32
0496_0065_0075_0053_0053.jpg 1 65 75 53 53
0497_0015_0038_0064_0064.jpg 1 15 38 64 64
0498_0015_0083_0057_0057.jpg 1 15 83 57 57
0499_0069_0019_0051_0051.jpg 1 69 19 51 51
0500_0033_0006_0091_0091.jpg 1 33 6 91 91
0501_0037_0063_0069_0069.jpg 1 37 63 69 69
0502_0096_0069_0041_0041.jpg 1 96 69 41 41
0503_0017_0043_0069_0069.jpg 1 17 43 69 69
0504_0031_0061_0069_0069.jpg 1 31 61 69 69
0505_0028_0017_0069_0069.jpg 1 28 17 69 69
0506_0009_0055_0076_0076.jpg 1 9 55 76 76
0507_0037_0051_0056_0056.jpg 1 37 51 56 56
0508_0020_0045_0068_0068.jpg 1 20 45 68 68
0509_0017_0102_0032_0032.jpg 1 17 102 32 32
0510_0102_0033_0028_0028.jpg 1 102 33 28 28
0511_0042_0018_0084_0084.jpg 1 42 18 84 84
0512_0022_0087_0051_0051.jpg 1 22 87 51 51
0513_0010_0012_0103_0103.jpg 1 10 12 103 103
0514_0038_0052_0055_0055.jpg 1 38 52 55 55
0515_0044_0017_0081_0081.jpg 1 44 17 81 81
0516_0013_0016_0095_0095.jpg 1 13 16 95 95
0517_0038_0043_0102_0102.jpg 1 38 43 102 102
0518_0048_0008_0076_0076.jpg 1 48 8 76 76
0519_0030_0049_0088_0088.jpg 1 30 49 88 88
0520_0034_0070_0025_0025.jpg 1 34 70 25 25
0521_0018_0032_0071_0071.jpg 1 18 32 71 71
0522_0021_0075_0065_0065.jpg 1 21 75 65 65
0523_0063_0054_0045_0045.jpg 1 63 54 45 45
0524_0101_0049_0030_0030.jpg 1 101 49 30 30
0525_0025_0020_0101_0101.jpg 1 25 20 101 101
0526_0016_0018_0098_0098.jpg 1 16 18 98 98
0527_0022_0031_0101_0101.jpg 1 22 31 101 101
0528_0018_0039_0039_0039.jpg 1 18 39 39 39
0529_0020_0041_0079_0079.jpg 1 20 41 79 79
0530_0081_0073_0037_0037.jpg 1 81 73 37 37
0531_0057_0064_0031_0031.jpg 1 57 64 31 31
0532_0077_0040_0061_0061.jpg 1 77 40 61 61
0533_0046_0011_0050_0050.jpg 1 46 11 50 50
0534_0033_0074_0040_0040.jpg 1 33 74 40 40
0535_0030_0033_0089_0089.jpg 1 30 33 89 89
0536_0053_0047_0065_0065.jpg 1 53 47 65 65
0537_0014_0036_0078_0078.jpg 1 14 36 78 78
0538_0082_0066_0039_0039.jpg 1 82 66 39 39
0539_0045_0049_0071_0071.jpg 1 45 49 71 71
0540_0055_0040_0062_0062.jpg 1 55 40 62 62
0541_0023_0081_0027_0027.jpg 1 23 81 27 27
0542_0030_0048_0093_0093.jpg 1 30 48 93 93
0543_0039_0006_0089_0089.jpg 1 39 6 89 89
0544_0044_0053_0062_0062.jpg 1 44 53 62 62
0545_0081_0068_0041_0041.jpg 1 81 68 41 41
0546_0024_0065_0073_0073.jpg 1 24 65 73 73
0547_0008_0016_0087_0087.jpg 1 8 16 87 87
0548_0023_0053_0073_0073.jpg 1 23 53 73 73
0549_0068_0101_0031_0031.jpg 1 68 101 31 31
0550_0024_0060_0083_0083.jpg 1 24 60 83 83
0551_0049_0046_0067_0067.jpg 1 49 46 67 67
0552_0067_0049_0024_0024.jpg 1 67 49 24 24
0553_0042_0032_0076_0076.jpg 1 42 32 76 76
0554_0032_0053_0060_0060.jpg 1 32 53 60 60
0555_0076_0016_0028_0028.jpg 1 76 16 28 28
0556_0044_0024_0098_0098.jpg 1 44 24 98 98
0557_0049_0035_0078_0078.jpg 1 49 35 78 78
0558_0042_0011_0052_0052.jpg 1 42 11 52 52
0559_0066_0042_0063_0063.jpg 1 66 42 63 63
0560_0015_0011_0062_0062.jpg 1 15 11 62 62
0561_0073_0065_0053_0053.jpg 1 73 65 53 53
0562_0059_0074_0064_0064.jpg 1 59 74 64 64
0563_0015_0022_0103_0103.jpg 1 15 22 103 103
0564_0061_0022_0076_0076.jpg 1 61 22 76 76
0565_0089_0086_0035_0035.jpg 1 89 86 35 35
0566_0050_0061_0066_0066.jpg 1 50 61 66 66
0567_0032_0067_0029_0029.jpg 1 32 67 29 29
0568_0064_0075_0035_0035.jpg 1 64 75 35 35
0569_0061_0047_0076_0076.jpg 1 61 47 76 76
0570_0024_0019_0104_0104.jpg 1 24 19 104 104
0571_0012_0013_0049_0049.jpg 1 12 13 49 49
0572_0030_0013_0097_0097.jpg 1 30 13 97 97
0573_0023_0095_0025_0025.jpg 1 23 95 25 25
0574_0072_0080_0055_0055.jpg 1 72 80 55 55
0575_0022_0017_0073_0073.jpg 1 22 17 73 73
0576_0016_0006_0088_0088.jpg 1 16 6 88 88
0577_0055_0066_0055_0055.jpg 1 55 66 55 55
0578_0045_0007_0092_0092.jpg 1 45 7 92 92
0579_0073_0057_0058_0058.jpg 1 73 57 58 58
0580_0065_0041_0055_0055.jpg 1 65 41 55 55
0581_0008_0009_0102_0102.jpg 1 8 9 102 102
0582_0034_0046_0055_0055.jpg 1 34 46 55 55
0583_0066_0061_0055_0055.jpg 1 66 61 55 55
0584_0032_0013_0099_0099.jpg 1 32 13 99 99
0585_0010_0048_0061_0061.jpg 1 10 48 61 61
0586_0026_0034_0094_0094.jpg 1 26 34 94 94
0587_0009_0061_0069_0069.jpg 1 9 61 69 69
0588_0035_0082_0031_0031.jpg 1 35 82 31 31
0589_0094_0027_0036_0036.jpg 1 94 27 36 36
0590_0016_0035_0083_0083.jpg 1 16 35 83 83
0591_0015_0047_0093_0093.jpg 1 15 47 93 93
0592_0051_0029_0091_0091.jpg 1 51 29 91 91
0593_0064_0080_0030_0030.jpg 1 64 80 30 30
0594_0055_0056_0084_0084.jpg 1 55 56 84 84
0595_0034_0077_0052_0052.jpg 1 34 77 52 52
0596_0076_0069_0045_0045.jpg 1 76 69 45 45
0597_0029_0067_0070_0070.jpg 1 29 67 70 70
0598_0024_0025_0057_0057.jpg 1 24 25 57 57
0599_0056_0087_0043_0043.jpg 1 56 87 43 43
0600_0062_0082_0056_0056.jpg 1 62 82 56 56
0601_0044_0010_0085_0085.jpg 1 44 10 85 85
0602_0029_0008_0087_0087.jpg 1 29 8 87 87
0603_0027_0026_0095_0095.jpg 1 27 26 95 95
0604_0059_0034_0045_0045.jpg 1 59 34 45 45
0605_0074_0062_0026_0026.jpg 1 74 62 26 26
0606_0034_0025_0060_0060.jpg 1 34 25 60 60
0607_0039_0023_0058_0058.jpg 1 39 23 58 58
0608_0031_0091_0035_0035.jpg 1 31 91 35 35
0609_0068_0056_0056_0056.jpg 1 68 56 56 56
0610_0063_0018_0050_0050.jpg 1 63 18 50 50
0611_0067_0030_0075_0075.jpg 1 67 30 75 75
0612_0047_0011_0046_0046.jpg 1 47 11 46 46
0613_0050_0089_0050_0050.jpg 1 50 89 50 50
0614_0020_0030_0037_0037.jpg 1 20 30 37 37
0615_0033_0046_0040_0040.jpg 1 33 46 40 40
0616_0044_0024_0068_0068.jpg 1 44 24 68 68
0617_0040_0044_0067_0067.jpg 1 40 44 67 67
0618_0052_0007_0074_0074.jpg 1 52 7 74 74
0619_0048_0023_0077_0077.jpg 1 48 23 77 77
0620_0048_0015_0057_0057.jpg 1 48 15 57 57
0621_0030_0047_0057_0057.jpg 1 30 47 57 57
0622_0021_0033_0095_0095.jpg 1 21 33 95 95
0623_0085_0096_0036_0036.jpg 1 85 96 36 36
0624_0017_0057_0057_0057.jpg 1 17 57 57 57
0625_0023_0029_0097_0097.jpg 1 23 29 97 97
0626_0064_0026_0045_0045.jpg 1 64 26 45 45
0627_0051_0064_0034_0034.jpg 1 51 64 34 34
0628_0015_0049_0087_0087.jpg 1 15 49 87 87
0629_0086_0101_0024_0024.jpg 1 86 101 24 24
0630_0038_0070_0034_0034.jpg 1 38 70 34 34
0631_0033_0008_0079_0079.jpg 1 33 8 79 79
0632_0034_0067_0061_0061.jpg 1 34 67 61 61
0633_0061_0077_0034_0034.jpg 1 61 77 34 34
0634_0044_0101_0034_0034.jpg 1 44 101 34 34
0635_0039_0049_0039_0039.jpg 1 39 49 39 39
0636_0032_0017_0100_0100.jpg 1 32 17 100 100
0637_0073_0012_0058_0058.jpg 1 73 12 58 58
0638_0090_0099_0026_0026.jpg 1 90 99 26 26
0639_0043_0030_0100_0100.jpg 1 43 30 100 100
0640_0055_0010_0053_0053.jpg 1 55 10 53 53
0641_0036_0065_0037_0037.jpg 1 36 65 37 37
0642_0037_0045_0082_0082.jpg 1 37 45 82 82
0643_0026_0047_0094_0094.jpg 1 26 47 94 94
0644_0021_0041_0086_0086.jpg 1 21 41 86 86
0645_0023_0025_0100_0100.jpg 1 23 25 100 100
0646_0022_0043_0092_0092.jpg 1 22 43 92 92
0647_0060_0062_0040_0040.jpg 1 60 62 40 40
0648_0066_0047_0052_0052.jpg 1 66 47 52 52
0649_0081_0041_0052_0052.jpg 1 81 41 52 52
0650_0025_0044_0097_0097.jpg 1 25 44 97 97
0651_0017_0042_0033_0033.jpg 1 17 42 33 33
0652_0063_0072_0064_0064.jpg 1 63 72 64 64
0653_0019_0035_0084_0084.jpg 1 19 35 84 84
0654_0067_0059_0073_0073.jpg 1 67 59 73 73
0655_0101_0059_0033_0033.jpg 1 101 59 33 33
0656_0028_0062_0069_0069.jpg 1 28 62 69 69
0657_0016_0010_0089_0089.jpg 1 16 10 89 89
0658_0037_0032_0076_0076.jpg 1 37 32 76 76
0659_0059_0027_0083_0083.jpg 1 59 27 83 83
0660_0043_0022_0096_0096.jpg 1 43 22 96 96
0661_0019_0042_0073_0073.jpg 1 19 42 73 73
0662_0009_0039_0091_0091.jpg 1 9 39 91 91
0663_0056_0057_0048_0048.jpg 1 56 57 48 48
0664_0079_0091_0034_0034.jpg 1 79 91 34 34
0665_0042_0044_0099_0099.jpg 1 42 44 99 99
0666_0008_0029_0094_0094.jpg 1 8 29 94 94
0667_0039_0008_0090_0090.jpg 1 39 8 90 90
0668_0042_0014_0102_0102.jpg 1 42 14 102 102
0669_0059_0058_0029_0029.jpg 1 59 58 29 29
0670_0026_0055_0082_0082.jpg 1 26 55 82 82
0671_0022_0057_0033_0033.jpg 1 22 57 33 33
0672_0032_0078_0032_0032.jpg 1 32 78 32 32
0673_0067_0045_0034_0034.jpg 1 67 45 34 34
0674_0056_0023_0069_0069.jpg 1 56 23 69 69
0675_0052_0014_0072_0072.jpg 1 52 14 72 72
0676_0102_0053_0024_0024.jpg 1 102 53 24 24
0677_0034_0027_0031_0031.jpg 1 34 27 31 31
0678_0095_0105_0027_0027.jpg 1 95 105 27 27
0679_0025_0036_0104_0104.jpg 1 25 36 104 104
0680_0057_0010_0050_0050.jpg 1 57 10 50 50
0681_0058_0064_0038_0038.jpg 1 58 64 38 38
0682_0061_0108_0027_0027.jpg 1 61 108 27 27
0683_0021_0010_0101_0101.jpg 1 21 10 101 101
0684_0016_0028_0049_0049.jpg 1 16 28 49 49
0685_0112_0025_0024_0024.jpg 1 112 25 24 24
0686_0093_0019_0029_0029.jpg 1 93 19 29 29
0687_0021_0023_0094_0094.jpg 1 21 23 94 94
0688_0047_0085_0042_0042.jpg 1 47 85 42 42
0689_0035_0080_0050_0050.jpg 1 35 80 50 50
0690_0016_0019_0084_0084.jpg 1 16 19 84 84
0691_0055_0065_0054_0054.jpg 1 55 65 54 54
0692_0011_0027_0096_0096.jpg 1 11 27 96 96
0693_0021_0030_0089_0089.jpg 1 21 30 89 89
0694_0012_0048_0075_0075.jpg 1 12 48 75 75
0695_0053_0035_0041_0041.jpg 1 53 35 41 41
0696_0022_0033_0094_0094.jpg 1 22 33 94 94
0697_0030_0028_0073_0073.jpg 1 30 28 73 73
0698_0063_0076_0064_0064.jpg 1 63 76 64 64
0699_0068_0065_0034_0034.jpg 1 68 65 34 34
0700_0017_0012_0076_0076.jpg 1 17 12 76 76
0701_0028_0035_0099_0099.jpg 1 28 35 99 99
0702_0089_0078_0042_0042.jpg 1 89 78 42 42
0703_0009_0018_0057_0057.jpg 1 9 18 57 57
0704_0073_0050_0026_0026.jpg 1 73 50 26 26
0705_0037_0017_0091_0091.jpg 1 37 17 91 91
0706_0033_0078_0041_0041.jpg 1 33 78 41 41
0707_0066_0018_0039_0039.jpg 1 66 18 39 39
0708_0018_0023_0091_0091.jpg 1 18 23 91 91
0709_0077_0048_0053_0053.jpg 1 77 48 53 53
0710_0018_0006_0102_0102.jpg 1 18 6 102 102
0711_0061_0062_0028_0028.jpg 1 61 62 28 28
0712_0039_0039_0049_0049.jpg 1 39 39 49 49
0713_0027_0010_0097_0097.jpg 1 27 10 97 97
0714_0016_0033_0099_0099.jpg 1 16 33 99 99
0715_0036_0038_0060_0060.jpg 1 36 38 60 60
0716_0069_0075_0054_0054.jpg 1 69 75 54 54
0717_0040_0034_0094_0094.jpg 1 40 34 94 94
0718_0044_0044_0086_0086.jpg 1 44 44 86 86
0719_0046_0020_0076_0076.jpg 1 46 20 76 76
0720_0071_0092_0032_0032.jpg 1 71 92 32 32
0721_0032_0048_0079_0079.jpg 1 32 48 79 79
0722_0077_0100_0025_0025.jpg 1 77 100 25 25
0723_0022_0010_0068_0068.jpg 1 22 10 68 68
0724_0017_0018_0079_0079.jpg 1 17 18 79 79
0725_0043_0025_0044_0044.jpg 1 43 25 44 44
0726_0069_0015_0036_0036.jpg 1 69 15 36 36
0727_0024_0037_0060_0060.jpg 1 24 37 60 60
0728_0023_0046_0065_0065.jpg 1 23 46 65 65
0729_0024_0008_0102_0102.jpg 1 24 8 102 102
0730_0018_0041_0096_0096.jpg 1 18 41 96 96
0731_0037_0025_0103_0103.jpg 1 37 25 103 103
0732_0011_0050_0081_0081.jpg 1 11 50 81 81
0733_0028_0061_0049_0049.jpg 1 28 61 49 49
0734_0055_0009_0086_0086.jpg 1 55 9 86 86
0735_0036_0022_0050_0050.jpg 1 36 22 50 50
0736_0014_0033_0032_0032.jpg 1 14 33 32 32
0737_0019_0022_0034_0034.jpg 1 19 22 34 34
0738_0019_0041_0059_0059.jpg 1 19 41 59 59
0739_0028_0068_0073_0073.jpg 1 28 68 73 73
0740_0072_0046_0052_0052.jpg 1 72 46 52 52
0741_0059_0023_0059_0059.jpg 1 59 23 59 59
0742_0034_0073_0052_0052.jpg 1 34 73 52 52
0743_0053_0052_0072_0072.jpg 1 53 52 72 72
0744_0035_0049_0090_0090.jpg 1 35 49 90 90
0745_0015_0050_0055_0055.jpg 1 15 50 55 55
0746_0008_0040_0100_0100.jpg 1 8 40 100 100
0747_0036_0012_0104_0104.jpg 1 36 12 104 104
0748_0081_0035_0058_0058.jpg 1 81 35 58 58
0749_0024_0013_0061_0061.jpg 1 24 13 61 61
0750_0011_0021_0104_0104.jpg 1 11 21 104 104
0751_0051_0060_0080_0080.jpg 1 51 60 80 80
0752_0069_0048_0026_0026.jpg 1 69 48 26 26
0753_0075_0035_0024_0024.jpg 1 75 35 24 24
0754_0043_0016_0093_0093.jpg 1 43 16 93 93
0755_0015_0071_0051_0051.jpg 1 15 71 51 51
0756_0043_0053_0064_0064.jpg 1 43 53 64 64
0757_0034_0018_0064_0064.jpg 1 34 18 64 64
0758_0038_0049_0065_0065.jpg 1 38 49 65 65
0759_0060_0053_0079_0079.jpg 1 60 53 79 79
0760_0039_0049_0045_0045.jpg 1 39 49 45 45
0761_0013_0012_0052_0052.jpg 1 13 12 52 52
0762_0016_0009_0067_0067.jpg 1 16 9 67 67
0763_0007_0043_0090_0090.jpg 1 7 43 90 90
0764_0031_0061_0032_0032.jpg 1 31 61 32 32
0765_0024_0034_0101_0101.jpg 1 24 34 101 101
0766_0072_0054_0043_0043.jpg 1 72 54 43 43
0767_0095_0025_0033_0033.jpg 1 95 25 33 33
0768_0037_0029_0040_0040.jpg 1 37 29 40 40
0769_0032_0068_0029_0029.jpg 1 32 68 29 29
0770_0024_0007_0091_0091.jpg 1 24 7 91 91
0771_0037_0019_0073_0073.jpg 1 37 19 73 73
0772_0026_0032_0063_0063.jpg 1 26 32 63 63
0773_0013_0036_0058_0058.jpg 1 13 36 58 58
0774_0109_0100_0026_0026.jpg 1 109 100 26 26
0775_0060_0043_0041_0041.jpg 1 60 43 41 41
0776_0043_0027_0086_0086.jpg 1 43 27 86 86
0777_0052_0024_0084_0084.jpg 1 52 24 84 84
0778_0064_0027_0071_0071.jpg 1 64 27 71 71
0779_0061_0023_0062_0062.jpg 1 61 23 62 62
0780_0068_0040_0059_0059.jpg 1 68 40 59 59
0781_0053_0043_0065_0065.jpg 1 53 43 65 65
0782_0029_0010_0090_0090.jpg 1 29 10 90 90
0783_0012_0017_0096_0096.jpg 1 12 17 96 96
0784_0067_0027_0056_0056.jpg 1 67 27 56 56
0785_0023_0063_0061_0061.jpg 1 23 63 61 61
0786_0030_0022_0083_0083.jpg 1 30 22 83 83
0787_0035_0073_0067_0067.jpg 1 35 73 67 67
0788_0020_0059_0052_0052.jpg 1 20 59 52 52
0789_0096_0053_0041_0041.jpg 1 96 53 41 41
0790_0038_0061_0071_0071.jpg 1 38 61 71 71
0791_0043_0014_0098_0098.jpg 1 43 14 98 98
0792_0061_0018_0072_0072.jpg 1 61 18 72 72
0793_0079_0056_0024_0024.jpg 1 79 56 24 24
0794_0014_0012_0072_0072.jpg 1 14 12 72 72
0795_0010_0042_0076_0076.jpg 1 10 42 76 76
0796_0038_0034_0052_0052.jpg 1 38 34 52 52
0797_0039_0055_0051_0051.jpg 1 39 55 51 51
0798_0062_0026_0045_0045.jpg 1 62 26 45 45
0799_0055_0097_0026_0026.jpg 1 55 97 26 26
0800_0028_0029_0098_0098.jpg 1 28 29 98 98
0801_0068_0018_0028_0028.jpg 1 68 18 28 28
0802_0029_0022_0041_0041.jpg 1 29 22 41 41
0803_0033_0013_0082_0082.jpg 1 33 13 82 82
0804_0039_0060_0048_0048.jpg 1 39 60 48 48
0805_0018_0084_0056_0056.jpg 1 18 84 56 56
0806_0058_0092_0031_0031.jpg 1 58 92 31 31
0807_0031_0027_0101_0101.jpg 1 31 27 101 101
0808_0029_0059_0059_0059.jpg 1 29 59 59 59
0809_0016_0064_0051_0051.jpg 1 16 64 51 51
0810_0030_0045_0097_0097.jpg 1 30 45 97 97
0811_0006_0017_0089_0089.jpg 1 6 17 89 89
0812_0067_0066_0054_0054.jpg 1 67 66 54 54
0813_0009_0050_0091_0091.jpg 1 9 50 91 91
0814_0026_0078_0026_0026.jpg 1 26 78 26 26
0815_0049_0017_0045_0045.jpg 1 49 17 45 45
0816_0048_0016_0072_0072.jpg 1 48 16 72 72
0817_0036_0050_0065_0065.jpg 1 36 50 65 65
0818_0014_0053_0067_0067.jpg 1 14 53 67 67
0819_0051_0019_0072_0072.jpg 1 51 19 72 72
0820_0071_0023_0050_0050.jpg 1 71 23 50 50
0821_0038_0019_0098_0098.jpg 1 38 19 98 98
0822_0067_0063_0065_0065.jpg 1 67 63 65 65
0823_0066_0045_0040_0040.jpg 1 66 45 40 40
0824_0042_0078_0045_0045.jpg 1 42 78 45 45
0825_0021_0042_0100_0100.jpg 1 21 42 100 100
0826_0033_0007_0102_0102.jpg 1 33 7 102 102
0827_0029_0038_0098_0098.jpg 1 29 38 98 98
0828_0069_0009_0064_0064.jpg 1 69 9 64 64
0829_0029_0076_0028_0028.jpg 1 29 76 28 28
0830_0011_0047_0094_0094.jpg 1 11 47 94 94
0831_0013_0058_0082_0082.jpg 1 13 58 82 82
0832_0037_0044_0087_0087.jpg 1 37 44 87 87
0833_0022_0072_0068_0068.jpg 1 22 72 68 68
0834_0047_0069_0026_0026.jpg 1 47 69 26 26
0835_0073_0046_0051_0051.jpg 1 73 46 51 51
0836_0080_0065_0050_0050.jpg 1 80 65 50 50
0837_0012_0021_0100_0100.jpg 1 12 21 100 100
0838_0034_0040_0074_0074.jpg 1 34 40 74 74
0839_0047_0040_0074_0074.jpg 1 47 40 74 74
0840_0023_0020_0050_0050.jpg 1 23 20 50 50
0841_0048_0038_0024_0024.jpg 1 48 38 24 24
0842_0082_0021_0035_0035.jpg 1 82 21 35 35
0843_0020_0036_0059_0059.jpg 1 20 36 59 59
0844_0054_0053_0087_0087.jpg 1 54 53 87 87
0845_0041_0037_0055_0055.jpg 1 41 37 55 55
0846_0044_0033_0096_0096.jpg 1 44 33 96 96
0847_0076_0049_0062_0062.jpg 1 76 49 62 62
0848_0016_0054_0080_0080.jpg 1 16 54 80 80
0849_0025_0041_0066_0066.jpg 1 25 41 66 66
0850_0038_0005_0101_0101.jpg 1 38 5 101 101
0851_0031_0027_0054_0054.jpg 1 31 27 54 54
0852_0013_0075_0026_0026.jpg 1 13 75 26 26
0853_0081_0091_0042_0042.jpg 1 81 91 42 42
0854_0088_0013_0049_0049.jpg 1 88 13 49 49
0855_0061_0032_0078_0078.jpg 1 61 32 78 78
0856_0050_0034_0041_0041.jpg 1 50 34 41 41
0857_0033_0019_0093_0093.jpg 1 33 19 93 93
0858_0056_0026_0067_0067.jpg 1 56 26 67 67
0859_0067_0057_0038_0038.jpg 1 67 57 38 38
0860_0044_0058_0074_0074.jpg 1 44 58 74 74
0861_0067_0011_0060_0060.jpg 1 67 11 60 60
0862_0027_0041_0068_0068.jpg 1 27 41 68 68
0863_0022_0056_0063_0063.jpg 1 22 56 63 63
0864_0085_0049_0042_0042.jpg 1 85 49 42 42
0865_0027_0047_0087_0087.jpg 1 27 47 87 87
0866_0019_0069_0044_0044.jpg 1 19 69 44 44
0867_0084_0053_0054_0054.jpg 1 84 53 54 54
0868_0043_0039_0090_0090.jpg 1 43 39 90 90
0869_0064_0108_0025_0025.jpg 1 64 108 25 25
0870_0010_0018_0072_0072.jpg 1 10 18 72 72
0871_0035_0073_0051_0051.jpg 1 35 73 51 51
0872_0065_0038_0038_0038.jpg 1 65 38 38 38
0873_0026_0101_0037_0037.jpg 1 26 101 37 37
0874_0022_0040_0040_0040.jpg 1 22 40 40 40
0875_0058_0084_0043_0043.jpg 1 58 84 43 43
0876_0012_0051_0062_0062.jpg 1 12 51 62 62
0877_0093_0017_0031_0031.jpg 1 93 17 31 31
0878_0034_0052_0070_0070.jpg 1 34 52 70 70
0879_0045_0110_0024_0024.jpg 1 45 110 24 24
0880_0017_0052_0087_0087.jpg 1 17 52 87 87
0881_0066_0085_0036_0036.jpg 1 66 85 36 36
0882_0060_0011_0066_0066.jpg 1 60 11 66 66
0883_0035_0019_0091_0091.jpg 1 35 19 91 91
0884_0038_0028_0082_0082.jpg 1 38 28 82 82
0885_0035_0041_0059_0059.jpg 1 35 41 59 59
0886_0030_0049_0039_0039.jpg 1 30 49 39 39
0887_0070_0054_0057_0057.jpg 1 70 54 57 57
0888_0054_0010_0082_0082.jpg 1 54 10 82 82
0889_0069_0024_0065_0065.jpg 1 69 24 65 65
0890_0018_0030_0026_0026.jpg 1 18 30 26 26
0891_0046_0106_0024_0024.jpg 1 46 106 24 24
0892_0030_0057_0047_0047.jpg 1 30 57 47 47
0893_0026_0046_0067_0067.jpg 1 26 46 67 67
0894_0031_0037_0098_0098.jpg 1 31 37 98 98
0895_0012_0043_0093_0093.jpg 1 12 43 93 93
0896_0047_0051_0072_0072.jpg 1 47 51 72 72
0897_0015_0020_0055_0055.jpg 1 15 20 55 55
0898_0033_0046_0051_0051.jpg 1 33 46 51 51
0899_0045_0046_0089_0089.jpg 1 45 46 89 89
0900_0032_0096_0037_0037.jpg 1 32 96 37 37
0901_0051_0057_0032_0032.jpg 1 51 57 32 32
0902_0016_0015_0032_0032.jpg 1 16 15 32 32
0903_0025_0072_0066_0066.jpg 1 25 72 66 66
0904_0041_0072_0046_0046.jpg 1 41 72 46 46
0905_0031_0040_0103_0103.jpg 1 31 40 103 103
0906_0041_0047_0063_0063.jpg 1 41 47 63 63
0907_0072_0085_0051_0051.jpg 1 72 85 51 51
0908_0091_0022_0046_0046.jpg 1 91 22 46 46
0909_0018_0016_0078_0078.jpg 1 18 16 78 78
0910_0040_0007_0104_0104.jpg 1 40 7 104 104
0911_0042_0042_0051_0051.jpg 1 42 42 51 51
0912_0024_0050_0028_0028.jpg 1 24 50 28 28
0913_0017_0012_0090_0090.jpg 1 17 12 90 90
0914_0032_0074_0062_0062.jpg 1 32 74 62 62
0915_0006_0039_0086_0086.jpg 1 6 39 86 86
0916_0036_0084_0025_0025.jpg 1 36 84 25 25
0917_0061_0016_0044_0044.jpg 1 61 16 44 44
0918_0050_0064_0060_0060.jpg 1 50 64 60 60
0919_0033_0044_0093_0093.jpg 1 33 44 93 93
0920_0038_0024_0102_0102.jpg 1 38 24 102 102
0921_0020_0063_0061_0061.jpg 1 20 63 61 61
0922_0056_0080_0055_0055.jpg 1 56 80 55 55
0923_0008_0036_0079_0079.jpg 1 8 36 79 79
0924_0036_0017_0073_0073.jpg 1 36 17 73 73
0925_0005_0016_0101_0101.jpg 1 5 16 101 101
0926_0032_0041_0100_0100.jpg 1 32 41 100 100
0927_0075_0067_0043_0043.jpg 1 75 67 43 43
0928_0084_0024_0051_0051.jpg 1 84 24 51 51
0929_0042_0013_0092_0092.jpg 1 42 13 92 92
0930_0027_0047_0071_0071.jpg 1 27 47 71 71
0931_0046_0048_0084_0084.jpg 1 46 48 84 84
0932_0042_0025_0089_0089.jpg 1 42 25 89 89
0933_0036_0089_0028_0028.jpg 1 36 89 28 28
0934_0037_0056_0075_0075.jpg 1 37 56 75 75
0935_0077_0058_0062_0062.jpg 1 77 58 62 62
0936_0012_0027_0098_0098.jpg 1 12 27 98 98
0937_0051_0104_0032_0032.jpg 1 51 104 32 32
0938_0026_0063_0025_0025.jpg 1 26 63 25 25
0939_0041_0049_0051_0051.jpg 1 41 49 51 51
0940_0052_0084_0055_0055.jpg 1 52 84 55 55
0941_0061_0008_0081_0081.jpg 1 61 8 81 81
0942_0034_0020_0033_0033.jpg 1 34 20 33 33
0943_0013_0086_0041_0041.jpg 1 13 86 41 41
0944_0050_0032_0059_0059.jpg 1 50 32 59 59
0945_0048_0045_0039_0039.jpg 1 48 45 39 39
0946_0077_0073_0056_0056.jpg 1 77 73 56 56
0947_0016_0038_0074_0074.jpg 1 16 38 74 74
0948_0008_0023_0098_0098.jpg 1 8 23 98 98
0949_0045_0022_0085_0085.jpg 1 45 22 85 85
0950_0030_0039_0098_0098.jpg 1 30 39 98 98
0951_0026_0018_0028_0028.jpg 1 26 18 28 28
0952_0067_0090_0029_0029.jpg 1 67 90 29 29
0953_0035_0035_0097_0097.jpg 1 35 35 97 97
0954_0055_0048_0056_0056.jpg 1 55 48 56 56
0955_0066_0024_0073_0073.jpg 1 66 24 73 73
0956_0045_0007_0088_0088.jpg 1 45 7 88 88
0957_0094_0013_0032_0032.jpg 1 94 13 32 32
0958_0038_0044_0042_0042.jpg 1 38 44 42 42
0959_0060_0012_0077_0077.jpg 1 60 12 77 77
0960_0070_0090_0046_0046.jpg 1 70 90 46 46
0961_0074_0036_0063_0063.jpg 1 74 36 63 63
0962_0083_0034_0040_0040.jpg 1 83 34 40 40
0963_0034_0052_0085_0085.jpg 1 34 52 85 85
0964_0010_0021_0075_0075.jpg 1 10 21 75 75
0965_0007_0011_0087_0087.jpg 1 7 11 87 87
0966_0065_0054_0040_0040.jpg 1 65 54 40 40
0967_0041_0019_0099_0099.jpg 1 41 19 99 99
0968_0038_0072_0032_0032.jpg 1 38 72 32 32
0969_0071_0053_0048_0048.jpg 1 71 53 48 48
0970_0046_0059_0076_0076.jpg 1 46 59 76 76
0971_0006_0017_0095_0095.jpg 1 6 17 95 95
0972_0045_0068_0035_0035.jpg 1 45 68 35 35
0973_0038_0082_0041_0041.jpg 1 38 82 41 41
0974_0026_0063_0052_0052.jpg 1 26 63 52 52
0975_0009_0062_0074_0074.jpg 1 9 62 74 74
0976_0097_0041_0032_0032.jpg 1 97 41 32 32
0977_0078_0014_0035_0035.jpg 1 78 14 35 35
0978_0023_0052_0062_0062.jpg 1 23 52 62 62
0979_0025_0015_0082_0082.jpg 1 25 15 82 82
0980_0024_0042_0099_0099.jpg 1 24 42 99 99
0981_0044_0030_0087_0087.jpg 1 44 30 87 87
0982_0023_0011_0101_0101.jpg 1 23 11 101 101
0983_0063_0051_0071_0071.jpg 1 63 51 71 71
0984_0009_0034_0089_0089.jpg 1 9 34 89 89
0985_0014_0040_0092_0092.jpg 1 14 40 92 92
0986_0031_0055_0083_0083.jpg 1 31 55 83 83
0987_0029_0018_0101_0101.jpg 1 29 18 101 101
0988_0035_0005_0101_0101.jpg 1 35 5 101 101
0989_0023_0045_0097_0097.jpg 1 23 45 97 97
0990_0059_0064_0077_0077.jpg 1 59 64 77 77
0991_0032_0022_0094_0094.jpg 1 32 22 94 94
0992_0053_0066_0064_0064.jpg 1 53 66 64 64
0993_0027_0005_0097_0097.jpg 1 27 5 97 97
0994_0050_0009_0093_0093.jpg 1 50 9 93 93
0995_0049_0047_0029_0029.jpg 1 49 47 29 29
0996_0024_0012_0065_0065.jpg 1 24 12 65 65
0997_0097_0085_0027_0027.jpg 1 97 85 27 27
0998_0084_0052_0033_0033.jpg 1 84 52 33 33
0999_0036_0031_0066_0066.jpg 1 36 31 66 66
1000_0049_0016_0080_0080.jpg 1 49 16 80 80
1001_0036_0051_0069_0069.jpg 1 36 51 69 69
1002_0014_0012_0067_0067.jpg 1 14 12 67 67
1003_0051_0063_0026_0026.jpg 1 51 63 26 26
1004_0057_0044_0082_0082.jpg 1 57 44 82 82
1005_0025_0049_0029_0029.jpg 1 25 49 29 29
1006_0042_0023_0060_0060.jpg 1 42 23 60 60
1007_0077_0069_0049_0049.jpg 1 77 69 49 49
1008_0063_0044_0038_0038.jpg 1 63 44 38 38
1009_0039_0077_0043_0043.jpg 1 39 77 43 43
1010_0015_0008_0091_0091.jpg 1 15 8 91 91
1011_0073_0073_0035_0035.jpg 1 73 73 35 35
1012_0037_0078_0031_0031.jpg 1 37 78 31 31
1013_0040_0038_0027_0027.jpg 1 40 38 27 27
1014_0048_0015_0070_0070.jpg 1 48 15 70 70
1015_0089_0055_0036_0036.jpg 1 89 55 36 36
1016_0026_0053_0087_0087.jpg 1 26 53 87 87
1017_0042_0031_0094_0094.jpg 1 42 31 94 94
1018_0070_0040_0033_0033.jpg 1 70 40 33 33
1019_0071_0050_0069_0069.jpg 1 71 50 69 69
1020_0012_0048_0092_0092.jpg 1 12 48 92 92
1021_0030_0072_0060_0060.jpg 1 30 72 60 60
1022_0038_0021_0081_0081.jpg 1 38 21 81 81
1023_0016_0014_0093_0093.jpg 1 16 14 93 93
1024_0078_0031_0056_0056.jpg 1 78 31 56 56
1025_0041_0052_0049_0049.jpg 1 41 52 49 49
1026_0026_0035_0101_0101.jpg 1 26 35 101 101
1027_0055_0039_0059_0059.jpg 1 55 39 59 59
1028_0045_0020_0066_0066.jpg 1 45 20 66 66
1029_0086_0055_0050_0050.jpg 1 86 55 50 50
1030_0018_0039_0100_0100.jpg 1 18 39 100 100
1031_0101_0032_0030_0030.jpg 1 101 32 30 30
1032_0017_0041_0026_0026.jpg 1 17 41 26 26
1033_0045_0076_0042_0042.jpg 1 45 76 42 42
1034_0041_0021_0045_0045.jpg 1 41 21 45 45
1035_0038_0019_0101_0101.jpg 1 38 19 101 101
1036_0011_0026_0102_0102.jpg 1 11 26 102 102
1037_0051_0040_0042_0042.jpg 1 51 40 42 42
1038_0043_0021_0102_0102.jpg 1 43 21 102 102
1039_0104_0106_0029_0029.jpg 1 104 106 29 29
1040_0069_0090_0043_0043.jpg 1 69 90 43 43
1041_0074_0071_0043_0043.jpg 1 74 71 43 43
1042_0086_0028_0027_0027.jpg 1 86 28 27 27
1043_0041_0039_0079_0079.jpg 1 41 39 79 79
1044_0068_0051_0043_0043.jpg 1 68 51 43 43
1045_0036_0068_0064_0064.jpg 1 36 68 64 64
1046_0028_0041_0087_0087.jpg 1 28 41 87 87
1047_0038_0036_0083_0083.jpg 1 38 36 83 83
1048_0039_0070_0057_0057.jpg 1 39 70 57 57
1049_0094_0033_0043_0043.jpg 1 94 33 43 43
1050_0037_0090_0041_0041.jpg 1 37 90 41 41
1051_0052_0021_0044_0044.jpg 1 52 21 44 44
1052_0057_0019_0064_0064.jpg 1 57 19 64 64
1053_0086_0087_0046_0046.jpg 1 86 87 46 46
1054_0050_0045_0091_0091.jpg 1 50 45 91 91
1055_0074_0084_0042_0042.jpg 1 74 84 42 42
1056_0011_0042_0074_0074.jpg 1 11 42 74 74
1057_0028_0015_0094_0094.jpg 1 28 15 94 94
1058_0015_0085_0050_0050.jpg 1 15 85 50 50
1059_0054_0030_0070_0070.jpg 1 54 30 70 70
1060_0082_0082_0050_0050.jpg 1 82 82 50 50
1061_0017_0025_0066_0066.jpg 1 17 25 66 66
1062_0077_0017_0026_0026.jpg 1 77 17 26 26
1063_0007_0034_0087_0087.jpg 1 7 34 87 87
1064_0048_0022_0043_0043.jpg 1 48 22 43 43
1065_0062_0047_0034_0034.jpg 1 62 47 34 34
1066_0021_0035_0080_0080.jpg 1 21 35 80 80
1067_0040_0047_0088_0088.jpg 1 40 47 88 88
1068_0038_0010_0094_0094.jpg 1 38 10 94 94
1069_0045_0019_0080_0080.jpg 1 45 19 80 80
1070_0050_0026_0042_0042.jpg 1 50 26 42 42
1071_0018_0074_0042_0042.jpg 1 18 74 42 42
1072_0010_0016_0097_0097.jpg 1 10 16 97 97
1073_0046_0051_0045_0045.jpg 1 46 51 45 45
1074_0014_0043_0070_0070.jpg 1 14 43 70 70
1075_0050_0051_0036_0036.jpg 1 50 51 36 36
1076_0011_0041_0084_0084.jpg 1 11 41 84 84
1077_0038_0020_0052_0052.jpg 1 38 20 52 52
1078_0007_0031_0073_0073.jpg 1 7 31 73 73
1079_0082_0083_0054_0054.jpg 1 82 83 54 54
1080_0042_0009_0063_0063.jpg 1 42 9 63 63
1081_0024_0023_0098_0098.jpg 1 24 23 98 98
1082_0046_0039_0040_0040.jpg 1 46 39 40 40
1083_0033_0014_0080_0080.jpg 1 33 14 80 80
1084_0012_0026_0080_0080.jpg 1 12 26 80 80
1085_0021_0020_0103_0103.jpg 1 21 20 103 103
1086_0017_0028_0035_0035.jpg 1 17 28 35 35
1087_0042_0059_0030_0030.jpg 1 42 59 30 30
1088_0075_0039_0054_0054.jpg 1 75 39 54 54
1089_0038_0062_0061_0061.jpg 1 38 62 61 61
1090_0026_0062_0071_0071.jpg 1 26 62 71 71
1091_0038_0046_0090_0090.jpg 1 38 46 90 90
1092_0054_0077_0061_0061.jpg 1 54 77 61 61
1093_0041_0069_0035_0035.jpg 1 41 69 35 35
1094_0049_0061_0076_0076.jpg 1 49 61 76 76
1095_0019_0065_0033_0033.jpg 1 19 65 33 33
1096_0032_0048_0094_0094.jpg 1 32 48 94 94
1097_0009_0033_0093_0093.jpg 1 9 33 93 93
1098_0024_0027_0096_0096.jpg 1 24 27 96 96
1099_0061_0047_0050_0050.jpg 1 61 47 50 50
1100_0072_0090_0049_0049.jpg 1 72 90 49 49
1101_0030_0048_0073_0073.jpg 1 30 48 73 73
1102_0076_0080_0040_0040.jpg 1 76 80 40 40
1103_0099_0087_0037_0037.jpg 1 99 87 37 37
1104_0062_0020_0055_0055.jpg 1 62 20 55 55
1105_0075_0034_0054_0054.jpg 1 75 34 54 54
1106_0008_0006_0103_0103.jpg 1 8 6 103 103
1107_0082_0034_0045_0045.jpg 1 82 34 45 45
1108_0023_0025_0075_0075.jpg 1 23 25 75 75
1109_0022_0033_0103_0103.jpg 1 22 33 103 103
1110_0017_0010_0084_0084.jpg 1 17 10 84 84
1111_0048_0028_0066_0066.jpg 1 48 28 66 66
1112_0078_0056_0061_0061.jpg 1 78 56 61 61
1113_0031_0014_0028_0028.jpg 1 31 14 28 28
1114_0097_0102_0029_0029.jpg 1 97 102 29 29
1115_0022_0062_0075_0075.jpg 1 22 62 75 75
1116_0054_0085_0051_0051.jpg 1 54 85 51 51
1117_0067_0060_0024_0024.jpg 1 67 60 24 24
1118_0087_0083_0039_0039.jpg 1 87 83 39 39
1119_0018_0030_0101_0101.jpg 1 18 30 101 101
1120_0072_0021_0032_0032.jpg 1 72 21 32 32
1121_0045_0014_0071_0071.jpg 1 45 14 71 71
1122_0048_0043_0027_0027.jpg 1 48 43 27 27
1123_0025_0027_0052_0052.jpg 1 25 27 52 52
1124_0011_0061_0052_0052.jpg 1 11 61 52 52
1125_0022_0026_0051_0051.jpg 1 22 26 51 51
1126_0050_0036_0078_0078.jpg 1 50 36 78 78
1127_0043_0036_0069_0069.jpg 1 43 36 69 69
1128_0008_0015_0065_0065.jpg 1 8 15 65 65
1129_0062_0050_0026_0026.jpg 1 62 50 26 26
1130_0036_0043_0096_0096.jpg 1 36 43 96 96
1131_0073_0064_0064_0064.jpg 1 73 64 64 64
1132_0022_0034_0091_0091.jpg 1 22 34 91 91
1133_0047_0057_0043_0043.jpg 1 47 57 43 43
1134_0041_0055_0079_0079.jpg 1 41 55 79 79
1135_0081_0036_0052_0052.jpg 1 81 36 52 52
1136_0011_0008_0080_0080.jpg 1 11 8 80 80
1137_0030_0085_0048_0048.jpg 1 30 85 48 48
1138_0013_0047_0088_0088.jpg 1 13 47 88 88
1139_0071_0088_0044_0044.jpg 1 71 88 44 44
1140_0085_0015_0045_0045.jpg 1 85 15 45 45
1141_0024_0043_0069_0069.jpg 1 24 43 69 69
1142_0037_0079_0060_0060.jpg 1 37 79 60 60
1143_0031_0066_0074_0074.jpg 1 31 66 74 74
