0001_0030_0041_0065_0065.jpg 1 30 41 65 65
0002_0046_0014_0079_0079.jpg 1 46 14 79 79
0003_0046_0058_0044_0044.jpg 1 46 58 44 44
0004_0021_0065_0075_0075.jpg 1 21 65 75 75
0005_0070_0017_0026_0026.jpg 1 70 17 26 26
0006_0034_0032_0091_0091.jpg 1 34 32 91 91
0007_0030_0050_0068_0068.jpg 1 30 50 68 68
0008_0040_0043_0057_0057.jpg 1 40 43 57 57
0009_0038_0024_0088_0088.jpg 1 38 24 88 88
0010_0059_0048_0082_0082.jpg 1 59 48 82 82
0011_0073_0019_0048_0048.jpg 1 73 19 48 48
0012_0023_0067_0038_0038.jpg 1 23 67 38 38
0013_0058_0095_0044_0044.jpg 1 58 95 44 44
0014_0091_0022_0042_0042.jpg 1 91 22 42 42
0015_0061_0038_0070_0070.jpg 1 61 38 70 70
0016_0064_0058_0055_0055.jpg 1 64 58 55 55
0017_0042_0023_0047_0047.jpg 1 42 23 47 47
0018_0037_0015_0103_0103.jpg 1 37 15 103 103
0019_0024_0020_0100_0100.jpg 1 24 20 100 100
0020_0049_0013_0072_0072.jpg 1 49 13 72 72
0021_0062_0066_0059_0059.jpg 1 62 66 59 59
0022_0047_0044_0096_0096.jpg 1 47 44 96 96
0023_0051_0067_0040_0040.jpg 1 51 67 40 40
0024_0048_0036_0059_0059.jpg 1 48 36 59 59
0025_0058_0069_0040_0040.jpg 1 58 69 40 40
0026_0017_0046_0032_0032.jpg 1 17 46 32 32
0027_0061_0027_0060_0060.jpg 1 61 27 60 60
0028_0042_0046_0081_0081.jpg 1 42 46 81 81
0029_0036_0041_0104_0104.jpg 1 36 41 104 104
0030_0048_0041_0095_0095.jpg 1 48 41 95 95
0031_0025_0029_0083_0083.jpg 1 25 29 83 83
0032_0071_0039_0029_0029.jpg 1 71 39 29 29
0033_0014_0086_0051_0051.jpg 1 14 86 51 51
0034_0036_0049_0085_0085.jpg 1 36 49 85 85
0035_0013_0022_0098_0098.jpg 1 13 22 98 98
0036_0011_0010_0081_0081.jpg 1 11 10 81 81
0037_0037_0054_0062_0062.jpg 1 37 54 62 62
0038_0035_0021_0049_0049.jpg 1 35 21 49 49
0039_0071_0034_0050_0050.jpg 1 71 34 50 50
0040_0029_0031_0092_0092.jpg 1 29 31 92 92
0041_0037_0057_0058_0058.jpg 1 37 57 58 58
0042_0097_0084_0040_0040.jpg 1 97 84 40 40
0043_0012_0071_0038_0038.jpg 1 12 71 38 38
0044_0045_0034_0083_0083.jpg 1 45 34 83 83
0045_0071_0066_0042_0042.jpg 1 71 66 42 42
0046_0010_0030_0102_0102.jpg 1 10 30 102 102
0047_0077_0066_0054_0054.jpg 1 77 66 54 54
0048_0013_0035_0101_0101.jpg 1 13 35 101 101
0049_0047_0008_0093_0093.jpg 1 47 8 93 93
0050_0106_0037_0024_0024.jpg 1 106 37 24 24
0051_0062_0040_0078_0078.jpg 1 62 40 78 78
0052_0011_0011_0046_0046.jpg 1 11 11 46 46
0053_0029_0073_0063_0063.jpg 1 29 73 63 63
0054_0051_0016_0046_0046.jpg 1 51 16 46 46
0055_0023_0047_0033_0033.jpg 1 23 47 33 33
0056_0051_0045_0039_0039.jpg 1 51 45 39 39
0057_0022_0051_0080_0080.jpg 1 22 51 80 80
0058_0017_0025_0052_0052.jpg 1 17 25 52 52
0059_0102_0016_0028_0028.jpg 1 102 16 28 28
0060_0097_0046_0034_0034.jpg 1 97 46 34 34
0061_0009_0018_0098_0098.jpg 1 9 18 98 98
0062_0009_0016_0088_0088.jpg 1 9 16 88 88
0063_0029_0070_0063_0063.jpg 1 29 70 63 63
0064_0010_0080_0051_0051.jpg 1 10 80 51 51
0065_0046_0016_0091_0091.jpg 1 46 16 91 91
0066_0047_0040_0056_0056.jpg 1 47 40 56 56
0067_0051_0051_0084_0084.jpg 1 51 51 84 84
0068_0054_0061_0057_0057.jpg 1 54 61 57 57
0069_0021_0082_0036_0036.jpg 1 21 82 36 36
0070_0036_0035_0100_0100.jpg 1 36 35 100 100
0071_0011_0034_0098_0098.jpg 1 11 34 98 98
0072_0034_0096_0029_0029.jpg 1 34 96 29 29
0073_0012_0026_0059_0059.jpg 1 12 26 59 59
0074_0023_0039_0090_0090.jpg 1 23 39 90 90
0075_0012_0059_0072_0072.jpg 1 12 59 72 72
0076_0028_0023_0096_0096.jpg 1 28 23 96 96
0077_0033_0035_0086_0086.jpg 1 33 35 86 86
0078_0029_0055_0037_0037.jpg 1 29 55 37 37
0079_0048_0024_0085_0085.jpg 1 48 24 85 85
0080_0058_0021_0080_0080.jpg 1 58 21 80 80
0081_0015_0055_0048_0048.jpg 1 15 55 48 48
0082_0043_0034_0095_0095.jpg 1 43 34 95 95
0083_0037_0066_0050_0050.jpg 1 37 66 50 50
0084_0087_0028_0037_0037.jpg 1 87 28 37 37
0085_0038_0031_0094_0094.jpg 1 38 31 94 94
0086_0045_0029_0094_0094.jpg 1 45 29 94 94
0087_0037_0046_0064_0064.jpg 1 37 46 64 64
0088_0057_0006_0083_0083.jpg 1 57 6 83 83
0089_0009_0064_0069_0069.jpg 1 9 64 69 69
0090_0091_0094_0040_0040.jpg 1 91 94 40 40
0091_0023_0084_0056_0056.jpg 1 23 84 56 56
0092_0068_0035_0055_0055.jpg 1 68 35 55 55
0093_0052_0039_0063_0063.jpg 1 52 39 63 63
0094_0024_0051_0056_0056.jpg 1 24 51 56 56
0095_0045_0016_0046_0046.jpg 1 45 16 46 46
0096_0033_0028_0094_0094.jpg 1 33 28 94 94
0097_0016_0079_0049_0049.jpg 1 16 79 49 49
0098_0048_0067_0032_0032.jpg 1 48 67 32 32
0099_0047_0023_0077_0077.jpg 1 47 23 77 77
0100_0024_0062_0066_0066.jpg 1 24 62 66 66
0101_0012_0046_0076_0076.jpg 1 12 46 76 76
0102_0027_0028_0069_0069.jpg 1 27 28 69 69
0103_0107_0045_0027_0027.jpg 1 107 45 27 27
0104_0031_0014_0103_0103.jpg 1 31 14 103 103
0105_0009_0043_0090_0090.jpg 1 9 43 90 90
0106_0010_0013_0084_0084.jpg 1 10 13 84 84
0107_0050_0031_0044_0044.jpg 1 50 31 44 44
0108_0020_0092_0025_0025.jpg 1 20 92 25 25
0109_0092_0086_0037_0037.jpg 1 92 86 37 37
0110_0021_0107_0028_0028.jpg 1 21 107 28 28
0111_0048_0059_0048_0048.jpg 1 48 59 48 48
0112_0044_0028_0087_0087.jpg 1 44 28 87 87
0113_0015_0045_0064_0064.jpg 1 15 45 64 64
0114_0025_0013_0098_0098.jpg 1 25 13 98 98
0115_0069_0084_0045_0045.jpg 1 69 84 45 45
0116_0048_0028_0063_0063.jpg 1 48 28 63 63
0117_0040_0014_0084_0084.jpg 1 40 14 84 84
0118_0041_0039_0095_0095.jpg 1 41 39 95 95
0119_0039_0043_0062_0062.jpg 1 39 43 62 62
0120_0043_0046_0071_0071.jpg 1 43 46 71 71
0121_0011_0042_0092_0092.jpg 1 11 42 92 92
0122_0056_0022_0087_0087.jpg 1 56 22 87 87
0123_0031_0023_0085_0085.jpg 1 31 23 85 85
0124_0015_0048_0079_0079.jpg 1 15 48 79 79
0125_0028_0067_0026_0026.jpg 1 28 67 26 26
0126_0064_0086_0039_0039.jpg 1 64 86 39 39
0127_0011_0065_0059_0059.jpg 1 11 65 59 59
0128_0060_0029_0077_0077.jpg 1 60 29 77 77
0129_0060_0047_0038_0038.jpg 1 60 47 38 38
0130_0093_0023_0043_0043.jpg 1 93 23 43 43
0131_0040_0086_0039_0039.jpg 1 40 86 39 39
0132_0054_0083_0048_0048.jpg 1 54 83 48 48
0133_0043_0046_0074_0074.jpg 1 43 46 74 74
0134_0014_0039_0093_0093.jpg 1 14 39 93 93
0135_0044_0018_0087_0087.jpg 1 44 18 87 87
0136_0013_0054_0073_0073.jpg 1 13 54 73 73
0137_0016_0043_0102_0102.jpg 1 16 43 102 102
0138_0051_0060_0051_0051.jpg 1 51 60 51 51
0139_0023_0018_0045_0045.jpg 1 23 18 45 45
0140_0008_0055_0088_0088.jpg 1 8 55 88 88
0141_0031_0042_0098_0098.jpg 1 31 42 98 98
0142_0035_0047_0050_0050.jpg 1 35 47 50 50
0143_0051_0075_0060_0060.jpg 1 51 75 60 60
0144_0043_0027_0046_0046.jpg 1 43 27 46 46
0145_0036_0063_0078_0078.jpg 1 36 63 78 78
0146_0028_0070_0039_0039.jpg 1 28 70 39 39
0147_0043_0083_0024_0024.jpg 1 43 83 24 24
0148_0010_0006_0085_0085.jpg 1 10 6 85 85
0149_0012_0029_0104_0104.jpg 1 12 29 104 104
0150_0065_0049_0069_0069.jpg 1 65 49 69 69
0151_0106_0081_0029_0029.jpg 1 106 81 29 29
0152_0055_0064_0078_0078.jpg 1 55 64 78 78
0153_0051_0042_0072_0072.jpg 1 51 42 72 72
0154_0032_0094_0043_0043.jpg 1 32 94 43 43
0155_0038_0055_0072_0072.jpg 1 38 55 72 72
0156_0072_0030_0064_0064.jpg 1 72 30 64 64
0157_0091_0052_0043_0043.jpg 1 91 52 43 43
0158_0034_0037_0036_0036.jpg 1 34 37 36 36
0159_0063_0027_0043_0043.jpg 1 63 27 43 43
0160_0079_0062_0043_0043.jpg 1 79 62 43 43
0161_0045_0072_0055_0055.jpg 1 45 72 55 55
0162_0010_0020_0104_0104.jpg 1 10 20 104 104
0163_0044_0049_0092_0092.jpg 1 44 49 92 92
0164_0048_0020_0072_0072.jpg 1 48 20 72 72
0165_0050_0060_0061_0061.jpg 1 50 60 61 61
0166_0058_0045_0052_0052.jpg 1 58 45 52 52
0167_0049_0021_0048_0048.jpg 1 49 21 48 48
0168_0028_0067_0031_0031.jpg 1 28 67 31 31
0169_0017_0052_0053_0053.jpg 1 17 52 53 53
0170_0026_0016_0089_0089.jpg 1 26 16 89 89
0171_0019_0065_0039_0039.jpg 1 19 65 39 39
0172_0081_0024_0039_0039.jpg 1 81 24 39 39
0173_0029_0040_0086_0086.jpg 1 29 40 86 86
0174_0061_0074_0056_0056.jpg 1 61 74 56 56
0175_0039_0016_0055_0055.jpg 1 39 16 55 55
0176_0045_0092_0038_0038.jpg 1 45 92 38 38
0177_0054_0009_0060_0060.jpg 1 54 9 60 60
0178_0051_0045_0051_0051.jpg 1 51 45 51 51
0179_0017_0020_0040_0040.jpg 1 17 20 40 40
0180_0037_0020_0082_0082.jpg 1 37 20 82 82
0181_0087_0030_0028_0028.jpg 1 87 30 28 28
0182_0007_0029_0096_0096.jpg 1 7 29 96 96
0183_0085_0068_0043_0043.jpg 1 85 68 43 43
0184_0041_0051_0051_0051.jpg 1 41 51 51 51
0185_0023_0039_0057_0057.jpg 1 23 39 57 57
0186_0022_0018_0066_0066.jpg 1 22 18 66 66
0187_0017_0035_0104_0104.jpg 1 17 35 104 104
0188_0024_0053_0079_0079.jpg 1 24 53 79 79
0189_0034_0014_0086_0086.jpg 1 34 14 86 86
0190_0063_0016_0070_0070.jpg 1 63 16 70 70
0191_0099_0053_0025_0025.jpg 1 99 53 25 25
0192_0046_0034_0085_0085.jpg 1 46 34 85 85
0193_0040_0047_0084_0084.jpg 1 40 47 84 84
0194_0011_0029_0070_0070.jpg 1 11 29 70 70
0195_0082_0074_0057_0057.jpg 1 82 74 57 57
0196_0065_0015_0045_0045.jpg 1 65 15 45 45
0197_0058_0043_0062_0062.jpg 1 58 43 62 62
0198_0080_0084_0032_0032.jpg 1 80 84 32 32
0199_0029_0039_0100_0100.jpg 1 29 39 100 100
0200_0060_0104_0025_0025.jpg 1 60 104 25 25
0201_0021_0032_0090_0090.jpg 1 21 32 90 90
0202_0044_0029_0071_0071.jpg 1 44 29 71 71
0203_0041_0076_0042_0042.jpg 1 41 76 42 42
0204_0051_0018_0025_0025.jpg 1 51 18 25 25
0205_0029_0046_0083_0083.jpg 1 29 46 83 83
0206_0021_0015_0100_0100.jpg 1 21 15 100 100
0207_0027_0012_0074_0074.jpg 1 27 12 74 74
0208_0005_0025_0096_0096.jpg 1 5 25 96 96
0209_0051_0075_0041_0041.jpg 1 51 75 41 41
0210_0047_0048_0078_0078.jpg 1 47 48 78 78
0211_0099_0032_0031_0031.jpg 1 99 32 31 31
0212_0046_0013_0074_0074.jpg 1 46 13 74 74
0213_0041_0017_0046_0046.jpg 1 41 17 46 46
0214_0024_0079_0032_0032.jpg 1 24 79 32 32
0215_0015_0047_0085_0085.jpg 1 15 47 85 85
0216_0050_0060_0050_0050.jpg 1 50 60 50 50
0217_0066_0030_0071_0071.jpg 1 66 30 71 71
0218_0038_0062_0046_0046.jpg 1 38 62 46 46
0219_0047_0066_0043_0043.jpg 1 47 66 43 43
0220_0022_0043_0100_0100.jpg 1 22 43 100 100
0221_0037_0019_0081_0081.jpg 1 37 19 81 81
0222_0021_0014_0086_0086.jpg 1 21 14 86 86
0223_0034_0021_0102_0102.jpg 1 34 21 102 102
0224_0029_0006_0098_0098.jpg 1 29 6 98 98
0225_0096_0077_0040_0040.jpg 1 96 77 40 40
0226_0041_0025_0057_0057.jpg 1 41 25 57 57
0227_0071_0078_0041_0041.jpg 1 71 78 41 41
0228_0076_0078_0029_0029.jpg 1 76 78 29 29
0229_0023_0085_0055_0055.jpg 1 23 85 55 55
0230_0032_0032_0066_0066.jpg 1 32 32 66 66
0231_0083_0027_0048_0048.jpg 1 83 27 48 48
0232_0066_0079_0058_0058.jpg 1 66 79 58 58
0233_0012_0024_0062_0062.jpg 1 12 24 62 62
0234_0013_0014_0097_0097.jpg 1 13 14 97 97
0235_0019_0045_0069_0069.jpg 1 19 45 69 69
0236_0028_0017_0071_0071.jpg 1 28 17 71 71
0237_0077_0020_0043_0043.jpg 1 77 20 43 43
0238_0044_0008_0079_0079.jpg 1 44 8 79 79
0239_0035_0046_0081_0081.jpg 1 35 46 81 81
0240_0023_0066_0066_0066.jpg 1 23 66 66 66
0241_0038_0035_0049_0049.jpg 1 38 35 49 49
0242_0040_0015_0093_0093.jpg 1 40 15 93 93
0243_0055_0026_0041_0041.jpg 1 55 26 41 41
0244_0068_0046_0071_0071.jpg 1 68 46 71 71
0245_0090_0060_0044_0044.jpg 1 90 60 44 44
0246_0043_0047_0095_0095.jpg 1 43 47 95 95
0247_0106_0036_0024_0024.jpg 1 106 36 24 24
0248_0012_0035_0088_0088.jpg 1 12 35 88 88
0249_0032_0088_0042_0042.jpg 1 32 88 42 42
0250_0024_0021_0043_0043.jpg 1 24 21 43 43
0251_0068_0021_0030_0030.jpg 1 68 21 30 30
0252_0072_0051_0041_0041.jpg 1 72 51 41 41
0253_0011_0027_0045_0045.jpg 1 11 27 45 45
0254_0037_0026_0063_0063.jpg 1 37 26 63 63
0255_0015_0026_0058_0058.jpg 1 15 26 58 58
0256_0029_0031_0032_0032.jpg 1 29 31 32 32
0257_0028_0018_0075_0075.jpg 1 28 18 75 75
0258_0047_0022_0044_0044.jpg 1 47 22 44 44
0259_0028_0070_0045_0045.jpg 1 28 70 45 45
0260_0021_0057_0082_0082.jpg 1 21 57 82 82
0261_0040_0042_0092_0092.jpg 1 40 42 92 92
0262_0037_0064_0051_0051.jpg 1 37 64 51 51
0263_0024_0089_0041_0041.jpg 1 24 89 41 41
0264_0054_0025_0082_0082.jpg 1 54 25 82 82
0265_0035_0012_0101_0101.jpg 1 35 12 101 101
0266_0065_0048_0049_0049.jpg 1 65 48 49 49
0267_0094_0083_0028_0028.jpg 1 94 83 28 28
0268_0048_0055_0045_0045.jpg 1 48 55 45 45
0269_0032_0023_0093_0093.jpg 1 32 23 93 93
0270_0030_0061_0071_0071.jpg 1 30 61 71 71
0271_0036_0029_0050_0050.jpg 1 36 29 50 50
0272_0046_0047_0079_0079.jpg 1 46 47 79 79
0273_0062_0016_0047_0047.jpg 1 62 16 47 47
0274_0018_0028_0051_0051.jpg 1 18 28 51 51
0275_0067_0098_0037_0037.jpg 1 67 98 37 37
0276_0038_0020_0087_0087.jpg 1 38 20 87 87
0277_0081_0011_0047_0047.jpg 1 81 11 47 47
0278_0017_0018_0043_0043.jpg 1 17 18 43 43
0279_0070_0021_0055_0055.jpg 1 70 21 55 55
0280_0048_0091_0034_0034.jpg 1 48 91 34 34
0281_0022_0033_0076_0076.jpg 1 22 33 76 76
0282_0068_0052_0033_0033.jpg 1 68 52 33 33
0283_0019_0030_0047_0047.jpg 1 19 30 47 47
0284_0020_0044_0085_0085.jpg 1 20 44 85 85
0285_0040_0051_0029_0029.jpg 1 40 51 29 29
0286_0046_0029_0030_0030.jpg 1 46 29 30 30
0287_0027_0022_0072_0072.jpg 1 27 22 72 72
0288_0066_0027_0059_0059.jpg 1 66 27 59 59
0289_0074_0042_0060_0060.jpg 1 74 42 60 60
0290_0025_0037_0076_0076.jpg 1 25 37 76 76
0291_0020_0016_0053_0053.jpg 1 20 16 53 53
0292_0045_0038_0055_0055.jpg 1 45 38 55 55
0293_0034_0074_0057_0057.jpg 1 34 74 57 57
0294_0082_0068_0040_0040.jpg 1 82 68 40 40
0295_0084_0047_0030_0030.jpg 1 84 47 30 30
0296_0054_0030_0045_0045.jpg 1 54 30 45 45
0297_0013_0059_0069_0069.jpg 1 13 59 69 69
0298_0048_0073_0039_0039.jpg 1 48 73 39 39
0299_0064_0068_0068_0068.jpg 1 64 68 68 68
0300_0064_0017_0058_0058.jpg 1 64 17 58 58
0301_0038_0027_0104_0104.jpg 1 38 27 104 104
0302_0086_0042_0045_0045.jpg 1 86 42 45 45
0303_0047_0008_0082_0082.jpg 1 47 8 82 82
0304_0037_0056_0085_0085.jpg 1 37 56 85 85
0305_0039_0023_0038_0038.jpg 1 39 23 38 38
0306_0019_0045_0024_0024.jpg 1 19 45 24 24
0307_0032_0015_0094_0094.jpg 1 32 15 94 94
0308_0015_0020_0087_0087.jpg 1 15 20 87 87
0309_0053_0052_0071_0071.jpg 1 53 52 71 71
0310_0050_0031_0083_0083.jpg 1 50 31 83 83
0311_0048_0047_0065_0065.jpg 1 48 47 65 65
0312_0066_0069_0060_0060.jpg 1 66 69 60 60
0313_0027_0053_0076_0076.jpg 1 27 53 76 76
0314_0063_0013_0064_0064.jpg 1 63 13 64 64
0315_0048_0026_0065_0065.jpg 1 48 26 65 65
0316_0085_0070_0051_0051.jpg 1 85 70 51 51
0317_0054_0050_0074_0074.jpg 1 54 50 74 74
0318_0004_0020_0104_0104.jpg 1 4 20 104 104
0319_0027_0026_0024_0024.jpg 1 27 26 24 24
0320_0069_0071_0069_0069.jpg 1 69 71 69 69
0321_0086_0083_0034_0034.jpg 1 86 83 34 34
0322_0009_0050_0069_0069.jpg 1 9 50 69 69
0323_0034_0007_0104_0104.jpg 1 34 7 104 104
0324_0037_0050_0029_0029.jpg 1 37 50 29 29
0325_0071_0095_0027_0027.jpg 1 71 95 27 27
0326_0033_0045_0078_0078.jpg 1 33 45 78 78
0327_0053_0050_0069_0069.jpg 1 53 50 69 69
0328_0006_0053_0084_0084.jpg 1 6 53 84 84
0329_0044_0013_0099_0099.jpg 1 44 13 99 99
0330_0034_0027_0071_0071.jpg 1 34 27 71 71
0331_0086_0044_0046_0046.jpg 1 86 44 46 46
0332_0049_0061_0059_0059.jpg 1 49 61 59 59
0333_0063_0047_0069_0069.jpg 1 63 47 69 69
0334_0026_0057_0083_0083.jpg 1 26 57 83 83
0335_0038_0045_0079_0079.jpg 1 38 45 79 79
0336_0016_0008_0102_0102.jpg 1 16 8 102 102
0337_0008_0036_0092_0092.jpg 1 8 36 92 92
0338_0043_0014_0093_0093.jpg 1 43 14 93 93
0339_0037_0009_0088_0088.jpg 1 37 9 88 88
0340_0029_0012_0068_0068.jpg 1 29 12 68 68
0341_0025_0071_0056_0056.jpg 1 25 71 56 56
0342_0075_0017_0047_0047.jpg 1 75 17 47 47
0343_0058_0020_0069_0069.jpg 1 58 20 69 69
0344_0081_0045_0057_0057.jpg 1 81 45 57 57
0345_0085_0045_0033_0033.jpg 1 85 45 33 33
0346_0049_0015_0037_0037.jpg 1 49 15 37 37
0347_0055_0013_0042_0042.jpg 1 55 13 42 42
0348_0016_0049_0082_0082.jpg 1 16 49 82 82
0349_0028_0070_0035_0035.jpg 1 28 70 35 35
0350_0058_0023_0057_0057.jpg 1 58 23 57 57
0351_0034_0042_0062_0062.jpg 1 34 42 62 62
0352_0024_0063_0058_0058.jpg 1 24 63 58 58
0353_0054_0052_0081_0081.jpg 1 54 52 81 81
0354_0065_0038_0027_0027.jpg 1 65 38 27 27
0355_0053_0013_0046_0046.jpg 1 53 13 46 46
0356_0008_0015_0077_0077.jpg 1 8 15 77 77
0357_0033_0054_0079_0079.jpg 1 33 54 79 79
0358_0044_0023_0037_0037.jpg 1 44 23 37 37
0359_0012_0027_0081_0081.jpg 1 12 27 81 81
0360_0022_0016_0063_0063.jpg 1 22 16 63 63
0361_0018_0019_0093_0093.jpg 1 18 19 93 93
0362_0035_0030_0068_0068.jpg 1 35 30 68 68
0363_0020_0025_0054_0054.jpg 1 20 25 54 54
0364_0030_0015_0039_0039.jpg 1 30 15 39 39
0365_0056_0038_0045_0045.jpg 1 56 38 45 45
0366_0095_0083_0033_0033.jpg 1 95 83 33 33
0367_0067_0041_0056_0056.jpg 1 67 41 56 56
0368_0039_0020_0102_0102.jpg 1 39 20 102 102
0369_0037_0028_0104_0104.jpg 1 37 28 104 104
0370_0029_0059_0080_0080.jpg 1 29 59 80 80
0371_0032_0037_0026_0026.jpg 1 32 37 26 26
0372_0062_0050_0073_0073.jpg 1 62 50 73 73
0373_0055_0065_0068_0068.jpg 1 55 65 68 68
0374_0056_0102_0031_0031.jpg 1 56 102 31 31
0375_0064_0038_0077_0077.jpg 1 64 38 77 77
0376_0038_0029_0083_0083.jpg 1 38 29 83 83
0377_0032_0050_0090_0090.jpg 1 32 50 90 90
0378_0032_0019_0077_0077.jpg 1 32 19 77 77
0379_0050_0036_0029_0029.jpg 1 50 36 29 29
0380_0092_0037_0029_0029.jpg 1 92 37 29 29
0381_0006_0007_0091_0091.jpg 1 6 7 91 91
0382_0051_0052_0083_0083.jpg 1 51 52 83 83
0383_0080_0085_0051_0051.jpg 1 80 85 51 51
0384_0044_0044_0051_0051.jpg 1 44 44 51 51
0385_0018_0082_0042_0042.jpg 1 18 82 42 42
0386_0045_0025_0099_0099.jpg 1 45 25 99 99
0387_0021_0084_0053_0053.jpg 1 21 84 53 53
0388_0013_0009_0093_0093.jpg 1 13 9 93 93
0389_0074_0078_0048_0048.jpg 1 74 78 48 48
0390_0072_0018_0060_0060.jpg 1 72 18 60 60
0391_0031_0012_0100_0100.jpg 1 31 12 100 100
0392_0025_0026_0081_0081.jpg 1 25 26 81 81
0393_0011_0066_0035_0035.jpg 1 11 66 35 35
0394_0058_0097_0026_0026.jpg 1 58 97 26 26
0395_0085_0080_0053_0053.jpg 1 85 80 53 53
0396_0021_0020_0083_0083.jpg 1 21 20 83 83
0397_0018_0026_0034_0034.jpg 1 18 26 34 34
0398_0018_0042_0087_0087.jpg 1 18 42 87 87
0399_0028_0047_0092_0092.jpg 1 28 47 92 92
0400_0020_0013_0101_0101.jpg 1 20 13 101 101
0401_0039_0040_0030_0030.jpg 1 39 40 30 30
0402_0022_0053_0049_0049.jpg 1 22 53 49 49
0403_0013_0076_0060_0060.jpg 1 13 76 60 60
0404_0093_0094_0040_0040.jpg 1 93 94 40 40
0405_0101_0082_0025_0025.jpg 1 101 82 25 25
0406_0010_0045_0064_0064.jpg 1 10 45 64 64
0407_0052_0049_0081_0081.jpg 1 52 49 81 81
0408_0027_0030_0026_0026.jpg 1 27 30 26 26
0409_0058_0071_0028_0028.jpg 1 58 71 28 28
0410_0023_0038_0094_0094.jpg 1 23 38 94 94
0411_0106_0069_0026_0026.jpg 1 106 69 26 26
0412_0032_0044_0075_0075.jpg 1 32 44 75 75
0413_0012_0024_0072_0072.jpg 1 12 24 72 72
0414_0060_0069_0025_0025.jpg 1 60 69 25 25
0415_0006_0005_0099_0099.jpg 1 6 5 99 99
0416_0087_0082_0044_0044.jpg 1 87 82 44 44
0417_0023_0047_0092_0092.jpg 1 23 47 92 92
0418_0065_0075_0057_0057.jpg 1 65 75 57 57
0419_0014_0041_0079_0079.jpg 1 14 41 79 79
0420_0069_0037_0027_0027.jpg 1 69 37 27 27
0421_0049_0022_0075_0075.jpg 1 49 22 75 75
0422_0035_0049_0043_0043.jpg 1 35 49 43 43
0423_0042_0076_0034_0034.jpg 1 42 76 34 34
0424_0058_0056_0065_0065.jpg 1 58 56 65 65
0425_0061_0054_0075_0075.jpg 1 61 54 75 75
0426_0058_0045_0047_0047.jpg 1 58 45 47 47
0427_0042_0024_0097_0097.jpg 1 42 24 97 97
0428_0029_0049_0077_0077.jpg 1 29 49 77 77
0429_0013_0028_0101_0101.jpg 1 13 28 101 101
0430_0081_0033_0047_0047.jpg 1 81 33 47 47
0431_0021_0047_0053_0053.jpg 1 21 47 53 53
0432_0018_0047_0096_0096.jpg 1 18 47 96 96
0433_0089_0032_0046_0046.jpg 1 89 32 46 46
0434_0014_0058_0053_0053.jpg 1 14 58 53 53
0435_0104_0067_0030_0030.jpg 1 104 67 30 30
0436_0061_0013_0040_0040.jpg 1 61 13 40 40
0437_0033_0034_0104_0104.jpg 1 33 34 104 104
0438_0021_0039_0098_0098.jpg 1 21 39 98 98
0439_0018_0083_0049_0049.jpg 1 18 83 49 49
0440_0022_0013_0028_0028.jpg 1 22 13 28 28
0441_0049_0074_0045_0045.jpg 1 49 74 45 45
0442_0025_0035_0071_0071.jpg 1 25 35 71 71
0443_0074_0059_0053_0053.jpg 1 74 59 53 53
0444_0011_0031_0085_0085.jpg 1 11 31 85 85
0445_0009_0008_0086_0086.jpg 1 9 8 86 86
0446_0069_0081_0035_0035.jpg 1 69 81 35 35
0447_0043_0036_0067_0067.jpg 1 43 36 67 67
0448_0088_0047_0051_0051.jpg 1 88 47 51 51
0449_0059_0026_0083_0083.jpg 1 59 26 83 83
0450_0074_0062_0041_0041.jpg 1 74 62 41 41
0451_0055_0011_0057_0057.jpg 1 55 11 57 57
0452_0033_0030_0097_0097.jpg 1 33 30 97 97
0453_0033_0074_0050_0050.jpg 1 33 74 50 50
0454_0045_0066_0024_0024.jpg 1 45 66 24 24
0455_0065_0082_0058_0058.jpg 1 65 82 58 58
0456_0053_0033_0078_0078.jpg 1 53 33 78 78
0457_0030_0062_0033_0033.jpg 1 30 62 33 33
0458_0052_0029_0068_0068.jpg 1 52 29 68 68
0459_0036_0052_0072_0072.jpg 1 36 52 72 72
0460_0031_0024_0102_0102.jpg 1 31 24 102 102
0461_0014_0060_0082_0082.jpg 1 14 60 82 82
0462_0040_0015_0077_0077.jpg 1 40 15 77 77
0463_0044_0046_0070_0070.jpg 1 44 46 70 70
0464_0062_0019_0077_0077.jpg 1 62 19 77 77
0465_0056_0090_0031_0031.jpg 1 56 90 31 31
0466_0025_0072_0056_0056.jpg 1 25 72 56 56
0467_0045_0011_0099_0099.jpg 1 45 11 99 99
0468_0052_0085_0049_0049.jpg 1 52 85 49 49
0469_0021_0085_0032_0032.jpg 1 21 85 32 32
0470_0082_0045_0047_0047.jpg 1 82 45 47 47
0471_0018_0038_0092_0092.jpg 1 18 38 92 92
0472_0031_0053_0074_0074.jpg 1 31 53 74 74
0473_0052_0040_0083_0083.jpg 1 52 40 83 83
0474_0008_0037_0064_0064.jpg 1 8 37 64 64
0475_0070_0042_0055_0055.jpg 1 70 42 55 55
0476_0069_0059_0053_0053.jpg 1 69 59 53 53
0477_0070_0029_0054_0054.jpg 1 70 29 54 54
0478_0062_0013_0029_0029.jpg 1 62 13 29 29
0479_0046_0015_0094_0094.jpg 1 46 15 94 94
0480_0042_0033_0099_0099.jpg 1 42 33 99 99
0481_0070_0014_0069_0069.jpg 1 70 14 69 69
0482_0013_0059_0082_0082.jpg 1 13 59 82 82
0483_0046_0008_0081_0081.jpg 1 46 8 81 81
0484_0010_0007_0085_0085.jpg 1 10 7 85 85
0485_0050_0048_0049_0049.jpg 1 50 48 49 49
0486_0045_0052_0089_0089.jpg 1 45 52 89 89
0487_0042_0018_0099_0099.jpg 1 42 18 99 99
0488_0028_0042_0100_0100.jpg 1 28 42 100 100
0489_0026_0058_0071_0071.jpg 1 26 58 71 71
0490_0026_0036_0095_0095.jpg 1 26 36 95 95
0491_0055_0067_0049_0049.jpg 1 55 67 49 49
0492_0060_0025_0048_0048.jpg 1 60 25 48 48
0493_0010_0021_0087_0087.jpg 1 10 21 87 87
0494_0033_0035_0086_0086.jpg 1 33 35 86 86
0495_0041_0035_0101_0101.jpg 1 41 35 101 101
0496_0023_0044_0071_0071.jpg 1 23 44 71 71
0497_0013_0015_0104_0104.jpg 1 13 15 104 104
0498_0037_0054_0079_0079.jpg 1 37 54 79 79
0499_0033_0044_0045_0045.jpg 1 33 44 45 45
0500_0032_0014_0032_0032.jpg 1 32 14 32 32
0501_0071_0037_0029_0029.jpg 1 71 37 29 29
0502_0023_0106_0024_0024.jpg 1 23 106 24 24
0503_0074_0036_0058_0058.jpg 1 74 36 58 58
0504_0037_0029_0093_0093.jpg 1 37 29 93 93
0505_0053_0057_0074_0074.jpg 1 53 57 74 74
0506_0017_0070_0031_0031.jpg 1 17 70 31 31
0507_0079_0062_0041_0041.jpg 1 79 62 41 41
0508_0040_0040_0099_0099.jpg 1 40 40 99 99
0509_0005_0046_0097_0097.jpg 1 5 46 97 97
0510_0036_0027_0094_0094.jpg 1 36 27 94 94
0511_0062_0071_0054_0054.jpg 1 62 71 54 54
0512_0035_0016_0103_0103.jpg 1 35 16 103 103
0513_0018_0036_0084_0084.jpg 1 18 36 84 84
0514_0033_0043_0091_0091.jpg 1 33 43 91 91
0515_0030_0088_0036_0036.jpg 1 30 88 36 36
0516_0052_0062_0077_0077.jpg 1 52 62 77 77
0517_0013_0038_0045_0045.jpg 1 13 38 45 45
0518_0025_0049_0081_0081.jpg 1 25 49 81 81
0519_0043_0055_0075_0075.jpg 1 43 55 75 75
0520_0016_0055_0039_0039.jpg 1 16 55 39 39
0521_0068_0072_0054_0054.jpg 1 68 72 54 54
0522_0056_0074_0029_0029.jpg 1 56 74 29 29
0523_0052_0013_0075_0075.jpg 1 52 13 75 75
0524_0070_0010_0059_0059.jpg 1 70 10 59 59
0525_0033_0050_0089_0089.jpg 1 33 50 89 89
0526_0027_0019_0101_0101.jpg 1 27 19 101 101
0527_0043_0032_0092_0092.jpg 1 43 32 92 92
0528_0060_0077_0054_0054.jpg 1 60 77 54 54
0529_0058_0010_0074_0074.jpg 1 58 10 74 74
0530_0018_0058_0062_0062.jpg 1 18 58 62 62
0531_0036_0100_0025_0025.jpg 1 36 100 25 25
0532_0022_0061_0050_0050.jpg 1 22 61 50 50
0533_0044_0055_0068_0068.jpg 1 44 55 68 68
0534_0100_0034_0028_0028.jpg 1 100 34 28 28
0535_0041_0050_0073_0073.jpg 1 41 50 73 73
0536_0058_0015_0076_0076.jpg 1 58 15 76 76
0537_0024_0049_0090_0090.jpg 1 24 49 90 90
0538_0028_0043_0098_0098.jpg 1 28 43 98 98
0539_0009_0012_0103_0103.jpg 1 9 12 103 103
0540_0018_0016_0074_0074.jpg 1 18 16 74 74
0541_0009_0042_0084_0084.jpg 1 9 42 84 84
0542_0012_0098_0032_0032.jpg 1 12 98 32 32
0543_0052_0044_0044_0044.jpg 1 52 44 44 44
0544_0020_0019_0102_0102.jpg 1 20 19 102 102
0545_0061_0081_0057_0057.jpg 1 61 81 57 57
0546_0055_0037_0084_0084.jpg 1 55 37 84 84
0547_0088_0069_0029_0029.jpg 1 88 69 29 29
0548_0074_0063_0030_0030.jpg 1 74 63 30 30
0549_0040_0048_0037_0037.jpg 1 40 48 37 37
0550_0032_0069_0037_0037.jpg 1 32 69 37 37
0551_0029_0021_0065_0065.jpg 1 29 21 65 65
0552_0012_0043_0084_0084.jpg 1 12 43 84 84
0553_0079_0043_0032_0032.jpg 1 79 43 32 32
0554_0012_0019_0096_0096.jpg 1 12 19 96 96
0555_0042_0006_0091_0091.jpg 1 42 6 91 91
0556_0034_0084_0048_0048.jpg 1 34 84 48 48
0557_0018_0010_0078_0078.jpg 1 18 10 78 78
0558_0071_0023_0024_0024.jpg 1 71 23 24 24
0559_0034_0014_0088_0088.jpg 1 34 14 88 88
0560_0045_0016_0035_0035.jpg 1 45 16 35 35
0561_0097_0016_0028_0028.jpg 1 97 16 28 28
0562_0013_0020_0104_0104.jpg 1 13 20 104 104
0563_0064_0066_0034_0034.jpg 1 64 66 34 34
0564_0028_0033_0081_0081.jpg 1 28 33 81 81
0565_0038_0034_0089_0089.jpg 1 38 34 89 89
0566_0056_0033_0036_0036.jpg 1 56 33 36 36
0567_0047_0053_0039_0039.jpg 1 47 53 39 39
0568_0018_0054_0040_0040.jpg 1 18 54 40 40
0569_0021_0011_0079_0079.jpg 1 21 11 79 79
0570_0059_0052_0061_0061.jpg 1 59 52 61 61
0571_0013_0023_0051_0051.jpg 1 13 23 51 51
0572_0043_0022_0053_0053.jpg 1 43 22 53 53
0573_0026_0096_0042_0042.jpg 1 26 96 42 42
0574_0064_0051_0052_0052.jpg 1 64 51 52 52
0575_0110_0075_0026_0026.jpg 1 110 75 26 26
0576_0024_0026_0085_0085.jpg 1 24 26 85 85
0577_0023_0047_0076_0076.jpg 1 23 47 76 76
0578_0095_0092_0039_0039.jpg 1 95 92 39 39
0579_0029_0042_0075_0075.jpg 1 29 42 75 75
0580_0020_0052_0065_0065.jpg 1 20 52 65 65
0581_0017_0016_0043_0043.jpg 1 17 16 43 43
0582_0068_0040_0040_0040.jpg 1 68 40 40 40
0583_0056_0062_0077_0077.jpg 1 56 62 77 77
0584_0035_0083_0043_0043.jpg 1 35 83 43 43
0585_0054_0042_0030_0030.jpg 1 54 42 30 30
0586_0018_0030_0077_0077.jpg 1 18 30 77 77
0587_0067_0027_0070_0070.jpg 1 67 27 70 70
0588_0029_0041_0032_0032.jpg 1 29 41 32 32
0589_0023_0017_0097_0097.jpg 1 23 17 97 97
0590_0020_0053_0033_0033.jpg 1 20 53 33 33
0591_0046_0056_0051_0051.jpg 1 46 56 51 51
0592_0093_0090_0025_0025.jpg 1 93 90 25 25
0593_0095_0028_0039_0039.jpg 1 95 28 39 39
0594_0028_0071_0068_0068.jpg 1 28 71 68 68
0595_0015_0016_0099_0099.jpg 1 15 16 99 99
0596_0013_0029_0079_0079.jpg 1 13 29 79 79
0597_0032_0019_0103_0103.jpg 1 32 19 103 103
0598_0076_0050_0032_0032.jpg 1 76 50 32 32
0599_0071_0068_0052_0052.jpg 1 71 68 52 52
0600_0025_0036_0096_0096.jpg 1 25 36 96 96
0601_0023_0061_0042_0042.jpg 1 23 61 42 42
0602_0023_0016_0088_0088.jpg 1 23 16 88 88
0603_0066_0066_0048_0048.jpg 1 66 66 48 48
0604_0041_0053_0081_0081.jpg 1 41 53 81 81
0605_0098_0074_0036_0036.jpg 1 98 74 36 36
0606_0074_0077_0056_0056.jpg 1 74 77 56 56
0607_0060_0052_0080_0080.jpg 1 60 52 80 80
0608_0024_0056_0047_0047.jpg 1 24 56 47 47
0609_0012_0027_0056_0056.jpg 1 12 27 56 56
0610_0018_0076_0052_0052.jpg 1 18 76 52 52
0611_0036_0031_0098_0098.jpg 1 36 31 98 98
0612_0030_0037_0094_0094.jpg 1 30 37 94 94
0613_0046_0027_0088_0088.jpg 1 46 27 88 88
0614_0010_0054_0071_0071.jpg 1 10 54 71 71
0615_0077_0085_0048_0048.jpg 1 77 85 48 48
0616_0014_0028_0091_0091.jpg 1 14 28 91 91
0617_0044_0057_0051_0051.jpg 1 44 57 51 51
0618_0039_0033_0094_0094.jpg 1 39 33 94 94
0619_0028_0010_0058_0058.jpg 1 28 10 58 58
0620_0042_0101_0024_0024.jpg 1 42 101 24 24
0621_0054_0064_0075_0075.jpg 1 54 64 75 75
0622_0024_0011_0079_0079.jpg 1 24 11 79 79
0623_0022_0043_0054_0054.jpg 1 22 43 54 54
0624_0101_0014_0025_0025.jpg 1 101 14 25 25
0625_0037_0042_0080_0080.jpg 1 37 42 80 80
0626_0050_0021_0054_0054.jpg 1 50 21 54 54
0627_0037_0010_0083_0083.jpg 1 37 10 83 83
0628_0077_0061_0035_0035.jpg 1 77 61 35 35
0629_0025_0061_0056_0056.jpg 1 25 61 56 56
0630_0052_0066_0030_0030.jpg 1 52 66 30 30
0631_0083_0053_0041_0041.jpg 1 83 53 41 41
0632_0059_0079_0030_0030.jpg 1 59 79 30 30
0633_0056_0031_0086_0086.jpg 1 56 31 86 86
0634_0054_0026_0088_0088.jpg 1 54 26 88 88
0635_0043_0023_0057_0057.jpg 1 43 23 57 57
0636_0039_0008_0090_0090.jpg 1 39 8 90 90
0637_0072_0034_0027_0027.jpg 1 72 34 27 27
0638_0016_0051_0067_0067.jpg 1 16 51 67 67
0639_0035_0022_0096_0096.jpg 1 35 22 96 96
0640_0013_0043_0099_0099.jpg 1 13 43 99 99
0641_0042_0014_0053_0053.jpg 1 42 14 53 53
0642_0061_0075_0065_0065.jpg 1 61 75 65 65
0643_0030_0028_0096_0096.jpg 1 30 28 96 96
0644_0058_0066_0068_0068.jpg 1 58 66 68 68
0645_0052_0015_0068_0068.jpg 1 52 15 68 68
0646_0036_0044_0077_0077.jpg 1 36 44 77 77
0647_0021_0051_0033_0033.jpg 1 21 51 33 33
0648_0055_0048_0069_0069.jpg 1 55 48 69 69
0649_0039_0032_0056_0056.jpg 1 39 32 56 56
0650_0082_0049_0045_0045.jpg 1 82 49 45 45
0651_0078_0079_0054_0054.jpg 1 78 79 54 54
0652_0028_0050_0071_0071.jpg 1 28 50 71 71
0653_0047_0028_0045_0045.jpg 1 47 28 45 45
0654_0021_0023_0065_0065.jpg 1 21 23 65 65
0655_0025_0012_0093_0093.jpg 1 25 12 93 93
0656_0030_0013_0092_0092.jpg 1 30 13 92 92
0657_0024_0016_0095_0095.jpg 1 24 16 95 95
0658_0029_0074_0024_0024.jpg 1 29 74 24 24
0659_0014_0034_0094_0094.jpg 1 14 34 94 94
0660_0011_0029_0092_0092.jpg 1 11 29 92 92
0661_0008_0044_0087_0087.jpg 1 8 44 87 87
0662_0015_0032_0084_0084.jpg 1 15 32 84 84
0663_0044_0014_0087_0087.jpg 1 44 14 87 87
0664_0043_0010_0080_0080.jpg 1 43 10 80 80
0665_0034_0054_0024_0024.jpg 1 34 54 24 24
0666_0024_0009_0077_0077.jpg 1 24 9 77 77
0667_0024_0031_0098_0098.jpg 1 24 31 98 98
0668_0022_0016_0089_0089.jpg 1 22 16 89 89
0669_0037_0029_0035_0035.jpg 1 37 29 35 35
0670_0008_0055_0079_0079.jpg 1 8 55 79 79
0671_0034_0047_0091_0091.jpg 1 34 47 91 91
0672_0034_0044_0100_0100.jpg 1 34 44 100 100
0673_0054_0046_0066_0066.jpg 1 54 46 66 66
0674_0041_0060_0054_0054.jpg 1 41 60 54 54
0675_0049_0037_0093_0093.jpg 1 49 37 93 93
0676_0009_0019_0099_0099.jpg 1 9 19 99 99
0677_0016_0022_0088_0088.jpg 1 16 22 88 88
0678_0025_0036_0090_0090.jpg 1 25 36 90 90
0679_0059_0050_0052_0052.jpg 1 59 50 52 52
0680_0017_0050_0085_0085.jpg 1 17 50 85 85
0681_0026_0011_0100_0100.jpg 1 26 11 100 100
0682_0018_0027_0104_0104.jpg 1 18 27 104 104
0683_0024_0009_0094_0094.jpg 1 24 9 94 94
0684_0048_0027_0086_0086.jpg 1 48 27 86 86
0685_0045_0080_0035_0035.jpg 1 45 80 35 35
0686_0012_0054_0039_0039.jpg 1 12 54 39 39
0687_0007_0013_0103_0103.jpg 1 7 13 103 103
0688_0024_0037_0087_0087.jpg 1 24 37 87 87
0689_0048_0030_0072_0072.jpg 1 48 30 72 72
0690_0068_0021_0039_0039.jpg 1 68 21 39 39
0691_0047_0044_0074_0074.jpg 1 47 44 74 74
0692_0014_0029_0035_0035.jpg 1 14 29 35 35
0693_0068_0053_0072_0072.jpg 1 68 53 72 72
0694_0024_0018_0083_0083.jpg 1 24 18 83 83
0695_0031_0040_0090_0090.jpg 1 31 40 90 90
0696_0063_0040_0059_0059.jpg 1 63 40 59 59
0697_0016_0021_0037_0037.jpg 1 16 21 37 37
0698_0048_0049_0077_0077.jpg 1 48 49 77 77
0699_0020_0069_0048_0048.jpg 1 20 69 48 48
0700_0051_0035_0087_0087.jpg 1 51 35 87 87
0701_0050_0087_0041_0041.jpg 1 50 87 41 41
0702_0051_0055_0025_0025.jpg 1 51 55 25 25
0703_0021_0024_0090_0090.jpg 1 21 24 90 90
0704_0072_0097_0035_0035.jpg 1 72 97 35 35
0705_0018_0016_0089_0089.jpg 1 18 16 89 89
0706_0021_0027_0047_0047.jpg 1 21 27 47 47
0707_0060_0022_0082_0082.jpg 1 60 22 82 82
0708_0070_0057_0072_0072.jpg 1 70 57 72 72
0709_0048_0084_0054_0054.jpg 1 48 84 54 54
0710_0095_0088_0043_0043.jpg 1 95 88 43 43
0711_0043_0066_0041_0041.jpg 1 43 66 41 41
0712_0014_0043_0049_0049.jpg 1 14 43 49 49
0713_0024_0030_0068_0068.jpg 1 24 30 68 68
0714_0044_0056_0080_0080.jpg 1 44 56 80 80
0715_0011_0087_0036_0036.jpg 1 11 87 36 36
0716_0088_0099_0024_0024.jpg 1 88 99 24 24
0717_0055_0043_0059_0059.jpg 1 55 43 59 59
0718_0027_0022_0073_0073.jpg 1 27 22 73 73
0719_0014_0019_0094_0094.jpg 1 14 19 94 94
0720_0028_0011_0090_0090.jpg 1 28 11 90 90
0721_0058_0033_0058_0058.jpg 1 58 33 58 58
0722_0030_0083_0040_0040.jpg 1 30 83 40 40
0723_0075_0067_0065_0065.jpg 1 75 67 65 65
0724_0014_0017_0096_0096.jpg 1 14 17 96 96
0725_0066_0031_0035_0035.jpg 1 66 31 35 35
0726_0085_0035_0052_0052.jpg 1 85 35 52 52
0727_0051_0019_0079_0079.jpg 1 51 19 79 79
0728_0049_0037_0078_0078.jpg 1 49 37 78 78
0729_0046_0035_0076_0076.jpg 1 46 35 76 76
0730_0047_0035_0053_0053.jpg 1 47 35 53 53
0731_0051_0046_0044_0044.jpg 1 51 46 44 44
0732_0013_0031_0082_0082.jpg 1 13 31 82 82
0733_0033_0009_0088_0088.jpg 1 33 9 88 88
0734_0030_0033_0044_0044.jpg 1 30 33 44 44
0735_0064_0012_0046_0046.jpg 1 64 12 46 46
0736_0035_0016_0099_0099.jpg 1 35 16 99 99
0737_0024_0035_0104_0104.jpg 1 24 35 104 104
0738_0015_0026_0082_0082.jpg 1 15 26 82 82
0739_0033_0041_0037_0037.jpg 1 33 41 37 37
0740_0028_0019_0050_0050.jpg 1 28 19 50 50
0741_0023_0013_0077_0077.jpg 1 23 13 77 77
0742_0047_0047_0048_0048.jpg 1 47 47 48 48
0743_0019_0006_0089_0089.jpg 1 19 6 89 89
0744_0055_0027_0042_0042.jpg 1 55 27 42 42
0745_0060_0045_0058_0058.jpg 1 60 45 58 58
0746_0060_0018_0074_0074.jpg 1 60 18 74 74
0747_0080_0062_0058_0058.jpg 1 80 62 58 58
0748_0014_0023_0075_0075.jpg 1 14 23 75 75
0749_0025_0056_0071_0071.jpg 1 25 56 71 71
0750_0034_0014_0086_0086.jpg 1 34 14 86 86
0751_0044_0045_0097_0097.jpg 1 44 45 97 97
0752_0039_0060_0076_0076.jpg 1 39 60 76 76
0753_0070_0030_0037_0037.jpg 1 70 30 37 37
0754_0039_0012_0076_0076.jpg 1 39 12 76 76
0755_0037_0037_0100_0100.jpg 1 37 37 100 100
0756_0068_0070_0069_0069.jpg 1 68 70 69 69
0757_0016_0029_0101_0101.jpg 1 16 29 101 101
0758_0016_0061_0057_0057.jpg 1 16 61 57 57
0759_0025_0034_0077_0077.jpg 1 25 34 77 77
0760_0072_0044_0064_0064.jpg 1 72 44 64 64
0761_0031_0033_0058_0058.jpg 1 31 33 58 58
0762_0074_0040_0028_0028.jpg 1 74 40 28 28
0763_0025_0014_0102_0102.jpg 1 25 14 102 102
0764_0047_0038_0078_0078.jpg 1 47 38 78 78
0765_0031_0044_0078_0078.jpg 1 31 44 78 78
0766_0041_0016_0089_0089.jpg 1 41 16 89 89
0767_0048_0095_0042_0042.jpg 1 48 95 42 42
0768_0062_0065_0072_0072.jpg 1 62 65 72 72
0769_0044_0026_0096_0096.jpg 1 44 26 96 96
0770_0048_0068_0064_0064.jpg 1 48 68 64 64
0771_0072_0029_0032_0032.jpg 1 72 29 32 32
0772_0029_0032_0079_0079.jpg 1 29 32 79 79
0773_0011_0006_0097_0097.jpg 1 11 6 97 97
0774_0047_0037_0087_0087.jpg 1 47 37 87 87
0775_0021_0015_0031_0031.jpg 1 21 15 31 31
0776_0057_0047_0035_0035.jpg 1 57 47 35 35
0777_0077_0101_0037_0037.jpg 1 77 101 37 37
0778_0064_0071_0058_0058.jpg 1 64 71 58 58
0779_0068_0078_0046_0046.jpg 1 68 78 46 46
0780_0060_0062_0052_0052.jpg 1 60 62 52 52
0781_0038_0011_0051_0051.jpg 1 38 11 51 51
0782_0016_0021_0050_0050.jpg 1 16 21 50 50
0783_0032_0038_0025_0025.jpg 1 32 38 25 25
0784_0039_0011_0087_0087.jpg 1 39 11 87 87
0785_0023_0037_0101_0101.jpg 1 23 37 101 101
0786_0033_0068_0028_0028.jpg 1 33 68 28 28
0787_0025_0013_0081_0081.jpg 1 25 13 81 81
0788_0044_0054_0037_0037.jpg 1 44 54 37 37
0789_0032_0014_0070_0070.jpg 1 32 14 70 70
0790_0067_0062_0065_0065.jpg 1 67 62 65 65
0791_0015_0017_0099_0099.jpg 1 15 17 99 99
0792_0045_0023_0066_0066.jpg 1 45 23 66 66
0793_0014_0032_0103_0103.jpg 1 14 32 103 103
0794_0025_0017_0077_0077.jpg 1 25 17 77 77
0795_0040_0051_0092_0092.jpg 1 40 51 92 92
0796_0029_0063_0039_0039.jpg 1 29 63 39 39
0797_0024_0037_0086_0086.jpg 1 24 37 86 86
0798_0065_0053_0070_0070.jpg 1 65 53 70 70
0799_0062_0106_0028_0028.jpg 1 62 106 28 28
0800_0043_0048_0050_0050.jpg 1 43 48 50 50
0801_0108_0102_0029_0029.jpg 1 108 102 29 29
0802_0039_0089_0038_0038.jpg 1 39 89 38 38
0803_0075_0025_0026_0026.jpg 1 75 25 26 26
0804_0047_0059_0080_0080.jpg 1 47 59 80 80
0805_0064_0045_0074_0074.jpg 1 64 45 74 74
0806_0017_0035_0028_0028.jpg 1 17 35 28 28
0807_0017_0066_0071_0071.jpg 1 17 66 71 71
0808_0090_0104_0032_0032.jpg 1 90 104 32 32
0809_0033_0088_0037_0037.jpg 1 33 88 37 37
0810_0009_0018_0103_0103.jpg 1 9 18 103 103
0811_0054_0033_0068_0068.jpg 1 54 33 68 68
0812_0022_0008_0101_0101.jpg 1 22 8 101 101
0813_0041_0031_0104_0104.jpg 1 41 31 104 104
0814_0033_0075_0053_0053.jpg 1 33 75 53 53
0815_0020_0009_0066_0066.jpg 1 20 9 66 66
0816_0044_0017_0075_0075.jpg 1 44 17 75 75
0817_0052_0037_0090_0090.jpg 1 52 37 90 90
0818_0059_0069_0067_0067.jpg 1 59 69 67 67
0819_0031_0011_0097_0097.jpg 1 31 11 97 97
0820_0047_0047_0078_0078.jpg 1 47 47 78 78
0821_0025_0013_0044_0044.jpg 1 25 13 44 44
0822_0032_0034_0038_0038.jpg 1 32 34 38 38
0823_0071_0071_0054_0054.jpg 1 71 71 54 54
0824_0013_0039_0084_0084.jpg 1 13 39 84 84
0825_0064_0040_0075_0075.jpg 1 64 40 75 75
0826_0016_0028_0061_0061.jpg 1 16 28 61 61
0827_0036_0017_0081_0081.jpg 1 36 17 81 81
0828_0066_0018_0045_0045.jpg 1 66 18 45 45
0829_0035_0041_0076_0076.jpg 1 35 41 76 76
0830_0070_0054_0024_0024.jpg 1 70 54 24 24
0831_0015_0051_0070_0070.jpg 1 15 51 70 70
0832_0026_0083_0038_0038.jpg 1 26 83 38 38
0833_0049_0021_0073_0073.jpg 1 49 21 73 73
0834_0043_0058_0072_0072.jpg 1 43 58 72 72
0835_0037_0089_0038_0038.jpg 1 37 89 38 38
0836_0088_0096_0034_0034.jpg 1 88 96 34 34
0837_0080_0057_0047_0047.jpg 1 80 57 47 47
0838_0026_0044_0094_0094.jpg 1 26 44 94 94
0839_0023_0012_0099_0099.jpg 1 23 12 99 99
0840_0026_0010_0095_0095.jpg 1 26 10 95 95
0841_0023_0007_0088_0088.jpg 1 23 7 88 88
0842_0044_0019_0091_0091.jpg 1 44 19 91 91
0843_0007_0047_0083_0083.jpg 1 7 47 83 83
0844_0071_0066_0026_0026.jpg 1 71 66 26 26
0845_0028_0048_0091_0091.jpg 1 28 48 91 91
0846_0009_0032_0104_0104.jpg 1 9 32 104 104
0847_0040_0057_0058_0058.jpg 1 40 57 58 58
0848_0013_0010_0073_0073.jpg 1 13 10 73 73
0849_0008_0038_0091_0091.jpg 1 8 38 91 91
0850_0022_0051_0055_0055.jpg 1 22 51 55 55
0851_0009_0012_0095_0095.jpg 1 9 12 95 95
0852_0021_0032_0086_0086.jpg 1 21 32 86 86
0853_0055_0059_0052_0052.jpg 1 55 59 52 52
0854_0007_0026_0085_0085.jpg 1 7 26 85 85
0855_0054_0038_0058_0058.jpg 1 54 38 58 58
0856_0066_0035_0058_0058.jpg 1 66 35 58 58
0857_0027_0021_0082_0082.jpg 1 27 21 82 82
0858_0095_0013_0040_0040.jpg 1 95 13 40 40
0859_0016_0026_0053_0053.jpg 1 16 26 53 53
0860_0012_0041_0061_0061.jpg 1 12 41 61 61
0861_0045_0017_0068_0068.jpg 1 45 17 68 68
0862_0088_0081_0040_0040.jpg 1 88 81 40 40
0863_0050_0043_0064_0064.jpg 1 50 43 64 64
0864_0067_0024_0047_0047.jpg 1 67 24 47 47
0865_0028_0048_0089_0089.jpg 1 28 48 89 89
0866_0033_0034_0093_0093.jpg 1 33 34 93 93
0867_0017_0040_0088_0088.jpg 1 17 40 88 88
0868_0035_0075_0040_0040.jpg 1 35 75 40 40
0869_0021_0038_0069_0069.jpg 1 21 38 69 69
0870_0008_0025_0095_0095.jpg 1 8 25 95 95
0871_0041_0009_0075_0075.jpg 1 41 9 75 75
0872_0081_0081_0037_0037.jpg 1 81 81 37 37
0873_0027_0066_0028_0028.jpg 1 27 66 28 28
0874_0022_0051_0087_0087.jpg 1 22 51 87 87
0875_0049_0017_0050_0050.jpg 1 49 17 50 50
0876_0015_0008_0096_0096.jpg 1 15 8 96 96
0877_0009_0010_0094_0094.jpg 1 9 10 94 94
0878_0052_0043_0063_0063.jpg 1 52 43 63 63
0879_0006_0034_0088_0088.jpg 1 6 34 88 88
0880_0055_0014_0077_0077.jpg 1 55 14 77 77
0881_0042_0021_0049_0049.jpg 1 42 21 49 49
0882_0059_0012_0034_0034.jpg 1 59 12 34 34
0883_0032_0030_0072_0072.jpg 1 32 30 72 72
0884_0079_0089_0041_0041.jpg 1 79 89 41 41
0885_0032_0019_0086_0086.jpg 1 32 19 86 86
0886_0006_0035_0086_0086.jpg 1 6 35 86 86
0887_0071_0019_0070_0070.jpg 1 71 19 70 70
0888_0073_0032_0039_0039.jpg 1 73 32 39 39
0889_0013_0063_0066_0066.jpg 1 13 63 66 66
0890_0008_0061_0073_0073.jpg 1 8 61 73 73
0891_0045_0043_0089_0089.jpg 1 45 43 89 89
0892_0015_0012_0079_0079.jpg 1 15 12 79 79
0893_0047_0030_0090_0090.jpg 1 47 30 90 90
0894_0039_0016_0087_0087.jpg 1 39 16 87 87
0895_0057_0064_0059_0059.jpg 1 57 64 59 59
0896_0068_0089_0042_0042.jpg 1 68 89 42 42
0897_0009_0025_0071_0071.jpg 1 9 25 71 71
0898_0027_0024_0101_0101.jpg 1 27 24 101 101
0899_0010_0023_0086_0086.jpg 1 10 23 86 86
0900_0065_0007_0074_0074.jpg 1 65 7 74 74
0901_0041_0075_0045_0045.jpg 1 41 75 45 45
0902_0067_0016_0049_0049.jpg 1 67 16 49 49
0903_0047_0025_0078_0078.jpg 1 47 25 78 78
0904_0060_0013_0058_0058.jpg 1 60 13 58 58
0905_0060_0031_0081_0081.jpg 1 60 31 81 81
0906_0027_0056_0084_0084.jpg 1 27 56 84 84
0907_0018_0015_0098_0098.jpg 1 18 15 98 98
0908_0053_0016_0079_0079.jpg 1 53 16 79 79
0909_0090_0057_0038_0038.jpg 1 90 57 38 38
0910_0068_0021_0067_0067.jpg 1 68 21 67 67
0911_0060_0027_0066_0066.jpg 1 60 27 66 66
0912_0033_0027_0067_0067.jpg 1 33 27 67 67
0913_0050_0009_0062_0062.jpg 1 50 9 62 62
0914_0018_0018_0095_0095.jpg 1 18 18 95 95
0915_0074_0024_0058_0058.jpg 1 74 24 58 58
0916_0012_0020_0031_0031.jpg 1 12 20 31 31
0917_0009_0053_0053_0053.jpg 1 9 53 53 53
0918_0068_0073_0033_0033.jpg 1 68 73 33 33
0919_0025_0007_0090_0090.jpg 1 25 7 90 90
0920_0046_0041_0070_0070.jpg 1 46 41 70 70
0921_0071_0056_0033_0033.jpg 1 71 56 33 33
0922_0051_0064_0066_0066.jpg 1 51 64 66 66
0923_0059_0036_0078_0078.jpg 1 59 36 78 78
0924_0013_0012_0099_0099.jpg 1 13 12 99 99
0925_0031_0077_0026_0026.jpg 1 31 77 26 26
0926_0013_0026_0088_0088.jpg 1 13 26 88 88
0927_0048_0041_0088_0088.jpg 1 48 41 88 88
0928_0076_0068_0040_0040.jpg 1 76 68 40 40
0929_0084_0052_0039_0039.jpg 1 84 52 39 39
0930_0048_0012_0050_0050.jpg 1 48 12 50 50
0931_0007_0005_0101_0101.jpg 1 7 5 101 101
0932_0082_0047_0058_0058.jpg 1 82 47 58 58
0933_0075_0048_0066_0066.jpg 1 75 48 66 66
0934_0020_0085_0055_0055.jpg 1 20 85 55 55
0935_0020_0062_0070_0070.jpg 1 20 62 70 70
0936_0017_0093_0041_0041.jpg 1 17 93 41 41
0937_0035_0004_0101_0101.jpg 1 35 4 101 101
0938_0011_0030_0050_0050.jpg 1 11 30 50 50
0939_0053_0038_0083_0083.jpg 1 53 38 83 83
0940_0013_0045_0099_0099.jpg 1 13 45 99 99
0941_0005_0022_0104_0104.jpg 1 5 22 104 104
0942_0011_0007_0075_0075.jpg 1 11 7 75 75
0943_0010_0029_0061_0061.jpg 1 10 29 61 61
0944_0028_0053_0085_0085.jpg 1 28 53 85 85
0945_0045_0049_0078_0078.jpg 1 45 49 78 78
0946_0012_0021_0088_0088.jpg 1 12 21 88 88
0947_0016_0016_0091_0091.jpg 1 16 16 91 91
0948_0029_0047_0087_0087.jpg 1 29 47 87 87
0949_0052_0018_0051_0051.jpg 1 52 18 51 51
0950_0019_0029_0098_0098.jpg 1 19 29 98 98
0951_0023_0047_0088_0088.jpg 1 23 47 88 88
0952_0009_0014_0104_0104.jpg 1 9 14 104 104
0953_0029_0011_0100_0100.jpg 1 29 11 100 100
0954_0067_0021_0043_0043.jpg 1 67 21 43 43
0955_0025_0034_0061_0061.jpg 1 25 34 61 61
0956_0027_0043_0043_0043.jpg 1 27 43 43 43
0957_0016_0033_0103_0103.jpg 1 16 33 103 103
0958_0038_0030_0025_0025.jpg 1 38 30 25 25
0959_0025_0043_0067_0067.jpg 1 25 43 67 67
0960_0011_0042_0080_0080.jpg 1 11 42 80 80
0961_0034_0036_0066_0066.jpg 1 34 36 66 66
0962_0071_0051_0065_0065.jpg 1 71 51 65 65
0963_0047_0027_0092_0092.jpg 1 47 27 92 92
0964_0053_0072_0064_0064.jpg 1 53 72 64 64
0965_0010_0021_0056_0056.jpg 1 10 21 56 56
0966_0020_0027_0057_0057.jpg 1 20 27 57 57
0967_0053_0035_0071_0071.jpg 1 53 35 71 71
0968_0074_0023_0037_0037.jpg 1 74 23 37 37
0969_0031_0033_0071_0071.jpg 1 31 33 71 71
0970_0068_0075_0044_0044.jpg 1 68 75 44 44
0971_0050_0056_0055_0055.jpg 1 50 56 55 55
0972_0088_0066_0038_0038.jpg 1 88 66 38 38
0973_0042_0021_0101_0101.jpg 1 42 21 101 101
0974_0067_0017_0053_0053.jpg 1 67 17 53 53
0975_0032_0040_0075_0075.jpg 1 32 40 75 75
0976_0048_0027_0084_0084.jpg 1 48 27 84 84
0977_0062_0079_0044_0044.jpg 1 62 79 44 44
0978_0013_0050_0028_0028.jpg 1 13 50 28 28
0979_0045_0050_0093_0093.jpg 1 45 50 93 93
0980_0039_0032_0097_0097.jpg 1 39 32 97 97
0981_0044_0012_0086_0086.jpg 1 44 12 86 86
0982_0029_0015_0071_0071.jpg 1 29 15 71 71
0983_0047_0073_0052_0052.jpg 1 47 73 52 52
0984_0083_0027_0054_0054.jpg 1 83 27 54 54
0985_0018_0030_0080_0080.jpg 1 18 30 80 80
0986_0037_0049_0087_0087.jpg 1 37 49 87 87
0987_0059_0065_0043_0043.jpg 1 59 65 43 43
0988_0066_0090_0045_0045.jpg 1 66 90 45 45
0989_0055_0044_0040_0040.jpg 1 55 44 40 40
0990_0024_0026_0103_0103.jpg 1 24 26 103 103
0991_0069_0085_0043_0043.jpg 1 69 85 43 43
0992_0056_0035_0055_0055.jpg 1 56 35 55 55
0993_0046_0029_0088_0088.jpg 1 46 29 88 88
0994_0019_0010_0060_0060.jpg 1 19 10 60 60
0995_0011_0014_0064_0064.jpg 1 11 14 64 64
0996_0005_0023_0104_0104.jpg 1 5 23 104 104
0997_0014_0024_0073_0073.jpg 1 14 24 73 73
0998_0022_0028_0099_0099.jpg 1 22 28 99 99
0999_0047_0085_0039_0039.jpg 1 47 85 39 39
1000_0053_0044_0082_0082.jpg 1 53 44 82 82
1001_0054_0063_0039_0039.jpg 1 54 63 39 39
1002_0063_0027_0026_0026.jpg 1 63 27 26 26
1003_0035_0035_0094_0094.jpg 1 35 35 94 94
1004_0043_0049_0089_0089.jpg 1 43 49 89 89
1005_0021_0029_0092_0092.jpg 1 21 29 92 92
1006_0086_0048_0046_0046.jpg 1 86 48 46 46
1007_0037_0053_0067_0067.jpg 1 37 53 67 67
1008_0026_0045_0073_0073.jpg 1 26 45 73 73
1009_0016_0043_0089_0089.jpg 1 16 43 89 89
1010_0023_0045_0040_0040.jpg 1 23 45 40 40
1011_0034_0076_0036_0036.jpg 1 34 76 36 36
1012_0038_0043_0045_0045.jpg 1 38 43 45 45
1013_0094_0053_0027_0027.jpg 1 94 53 27 27
1014_0020_0053_0074_0074.jpg 1 20 53 74 74
1015_0069_0045_0063_0063.jpg 1 69 45 63 63
1016_0092_0086_0034_0034.jpg 1 92 86 34 34
1017_0016_0020_0104_0104.jpg 1 16 20 104 104
1018_0057_0027_0048_0048.jpg 1 57 27 48 48
1019_0025_0031_0060_0060.jpg 1 25 31 60 60
1020_0054_0034_0042_0042.jpg 1 54 34 42 42
1021_0088_0031_0040_0040.jpg 1 88 31 40 40
1022_0026_0045_0082_0082.jpg 1 26 45 82 82
1023_0036_0013_0060_0060.jpg 1 36 13 60 60
1024_0010_0033_0050_0050.jpg 1 10 33 50 50
1025_0036_0052_0077_0077.jpg 1 36 52 77 77
1026_0012_0031_0070_0070.jpg 1 12 31 70 70
1027_0086_0082_0052_0052.jpg 1 86 82 52 52
1028_0038_0051_0086_0086.jpg 1 38 51 86 86
1029_0042_0047_0072_0072.jpg 1 42 47 72 72
1030_0016_0018_0098_0098.jpg 1 16 18 98 98
1031_0061_0047_0081_0081.jpg 1 61 47 81 81
1032_0016_0011_0104_0104.jpg 1 16 11 104 104
1033_0019_0081_0049_0049.jpg 1 19 81 49 49
1034_0049_0016_0080_0080.jpg 1 49 16 80 80
1035_0093_0082_0041_0041.jpg 1 93 82 41 41
1036_0058_0038_0038_0038.jpg 1 58 38 38 38
1037_0013_0014_0053_0053.jpg 1 13 14 53 53
1038_0020_0006_0101_0101.jpg 1 20 6 101 101
1039_0018_0031_0063_0063.jpg 1 18 31 63 63
1040_0042_0013_0024_0024.jpg 1 42 13 24 24
1041_0057_0062_0076_0076.jpg 1 57 62 76 76
1042_0012_0022_0102_0102.jpg 1 12 22 102 102
1043_0027_0099_0039_0039.jpg 1 27 99 39 39
1044_0068_0009_0057_0057.jpg 1 68 9 57 57
1045_0081_0013_0057_0057.jpg 1 81 13 57 57
1046_0060_0062_0040_0040.jpg 1 60 62 40 40
1047_0085_0057_0044_0044.jpg 1 85 57 44 44
1048_0031_0067_0062_0062.jpg 1 31 67 62 62
1049_0082_0010_0055_0055.jpg 1 82 10 55 55
1050_0014_0056_0073_0073.jpg 1 14 56 73 73
1051_0014_0012_0103_0103.jpg 1 14 12 103 103
1052_0059_0031_0084_0084.jpg 1 59 31 84 84
1053_0017_0044_0079_0079.jpg 1 17 44 79 79
1054_0052_0086_0039_0039.jpg 1 52 86 39 39
1055_0036_0039_0030_0030.jpg 1 36 39 30 30
1056_0053_0013_0060_0060.jpg 1 53 13 60 60
1057_0045_0058_0030_0030.jpg 1 45 58 30 30
1058_0010_0023_0099_0099.jpg 1 10 23 99 99
1059_0052_0033_0084_0084.jpg 1 52 33 84 84
1060_0077_0029_0025_0025.jpg 1 77 29 25 25
1061_0027_0039_0100_0100.jpg 1 27 39 100 100
1062_0068_0031_0050_0050.jpg 1 68 31 50 50
1063_0042_0079_0056_0056.jpg 1 42 79 56 56
1064_0017_0012_0029_0029.jpg 1 17 12 29 29
1065_0058_0035_0065_0065.jpg 1 58 35 65 65
1066_0052_0036_0068_0068.jpg 1 52 36 68 68
1067_0042_0016_0079_0079.jpg 1 42 16 79 79
1068_0082_0026_0044_0044.jpg 1 82 26 44 44
1069_0058_0036_0031_0031.jpg 1 58 36 31 31
1070_0067_0066_0046_0046.jpg 1 67 66 46 46
1071_0024_0043_0064_0064.jpg 1 24 43 64 64
1072_0012_0036_0084_0084.jpg 1 12 36 84 84
1073_0035_0037_0099_0099.jpg 1 35 37 99 99
1074_0033_0075_0064_0064.jpg 1 33 75 64 64
1075_0005_0029_0101_0101.jpg 1 5 29 101 101
1076_0006_0023_0103_0103.jpg 1 6 23 103 103
1077_0059_0067_0046_0046.jpg 1 59 67 46 46
1078_0063_0072_0051_0051.jpg 1 63 72 51 51
1079_0063_0087_0045_0045.jpg 1 63 87 45 45
1080_0009_0073_0061_0061.jpg 1 9 73 61 61
1081_0026_0078_0026_0026.jpg 1 26 78 26 26
1082_0012_0015_0094_0094.jpg 1 12 15 94 94
1083_0028_0022_0074_0074.jpg 1 28 22 74 74
1084_0053_0048_0042_0042.jpg 1 53 48 42 42
1085_0019_0032_0101_0101.jpg 1 19 32 101 101
1086_0046_0026_0097_0097.jpg 1 46 26 97 97
1087_0026_0022_0053_0053.jpg 1 26 22 53 53
1088_0044_0043_0085_0085.jpg 1 44 43 85 85
1089_0069_0023_0056_0056.jpg 1 69 23 56 56
1090_0045_0023_0089_0089.jpg 1 45 23 89 89
1091_0029_0032_0066_0066.jpg 1 29 32 66 66
1092_0089_0108_0028_0028.jpg 1 89 108 28 28
1093_0054_0018_0074_0074.jpg 1 54 18 74 74
1094_0034_0036_0099_0099.jpg 1 34 36 99 99
1095_0047_0045_0092_0092.jpg 1 47 45 92 92
1096_0016_0015_0069_0069.jpg 1 16 15 69 69
1097_0040_0054_0076_0076.jpg 1 40 54 76 76
1098_0038_0031_0091_0091.jpg 1 38 31 91 91
1099_0061_0029_0067_0067.jpg 1 61 29 67 67
1100_0008_0015_0092_0092.jpg 1 8 15 92 92
1101_0044_0074_0028_0028.jpg 1 44 74 28 28
1102_0043_0011_0091_0091.jpg 1 43 11 91 91
1103_0047_0031_0080_0080.jpg 1 47 31 80 80
1104_0028_0028_0094_0094.jpg 1 28 28 94 94
1105_0073_0030_0067_0067.jpg 1 73 30 67 67
1106_0048_0060_0075_0075.jpg 1 48 60 75 75
1107_0036_0037_0104_0104.jpg 1 36 37 104 104
1108_0064_0027_0073_0073.jpg 1 64 27 73 73
1109_0030_0011_0085_0085.jpg 1 30 11 85 85
1110_0088_0015_0047_0047.jpg 1 88 15 47 47
1111_0057_0070_0037_0037.jpg 1 57 70 37 37
1112_0031_0083_0037_0037.jpg 1 31 83 37 37
1113_0056_0043_0075_0075.jpg 1 56 43 75 75
1114_0046_0011_0093_0093.jpg 1 46 11 93 93
1115_0027_0078_0062_0062.jpg 1 27 78 62 62
1116_0056_0083_0038_0038.jpg 1 56 83 38 38
1117_0022_0062_0052_0052.jpg 1 22 62 52 52
1118_0062_0033_0079_0079.jpg 1 62 33 79 79
1119_0041_0007_0096_0096.jpg 1 41 7 96 96
1120_0044_0026_0088_0088.jpg 1 44 26 88 88
1121_0070_0019_0066_0066.jpg 1 70 19 66 66
1122_0037_0048_0092_0092.jpg 1 37 48 92 92
1123_0079_0038_0046_0046.jpg 1 79 38 46 46
1124_0014_0064_0065_0065.jpg 1 14 64 65 65
1125_0069_0078_0049_0049.jpg 1 69 78 49 49
1126_0047_0013_0077_0077.jpg 1 47 13 77 77
1127_0032_0046_0075_0075.jpg 1 32 46 75 75
1128_0052_0064_0039_0039.jpg 1 52 64 39 39
1129_0094_0043_0031_0031.jpg 1 94 43 31 31
1130_0042_0033_0081_0081.jpg 1 42 33 81 81
1131_0007_0007_0094_0094.jpg 1 7 7 94 94
1132_0013_0036_0041_0041.jpg 1 13 36 41 41
1133_0009_0064_0073_0073.jpg 1 9 64 73 73
1134_0073_0040_0052_0052.jpg 1 73 40 52 52
1135_0047_0024_0038_0038.jpg 1 47 24 38 38
1136_0048_0038_0067_0067.jpg 1 48 38 67 67
1137_0033_0009_0096_0096.jpg 1 33 9 96 96
1138_0056_0092_0028_0028.jpg 1 56 92 28 28
1139_0082_0060_0040_0040.jpg 1 82 60 40 40
1140_0049_0018_0031_0031.jpg 1 49 18 31 31
