0001_0027_0076_0030_0030.jpg 1 27 76 30 30
0002_0022_0041_0086_0086.jpg 1 22 41 86 86
0003_0067_0075_0065_0065.jpg 1 67 75 65 65
0004_0015_0080_0034_0034.jpg 1 15 80 34 34
0005_0031_0038_0078_0078.jpg 1 31 38 78 78
0006_0013_0045_0062_0062.jpg 1 13 45 62 62
0007_0031_0069_0058_0058.jpg 1 31 69 58 58
0008_0047_0014_0091_0091.jpg 1 47 14 91 91
0009_0017_0018_0087_0087.jpg 1 17 18 87 87
0010_0018_0063_0062_0062.jpg 1 18 63 62 62
0011_0045_0008_0087_0087.jpg 1 45 8 87 87
0012_0090_0056_0047_0047.jpg 1 90 56 47 47
0013_0032_0023_0086_0086.jpg 1 32 23 86 86
0014_0036_0028_0096_0096.jpg 1 36 28 96 96
0015_0025_0018_0103_0103.jpg 1 25 18 103 103
0016_0020_0032_0037_0037.jpg 1 20 32 37 37
0017_0016_0076_0034_0034.jpg 1 16 76 34 34
0018_0015_0068_0069_0069.jpg 1 15 68 69 69
0019_0025_0045_0080_0080.jpg 1 25 45 80 80
0020_0057_0011_0066_0066.jpg 1 57 11 66 66
0021_0027_0035_0060_0060.jpg 1 27 35 60 60
0022_0017_0037_0098_0098.jpg 1 17 37 98 98
0023_0033_0014_0045_0045.jpg 1 33 14 45 45
0024_0029_0048_0059_0059.jpg 1 29 48 59 59
0025_0015_0058_0077_0077.jpg 1 15 58 77 77
0026_0041_0021_0046_0046.jpg 1 41 21 46 46
0027_0028_0010_0083_0083.jpg 1 28 10 83 83
0028_0019_0007_0102_0102.jpg 1 19 7 102 102
0029_0014_0014_0041_0041.jpg 1 14 14 41 41
0030_0035_0034_0045_0045.jpg 1 35 34 45 45
0031_0064_0041_0048_0048.jpg 1 64 41 48 48
0032_0053_0079_0058_0058.jpg 1 53 79 58 58
0033_0048_0046_0074_0074.jpg 1 48 46 74 74
0034_0038_0102_0031_0031.jpg 1 38 102 31 31
0035_0071_0068_0061_0061.jpg 1 71 68 61 61
0036_0059_0009_0082_0082.jpg 1 59 9 82 82
0037_0024_0007_0082_0082.jpg 1 24 7 82 82
0038_0044_0031_0100_0100.jpg 1 44 31 100 100
0039_0006_0014_0102_0102.jpg 1 6 14 102 102
0040_0057_0098_0035_0035.jpg 1 57 98 35 35
0041_0082_0076_0054_0054.jpg 1 82 76 54 54
0042_0017_0044_0096_0096.jpg 1 17 44 96 96
0043_0031_0017_0091_0091.jpg 1 31 17 91 91
0044_0036_0005_0097_0097.jpg 1 36 5 97 97
0045_0070_0052_0040_0040.jpg 1 70 52 40 40
0046_0058_0036_0035_0035.jpg 1 58 36 35 35
0047_0060_0054_0073_0073.jpg 1 60 54 73 73
0048_0053_0015_0060_0060.jpg 1 53 15 60 60
0049_0058_0026_0024_0024.jpg 1 58 26 24 24
0050_0035_0015_0080_0080.jpg 1 35 15 80 80
0051_0014_0043_0097_0097.jpg 1 14 43 97 97
0052_0030_0053_0081_0081.jpg 1 30 53 81 81
0053_0040_0014_0092_0092.jpg 1 40 14 92 92
0054_0015_0030_0076_0076.jpg 1 15 30 76 76
0055_0053_0054_0069_0069.jpg 1 53 54 69 69
0056_0073_0044_0033_0033.jpg 1 73 44 33 33
0057_0024_0010_0084_0084.jpg 1 24 10 84 84
0058_0065_0047_0069_0069.jpg 1 65 47 69 69
0059_0022_0025_0100_0100.jpg 1 22 25 100 100
0060_0011_0032_0075_0075.jpg 1 11 32 75 75
0061_0036_0038_0098_0098.jpg 1 36 38 98 98
0062_0012_0014_0069_0069.jpg 1 12 14 69 69
0063_0058_0039_0042_0042.jpg 1 58 39 42 42
0064_0042_0030_0058_0058.jpg 1 42 30 58 58
0065_0017_0034_0100_0100.jpg 1 17 34 100 100
0066_0028_0077_0059_0059.jpg 1 28 77 59 59
0067_0058_0078_0050_0050.jpg 1 58 78 50 50
0068_0081_0013_0035_0035.jpg 1 81 13 35 35
0069_0039_0025_0099_0099.jpg 1 39 25 99 99
0070_0084_0066_0048_0048.jpg 1 84 66 48 48
0071_0103_0018_0034_0034.jpg 1 103 18 34 34
0072_0020_0020_0098_0098.jpg 1 20 20 98 98
0073_0073_0060_0047_0047.jpg 1 73 60 47 47
0074_0032_0040_0065_0065.jpg 1 32 40 65 65
0075_0013_0009_0085_0085.jpg 1 13 9 85 85
0076_0019_0028_0094_0094.jpg 1 19 28 94 94
0077_0090_0087_0031_0031.jpg 1 90 87 31 31
0078_0070_0041_0049_0049.jpg 1 70 41 49 49
0079_0022_0062_0069_0069.jpg 1 22 62 69 69
0080_0051_0076_0041_0041.jpg 1 51 76 41 41
0081_0038_0060_0042_0042.jpg 1 38 60 42 42
0082_0030_0039_0060_0060.jpg 1 30 39 60 60
0083_0033_0016_0103_0103.jpg 1 33 16 103 103
0084_0064_0030_0068_0068.jpg 1 64 30 68 68
0085_0060_0033_0035_0035.jpg 1 60 33 35 35
0086_0025_0067_0073_0073.jpg 1 25 67 73 73
0087_0059_0061_0048_0048.jpg 1 59 61 48 48
0088_0017_0039_0093_0093.jpg 1 17 39 93 93
0089_0052_0054_0065_0065.jpg 1 52 54 65 65
0090_0014_0029_0089_0089.jpg 1 14 29 89 89
0091_0024_0036_0083_0083.jpg 1 24 36 83 83
0092_0018_0025_0082_0082.jpg 1 18 25 82 82
0093_0023_0055_0066_0066.jpg 1 23 55 66 66
0094_0048_0017_0091_0091.jpg 1 48 17 91 91
0095_0042_0039_0088_0088.jpg 1 42 39 88 88
0096_0091_0083_0037_0037.jpg 1 91 83 37 37
0097_0026_0050_0071_0071.jpg 1 26 50 71 71
0098_0010_0014_0090_0090.jpg 1 10 14 90 90
0099_0035_0011_0047_0047.jpg 1 35 11 47 47
0100_0028_0044_0098_0098.jpg 1 28 44 98 98
0101_0028_0021_0048_0048.jpg 1 28 21 48 48
0102_0075_0069_0057_0057.jpg 1 75 69 57 57
0103_0044_0032_0085_0085.jpg 1 44 32 85 85
0104_0049_0018_0088_0088.jpg 1 49 18 88 88
0105_0043_0084_0052_0052.jpg 1 43 84 52 52
0106_0038_0080_0053_0053.jpg 1 38 80 53 53
0107_0032_0015_0087_0087.jpg 1 32 15 87 87
0108_0019_0035_0085_0085.jpg 1 19 35 85 85
0109_0066_0057_0063_0063.jpg 1 66 57 63 63
0110_0062_0030_0033_0033.jpg 1 62 30 33 33
0111_0059_0054_0062_0062.jpg 1 59 54 62 62
0112_0035_0047_0063_0063.jpg 1 35 47 63 63
0113_0067_0079_0052_0052.jpg 1 67 79 52 52
0114_0061_0030_0039_0039.jpg 1 61 30 39 39
0115_0025_0036_0088_0088.jpg 1 25 36 88 88
0116_0010_0060_0060_0060.jpg 1 10 60 60 60
0117_0015_0098_0032_0032.jpg 1 15 98 32 32
0118_0010_0009_0085_0085.jpg 1 10 9 85 85
0119_0052_0065_0076_0076.jpg 1 52 65 76 76
0120_0092_0081_0025_0025.jpg 1 92 81 25 25
0121_0023_0019_0101_0101.jpg 1 23 19 101 101
0122_0032_0029_0095_0095.jpg 1 32 29 95 95
0123_0025_0016_0052_0052.jpg 1 25 16 52 52
0124_0033_0040_0091_0091.jpg 1 33 40 91 91
0125_0024_0051_0067_0067.jpg 1 24 51 67 67
0126_0020_0035_0095_0095.jpg 1 20 35 95 95
0127_0030_0021_0096_0096.jpg 1 30 21 96 96
0128_0097_0021_0029_0029.jpg 1 97 21 29 29
0129_0029_0054_0086_0086.jpg 1 29 54 86 86
0130_0040_0064_0068_0068.jpg 1 40 64 68 68
0131_0015_0022_0091_0091.jpg 1 15 22 91 91
0132_0048_0069_0072_0072.jpg 1 48 69 72 72
0133_0057_0011_0071_0071.jpg 1 57 11 71 71
0134_0055_0026_0074_0074.jpg 1 55 26 74 74
0135_0010_0051_0076_0076.jpg 1 10 51 76 76
0136_0073_0029_0026_0026.jpg 1 73 29 26 26
0137_0079_0088_0045_0045.jpg 1 79 88 45 45
0138_0015_0017_0103_0103.jpg 1 15 17 103 103
0139_0019_0015_0044_0044.jpg 1 19 15 44 44
0140_0049_0081_0050_0050.jpg 1 49 81 50 50
0141_0028_0012_0090_0090.jpg 1 28 12 90 90
0142_0044_0012_0033_0033.jpg 1 44 12 33 33
0143_0062_0035_0065_0065.jpg 1 62 35 65 65
0144_0071_0020_0066_0066.jpg 1 71 20 66 66
0145_0041_0012_0079_0079.jpg 1 41 12 79 79
0146_0008_0013_0103_0103.jpg 1 8 13 103 103
0147_0072_0030_0061_0061.jpg 1 72 30 61 61
0148_0028_0029_0085_0085.jpg 1 28 29 85 85
0149_0093_0037_0039_0039.jpg 1 93 37 39 39
0150_0093_0076_0031_0031.jpg 1 93 76 31 31
0151_0070_0017_0055_0055.jpg 1 70 17 55 55
0152_0054_0054_0068_0068.jpg 1 54 54 68 68
0153_0066_0032_0048_0048.jpg 1 66 32 48 48
0154_0020_0011_0041_0041.jpg 1 20 11 41 41
0155_0022_0088_0042_0042.jpg 1 22 88 42 42
0156_0059_0013_0049_0049.jpg 1 59 13 49 49
0157_0030_0056_0071_0071.jpg 1 30 56 71 71
0158_0062_0043_0061_0061.jpg 1 62 43 61 61
0159_0083_0059_0032_0032.jpg 1 83 59 32 32
0160_0043_0085_0026_0026.jpg 1 43 85 26 26
0161_0027_0025_0093_0093.jpg 1 27 25 93 93
0162_0086_0042_0026_0026.jpg 1 86 42 26 26
0163_0028_0052_0086_0086.jpg 1 28 52 86 86
0164_0026_0008_0091_0091.jpg 1 26 8 91 91
0165_0034_0058_0032_0032.jpg 1 34 58 32 32
0166_0069_0047_0050_0050.jpg 1 69 47 50 50
0167_0026_0013_0062_0062.jpg 1 26 13 62 62
0168_0096_0068_0042_0042.jpg 1 96 68 42 42
0169_0042_0038_0099_0099.jpg 1 42 38 99 99
0170_0024_0048_0083_0083.jpg 1 24 48 83 83
0171_0091_0012_0031_0031.jpg 1 91 12 31 31
0172_0046_0040_0088_0088.jpg 1 46 40 88 88
0173_0075_0057_0037_0037.jpg 1 75 57 37 37
0174_0041_0009_0100_0100.jpg 1 41 9 100 100
0175_0026_0072_0068_0068.jpg 1 26 72 68 68
0176_0030_0067_0050_0050.jpg 1 30 67 50 50
0177_0008_0005_0099_0099.jpg 1 8 5 99 99
0178_0053_0036_0087_0087.jpg 1 53 36 87 87
0179_0025_0010_0083_0083.jpg 1 25 10 83 83
0180_0066_0052_0026_0026.jpg 1 66 52 26 26
0181_0019_0030_0066_0066.jpg 1 19 30 66 66
0182_0047_0038_0079_0079.jpg 1 47 38 79 79
0183_0041_0009_0081_0081.jpg 1 41 9 81 81
0184_0096_0045_0042_0042.jpg 1 96 45 42 42
0185_0090_0074_0045_0045.jpg 1 90 74 45 45
0186_0082_0059_0040_0040.jpg 1 82 59 40 40
0187_0014_0079_0052_0052.jpg 1 14 79 52 52
0188_0041_0005_0098_0098.jpg 1 41 5 98 98
0189_0091_0095_0040_0040.jpg 1 91 95 40 40
0190_0007_0051_0079_0079.jpg 1 7 51 79 79
0191_0008_0007_0087_0087.jpg 1 8 7 87 87
0192_0052_0020_0035_0035.jpg 1 52 20 35 35
0193_0018_0056_0079_0079.jpg 1 18 56 79 79
0194_0039_0008_0090_0090.jpg 1 39 8 90 90
0195_0076_0014_0059_0059.jpg 1 76 14 59 59
0196_0093_0048_0045_0045.jpg 1 93 48 45 45
0197_0042_0032_0099_0099.jpg 1 42 32 99 99
0198_0020_0019_0099_0099.jpg 1 20 19 99 99
0199_0033_0027_0072_0072.jpg 1 33 27 72 72
0200_0100_0026_0038_0038.jpg 1 100 26 38 38
0201_0024_0047_0084_0084.jpg 1 24 47 84 84
0202_0051_0062_0044_0044.jpg 1 51 62 44 44
0203_0017_0008_0073_0073.jpg 1 17 8 73 73
0204_0061_0029_0051_0051.jpg 1 61 29 51 51
0205_0028_0026_0078_0078.jpg 1 28 26 78 78
0206_0016_0050_0071_0071.jpg 1 16 50 71 71
0207_0024_0026_0089_0089.jpg 1 24 26 89 89
0208_0080_0074_0055_0055.jpg 1 80 74 55 55
0209_0032_0049_0086_0086.jpg 1 32 49 86 86
0210_0017_0012_0071_0071.jpg 1 17 12 71 71
0211_0036_0007_0079_0079.jpg 1 36 7 79 79
0212_0064_0056_0070_0070.jpg 1 64 56 70 70
0213_0035_0020_0064_0064.jpg 1 35 20 64 64
0214_0047_0022_0091_0091.jpg 1 47 22 91 91
0215_0109_0082_0027_0027.jpg 1 109 82 27 27
0216_0017_0011_0082_0082.jpg 1 17 11 82 82
0217_0031_0026_0058_0058.jpg 1 31 26 58 58
0218_0022_0035_0102_0102.jpg 1 22 35 102 102
0219_0031_0017_0073_0073.jpg 1 31 17 73 73
0220_0016_0018_0043_0043.jpg 1 16 18 43 43
0221_0019_0056_0082_0082.jpg 1 19 56 82 82
0222_0032_0036_0103_0103.jpg 1 32 36 103 103
0223_0027_0015_0043_0043.jpg 1 27 15 43 43
0224_0005_0027_0104_0104.jpg 1 5 27 104 104
0225_0090_0023_0026_0026.jpg 1 90 23 26 26
0226_0008_0054_0084_0084.jpg 1 8 54 84 84
0227_0022_0066_0065_0065.jpg 1 22 66 65 65
0228_0043_0060_0077_0077.jpg 1 43 60 77 77
0229_0041_0083_0049_0049.jpg 1 41 83 49 49
0230_0077_0039_0026_0026.jpg 1 77 39 26 26
0231_0085_0091_0032_0032.jpg 1 85 91 32 32
0232_0079_0055_0038_0038.jpg 1 79 55 38 38
0233_0039_0043_0102_0102.jpg 1 39 43 102 102
0234_0030_0028_0040_0040.jpg 1 30 28 40 40
0235_0006_0047_0096_0096.jpg 1 6 47 96 96
0236_0097_0086_0038_0038.jpg 1 97 86 38 38
0237_0024_0070_0041_0041.jpg 1 24 70 41 41
0238_0045_0022_0091_0091.jpg 1 45 22 91 91
0239_0015_0025_0097_0097.jpg 1 15 25 97 97
0240_0041_0012_0100_0100.jpg 1 41 12 100 100
0241_0018_0007_0095_0095.jpg 1 18 7 95 95
0242_0053_0042_0082_0082.jpg 1 53 42 82 82
0243_0028_0029_0071_0071.jpg 1 28 29 71 71
0244_0085_0019_0028_0028.jpg 1 85 19 28 28
0245_0067_0040_0057_0057.jpg 1 67 40 57 57
0246_0011_0039_0104_0104.jpg 1 11 39 104 104
0247_0086_0042_0054_0054.jpg 1 86 42 54 54
0248_0021_0026_0056_0056.jpg 1 21 26 56 56
0249_0040_0073_0056_0056.jpg 1 40 73 56 56
0250_0022_0009_0073_0073.jpg 1 22 9 73 73
0251_0028_0025_0077_0077.jpg 1 28 25 77 77
0252_0009_0042_0064_0064.jpg 1 9 42 64 64
0253_0037_0043_0073_0073.jpg 1 37 43 73 73
0254_0049_0050_0088_0088.jpg 1 49 50 88 88
0255_0036_0009_0101_0101.jpg 1 36 9 101 101
0256_0040_0063_0077_0077.jpg 1 40 63 77 77
0257_0106_0100_0027_0027.jpg 1 106 100 27 27
0258_0067_0019_0061_0061.jpg 1 67 19 61 61
0259_0008_0025_0104_0104.jpg 1 8 25 104 104
0260_0096_0101_0029_0029.jpg 1 96 101 29 29
0261_0019_0057_0067_0067.jpg 1 19 57 67 67
0262_0056_0058_0082_0082.jpg 1 56 58 82 82
0263_0033_0059_0062_0062.jpg 1 33 59 62 62
0264_0037_0037_0095_0095.jpg 1 37 37 95 95
0265_0053_0026_0026_0026.jpg 1 53 26 26 26
0266_0039_0035_0102_0102.jpg 1 39 35 102 102
0267_0055_0076_0041_0041.jpg 1 55 76 41 41
0268_0030_0028_0058_0058.jpg 1 30 28 58 58
0269_0020_0047_0047_0047.jpg 1 20 47 47 47
0270_0092_0040_0040_0040.jpg 1 92 40 40 40
0271_0070_0070_0047_0047.jpg 1 70 70 47 47
0272_0024_0059_0054_0054.jpg 1 24 59 54 54
0273_0042_0040_0035_0035.jpg 1 42 40 35 35
0274_0103_0039_0026_0026.jpg 1 103 39 26 26
0275_0062_0070_0029_0029.jpg 1 62 70 29 29
0276_0053_0092_0033_0033.jpg 1 53 92 33 33
0277_0037_0032_0097_0097.jpg 1 37 32 97 97
0278_0050_0034_0081_0081.jpg 1 50 34 81 81
0279_0066_0069_0071_0071.jpg 1 66 69 71 71
0280_0016_0042_0054_0054.jpg 1 16 42 54 54
0281_0019_0019_0092_0092.jpg 1 19 19 92 92
0282_0057_0052_0040_0040.jpg 1 57 52 40 40
0283_0079_0012_0041_0041.jpg 1 79 12 41 41
0284_0018_0014_0100_0100.jpg 1 18 14 100 100
0285_0028_0060_0035_0035.jpg 1 28 60 35 35
0286_0015_0018_0061_0061.jpg 1 15 18 61 61
0287_0024_0025_0065_0065.jpg 1 24 25 65 65
0288_0032_0027_0097_0097.jpg 1 32 27 97 97
0289_0023_0048_0090_0090.jpg 1 23 48 90 90
0290_0015_0031_0058_0058.jpg 1 15 31 58 58
0291_0037_0023_0060_0060.jpg 1 37 23 60 60
0292_0042_0062_0056_0056.jpg 1 42 62 56 56
0293_0040_0042_0087_0087.jpg 1 40 42 87 87
0294_0078_0021_0056_0056.jpg 1 78 21 56 56
0295_0056_0011_0073_0073.jpg 1 56 11 73 73
0296_0046_0013_0054_0054.jpg 1 46 13 54 54
0297_0055_0046_0077_0077.jpg 1 55 46 77 77
0298_0016_0065_0041_0041.jpg 1 16 65 41 41
0299_0045_0009_0082_0082.jpg 1 45 9 82 82
0300_0039_0022_0041_0041.jpg 1 39 22 41 41
0301_0020_0050_0055_0055.jpg 1 20 50 55 55
0302_0049_0038_0077_0077.jpg 1 49 38 77 77
0303_0033_0024_0087_0087.jpg 1 33 24 87 87
0304_0061_0026_0061_0061.jpg 1 61 26 61 61
0305_0034_0028_0053_0053.jpg 1 34 28 53 53
0306_0050_0045_0049_0049.jpg 1 50 45 49 49
0307_0087_0079_0026_0026.jpg 1 87 79 26 26
0308_0008_0033_0103_0103.jpg 1 8 33 103 103
0309_0043_0015_0066_0066.jpg 1 43 15 66 66
0310_0056_0059_0063_0063.jpg 1 56 59 63 63
0311_0076_0021_0024_0024.jpg 1 76 21 24 24
0312_0040_0007_0074_0074.jpg 1 40 7 74 74
0313_0013_0039_0074_0074.jpg 1 13 39 74 74
0314_0043_0078_0053_0053.jpg 1 43 78 53 53
0315_0016_0048_0055_0055.jpg 1 16 48 55 55
0316_0007_0011_0098_0098.jpg 1 7 11 98 98
0317_0039_0033_0090_0090.jpg 1 39 33 90 90
0318_0019_0007_0084_0084.jpg 1 19 7 84 84
0319_0079_0083_0035_0035.jpg 1 79 83 35 35
0320_0024_0098_0039_0039.jpg 1 24 98 39 39
0321_0050_0044_0072_0072.jpg 1 50 44 72 72
0322_0052_0030_0045_0045.jpg 1 52 30 45 45
0323_0039_0056_0086_0086.jpg 1 39 56 86 86
0324_0044_0033_0067_0067.jpg 1 44 33 67 67
0325_0031_0060_0055_0055.jpg 1 31 60 55 55
0326_0066_0050_0034_0034.jpg 1 66 50 34 34
0327_0012_0031_0086_0086.jpg 1 12 31 86 86
0328_0023_0070_0038_0038.jpg 1 23 70 38 38
0329_0046_0036_0075_0075.jpg 1 46 36 75 75
0330_0009_0041_0104_0104.jpg 1 9 41 104 104
0331_0056_0035_0051_0051.jpg 1 56 35 51 51
0332_0012_0077_0053_0053.jpg 1 12 77 53 53
0333_0045_0052_0056_0056.jpg 1 45 52 56 56
0334_0058_0071_0039_0039.jpg 1 58 71 39 39
0335_0077_0084_0037_0037.jpg 1 77 84 37 37
0336_0020_0024_0104_0104.jpg 1 20 24 104 104
0337_0046_0035_0074_0074.jpg 1 46 35 74 74
0338_0056_0052_0075_0075.jpg 1 56 52 75 75
0339_0058_0063_0050_0050.jpg 1 58 63 50 50
0340_0018_0011_0084_0084.jpg 1 18 11 84 84
0341_0039_0007_0094_0094.jpg 1 39 7 94 94
0342_0033_0055_0063_0063.jpg 1 33 55 63 63
0343_0060_0052_0049_0049.jpg 1 60 52 49 49
0344_0029_0021_0030_0030.jpg 1 29 21 30 30
0345_0017_0026_0068_0068.jpg 1 17 26 68 68
0346_0031_0027_0089_0089.jpg 1 31 27 89 89
0347_0010_0043_0062_0062.jpg 1 10 43 62 62
0348_0009_0030_0079_0079.jpg 1 9 30 79 79
0349_0029_0028_0054_0054.jpg 1 29 28 54 54
0350_0059_0065_0072_0072.jpg 1 59 65 72 72
0351_0039_0023_0040_0040.jpg 1 39 23 40 40
0352_0048_0043_0095_0095.jpg 1 48 43 95 95
0353_0045_0030_0045_0045.jpg 1 45 30 45 45
0354_0062_0063_0042_0042.jpg 1 62 63 42 42
0355_0057_0037_0073_0073.jpg 1 57 37 73 73
0356_0019_0031_0101_0101.jpg 1 19 31 101 101
0357_0020_0039_0067_0067.jpg 1 20 39 67 67
0358_0052_0025_0082_0082.jpg 1 52 25 82 82
0359_0052_0013_0071_0071.jpg 1 52 13 71 71
0360_0019_0012_0052_0052.jpg 1 19 12 52 52
0361_0047_0089_0030_0030.jpg 1 47 89 30 30
0362_0063_0012_0070_0070.jpg 1 63 12 70 70
0363_0036_0010_0074_0074.jpg 1 36 10 74 74
0364_0014_0013_0091_0091.jpg 1 14 13 91 91
0365_0070_0014_0053_0053.jpg 1 70 14 53 53
0366_0053_0038_0067_0067.jpg 1 53 38 67 67
0367_0063_0009_0066_0066.jpg 1 63 9 66 66
0368_0069_0052_0053_0053.jpg 1 69 52 53 53
0369_0024_0072_0062_0062.jpg 1 24 72 62 62
0370_0021_0053_0059_0059.jpg 1 21 53 59 59
0371_0023_0016_0054_0054.jpg 1 23 16 54 54
0372_0017_0034_0041_0041.jpg 1 17 34 41 41
0373_0072_0073_0064_0064.jpg 1 72 73 64 64
0374_0018_0029_0091_0091.jpg 1 18 29 91 91
0375_0040_0025_0104_0104.jpg 1 40 25 104 104
0376_0019_0041_0068_0068.jpg 1 19 41 68 68
0377_0078_0020_0031_0031.jpg 1 78 20 31 31
0378_0063_0076_0064_0064.jpg 1 63 76 64 64
0379_0052_0035_0089_0089.jpg 1 52 35 89 89
0380_0044_0065_0056_0056.jpg 1 44 65 56 56
0381_0105_0042_0030_0030.jpg 1 105 42 30 30
0382_0024_0061_0038_0038.jpg 1 24 61 38 38
0383_0017_0021_0080_0080.jpg 1 17 21 80 80
0384_0058_0011_0060_0060.jpg 1 58 11 60 60
0385_0029_0059_0060_0060.jpg 1 29 59 60 60
0386_0027_0026_0083_0083.jpg 1 27 26 83 83
0387_0071_0059_0046_0046.jpg 1 71 59 46 46
0388_0072_0028_0061_0061.jpg 1 72 28 61 61
0389_0061_0020_0046_0046.jpg 1 61 20 46 46
0390_0041_0075_0031_0031.jpg 1 41 75 31 31
0391_0044_0043_0092_0092.jpg 1 44 43 92 92
0392_0034_0019_0058_0058.jpg 1 34 19 58 58
0393_0006_0055_0086_0086.jpg 1 6 55 86 86
0394_0050_0030_0038_0038.jpg 1 50 30 38 38
0395_0037_0081_0042_0042.jpg 1 37 81 42 42
0396_0051_0022_0092_0092.jpg 1 51 22 92 92
0397_0059_0035_0032_0032.jpg 1 59 35 32 32
0398_0050_0044_0056_0056.jpg 1 50 44 56 56
0399_0013_0033_0100_0100.jpg 1 13 33 100 100
0400_0061_0053_0058_0058.jpg 1 61 53 58 58
0401_0016_0039_0081_0081.jpg 1 16 39 81 81
0402_0073_0028_0063_0063.jpg 1 73 28 63 63
0403_0037_0005_0100_0100.jpg 1 37 5 100 100
0404_0039_0031_0097_0097.jpg 1 39 31 97 97
0405_0008_0061_0065_0065.jpg 1 8 61 65 65
0406_0020_0064_0071_0071.jpg 1 20 64 71 71
0407_0027_0092_0045_0045.jpg 1 27 92 45 45
0408_0019_0049_0026_0026.jpg 1 19 49 26 26
0409_0048_0014_0061_0061.jpg 1 48 14 61 61
0410_0016_0007_0094_0094.jpg 1 16 7 94 94
0411_0080_0055_0050_0050.jpg 1 80 55 50 50
0412_0034_0092_0034_0034.jpg 1 34 92 34 34
0413_0017_0045_0027_0027.jpg 1 17 45 27 27
0414_0008_0037_0104_0104.jpg 1 8 37 104 104
0415_0012_0035_0104_0104.jpg 1 12 35 104 104
0416_0026_0030_0065_0065.jpg 1 26 30 65 65
0417_0052_0058_0074_0074.jpg 1 52 58 74 74
0418_0080_0047_0026_0026.jpg 1 80 47 26 26
0419_0095_0053_0027_0027.jpg 1 95 53 27 27
0420_0029_0010_0088_0088.jpg 1 29 10 88 88
0421_0077_0077_0039_0039.jpg 1 77 77 39 39
0422_0033_0026_0069_0069.jpg 1 33 26 69 69
0423_0018_0045_0037_0037.jpg 1 18 45 37 37
0424_0037_0011_0103_0103.jpg 1 37 11 103 103
0425_0033_0055_0059_0059.jpg 1 33 55 59 59
0426_0099_0103_0029_0029.jpg 1 99 103 29 29
0427_0068_0085_0030_0030.jpg 1 68 85 30 30
0428_0020_0061_0030_0030.jpg 1 20 61 30 30
0429_0042_0053_0090_0090.jpg 1 42 53 90 90
0430_0025_0027_0054_0054.jpg 1 25 27 54 54
0431_0057_0022_0042_0042.jpg 1 57 22 42 42
0432_0027_0021_0091_0091.jpg 1 27 21 91 91
0433_0026_0017_0102_0102.jpg 1 26 17 102 102
0434_0020_0015_0093_0093.jpg 1 20 15 93 93
0435_0050_0044_0055_0055.jpg 1 50 44 55 55
0436_0020_0076_0029_0029.jpg 1 20 76 29 29
0437_0048_0057_0083_0083.jpg 1 48 57 83 83
0438_0010_0057_0061_0061.jpg 1 10 57 61 61
0439_0017_0051_0072_0072.jpg 1 17 51 72 72
0440_0030_0019_0081_0081.jpg 1 30 19 81 81
0441_0050_0083_0049_0049.jpg 1 50 83 49 49
0442_0011_0017_0063_0063.jpg 1 11 17 63 63
0443_0019_0076_0053_0053.jpg 1 19 76 53 53
0444_0034_0037_0104_0104.jpg 1 34 37 104 104
0445_0063_0013_0066_0066.jpg 1 63 13 66 66
0446_0021_0036_0093_0093.jpg 1 21 36 93 93
0447_0101_0062_0030_0030.jpg 1 101 62 30 30
0448_0055_0036_0065_0065.jpg 1 55 36 65 65
0449_0052_0108_0029_0029.jpg 1 52 108 29 29
0450_0027_0063_0078_0078.jpg 1 27 63 78 78
0451_0070_0018_0031_0031.jpg 1 70 18 31 31
0452_0017_0023_0074_0074.jpg 1 17 23 74 74
0453_0021_0006_0094_0094.jpg 1 21 6 94 94
0454_0022_0047_0047_0047.jpg 1 22 47 47 47
0455_0105_0052_0025_0025.jpg 1 105 52 25 25
0456_0032_0009_0094_0094.jpg 1 32 9 94 94
0457_0047_0034_0073_0073.jpg 1 47 34 73 73
0458_0085_0098_0037_0037.jpg 1 85 98 37 37
0459_0025_0025_0024_0024.jpg 1 25 25 24 24
0460_0036_0008_0071_0071.jpg 1 36 8 71 71
0461_0023_0010_0044_0044.jpg 1 23 10 44 44
0462_0007_0008_0100_0100.jpg 1 7 8 100 100
0463_0037_0013_0102_0102.jpg 1 37 13 102 102
0464_0012_0071_0057_0057.jpg 1 12 71 57 57
0465_0030_0023_0082_0082.jpg 1 30 23 82 82
0466_0065_0014_0028_0028.jpg 1 65 14 28 28
0467_0029_0025_0065_0065.jpg 1 29 25 65 65
0468_0020_0069_0067_0067.jpg 1 20 69 67 67
0469_0009_0067_0068_0068.jpg 1 9 67 68 68
0470_0084_0049_0038_0038.jpg 1 84 49 38 38
0471_0066_0106_0027_0027.jpg 1 66 106 27 27
0472_0019_0035_0102_0102.jpg 1 19 35 102 102
0473_0026_0025_0084_0084.jpg 1 26 25 84 84
0474_0018_0024_0098_0098.jpg 1 18 24 98 98
0475_0043_0067_0064_0064.jpg 1 43 67 64 64
0476_0045_0033_0045_0045.jpg 1 45 33 45 45
0477_0035_0041_0078_0078.jpg 1 35 41 78 78
0478_0010_0016_0086_0086.jpg 1 10 16 86 86
0479_0044_0013_0098_0098.jpg 1 44 13 98 98
0480_0011_0048_0056_0056.jpg 1 11 48 56 56
0481_0006_0011_0094_0094.jpg 1 6 11 94 94
0482_0067_0082_0058_0058.jpg 1 67 82 58 58
0483_0011_0022_0073_0073.jpg 1 11 22 73 73
0484_0046_0009_0095_0095.jpg 1 46 9 95 95
0485_0051_0061_0036_0036.jpg 1 51 61 36 36
0486_0041_0045_0072_0072.jpg 1 41 45 72 72
0487_0078_0080_0057_0057.jpg 1 78 80 57 57
0488_0092_0024_0029_0029.jpg 1 92 24 29 29
0489_0066_0052_0058_0058.jpg 1 66 52 58 58
0490_0033_0033_0042_0042.jpg 1 33 33 42 42
0491_0040_0010_0084_0084.jpg 1 40 10 84 84
0492_0023_0040_0101_0101.jpg 1 23 40 101 101
0493_0037_0030_0095_0095.jpg 1 37 30 95 95
0494_0027_0094_0033_0033.jpg 1 27 94 33 33
0495_0059_0036_0080_0080.jpg 1 59 36 80 80
0496_0056_0044_0069_0069.jpg 1 56 44 69 69
0497_0041_0005_0104_0104.jpg 1 41 5 104 104
0498_0036_0025_0033_0033.jpg 1 36 25 33 33
0499_0079_0062_0061_0061.jpg 1 79 62 61 61
0500_0076_0034_0056_0056.jpg 1 76 34 56 56
0501_0083_0103_0034_0034.jpg 1 83 103 34 34
0502_0067_0018_0049_0049.jpg 1 67 18 49 49
0503_0024_0025_0074_0074.jpg 1 24 25 74 74
0504_0022_0044_0091_0091.jpg 1 22 44 91 91
0505_0043_0026_0097_0097.jpg 1 43 26 97 97
0506_0037_0049_0040_0040.jpg 1 37 49 40 40
0507_0012_0052_0055_0055.jpg 1 12 52 55 55
0508_0041_0020_0029_0029.jpg 1 41 20 29 29
0509_0014_0035_0060_0060.jpg 1 14 35 60 60
0510_0026_0078_0052_0052.jpg 1 26 78 52 52
0511_0037_0025_0101_0101.jpg 1 37 25 101 101
0512_0025_0019_0094_0094.jpg 1 25 19 94 94
0513_0026_0056_0029_0029.jpg 1 26 56 29 29
0514_0043_0021_0082_0082.jpg 1 43 21 82 82
0515_0098_0050_0039_0039.jpg 1 98 50 39 39
0516_0030_0054_0084_0084.jpg 1 30 54 84 84
0517_0038_0057_0042_0042.jpg 1 38 57 42 42
0518_0014_0043_0100_0100.jpg 1 14 43 100 100
0519_0057_0067_0029_0029.jpg 1 57 67 29 29
0520_0022_0025_0075_0075.jpg 1 22 25 75 75
0521_0026_0016_0043_0043.jpg 1 26 16 43 43
0522_0019_0045_0093_0093.jpg 1 19 45 93 93
0523_0018_0049_0026_0026.jpg 1 18 49 26 26
0524_0024_0065_0073_0073.jpg 1 24 65 73 73
0525_0040_0016_0067_0067.jpg 1 40 16 67 67
0526_0087_0040_0051_0051.jpg 1 87 40 51 51
0527_0025_0024_0099_0099.jpg 1 25 24 99 99
0528_0078_0046_0033_0033.jpg 1 78 46 33 33
0529_0048_0016_0091_0091.jpg 1 48 16 91 91
0530_0045_0047_0077_0077.jpg 1 45 47 77 77
0531_0059_0066_0073_0073.jpg 1 59 66 73 73
0532_0011_0020_0095_0095.jpg 1 11 20 95 95
0533_0068_0095_0040_0040.jpg 1 68 95 40 40
0534_0027_0032_0104_0104.jpg 1 27 32 104 104
0535_0036_0052_0025_0025.jpg 1 36 52 25 25
0536_0062_0041_0058_0058.jpg 1 62 41 58 58
0537_0086_0047_0047_0047.jpg 1 86 47 47 47
0538_0008_0028_0089_0089.jpg 1 8 28 89 89
0539_0030_0034_0070_0070.jpg 1 30 34 70 70
0540_0067_0018_0055_0055.jpg 1 67 18 55 55
0541_0014_0023_0039_0039.jpg 1 14 23 39 39
0542_0009_0027_0098_0098.jpg 1 9 27 98 98
0543_0029_0062_0041_0041.jpg 1 29 62 41 41
0544_0007_0029_0083_0083.jpg 1 7 29 83 83
0545_0007_0047_0085_0085.jpg 1 7 47 85 85
0546_0007_0035_0076_0076.jpg 1 7 35 76 76
0547_0066_0058_0067_0067.jpg 1 66 58 67 67
0548_0037_0042_0081_0081.jpg 1 37 42 81 81
0549_0058_0068_0072_0072.jpg 1 58 68 72 72
0550_0014_0042_0081_0081.jpg 1 14 42 81 81
0551_0069_0040_0034_0034.jpg 1 69 40 34 34
0552_0050_0017_0090_0090.jpg 1 50 17 90 90
0553_0019_0054_0072_0072.jpg 1 19 54 72 72
0554_0053_0054_0086_0086.jpg 1 53 54 86 86
0555_0047_0031_0074_0074.jpg 1 47 31 74 74
0556_0073_0079_0025_0025.jpg 1 73 79 25 25
0557_0038_0045_0049_0049.jpg 1 38 45 49 49
0558_0020_0018_0099_0099.jpg 1 20 18 99 99
0559_0018_0084_0031_0031.jpg 1 18 84 31 31
0560_0008_0052_0088_0088.jpg 1 8 52 88 88
0561_0013_0005_0093_0093.jpg 1 13 5 93 93
0562_0009_0043_0065_0065.jpg 1 9 43 65 65
0563_0020_0032_0079_0079.jpg 1 20 32 79 79
0564_0065_0070_0047_0047.jpg 1 65 70 47 47
0565_0008_0013_0070_0070.jpg 1 8 13 70 70
0566_0081_0088_0025_0025.jpg 1 81 88 25 25
0567_0032_0081_0031_0031.jpg 1 32 81 31 31
0568_0013_0056_0072_0072.jpg 1 13 56 72 72
0569_0071_0018_0029_0029.jpg 1 71 18 29 29
0570_0030_0020_0060_0060.jpg 1 30 20 60 60
0571_0042_0049_0062_0062.jpg 1 42 49 62 62
0572_0087_0097_0027_0027.jpg 1 87 97 27 27
0573_0048_0021_0067_0067.jpg 1 48 21 67 67
0574_0011_0084_0037_0037.jpg 1 11 84 37 37
0575_0050_0023_0061_0061.jpg 1 50 23 61 61
0576_0102_0020_0034_0034.jpg 1 102 20 34 34
0577_0068_0047_0065_0065.jpg 1 68 47 65 65
0578_0053_0055_0088_0088.jpg 1 53 55 88 88
0579_0036_0075_0058_0058.jpg 1 36 75 58 58
0580_0041_0024_0099_0099.jpg 1 41 24 99 99
0581_0044_0026_0043_0043.jpg 1 44 26 43 43
0582_0010_0020_0096_0096.jpg 1 10 20 96 96
0583_0033_0029_0081_0081.jpg 1 33 29 81 81
0584_0021_0016_0056_0056.jpg 1 21 16 56 56
0585_0093_0018_0040_0040.jpg 1 93 18 40 40
0586_0036_0028_0027_0027.jpg 1 36 28 27 27
0587_0068_0054_0043_0043.jpg 1 68 54 43 43
0588_0031_0011_0092_0092.jpg 1 31 11 92 92
0589_0024_0007_0097_0097.jpg 1 24 7 97 97
0590_0032_0035_0079_0079.jpg 1 32 35 79 79
0591_0043_0043_0096_0096.jpg 1 43 43 96 96
0592_0072_0051_0039_0039.jpg 1 72 51 39 39
0593_0037_0046_0048_0048.jpg 1 37 46 48 48
0594_0030_0034_0095_0095.jpg 1 30 34 95 95
0595_0054_0009_0087_0087.jpg 1 54 9 87 87
0596_0051_0024_0044_0044.jpg 1 51 24 44 44
0597_0020_0011_0057_0057.jpg 1 20 11 57 57
0598_0065_0025_0069_0069.jpg 1 65 25 69 69
0599_0075_0075_0056_0056.jpg 1 75 75 56 56
0600_0060_0080_0039_0039.jpg 1 60 80 39 39
0601_0040_0039_0050_0050.jpg 1 40 39 50 50
0602_0045_0080_0055_0055.jpg 1 45 80 55 55
0603_0040_0057_0053_0053.jpg 1 40 57 53 53
0604_0091_0071_0037_0037.jpg 1 91 71 37 37
0605_0011_0020_0044_0044.jpg 1 11 20 44 44
0606_0099_0106_0025_0025.jpg 1 99 106 25 25
0607_0097_0082_0024_0024.jpg 1 97 82 24 24
0608_0030_0037_0076_0076.jpg 1 30 37 76 76
0609_0032_0063_0063_0063.jpg 1 32 63 63 63
0610_0030_0083_0044_0044.jpg 1 30 83 44 44
0611_0026_0054_0081_0081.jpg 1 26 54 81 81
0612_0036_0015_0054_0054.jpg 1 36 15 54 54
0613_0074_0032_0054_0054.jpg 1 74 32 54 54
0614_0020_0037_0101_0101.jpg 1 20 37 101 101
0615_0066_0045_0064_0064.jpg 1 66 45 64 64
0616_0048_0024_0083_0083.jpg 1 48 24 83 83
0617_0039_0035_0072_0072.jpg 1 39 35 72 72
0618_0076_0042_0044_0044.jpg 1 76 42 44 44
0619_0032_0031_0094_0094.jpg 1 32 31 94 94
0620_0034_0033_0104_0104.jpg 1 34 33 104 104
0621_0060_0059_0068_0068.jpg 1 60 59 68 68
0622_0033_0041_0088_0088.jpg 1 33 41 88 88
0623_0044_0022_0091_0091.jpg 1 44 22 91 91
0624_0039_0022_0100_0100.jpg 1 39 22 100 100
0625_0075_0030_0046_0046.jpg 1 75 30 46 46
0626_0017_0024_0058_0058.jpg 1 17 24 58 58
0627_0041_0019_0083_0083.jpg 1 41 19 83 83
0628_0033_0043_0092_0092.jpg 1 33 43 92 92
0629_0033_0038_0100_0100.jpg 1 33 38 100 100
0630_0027_0017_0092_0092.jpg 1 27 17 92 92
0631_0012_0007_0081_0081.jpg 1 12 7 81 81
0632_0024_0029_0097_0097.jpg 1 24 29 97 97
0633_0074_0074_0046_0046.jpg 1 74 74 46 46
0634_0055_0069_0063_0063.jpg 1 55 69 63 63
0635_0061_0071_0031_0031.jpg 1 61 71 31 31
0636_0080_0016_0036_0036.jpg 1 80 16 36 36
0637_0030_0008_0081_0081.jpg 1 30 8 81 81
0638_0085_0037_0051_0051.jpg 1 85 37 51 51
0639_0060_0059_0058_0058.jpg 1 60 59 58 58
0640_0062_0019_0042_0042.jpg 1 62 19 42 42
0641_0066_0045_0049_0049.jpg 1 66 45 49 49
0642_0074_0081_0047_0047.jpg 1 74 81 47 47
0643_0066_0024_0043_0043.jpg 1 66 24 43 43
0644_0026_0056_0075_0075.jpg 1 26 56 75 75
0645_0032_0024_0084_0084.jpg 1 32 24 84 84
0646_0034_0048_0067_0067.jpg 1 34 48 67 67
0647_0062_0046_0060_0060.jpg 1 62 46 60 60
0648_0033_0062_0067_0067.jpg 1 33 62 67 67
0649_0055_0015_0077_0077.jpg 1 55 15 77 77
0650_0046_0020_0091_0091.jpg 1 46 20 91 91
0651_0027_0046_0056_0056.jpg 1 27 46 56 56
0652_0055_0008_0068_0068.jpg 1 55 8 68 68
0653_0019_0029_0093_0093.jpg 1 19 29 93 93
0654_0022_0044_0056_0056.jpg 1 22 44 56 56
0655_0032_0048_0033_0033.jpg 1 32 48 33 33
0656_0039_0014_0101_0101.jpg 1 39 14 101 101
0657_0017_0013_0035_0035.jpg 1 17 13 35 35
0658_0015_0009_0067_0067.jpg 1 15 9 67 67
0659_0068_0056_0064_0064.jpg 1 68 56 64 64
0660_0012_0029_0052_0052.jpg 1 12 29 52 52
0661_0014_0047_0049_0049.jpg 1 14 47 49 49
0662_0026_0036_0094_0094.jpg 1 26 36 94 94
0663_0087_0028_0040_0040.jpg 1 87 28 40 40
0664_0037_0061_0027_0027.jpg 1 37 61 27 27
0665_0031_0045_0065_0065.jpg 1 31 45 65 65
0666_0055_0029_0087_0087.jpg 1 55 29 87 87
0667_0018_0035_0050_0050.jpg 1 18 35 50 50
0668_0011_0046_0088_0088.jpg 1 11 46 88 88
0669_0013_0037_0082_0082.jpg 1 13 37 82 82
0670_0040_0067_0073_0073.jpg 1 40 67 73 73
0671_0072_0009_0059_0059.jpg 1 72 9 59 59
0672_0032_0034_0067_0067.jpg 1 32 34 67 67
0673_0033_0043_0049_0049.jpg 1 33 43 49 49
0674_0014_0074_0031_0031.jpg 1 14 74 31 31
0675_0022_0021_0101_0101.jpg 1 22 21 101 101
0676_0010_0029_0075_0075.jpg 1 10 29 75 75
0677_0007_0034_0091_0091.jpg 1 7 34 91 91
0678_0037_0029_0073_0073.jpg 1 37 29 73 73
0679_0053_0028_0043_0043.jpg 1 53 28 43 43
0680_0065_0074_0036_0036.jpg 1 65 74 36 36
0681_0074_0026_0028_0028.jpg 1 74 26 28 28
0682_0056_0053_0050_0050.jpg 1 56 53 50 50
0683_0032_0047_0069_0069.jpg 1 32 47 69 69
0684_0014_0016_0054_0054.jpg 1 14 16 54 54
0685_0086_0107_0030_0030.jpg 1 86 107 30 30
0686_0074_0018_0043_0043.jpg 1 74 18 43 43
0687_0007_0039_0076_0076.jpg 1 7 39 76 76
0688_0018_0027_0075_0075.jpg 1 18 27 75 75
0689_0041_0048_0083_0083.jpg 1 41 48 83 83
0690_0040_0069_0031_0031.jpg 1 40 69 31 31
0691_0036_0014_0079_0079.jpg 1 36 14 79 79
0692_0064_0057_0054_0054.jpg 1 64 57 54 54
0693_0039_0029_0099_0099.jpg 1 39 29 99 99
0694_0020_0057_0035_0035.jpg 1 20 57 35 35
0695_0025_0061_0025_0025.jpg 1 25 61 25 25
0696_0045_0033_0053_0053.jpg 1 45 33 53 53
0697_0026_0023_0024_0024.jpg 1 26 23 24 24
0698_0010_0031_0098_0098.jpg 1 10 31 98 98
0699_0060_0017_0079_0079.jpg 1 60 17 79 79
0700_0058_0045_0072_0072.jpg 1 58 45 72 72
0701_0064_0023_0067_0067.jpg 1 64 23 67 67
0702_0014_0020_0084_0084.jpg 1 14 20 84 84
0703_0024_0048_0064_0064.jpg 1 24 48 64 64
0704_0021_0060_0057_0057.jpg 1 21 60 57 57
0705_0043_0032_0028_0028.jpg 1 43 32 28 28
0706_0020_0011_0071_0071.jpg 1 20 11 71 71
0707_0032_0067_0044_0044.jpg 1 32 67 44 44
0708_0018_0029_0086_0086.jpg 1 18 29 86 86
0709_0075_0044_0038_0038.jpg 1 75 44 38 38
0710_0086_0082_0046_0046.jpg 1 86 82 46 46
0711_0015_0029_0095_0095.jpg 1 15 29 95 95
0712_0020_0043_0097_0097.jpg 1 20 43 97 97
0713_0052_0015_0050_0050.jpg 1 52 15 50 50
0714_0014_0008_0084_0084.jpg 1 14 8 84 84
0715_0034_0033_0078_0078.jpg 1 34 33 78 78
0716_0040_0034_0070_0070.jpg 1 40 34 70 70
0717_0076_0050_0034_0034.jpg 1 76 50 34 34
0718_0045_0053_0072_0072.jpg 1 45 53 72 72
0719_0040_0027_0088_0088.jpg 1 40 27 88 88
0720_0030_0044_0099_0099.jpg 1 30 44 99 99
0721_0031_0009_0090_0090.jpg 1 31 9 90 90
0722_0007_0011_0098_0098.jpg 1 7 11 98 98
0723_0073_0030_0067_0067.jpg 1 73 30 67 67
0724_0054_0062_0048_0048.jpg 1 54 62 48 48
0725_0008_0045_0068_0068.jpg 1 8 45 68 68
0726_0044_0025_0092_0092.jpg 1 44 25 92 92
0727_0027_0088_0048_0048.jpg 1 27 88 48 48
0728_0047_0032_0080_0080.jpg 1 47 32 80 80
0729_0052_0055_0075_0075.jpg 1 52 55 75 75
0730_0038_0016_0104_0104.jpg 1 38 16 104 104
0731_0091_0107_0028_0028.jpg 1 91 107 28 28
0732_0027_0041_0069_0069.jpg 1 27 41 69 69
0733_0018_0023_0080_0080.jpg 1 18 23 80 80
0734_0044_0049_0087_0087.jpg 1 44 49 87 87
0735_0016_0006_0095_0095.jpg 1 16 6 95 95
0736_0015_0059_0061_0061.jpg 1 15 59 61 61
0737_0027_0032_0081_0081.jpg 1 27 32 81 81
0738_0083_0041_0038_0038.jpg 1 83 41 38 38
0739_0064_0048_0055_0055.jpg 1 64 48 55 55
0740_0009_0013_0061_0061.jpg 1 9 13 61 61
0741_0062_0031_0029_0029.jpg 1 62 31 29 29
0742_0032_0030_0056_0056.jpg 1 32 30 56 56
0743_0021_0029_0081_0081.jpg 1 21 29 81 81
0744_0049_0011_0078_0078.jpg 1 49 11 78 78
0745_0068_0042_0070_0070.jpg 1 68 42 70 70
0746_0010_0033_0101_0101.jpg 1 10 33 101 101
0747_0035_0015_0099_0099.jpg 1 35 15 99 99
0748_0087_0057_0042_0042.jpg 1 87 57 42 42
0749_0040_0036_0079_0079.jpg 1 40 36 79 79
0750_0103_0065_0025_0025.jpg 1 103 65 25 25
0751_0038_0020_0079_0079.jpg 1 38 20 79 79
0752_0049_0084_0055_0055.jpg 1 49 84 55 55
0753_0034_0025_0039_0039.jpg 1 34 25 39 39
0754_0076_0020_0060_0060.jpg 1 76 20 60 60
0755_0051_0091_0045_0045.jpg 1 51 91 45 45
0756_0066_0053_0048_0048.jpg 1 66 53 48 48
0757_0035_0027_0030_0030.jpg 1 35 27 30 30
0758_0010_0009_0069_0069.jpg 1 10 9 69 69
0759_0097_0049_0036_0036.jpg 1 97 49 36 36
0760_0086_0032_0035_0035.jpg 1 86 32 35 35
0761_0023_0011_0091_0091.jpg 1 23 11 91 91
0762_0070_0066_0048_0048.jpg 1 70 66 48 48
0763_0057_0062_0032_0032.jpg 1 57 62 32 32
0764_0042_0063_0067_0067.jpg 1 42 63 67 67
0765_0042_0027_0046_0046.jpg 1 42 27 46 46
0766_0048_0071_0059_0059.jpg 1 48 71 59 59
0767_0020_0057_0081_0081.jpg 1 20 57 81 81
0768_0052_0068_0049_0049.jpg 1 52 68 49 49
0769_0032_0030_0083_0083.jpg 1 32 30 83 83
0770_0067_0039_0032_0032.jpg 1 67 39 32 32
0771_0032_0042_0067_0067.jpg 1 32 42 67 67
0772_0033_0008_0099_0099.jpg 1 33 8 99 99
0773_0088_0052_0029_0029.jpg 1 88 52 29 29
0774_0075_0055_0060_0060.jpg 1 75 55 60 60
0775_0025_0005_0103_0103.jpg 1 25 5 103 103
0776_0025_0027_0098_0098.jpg 1 25 27 98 98
0777_0066_0010_0058_0058.jpg 1 66 10 58 58
0778_0049_0054_0024_0024.jpg 1 49 54 24 24
0779_0049_0014_0054_0054.jpg 1 49 14 54 54
0780_0010_0060_0066_0066.jpg 1 10 60 66 66
0781_0031_0018_0032_0032.jpg 1 31 18 32 32
0782_0085_0097_0035_0035.jpg 1 85 97 35 35
0783_0062_0047_0075_0075.jpg 1 62 47 75 75
0784_0053_0043_0024_0024.jpg 1 53 43 24 24
0785_0026_0040_0084_0084.jpg 1 26 40 84 84
0786_0010_0025_0061_0061.jpg 1 10 25 61 61
0787_0046_0041_0094_0094.jpg 1 46 41 94 94
0788_0051_0033_0041_0041.jpg 1 51 33 41 41
0789_0009_0053_0082_0082.jpg 1 9 53 82 82
0790_0030_0031_0089_0089.jpg 1 30 31 89 89
0791_0053_0042_0059_0059.jpg 1 53 42 59 59
0792_0090_0023_0026_0026.jpg 1 90 23 26 26
0793_0091_0066_0032_0032.jpg 1 91 66 32 32
0794_0051_0043_0089_0089.jpg 1 51 43 89 89
0795_0037_0040_0101_0101.jpg 1 37 40 101 101
0796_0040_0046_0064_0064.jpg 1 40 46 64 64
0797_0027_0079_0036_0036.jpg 1 27 79 36 36
0798_0080_0018_0041_0041.jpg 1 80 18 41 41
0799_0031_0041_0067_0067.jpg 1 31 41 67 67
0800_0027_0039_0086_0086.jpg 1 27 39 86 86
0801_0014_0045_0088_0088.jpg 1 14 45 88 88
0802_0010_0021_0089_0089.jpg 1 10 21 89 89
0803_0028_0072_0056_0056.jpg 1 28 72 56 56
0804_0074_0037_0066_0066.jpg 1 74 37 66 66
0805_0020_0041_0062_0062.jpg 1 20 41 62 62
0806_0014_0025_0093_0093.jpg 1 14 25 93 93
0807_0040_0016_0045_0045.jpg 1 40 16 45 45
0808_0051_0100_0037_0037.jpg 1 51 100 37 37
0809_0074_0075_0055_0055.jpg 1 74 75 55 55
0810_0057_0049_0066_0066.jpg 1 57 49 66 66
0811_0057_0018_0081_0081.jpg 1 57 18 81 81
0812_0084_0048_0043_0043.jpg 1 84 48 43 43
0813_0025_0050_0042_0042.jpg 1 25 50 42 42
0814_0043_0040_0095_0095.jpg 1 43 40 95 95
0815_0033_0030_0102_0102.jpg 1 33 30 102 102
0816_0022_0054_0056_0056.jpg 1 22 54 56 56
0817_0008_0036_0068_0068.jpg 1 8 36 68 68
0818_0043_0049_0079_0079.jpg 1 43 49 79 79
0819_0028_0042_0103_0103.jpg 1 28 42 103 103
0820_0048_0015_0090_0090.jpg 1 48 15 90 90
0821_0030_0012_0076_0076.jpg 1 30 12 76 76
0822_0022_0049_0071_0071.jpg 1 22 49 71 71
0823_0045_0060_0081_0081.jpg 1 45 60 81 81
0824_0048_0063_0079_0079.jpg 1 48 63 79 79
0825_0022_0055_0059_0059.jpg 1 22 55 59 59
0826_0076_0087_0036_0036.jpg 1 76 87 36 36
0827_0033_0029_0064_0064.jpg 1 33 29 64 64
0828_0041_0048_0087_0087.jpg 1 41 48 87 87
0829_0064_0027_0068_0068.jpg 1 64 27 68 68
0830_0076_0059_0031_0031.jpg 1 76 59 31 31
0831_0046_0030_0087_0087.jpg 1 46 30 87 87
0832_0024_0068_0051_0051.jpg 1 24 68 51 51
0833_0090_0069_0027_0027.jpg 1 90 69 27 27
0834_0014_0010_0090_0090.jpg 1 14 10 90 90
0835_0008_0029_0092_0092.jpg 1 8 29 92 92
0836_0027_0038_0041_0041.jpg 1 27 38 41 41
0837_0024_0028_0070_0070.jpg 1 24 28 70 70
0838_0050_0009_0080_0080.jpg 1 50 9 80 80
0839_0022_0043_0096_0096.jpg 1 22 43 96 96
0840_0026_0067_0074_0074.jpg 1 26 67 74 74
0841_0052_0062_0064_0064.jpg 1 52 62 64 64
0842_0042_0017_0099_0099.jpg 1 42 17 99 99
0843_0037_0031_0058_0058.jpg 1 37 31 58 58
0844_0068_0071_0051_0051.jpg 1 68 71 51 51
0845_0050_0012_0080_0080.jpg 1 50 12 80 80
0846_0046_0079_0039_0039.jpg 1 46 79 39 39
0847_0030_0009_0097_0097.jpg 1 30 9 97 97
0848_0019_0027_0102_0102.jpg 1 19 27 102 102
0849_0049_0067_0038_0038.jpg 1 49 67 38 38
0850_0064_0012_0077_0077.jpg 1 64 12 77 77
0851_0048_0047_0087_0087.jpg 1 48 47 87 87
0852_0079_0081_0041_0041.jpg 1 79 81 41 41
0853_0041_0091_0035_0035.jpg 1 41 91 35 35
0854_0026_0050_0057_0057.jpg 1 26 50 57 57
0855_0026_0016_0087_0087.jpg 1 26 16 87 87
0856_0035_0027_0065_0065.jpg 1 35 27 65 65
0857_0012_0039_0098_0098.jpg 1 12 39 98 98
0858_0010_0065_0053_0053.jpg 1 10 65 53 53
0859_0007_0027_0096_0096.jpg 1 7 27 96 96
0860_0096_0073_0042_0042.jpg 1 96 73 42 42
0861_0042_0034_0082_0082.jpg 1 42 34 82 82
0862_0037_0024_0092_0092.jpg 1 37 24 92 92
0863_0071_0050_0056_0056.jpg 1 71 50 56 56
0864_0014_0059_0078_0078.jpg 1 14 59 78 78
0865_0035_0061_0043_0043.jpg 1 35 61 43 43
0866_0072_0022_0048_0048.jpg 1 72 22 48 48
0867_0072_0042_0034_0034.jpg 1 72 42 34 34
0868_0010_0034_0102_0102.jpg 1 10 34 102 102
0869_0037_0054_0075_0075.jpg 1 37 54 75 75
0870_0029_0018_0097_0097.jpg 1 29 18 97 97
0871_0032_0021_0049_0049.jpg 1 32 21 49 49
0872_0068_0076_0046_0046.jpg 1 68 76 46 46
0873_0061_0022_0081_0081.jpg 1 61 22 81 81
0874_0030_0017_0097_0097.jpg 1 30 17 97 97
0875_0036_0006_0100_0100.jpg 1 36 6 100 100
0876_0047_0011_0095_0095.jpg 1 47 11 95 95
0877_0048_0013_0096_0096.jpg 1 48 13 96 96
0878_0030_0032_0079_0079.jpg 1 30 32 79 79
0879_0042_0043_0034_0034.jpg 1 42 43 34 34
0880_0045_0045_0077_0077.jpg 1 45 45 77 77
0881_0063_0052_0072_0072.jpg 1 63 52 72 72
0882_0012_0050_0055_0055.jpg 1 12 50 55 55
0883_0031_0052_0084_0084.jpg 1 31 52 84 84
0884_0080_0104_0032_0032.jpg 1 80 104 32 32
0885_0083_0042_0048_0048.jpg 1 83 42 48 48
0886_0087_0042_0043_0043.jpg 1 87 42 43 43
0887_0012_0088_0040_0040.jpg 1 12 88 40 40
0888_0050_0067_0024_0024.jpg 1 50 67 24 24
0889_0022_0006_0094_0094.jpg 1 22 6 94 94
0890_0028_0057_0083_0083.jpg 1 28 57 83 83
0891_0080_0030_0043_0043.jpg 1 80 30 43 43
0892_0018_0023_0082_0082.jpg 1 18 23 82 82
0893_0079_0019_0057_0057.jpg 1 79 19 57 57
0894_0044_0056_0083_0083.jpg 1 44 56 83 83
0895_0074_0041_0052_0052.jpg 1 74 41 52 52
0896_0072_0021_0040_0040.jpg 1 72 21 40 40
0897_0012_0095_0026_0026.jpg 1 12 95 26 26
0898_0025_0020_0099_0099.jpg 1 25 20 99 99
0899_0097_0069_0037_0037.jpg 1 97 69 37 37
0900_0016_0034_0054_0054.jpg 1 16 34 54 54
0901_0026_0072_0052_0052.jpg 1 26 72 52 52
0902_0033_0059_0034_0034.jpg 1 33 59 34 34
0903_0044_0054_0034_0034.jpg 1 44 54 34 34
0904_0036_0009_0093_0093.jpg 1 36 9 93 93
0905_0015_0071_0059_0059.jpg 1 15 71 59 59
0906_0032_0053_0048_0048.jpg 1 32 53 48 48
0907_0063_0018_0073_0073.jpg 1 63 18 73 73
0908_0045_0019_0091_0091.jpg 1 45 19 91 91
0909_0066_0017_0076_0076.jpg 1 66 17 76 76
0910_0073_0035_0067_0067.jpg 1 73 35 67 67
0911_0042_0055_0036_0036.jpg 1 42 55 36 36
0912_0012_0020_0080_0080.jpg 1 12 20 80 80
0913_0051_0075_0032_0032.jpg 1 51 75 32 32
0914_0035_0015_0098_0098.jpg 1 35 15 98 98
0915_0060_0054_0058_0058.jpg 1 60 54 58 58
0916_0036_0030_0102_0102.jpg 1 36 30 102 102
0917_0040_0017_0063_0063.jpg 1 40 17 63 63
0918_0042_0064_0064_0064.jpg 1 42 64 64 64
0919_0034_0042_0102_0102.jpg 1 34 42 102 102
0920_0063_0052_0060_0060.jpg 1 63 52 60 60
0921_0029_0074_0029_0029.jpg 1 29 74 29 29
0922_0019_0038_0092_0092.jpg 1 19 38 92 92
0923_0083_0080_0054_0054.jpg 1 83 80 54 54
0924_0016_0022_0101_0101.jpg 1 16 22 101 101
0925_0033_0037_0101_0101.jpg 1 33 37 101 101
0926_0018_0006_0092_0092.jpg 1 18 6 92 92
0927_0022_0029_0059_0059.jpg 1 22 29 59 59
0928_0019_0023_0061_0061.jpg 1 19 23 61 61
0929_0065_0059_0036_0036.jpg 1 65 59 36 36
0930_0071_0094_0035_0035.jpg 1 71 94 35 35
0931_0025_0056_0041_0041.jpg 1 25 56 41 41
0932_0019_0058_0080_0080.jpg 1 19 58 80 80
0933_0049_0011_0085_0085.jpg 1 49 11 85 85
0934_0028_0008_0091_0091.jpg 1 28 8 91 91
0935_0063_0067_0071_0071.jpg 1 63 67 71 71
0936_0030_0038_0044_0044.jpg 1 30 38 44 44
0937_0092_0077_0034_0034.jpg 1 92 77 34 34
0938_0027_0067_0069_0069.jpg 1 27 67 69 69
0939_0023_0042_0082_0082.jpg 1 23 42 82 82
0940_0019_0012_0084_0084.jpg 1 19 12 84 84
0941_0013_0061_0066_0066.jpg 1 13 61 66 66
0942_0019_0025_0086_0086.jpg 1 19 25 86 86
0943_0070_0018_0050_0050.jpg 1 70 18 50 50
0944_0035_0010_0095_0095.jpg 1 35 10 95 95
0945_0049_0060_0075_0075.jpg 1 49 60 75 75
0946_0017_0070_0040_0040.jpg 1 17 70 40 40
0947_0056_0038_0086_0086.jpg 1 56 38 86 86
0948_0029_0058_0074_0074.jpg 1 29 58 74 74
0949_0059_0049_0076_0076.jpg 1 59 49 76 76
0950_0099_0101_0031_0031.jpg 1 99 101 31 31
0951_0019_0007_0090_0090.jpg 1 19 7 90 90
0952_0036_0017_0104_0104.jpg 1 36 17 104 104
0953_0008_0057_0080_0080.jpg 1 8 57 80 80
0954_0019_0070_0052_0052.jpg 1 19 70 52 52
0955_0077_0060_0045_0045.jpg 1 77 60 45 45
0956_0048_0039_0050_0050.jpg 1 48 39 50 50
0957_0025_0038_0101_0101.jpg 1 25 38 101 101
0958_0023_0026_0072_0072.jpg 1 23 26 72 72
0959_0006_0044_0095_0095.jpg 1 6 44 95 95
0960_0040_0022_0039_0039.jpg 1 40 22 39 39
0961_0033_0013_0101_0101.jpg 1 33 13 101 101
0962_0039_0018_0100_0100.jpg 1 39 18 100 100
0963_0042_0100_0036_0036.jpg 1 42 100 36 36
0964_0037_0011_0067_0067.jpg 1 37 11 67 67
0965_0027_0043_0092_0092.jpg 1 27 43 92 92
0966_0070_0080_0047_0047.jpg 1 70 80 47 47
0967_0077_0015_0040_0040.jpg 1 77 15 40 40
0968_0036_0039_0103_0103.jpg 1 36 39 103 103
0969_0007_0022_0097_0097.jpg 1 7 22 97 97
0970_0035_0022_0091_0091.jpg 1 35 22 91 91
0971_0029_0012_0085_0085.jpg 1 29 12 85 85
0972_0063_0031_0031_0031.jpg 1 63 31 31 31
0973_0013_0024_0099_0099.jpg 1 13 24 99 99
0974_0023_0046_0042_0042.jpg 1 23 46 42 42
0975_0092_0053_0028_0028.jpg 1 92 53 28 28
0976_0013_0064_0038_0038.jpg 1 13 64 38 38
0977_0092_0014_0035_0035.jpg 1 92 14 35 35
0978_0103_0061_0035_0035.jpg 1 103 61 35 35
0979_0047_0046_0077_0077.jpg 1 47 46 77 77
0980_0047_0072_0049_0049.jpg 1 47 72 49 49
0981_0025_0017_0084_0084.jpg 1 25 17 84 84
0982_0039_0046_0074_0074.jpg 1 39 46 74 74
0983_0036_0023_0078_0078.jpg 1 36 23 78 78
0984_0020_0048_0084_0084.jpg 1 20 48 84 84
0985_0047_0039_0048_0048.jpg 1 47 39 48 48
0986_0081_0046_0041_0041.jpg 1 81 46 41 41
0987_0008_0039_0102_0102.jpg 1 8 39 102 102
0988_0011_0046_0043_0043.jpg 1 11 46 43 43
0989_0077_0021_0056_0056.jpg 1 77 21 56 56
0990_0047_0041_0062_0062.jpg 1 47 41 62 62
0991_0064_0084_0040_0040.jpg 1 64 84 40 40
0992_0083_0101_0026_0026.jpg 1 83 101 26 26
0993_0042_0027_0062_0062.jpg 1 42 27 62 62
0994_0045_0038_0094_0094.jpg 1 45 38 94 94
0995_0028_0061_0031_0031.jpg 1 28 61 31 31
0996_0087_0047_0033_0033.jpg 1 87 47 33 33
0997_0020_0019_0085_0085.jpg 1 20 19 85 85
0998_0060_0032_0076_0076.jpg 1 60 32 76 76
0999_0018_0042_0047_0047.jpg 1 18 42 47 47
1000_0018_0037_0045_0045.jpg 1 18 37 45 45
1001_0018_0036_0060_0060.jpg 1 18 36 60 60
1002_0067_0036_0031_0031.jpg 1 67 36 31 31
1003_0026_0020_0098_0098.jpg 1 26 20 98 98
1004_0073_0066_0034_0034.jpg 1 73 66 34 34
1005_0036_0035_0063_0063.jpg 1 36 35 63 63
1006_0060_0074_0045_0045.jpg 1 60 74 45 45
1007_0073_0028_0067_0067.jpg 1 73 28 67 67
1008_0046_0051_0068_0068.jpg 1 46 51 68 68
1009_0067_0037_0072_0072.jpg 1 67 37 72 72
1010_0028_0024_0082_0082.jpg 1 28 24 82 82
1011_0047_0032_0096_0096.jpg 1 47 32 96 96
1012_0042_0070_0033_0033.jpg 1 42 70 33 33
1013_0032_0056_0070_0070.jpg 1 32 56 70 70
1014_0074_0024_0042_0042.jpg 1 74 24 42 42
1015_0027_0038_0091_0091.jpg 1 27 38 91 91
1016_0025_0089_0047_0047.jpg 1 25 89 47 47
1017_0018_0008_0088_0088.jpg 1 18 8 88 88
1018_0034_0039_0063_0063.jpg 1 34 39 63 63
1019_0023_0016_0071_0071.jpg 1 23 16 71 71
1020_0014_0039_0088_0088.jpg 1 14 39 88 88
1021_0060_0014_0082_0082.jpg 1 60 14 82 82
1022_0009_0019_0092_0092.jpg 1 9 19 92 92
1023_0013_0019_0033_0033.jpg 1 13 19 33 33
1024_0020_0051_0053_0053.jpg 1 20 51 53 53
1025_0039_0031_0075_0075.jpg 1 39 31 75 75
1026_0010_0015_0088_0088.jpg 1 10 15 88 88
1027_0044_0052_0058_0058.jpg 1 44 52 58 58
1028_0029_0085_0030_0030.jpg 1 29 85 30 30
1029_0054_0072_0030_0030.jpg 1 54 72 30 30
1030_0018_0057_0074_0074.jpg 1 18 57 74 74
1031_0071_0019_0047_0047.jpg 1 71 19 47 47
1032_0062_0031_0045_0045.jpg 1 62 31 45 45
1033_0049_0026_0053_0053.jpg 1 49 26 53 53
1034_0014_0099_0033_0033.jpg 1 14 99 33 33
1035_0043_0058_0063_0063.jpg 1 43 58 63 63
1036_0012_0010_0087_0087.jpg 1 12 10 87 87
1037_0010_0022_0085_0085.jpg 1 10 22 85 85
1038_0067_0053_0040_0040.jpg 1 67 53 40 40
1039_0061_0076_0027_0027.jpg 1 61 76 27 27
1040_0022_0018_0055_0055.jpg 1 22 18 55 55
1041_0037_0041_0094_0094.jpg 1 37 41 94 94
1042_0032_0023_0057_0057.jpg 1 32 23 57 57
1043_0020_0035_0034_0034.jpg 1 20 35 34 34
1044_0015_0074_0037_0037.jpg 1 15 74 37 37
1045_0061_0046_0036_0036.jpg 1 61 46 36 36
1046_0053_0083_0030_0030.jpg 1 53 83 30 30
1047_0091_0093_0028_0028.jpg 1 91 93 28 28
1048_0052_0043_0073_0073.jpg 1 52 43 73 73
1049_0038_0070_0067_0067.jpg 1 38 70 67 67
1050_0050_0013_0082_0082.jpg 1 50 13 82 82
1051_0050_0049_0092_0092.jpg 1 50 49 92 92
1052_0030_0078_0060_0060.jpg 1 30 78 60 60
1053_0009_0023_0097_0097.jpg 1 9 23 97 97
1054_0025_0047_0054_0054.jpg 1 25 47 54 54
1055_0058_0071_0046_0046.jpg 1 58 71 46 46
1056_0079_0026_0048_0048.jpg 1 79 26 48 48
1057_0095_0060_0028_0028.jpg 1 95 60 28 28
1058_0027_0027_0034_0034.jpg 1 27 27 34 34
1059_0060_0077_0024_0024.jpg 1 60 77 24 24
1060_0045_0052_0069_0069.jpg 1 45 52 69 69
1061_0039_0017_0083_0083.jpg 1 39 17 83 83
1062_0014_0066_0036_0036.jpg 1 14 66 36 36
1063_0074_0027_0028_0028.jpg 1 74 27 28 28
1064_0019_0049_0056_0056.jpg 1 19 49 56 56
1065_0062_0040_0053_0053.jpg 1 62 40 53 53
1066_0006_0020_0096_0096.jpg 1 6 20 96 96
1067_0056_0048_0084_0084.jpg 1 56 48 84 84
1068_0020_0023_0049_0049.jpg 1 20 23 49 49
1069_0026_0013_0065_0065.jpg 1 26 13 65 65
1070_0081_0068_0034_0034.jpg 1 81 68 34 34
1071_0022_0038_0101_0101.jpg 1 22 38 101 101
1072_0024_0050_0062_0062.jpg 1 24 50 62 62
1073_0067_0071_0066_0066.jpg 1 67 71 66 66
1074_0048_0020_0032_0032.jpg 1 48 20 32 32
1075_0039_0061_0064_0064.jpg 1 39 61 64 64
1076_0013_0013_0089_0089.jpg 1 13 13 89 89
1077_0044_0072_0063_0063.jpg 1 44 72 63 63
1078_0042_0025_0047_0047.jpg 1 42 25 47 47
1079_0027_0033_0091_0091.jpg 1 27 33 91 91
1080_0068_0024_0029_0029.jpg 1 68 24 29 29
1081_0013_0069_0072_0072.jpg 1 13 69 72 72
1082_0042_0058_0059_0059.jpg 1 42 58 59 59
1083_0031_0041_0024_0024.jpg 1 31 41 24 24
1084_0040_0033_0090_0090.jpg 1 40 33 90 90
1085_0042_0061_0065_0065.jpg 1 42 61 65 65
1086_0020_0026_0104_0104.jpg 1 20 26 104 104
1087_0033_0048_0067_0067.jpg 1 33 48 67 67
1088_0069_0089_0030_0030.jpg 1 69 89 30 30
1089_0007_0038_0103_0103.jpg 1 7 38 103 103
1090_0048_0030_0062_0062.jpg 1 48 30 62 62
1091_0036_0024_0090_0090.jpg 1 36 24 90 90
1092_0012_0076_0041_0041.jpg 1 12 76 41 41
1093_0021_0008_0078_0078.jpg 1 21 8 78 78
1094_0014_0022_0097_0097.jpg 1 14 22 97 97
1095_0045_0049_0090_0090.jpg 1 45 49 90 90
1096_0072_0054_0065_0065.jpg 1 72 54 65 65
1097_0053_0040_0086_0086.jpg 1 53 40 86 86
1098_0046_0078_0046_0046.jpg 1 46 78 46 46
1099_0033_0069_0052_0052.jpg 1 33 69 52 52
1100_0025_0092_0046_0046.jpg 1 25 92 46 46
1101_0014_0057_0071_0071.jpg 1 14 57 71 71
1102_0019_0033_0033_0033.jpg 1 19 33 33 33
1103_0017_0034_0087_0087.jpg 1 17 34 87 87
1104_0050_0036_0079_0079.jpg 1 50 36 79 79
1105_0065_0016_0071_0071.jpg 1 65 16 71 71
1106_0018_0049_0079_0079.jpg 1 18 49 79 79
1107_0011_0027_0071_0071.jpg 1 11 27 71 71
1108_0039_0071_0025_0025.jpg 1 39 71 25 25
1109_0060_0027_0039_0039.jpg 1 60 27 39 39
1110_0048_0101_0033_0033.jpg 1 48 101 33 33
1111_0046_0021_0051_0051.jpg 1 46 21 51 51
1112_0019_0014_0087_0087.jpg 1 19 14 87 87
1113_0103_0015_0033_0033.jpg 1 103 15 33 33
1114_0011_0037_0054_0054.jpg 1 11 37 54 54
1115_0050_0045_0068_0068.jpg 1 50 45 68 68
1116_0057_0029_0083_0083.jpg 1 57 29 83 83
1117_0035_0037_0075_0075.jpg 1 35 37 75 75
1118_0053_0043_0036_0036.jpg 1 53 43 36 36
1119_0026_0047_0050_0050.jpg 1 26 47 50 50
1120_0095_0013_0030_0030.jpg 1 95 13 30 30
1121_0073_0073_0028_0028.jpg 1 73 73 28 28
1122_0027_0070_0066_0066.jpg 1 27 70 66 66
1123_0023_0020_0073_0073.jpg 1 23 20 73 73
1124_0033_0023_0056_0056.jpg 1 33 23 56 56
1125_0051_0014_0039_0039.jpg 1 51 14 39 39
1126_0080_0089_0040_0040.jpg 1 80 89 40 40
1127_0013_0031_0096_0096.jpg 1 13 31 96 96
1128_0011_0015_0087_0087.jpg 1 11 15 87 87
1129_0023_0011_0068_0068.jpg 1 23 11 68 68
1130_0086_0094_0025_0025.jpg 1 86 94 25 25
1131_0055_0027_0072_0072.jpg 1 55 27 72 72
1132_0013_0023_0093_0093.jpg 1 13 23 93 93
1133_0026_0083_0032_0032.jpg 1 26 83 32 32
1134_0016_0025_0102_0102.jpg 1 16 25 102 102
1135_0103_0101_0027_0027.jpg 1 103 101 27 27
1136_0020_0047_0095_0095.jpg 1 20 47 95 95
1137_0045_0057_0066_0066.jpg 1 45 57 66 66
1138_0051_0012_0035_0035.jpg 1 51 12 35 35
1139_0066_0099_0034_0034.jpg 1 66 99 34 34
1140_0063_0010_0077_0077.jpg 1 63 10 77 77
1141_0012_0033_0030_0030.jpg 1 12 33 30 30
1142_0065_0072_0062_0062.jpg 1 65 72 62 62
1143_0055_0049_0025_0025.jpg 1 55 49 25 25
