0001_0058_0053_0034_0034.jpg 1 58 53 34 34
0002_0094_0016_0027_0027.jpg 1 94 16 27 27
0003_0065_0038_0067_0067.jpg 1 65 38 67 67
0004_0033_0036_0102_0102.jpg 1 33 36 102 102
0005_0050_0056_0071_0071.jpg 1 50 56 71 71
0006_0058_0018_0071_0071.jpg 1 58 18 71 71
0007_0026_0008_0099_0099.jpg 1 26 8 99 99
0008_0036_0033_0080_0080.jpg 1 36 33 80 80
0009_0044_0063_0078_0078.jpg 1 44 63 78 78
0010_0080_0034_0050_0050.jpg 1 80 34 50 50
0011_0090_0029_0028_0028.jpg 1 90 29 28 28
0012_0030_0034_0025_0025.jpg 1 30 34 25 25
0013_0070_0074_0024_0024.jpg 1 70 74 24 24
0014_0047_0056_0070_0070.jpg 1 47 56 70 70
0015_0021_0035_0091_0091.jpg 1 21 35 91 91
0016_0019_0032_0098_0098.jpg 1 19 32 98 98
0017_0072_0020_0056_0056.jpg 1 72 20 56 56
0018_0013_0026_0056_0056.jpg 1 13 26 56 56
0019_0099_0100_0033_0033.jpg 1 99 100 33 33
0020_0030_0033_0098_0098.jpg 1 30 33 98 98
0021_0059_0077_0055_0055.jpg 1 59 77 55 55
0022_0008_0044_0094_0094.jpg 1 8 44 94 94
0023_0019_0021_0072_0072.jpg 1 19 21 72 72
0024_0082_0050_0056_0056.jpg 1 82 50 56 56
0025_0043_0042_0052_0052.jpg 1 43 42 52 52
0026_0033_0016_0044_0044.jpg 1 33 16 44 44
0027_0077_0102_0030_0030.jpg 1 77 102 30 30
0028_0078_0068_0039_0039.jpg 1 78 68 39 39
0029_0025_0040_0102_0102.jpg 1 25 40 102 102
0030_0008_0006_0096_0096.jpg 1 8 6 96 96
0031_0099_0031_0035_0035.jpg 1 99 31 35 35
0032_0021_0040_0102_0102.jpg 1 21 40 102 102
0033_0023_0049_0041_0041.jpg 1 23 49 41 41
0034_0044_0042_0065_0065.jpg 1 44 42 65 65
0035_0067_0051_0070_0070.jpg 1 67 51 70 70
0036_0018_0021_0080_0080.jpg 1 18 21 80 80
0037_0025_0096_0033_0033.jpg 1 25 96 33 33
0038_0067_0053_0071_0071.jpg 1 67 53 71 71
0039_0039_0049_0031_0031.jpg 1 39 49 31 31
0040_0064_0029_0058_0058.jpg 1 64 29 58 58
0041_0023_0032_0094_0094.jpg 1 23 32 94 94
0042_0040_0013_0089_0089.jpg 1 40 13 89 89
0043_0048_0039_0095_0095.jpg 1 48 39 95 95
0044_0033_0043_0087_0087.jpg 1 33 43 87 87
0045_0061_0042_0027_0027.jpg 1 61 42 27 27
0046_0059_0061_0053_0053.jpg 1 59 61 53 53
0047_0097_0026_0033_0033.jpg 1 97 26 33 33
0048_0105_0108_0026_0026.jpg 1 105 108 26 26
0049_0079_0018_0052_0052.jpg 1 79 18 52 52
0050_0042_0062_0062_0062.jpg 1 42 62 62 62
0051_0082_0064_0037_0037.jpg 1 82 64 37 37
0052_0026_0013_0092_0092.jpg 1 26 13 92 92
0053_0047_0026_0062_0062.jpg 1 47 26 62 62
0054_0008_0015_0100_0100.jpg 1 8 15 100 100
0055_0076_0101_0032_0032.jpg 1 76 101 32 32
0056_0028_0032_0077_0077.jpg 1 28 32 77 77
0057_0073_0020_0060_0060.jpg 1 73 20 60 60
0058_0025_0009_0077_0077.jpg 1 25 9 77 77
0059_0038_0056_0083_0083.jpg 1 38 56 83 83
0060_0058_0057_0071_0071.jpg 1 58 57 71 71
0061_0059_0090_0027_0027.jpg 1 59 90 27 27
0062_0058_0079_0032_0032.jpg 1 58 79 32 32
0063_0099_0093_0026_0026.jpg 1 99 93 26 26
0064_0048_0043_0063_0063.jpg 1 48 43 63 63
0065_0037_0013_0079_0079.jpg 1 37 13 79 79
0066_0052_0048_0075_0075.jpg 1 52 48 75 75
0067_0042_0012_0083_0083.jpg 1 42 12 83 83
0068_0015_0037_0086_0086.jpg 1 15 37 86 86
0069_0056_0054_0042_0042.jpg 1 56 54 42 42
0070_0089_0020_0036_0036.jpg 1 89 20 36 36
0071_0057_0073_0042_0042.jpg 1 57 73 42 42
0072_0111_0069_0025_0025.jpg 1 111 69 25 25
0073_0007_0031_0097_0097.jpg 1 7 31 97 97
0074_0072_0091_0035_0035.jpg 1 72 91 35 35
0075_0061_0045_0036_0036.jpg 1 61 45 36 36
0076_0056_0014_0051_0051.jpg 1 56 14 51 51
0077_0043_0104_0026_0026.jpg 1 43 104 26 26
0078_0063_0043_0053_0053.jpg 1 63 43 53 53
0079_0061_0045_0061_0061.jpg 1 61 45 61 61
0080_0043_0070_0058_0058.jpg 1 43 70 58 58
0081_0052_0029_0047_0047.jpg 1 52 29 47 47
0082_0075_0047_0045_0045.jpg 1 75 47 45 45
0083_0027_0006_0103_0103.jpg 1 27 6 103 103
0084_0067_0050_0054_0054.jpg 1 67 50 54 54
0085_0039_0014_0076_0076.jpg 1 39 14 76 76
0086_0079_0064_0045_0045.jpg 1 79 64 45 45
0087_0042_0044_0079_0079.jpg 1 42 44 79 79
0088_0063_0024_0040_0040.jpg 1 63 24 40 40
0089_0092_0093_0042_0042.jpg 1 92 93 42 42
0090_0018_0087_0046_0046.jpg 1 18 87 46 46
0091_0012_0013_0102_0102.jpg 1 12 13 102 102
0092_0054_0060_0070_0070.jpg 1 54 60 70 70
0093_0072_0111_0026_0026.jpg 1 72 111 26 26
0094_0024_0015_0078_0078.jpg 1 24 15 78 78
0095_0049_0044_0084_0084.jpg 1 49 44 84 84
0096_0037_0041_0100_0100.jpg 1 37 41 100 100
0097_0016_0047_0066_0066.jpg 1 16 47 66 66
0098_0016_0065_0066_0066.jpg 1 16 65 66 66
0099_0046_0032_0086_0086.jpg 1 46 32 86 86
0100_0007_0035_0098_0098.jpg 1 7 35 98 98
0101_0092_0086_0033_0033.jpg 1 92 86 33 33
0102_0047_0031_0066_0066.jpg 1 47 31 66 66
0103_0013_0039_0068_0068.jpg 1 13 39 68 68
0104_0063_0015_0079_0079.jpg 1 63 15 79 79
0105_0030_0055_0061_0061.jpg 1 30 55 61 61
0106_0010_0067_0049_0049.jpg 1 10 67 49 49
0107_0039_0065_0074_0074.jpg 1 39 65 74 74
0108_0011_0045_0086_0086.jpg 1 11 45 86 86
0109_0085_0013_0027_0027.jpg 1 85 13 27 27
0110_0033_0055_0085_0085.jpg 1 33 55 85 85
0111_0019_0042_0092_0092.jpg 1 19 42 92 92
0112_0068_0057_0033_0033.jpg 1 68 57 33 33
0113_0044_0089_0047_0047.jpg 1 44 89 47 47
0114_0022_0008_0067_0067.jpg 1 22 8 67 67
0115_0053_0031_0049_0049.jpg 1 53 31 49 49
0116_0067_0069_0027_0027.jpg 1 67 69 27 27
0117_0014_0081_0042_0042.jpg 1 14 81 42 42
0118_0043_0037_0085_0085.jpg 1 43 37 85 85
0119_0101_0108_0027_0027.jpg 1 101 108 27 27
0120_0018_0036_0085_0085.jpg 1 18 36 85 85
0121_0079_0057_0047_0047.jpg 1 79 57 47 47
0122_0015_0014_0093_0093.jpg 1 15 14 93 93
0123_0073_0060_0025_0025.jpg 1 73 60 25 25
0124_0008_0058_0083_0083.jpg 1 8 58 83 83
0125_0011_0032_0041_0041.jpg 1 11 32 41 41
0126_0016_0037_0097_0097.jpg 1 16 37 97 97
0127_0006_0038_0092_0092.jpg 1 6 38 92 92
0128_0093_0034_0036_0036.jpg 1 93 34 36 36
0129_0026_0064_0043_0043.jpg 1 26 64 43 43
0130_0026_0041_0100_0100.jpg 1 26 41 100 100
0131_0020_0024_0094_0094.jpg 1 20 24 94 94
0132_0084_0060_0055_0055.jpg 1 84 60 55 55
0133_0019_0009_0104_0104.jpg 1 19 9 104 104
0134_0015_0099_0033_0033.jpg 1 15 99 33 33
0135_0047_0020_0054_0054.jpg 1 47 20 54 54
0136_0013_0032_0101_0101.jpg 1 13 32 101 101
0137_0043_0017_0096_0096.jpg 1 43 17 96 96
0138_0046_0028_0075_0075.jpg 1 46 28 75 75
0139_0072_0090_0048_0048.jpg 1 72 90 48 48
0140_0070_0033_0068_0068.jpg 1 70 33 68 68
0141_0080_0033_0047_0047.jpg 1 80 33 47 47
0142_0053_0009_0054_0054.jpg 1 53 9 54 54
0143_0057_0022_0081_0081.jpg 1 57 22 81 81
0144_0064_0011_0041_0041.jpg 1 64 11 41 41
0145_0109_0028_0026_0026.jpg 1 109 28 26 26
0146_0058_0012_0042_0042.jpg 1 58 12 42 42
0147_0026_0023_0101_0101.jpg 1 26 23 101 101
0148_0010_0028_0051_0051.jpg 1 10 28 51 51
0149_0061_0010_0057_0057.jpg 1 61 10 57 57
0150_0040_0067_0064_0064.jpg 1 40 67 64 64
0151_0056_0012_0074_0074.jpg 1 56 12 74 74
0152_0057_0013_0049_0049.jpg 1 57 13 49 49
0153_0029_0049_0089_0089.jpg 1 29 49 89 89
0154_0030_0102_0034_0034.jpg 1 30 102 34 34
0155_0013_0032_0099_0099.jpg 1 13 32 99 99
0156_0012_0014_0057_0057.jpg 1 12 14 57 57
0157_0064_0046_0066_0066.jpg 1 64 46 66 66
0158_0031_0037_0056_0056.jpg 1 31 37 56 56
0159_0013_0014_0104_0104.jpg 1 13 14 104 104
0160_0027_0022_0078_0078.jpg 1 27 22 78 78
0161_0008_0065_0066_0066.jpg 1 8 65 66 66
0162_0008_0014_0089_0089.jpg 1 8 14 89 89
0163_0037_0031_0061_0061.jpg 1 37 31 61 61
0164_0025_0051_0039_0039.jpg 1 25 51 39 39
0165_0016_0018_0097_0097.jpg 1 16 18 97 97
0166_0016_0034_0056_0056.jpg 1 16 34 56 56
0167_0018_0049_0047_0047.jpg 1 18 49 47 47
0168_0101_0053_0025_0025.jpg 1 101 53 25 25
0169_0026_0061_0068_0068.jpg 1 26 61 68 68
0170_0031_0050_0067_0067.jpg 1 31 50 67 67
0171_0078_0104_0028_0028.jpg 1 78 104 28 28
0172_0048_0037_0072_0072.jpg 1 48 37 72 72
0173_0084_0073_0034_0034.jpg 1 84 73 34 34
0174_0015_0042_0059_0059.jpg 1 15 42 59 59
0175_0069_0072_0039_0039.jpg 1 69 72 39 39
0176_0043_0097_0041_0041.jpg 1 43 97 41 41
0177_0053_0035_0090_0090.jpg 1 53 35 90 90
0178_0096_0042_0040_0040.jpg 1 96 42 40 40
0179_0045_0041_0079_0079.jpg 1 45 41 79 79
0180_0021_0081_0031_0031.jpg 1 21 81 31 31
0181_0025_0029_0043_0043.jpg 1 25 29 43 43
0182_0021_0010_0066_0066.jpg 1 21 10 66 66
0183_0059_0032_0062_0062.jpg 1 59 32 62 62
0184_0027_0047_0030_0030.jpg 1 27 47 30 30
0185_0048_0025_0087_0087.jpg 1 48 25 87 87
0186_0031_0038_0098_0098.jpg 1 31 38 98 98
0187_0026_0030_0093_0093.jpg 1 26 30 93 93
0188_0065_0094_0041_0041.jpg 1 65 94 41 41
0189_0024_0024_0087_0087.jpg 1 24 24 87 87
0190_0046_0092_0047_0047.jpg 1 46 92 47 47
0191_0019_0076_0052_0052.jpg 1 19 76 52 52
0192_0016_0054_0065_0065.jpg 1 16 54 65 65
0193_0071_0055_0069_0069.jpg 1 71 55 69 69
0194_0065_0071_0069_0069.jpg 1 65 71 69 69
0195_0063_0039_0033_0033.jpg 1 63 39 33 33
0196_0010_0028_0103_0103.jpg 1 10 28 103 103
0197_0090_0075_0035_0035.jpg 1 90 75 35 35
0198_0046_0022_0034_0034.jpg 1 46 22 34 34
0199_0090_0037_0049_0049.jpg 1 90 37 49 49
0200_0028_0070_0061_0061.jpg 1 28 70 61 61
0201_0012_0064_0026_0026.jpg 1 12 64 26 26
0202_0010_0019_0064_0064.jpg 1 10 19 64 64
0203_0045_0034_0095_0095.jpg 1 45 34 95 95
0204_0035_0029_0103_0103.jpg 1 35 29 103 103
0205_0066_0079_0046_0046.jpg 1 66 79 46 46
0206_0022_0061_0059_0059.jpg 1 22 61 59 59
0207_0056_0073_0043_0043.jpg 1 56 73 43 43
0208_0010_0031_0093_0093.jpg 1 10 31 93 93
0209_0025_0039_0097_0097.jpg 1 25 39 97 97
0210_0029_0057_0085_0085.jpg 1 29 57 85 85
0211_0016_0036_0092_0092.jpg 1 16 36 92 92
0212_0055_0018_0079_0079.jpg 1 55 18 79 79
0213_0075_0070_0048_0048.jpg 1 75 70 48 48
0214_0031_0020_0083_0083.jpg 1 31 20 83 83
0215_0051_0007_0079_0079.jpg 1 51 7 79 79
0216_0069_0025_0051_0051.jpg 1 69 25 51 51
0217_0037_0024_0076_0076.jpg 1 37 24 76 76
0218_0045_0021_0097_0097.jpg 1 45 21 97 97
0219_0050_0042_0057_0057.jpg 1 50 42 57 57
0220_0034_0049_0073_0073.jpg 1 34 49 73 73
0221_0026_0013_0095_0095.jpg 1 26 13 95 95
0222_0021_0075_0061_0061.jpg 1 21 75 61 61
0223_0015_0060_0060_0060.jpg 1 15 60 60 60
0224_0035_0050_0092_0092.jpg 1 35 50 92 92
0225_0070_0089_0031_0031.jpg 1 70 89 31 31
0226_0023_0021_0063_0063.jpg 1 23 21 63 63
0227_0026_0030_0036_0036.jpg 1 26 30 36 36
0228_0063_0038_0076_0076.jpg 1 63 38 76 76
0229_0059_0057_0079_0079.jpg 1 59 57 79 79
0230_0062_0031_0065_0065.jpg 1 62 31 65 65
0231_0050_0017_0069_0069.jpg 1 50 17 69 69
0232_0062_0067_0072_0072.jpg 1 62 67 72 72
0233_0038_0039_0088_0088.jpg 1 38 39 88 88
0234_0019_0026_0029_0029.jpg 1 19 26 29 29
0235_0029_0021_0055_0055.jpg 1 29 21 55 55
0236_0022_0005_0104_0104.jpg 1 22 5 104 104
0237_0042_0021_0072_0072.jpg 1 42 21 72 72
0238_0035_0012_0050_0050.jpg 1 35 12 50 50
0239_0075_0022_0061_0061.jpg 1 75 22 61 61
0240_0038_0041_0081_0081.jpg 1 38 41 81 81
0241_0015_0016_0043_0043.jpg 1 15 16 43 43
0242_0034_0029_0103_0103.jpg 1 34 29 103 103
0243_0039_0029_0095_0095.jpg 1 39 29 95 95
0244_0062_0015_0080_0080.jpg 1 62 15 80 80
0245_0045_0053_0073_0073.jpg 1 45 53 73 73
0246_0024_0071_0042_0042.jpg 1 24 71 42 42
0247_0061_0007_0073_0073.jpg 1 61 7 73 73
0248_0022_0057_0066_0066.jpg 1 22 57 66 66
0249_0047_0049_0082_0082.jpg 1 47 49 82 82
0250_0019_0053_0084_0084.jpg 1 19 53 84 84
0251_0080_0085_0053_0053.jpg 1 80 85 53 53
0252_0020_0037_0093_0093.jpg 1 20 37 93 93
0253_0031_0031_0089_0089.jpg 1 31 31 89 89
0254_0090_0067_0035_0035.jpg 1 90 67 35 35
0255_0019_0100_0025_0025.jpg 1 19 100 25 25
0256_0093_0018_0036_0036.jpg 1 93 18 36 36
0257_0034_0012_0056_0056.jpg 1 34 12 56 56
0258_0012_0035_0095_0095.jpg 1 12 35 95 95
0259_0051_0050_0066_0066.jpg 1 51 50 66 66
0260_0021_0072_0028_0028.jpg 1 21 72 28 28
0261_0057_0063_0077_0077.jpg 1 57 63 77 77
0262_0063_0024_0076_0076.jpg 1 63 24 76 76
0263_0038_0015_0099_0099.jpg 1 38 15 99 99
0264_0010_0082_0058_0058.jpg 1 10 82 58 58
0265_0024_0037_0088_0088.jpg 1 24 37 88 88
0266_0026_0044_0071_0071.jpg 1 26 44 71 71
0267_0037_0088_0039_0039.jpg 1 37 88 39 39
0268_0034_0032_0088_0088.jpg 1 34 32 88 88
0269_0021_0017_0033_0033.jpg 1 21 17 33 33
0270_0055_0041_0086_0086.jpg 1 55 41 86 86
0271_0047_0086_0046_0046.jpg 1 47 86 46 46
0272_0059_0050_0038_0038.jpg 1 59 50 38 38
0273_0018_0071_0039_0039.jpg 1 18 71 39 39
0274_0006_0042_0102_0102.jpg 1 6 42 102 102
0275_0042_0019_0099_0099.jpg 1 42 19 99 99
0276_0079_0076_0061_0061.jpg 1 79 76 61 61
0277_0053_0030_0034_0034.jpg 1 53 30 34 34
0278_0011_0026_0093_0093.jpg 1 11 26 93 93
0279_0022_0015_0085_0085.jpg 1 22 15 85 85
0280_0022_0025_0052_0052.jpg 1 22 25 52 52
0281_0025_0023_0098_0098.jpg 1 25 23 98 98
0282_0090_0016_0035_0035.jpg 1 90 16 35 35
0283_0072_0026_0051_0051.jpg 1 72 26 51 51
0284_0018_0021_0100_0100.jpg 1 18 21 100 100
0285_0088_0068_0046_0046.jpg 1 88 68 46 46
0286_0016_0036_0091_0091.jpg 1 16 36 91 91
0287_0027_0028_0069_0069.jpg 1 27 28 69 69
0288_0098_0064_0029_0029.jpg 1 98 64 29 29
0289_0049_0026_0083_0083.jpg 1 49 26 83 83
0290_0010_0038_0104_0104.jpg 1 10 38 104 104
0291_0006_0017_0103_0103.jpg 1 6 17 103 103
0292_0055_0059_0072_0072.jpg 1 55 59 72 72
0293_0058_0085_0033_0033.jpg 1 58 85 33 33
0294_0017_0064_0070_0070.jpg 1 17 64 70 70
0295_0021_0046_0079_0079.jpg 1 21 46 79 79
0296_0034_0037_0083_0083.jpg 1 34 37 83 83
0297_0051_0009_0074_0074.jpg 1 51 9 74 74
0298_0077_0010_0059_0059.jpg 1 77 10 59 59
0299_0024_0019_0096_0096.jpg 1 24 19 96 96
0300_0054_0038_0029_0029.jpg 1 54 38 29 29
0301_0018_0021_0095_0095.jpg 1 18 21 95 95
0302_0069_0062_0061_0061.jpg 1 69 62 61 61
0303_0061_0065_0051_0051.jpg 1 61 65 51 51
0304_0061_0090_0048_0048.jpg 1 61 90 48 48
0305_0052_0028_0058_0058.jpg 1 52 28 58 58
0306_0097_0023_0035_0035.jpg 1 97 23 35 35
0307_0012_0041_0075_0075.jpg 1 12 41 75 75
0308_0015_0028_0103_0103.jpg 1 15 28 103 103
0309_0048_0063_0062_0062.jpg 1 48 63 62 62
0310_0051_0083_0044_0044.jpg 1 51 83 44 44
0311_0041_0013_0064_0064.jpg 1 41 13 64 64
0312_0095_0051_0039_0039.jpg 1 95 51 39 39
0313_0009_0010_0071_0071.jpg 1 9 10 71 71
0314_0091_0020_0033_0033.jpg 1 91 20 33 33
0315_0039_0045_0080_0080.jpg 1 39 45 80 80
0316_0064_0033_0042_0042.jpg 1 64 33 42 42
0317_0012_0084_0036_0036.jpg 1 12 84 36 36
0318_0031_0025_0101_0101.jpg 1 31 25 101 101
0319_0030_0029_0052_0052.jpg 1 30 29 52 52
0320_0063_0030_0077_0077.jpg 1 63 30 77 77
0321_0018_0034_0080_0080.jpg 1 18 34 80 80
0322_0077_0044_0024_0024.jpg 1 77 44 24 24
0323_0012_0037_0097_0097.jpg 1 12 37 97 97
0324_0046_0042_0091_0091.jpg 1 46 42 91 91
0325_0051_0026_0034_0034.jpg 1 51 26 34 34
0326_0079_0059_0049_0049.jpg 1 79 59 49 49
0327_0044_0052_0053_0053.jpg 1 44 52 53 53
0328_0037_0026_0099_0099.jpg 1 37 26 99 99
0329_0037_0042_0091_0091.jpg 1 37 42 91 91
0330_0054_0016_0076_0076.jpg 1 54 16 76 76
0331_0035_0016_0075_0075.jpg 1 35 16 75 75
0332_0036_0034_0073_0073.jpg 1 36 34 73 73
0333_0070_0039_0028_0028.jpg 1 70 39 28 28
0334_0068_0076_0056_0056.jpg 1 68 76 56 56
0335_0083_0022_0056_0056.jpg 1 83 22 56 56
0336_0018_0010_0052_0052.jpg 1 18 10 52 52
0337_0012_0044_0084_0084.jpg 1 12 44 84 84
0338_0009_0041_0103_0103.jpg 1 9 41 103 103
0339_0064_0026_0063_0063.jpg 1 64 26 63 63
0340_0034_0018_0045_0045.jpg 1 34 18 45 45
0341_0051_0034_0091_0091.jpg 1 51 34 91 91
0342_0049_0027_0093_0093.jpg 1 49 27 93 93
0343_0050_0057_0068_0068.jpg 1 50 57 68 68
0344_0048_0023_0066_0066.jpg 1 48 23 66 66
0345_0027_0026_0099_0099.jpg 1 27 26 99 99
0346_0012_0092_0028_0028.jpg 1 12 92 28 28
0347_0039_0043_0100_0100.jpg 1 39 43 100 100
0348_0076_0029_0024_0024.jpg 1 76 29 24 24
0349_0013_0058_0046_0046.jpg 1 13 58 46 46
0350_0013_0045_0030_0030.jpg 1 13 45 30 30
0351_0013_0022_0048_0048.jpg 1 13 22 48 48
0352_0043_0103_0032_0032.jpg 1 43 103 32 32
0353_0081_0036_0036_0036.jpg 1 81 36 36 36
0354_0034_0081_0033_0033.jpg 1 34 81 33 33
0355_0087_0086_0049_0049.jpg 1 87 86 49 49
0356_0011_0018_0095_0095.jpg 1 11 18 95 95
0357_0017_0023_0029_0029.jpg 1 17 23 29 29
0358_0061_0036_0053_0053.jpg 1 61 36 53 53
0359_0024_0019_0096_0096.jpg 1 24 19 96 96
0360_0033_0036_0054_0054.jpg 1 33 36 54 54
0361_0037_0009_0101_0101.jpg 1 37 9 101 101
0362_0042_0042_0065_0065.jpg 1 42 42 65 65
0363_0059_0029_0069_0069.jpg 1 59 29 69 69
0364_0014_0047_0084_0084.jpg 1 14 47 84 84
0365_0037_0011_0086_0086.jpg 1 37 11 86 86
0366_0013_0012_0085_0085.jpg 1 13 12 85 85
0367_0048_0025_0067_0067.jpg 1 48 25 67 67
0368_0014_0048_0085_0085.jpg 1 14 48 85 85
0369_0057_0057_0031_0031.jpg 1 57 57 31 31
0370_0056_0049_0050_0050.jpg 1 56 49 50 50
0371_0033_0024_0098_0098.jpg 1 33 24 98 98
0372_0013_0036_0094_0094.jpg 1 13 36 94 94
0373_0013_0051_0089_0089.jpg 1 13 51 89 89
0374_0024_0012_0039_0039.jpg 1 24 12 39 39
0375_0108_0071_0027_0027.jpg 1 108 71 27 27
0376_0029_0009_0097_0097.jpg 1 29 9 97 97
0377_0063_0061_0052_0052.jpg 1 63 61 52 52
0378_0071_0083_0055_0055.jpg 1 71 83 55 55
0379_0020_0018_0104_0104.jpg 1 20 18 104 104
0380_0019_0073_0026_0026.jpg 1 19 73 26 26
0381_0015_0009_0080_0080.jpg 1 15 9 80 80
0382_0056_0042_0052_0052.jpg 1 56 42 52 52
0383_0048_0041_0087_0087.jpg 1 48 41 87 87
0384_0027_0014_0094_0094.jpg 1 27 14 94 94
0385_0037_0029_0058_0058.jpg 1 37 29 58 58
0386_0017_0036_0068_0068.jpg 1 17 36 68 68
0387_0013_0037_0077_0077.jpg 1 13 37 77 77
0388_0022_0023_0073_0073.jpg 1 22 23 73 73
0389_0009_0030_0066_0066.jpg 1 9 30 66 66
0390_0073_0071_0068_0068.jpg 1 73 71 68 68
0391_0090_0072_0029_0029.jpg 1 90 72 29 29
0392_0018_0054_0070_0070.jpg 1 18 54 70 70
0393_0018_0022_0079_0079.jpg 1 18 22 79 79
0394_0015_0007_0101_0101.jpg 1 15 7 101 101
0395_0034_0045_0070_0070.jpg 1 34 45 70 70
0396_0047_0101_0030_0030.jpg 1 47 101 30 30
0397_0033_0039_0104_0104.jpg 1 33 39 104 104
0398_0033_0043_0068_0068.jpg 1 33 43 68 68
0399_0041_0083_0050_0050.jpg 1 41 83 50 50
0400_0078_0066_0034_0034.jpg 1 78 66 34 34
0401_0041_0048_0066_0066.jpg 1 41 48 66 66
0402_0067_0026_0064_0064.jpg 1 67 26 64 64
0403_0050_0018_0036_0036.jpg 1 50 18 36 36
0404_0077_0026_0044_0044.jpg 1 77 26 44 44
0405_0043_0055_0071_0071.jpg 1 43 55 71 71
0406_0006_0043_0094_0094.jpg 1 6 43 94 94
0407_0050_0052_0075_0075.jpg 1 50 52 75 75
0408_0039_0077_0047_0047.jpg 1 39 77 47 47
0409_0053_0006_0088_0088.jpg 1 53 6 88 88
0410_0063_0042_0069_0069.jpg 1 63 42 69 69
0411_0098_0024_0024_0024.jpg 1 98 24 24 24
0412_0005_0024_0101_0101.jpg 1 5 24 101 101
0413_0022_0063_0068_0068.jpg 1 22 63 68 68
0414_0014_0056_0024_0024.jpg 1 14 56 24 24
0415_0072_0047_0059_0059.jpg 1 72 47 59 59
0416_0029_0101_0036_0036.jpg 1 29 101 36 36
0417_0097_0086_0034_0034.jpg 1 97 86 34 34
0418_0052_0027_0036_0036.jpg 1 52 27 36 36
0419_0009_0052_0054_0054.jpg 1 9 52 54 54
0420_0015_0022_0098_0098.jpg 1 15 22 98 98
0421_0013_0040_0054_0054.jpg 1 13 40 54 54
0422_0050_0036_0089_0089.jpg 1 50 36 89 89
0423_0069_0066_0046_0046.jpg 1 69 66 46 46
0424_0048_0033_0059_0059.jpg 1 48 33 59 59
0425_0033_0034_0032_0032.jpg 1 33 34 32 32
0426_0033_0070_0067_0067.jpg 1 33 70 67 67
0427_0013_0030_0091_0091.jpg 1 13 30 91 91
0428_0011_0087_0039_0039.jpg 1 11 87 39 39
0429_0067_0055_0035_0035.jpg 1 67 55 35 35
0430_0018_0060_0080_0080.jpg 1 18 60 80 80
0431_0075_0021_0040_0040.jpg 1 75 21 40 40
0432_0059_0017_0024_0024.jpg 1 59 17 24 24
0433_0055_0051_0073_0073.jpg 1 55 51 73 73
0434_0009_0050_0090_0090.jpg 1 9 50 90 90
0435_0020_0024_0076_0076.jpg 1 20 24 76 76
0436_0057_0020_0085_0085.jpg 1 57 20 85 85
0437_0061_0090_0034_0034.jpg 1 61 90 34 34
0438_0044_0025_0062_0062.jpg 1 44 25 62 62
0439_0020_0023_0029_0029.jpg 1 20 23 29 29
0440_0014_0060_0029_0029.jpg 1 14 60 29 29
0441_0009_0050_0058_0058.jpg 1 9 50 58 58
0442_0043_0050_0044_0044.jpg 1 43 50 44 44
0443_0064_0063_0055_0055.jpg 1 64 63 55 55
0444_0074_0017_0061_0061.jpg 1 74 17 61 61
0445_0087_0057_0047_0047.jpg 1 87 57 47 47
0446_0045_0031_0041_0041.jpg 1 45 31 41 41
0447_0024_0031_0077_0077.jpg 1 24 31 77 77
0448_0056_0023_0070_0070.jpg 1 56 23 70 70
0449_0062_0034_0031_0031.jpg 1 62 34 31 31
0450_0047_0011_0054_0054.jpg 1 47 11 54 54
0451_0039_0022_0081_0081.jpg 1 39 22 81 81
0452_0020_0045_0047_0047.jpg 1 20 45 47 47
0453_0065_0056_0064_0064.jpg 1 65 56 64 64
0454_0028_0027_0062_0062.jpg 1 28 27 62 62
0455_0060_0030_0057_0057.jpg 1 60 30 57 57
0456_0059_0051_0025_0025.jpg 1 59 51 25 25
0457_0019_0029_0041_0041.jpg 1 19 29 41 41
0458_0059_0083_0037_0037.jpg 1 59 83 37 37
0459_0013_0023_0069_0069.jpg 1 13 23 69 69
0460_0016_0030_0097_0097.jpg 1 16 30 97 97
0461_0017_0088_0033_0033.jpg 1 17 88 33 33
0462_0011_0050_0082_0082.jpg 1 11 50 82 82
0463_0014_0014_0060_0060.jpg 1 14 14 60 60
0464_0080_0023_0031_0031.jpg 1 80 23 31 31
0465_0020_0038_0102_0102.jpg 1 20 38 102 102
0466_0043_0036_0072_0072.jpg 1 43 36 72 72
0467_0046_0038_0047_0047.jpg 1 46 38 47 47
0468_0043_0009_0061_0061.jpg 1 43 9 61 61
0469_0026_0024_0078_0078.jpg 1 26 24 78 78
0470_0052_0023_0042_0042.jpg 1 52 23 42 42
0471_0071_0059_0053_0053.jpg 1 71 59 53 53
0472_0019_0051_0047_0047.jpg 1 19 51 47 47
0473_0032_0074_0052_0052.jpg 1 32 74 52 52
0474_0033_0025_0097_0097.jpg 1 33 25 97 97
0475_0044_0044_0045_0045.jpg 1 44 44 45 45
0476_0013_0042_0102_0102.jpg 1 13 42 102 102
0477_0018_0024_0084_0084.jpg 1 18 24 84 84
0478_0097_0014_0027_0027.jpg 1 97 14 27 27
0479_0090_0047_0034_0034.jpg 1 90 47 34 34
0480_0018_0035_0084_0084.jpg 1 18 35 84 84
0481_0088_0013_0037_0037.jpg 1 88 13 37 37
0482_0007_0028_0082_0082.jpg 1 7 28 82 82
0483_0048_0017_0086_0086.jpg 1 48 17 86 86
0484_0029_0088_0049_0049.jpg 1 29 88 49 49
0485_0041_0028_0094_0094.jpg 1 41 28 94 94
0486_0063_0028_0050_0050.jpg 1 63 28 50 50
0487_0024_0027_0080_0080.jpg 1 24 27 80 80
0488_0032_0046_0074_0074.jpg 1 32 46 74 74
0489_0011_0029_0075_0075.jpg 1 11 29 75 75
0490_0020_0022_0053_0053.jpg 1 20 22 53 53
0491_0029_0047_0087_0087.jpg 1 29 47 87 87
0492_0030_0026_0100_0100.jpg 1 30 26 100 100
0493_0013_0064_0050_0050.jpg 1 13 64 50 50
0494_0060_0024_0069_0069.jpg 1 60 24 69 69
0495_0037_0041_0099_0099.jpg 1 37 41 99 99
0496_0072_0056_0058_0058.jpg 1 72 56 58 58
0497_0018_0019_0091_0091.jpg 1 18 19 91 91
0498_0049_0097_0039_0039.jpg 1 49 97 39 39
0499_0058_0025_0077_0077.jpg 1 58 25 77 77
0500_0092_0017_0035_0035.jpg 1 92 17 35 35
0501_0082_0083_0040_0040.jpg 1 82 83 40 40
0502_0013_0022_0092_0092.jpg 1 13 22 92 92
0503_0061_0083_0025_0025.jpg 1 61 83 25 25
0504_0045_0022_0071_0071.jpg 1 45 22 71 71
0505_0009_0014_0094_0094.jpg 1 9 14 94 94
0506_0019_0022_0096_0096.jpg 1 19 22 96 96
0507_0011_0048_0086_0086.jpg 1 11 48 86 86
0508_0042_0069_0072_0072.jpg 1 42 69 72 72
0509_0084_0042_0032_0032.jpg 1 84 42 32 32
0510_0008_0037_0071_0071.jpg 1 8 37 71 71
0511_0047_0008_0071_0071.jpg 1 47 8 71 71
0512_0008_0005_0099_0099.jpg 1 8 5 99 99
0513_0051_0047_0088_0088.jpg 1 51 47 88 88
0514_0035_0055_0050_0050.jpg 1 35 55 50 50
0515_0024_0030_0101_0101.jpg 1 24 30 101 101
0516_0061_0075_0058_0058.jpg 1 61 75 58 58
0517_0011_0009_0100_0100.jpg 1 11 9 100 100
0518_0026_0011_0097_0097.jpg 1 26 11 97 97
0519_0052_0045_0070_0070.jpg 1 52 45 70 70
0520_0032_0077_0057_0057.jpg 1 32 77 57 57
0521_0082_0061_0029_0029.jpg 1 82 61 29 29
0522_0073_0064_0049_0049.jpg 1 73 64 49 49
0523_0067_0064_0063_0063.jpg 1 67 64 63 63
0524_0031_0056_0079_0079.jpg 1 31 56 79 79
0525_0021_0056_0058_0058.jpg 1 21 56 58 58
0526_0025_0042_0086_0086.jpg 1 25 42 86 86
0527_0041_0043_0078_0078.jpg 1 41 43 78 78
0528_0043_0029_0046_0046.jpg 1 43 29 46 46
0529_0033_0036_0090_0090.jpg 1 33 36 90 90
0530_0088_0038_0035_0035.jpg 1 88 38 35 35
0531_0027_0055_0034_0034.jpg 1 27 55 34 34
0532_0050_0045_0032_0032.jpg 1 50 45 32 32
0533_0054_0069_0049_0049.jpg 1 54 69 49 49
0534_0051_0019_0092_0092.jpg 1 51 19 92 92
0535_0039_0053_0065_0065.jpg 1 39 53 65 65
0536_0023_0067_0073_0073.jpg 1 23 67 73 73
0537_0054_0008_0077_0077.jpg 1 54 8 77 77
0538_0037_0016_0099_0099.jpg 1 37 16 99 99
0539_0038_0029_0097_0097.jpg 1 38 29 97 97
0540_0053_0033_0077_0077.jpg 1 53 33 77 77
0541_0094_0045_0028_0028.jpg 1 94 45 28 28
0542_0029_0063_0061_0061.jpg 1 29 63 61 61
0543_0031_0053_0075_0075.jpg 1 31 53 75 75
0544_0082_0072_0033_0033.jpg 1 82 72 33 33
0545_0032_0017_0087_0087.jpg 1 32 17 87 87
0546_0036_0008_0104_0104.jpg 1 36 8 104 104
0547_0010_0036_0093_0093.jpg 1 10 36 93 93
0548_0068_0095_0026_0026.jpg 1 68 95 26 26
0549_0047_0087_0032_0032.jpg 1 47 87 32 32
0550_0023_0070_0029_0029.jpg 1 23 70 29 29
0551_0040_0040_0088_0088.jpg 1 40 40 88 88
0552_0054_0045_0038_0038.jpg 1 54 45 38 38
0553_0015_0023_0061_0061.jpg 1 15 23 61 61
0554_0054_0024_0082_0082.jpg 1 54 24 82 82
0555_0038_0032_0080_0080.jpg 1 38 32 80 80
0556_0042_0020_0057_0057.jpg 1 42 20 57 57
0557_0046_0008_0079_0079.jpg 1 46 8 79 79
0558_0020_0050_0090_0090.jpg 1 20 50 90 90
0559_0032_0048_0084_0084.jpg 1 32 48 84 84
0560_0072_0068_0049_0049.jpg 1 72 68 49 49
0561_0053_0028_0029_0029.jpg 1 53 28 29 29
0562_0028_0062_0063_0063.jpg 1 28 62 63 63
0563_0037_0027_0072_0072.jpg 1 37 27 72 72
0564_0006_0012_0101_0101.jpg 1 6 12 101 101
0565_0041_0039_0058_0058.jpg 1 41 39 58 58
0566_0073_0074_0063_0063.jpg 1 73 74 63 63
0567_0022_0017_0043_0043.jpg 1 22 17 43 43
0568_0035_0009_0098_0098.jpg 1 35 9 98 98
0569_0082_0050_0054_0054.jpg 1 82 50 54 54
0570_0023_0057_0079_0079.jpg 1 23 57 79 79
0571_0085_0045_0044_0044.jpg 1 85 45 44 44
0572_0041_0020_0046_0046.jpg 1 41 20 46 46
0573_0021_0018_0098_0098.jpg 1 21 18 98 98
0574_0074_0040_0066_0066.jpg 1 74 40 66 66
0575_0095_0026_0034_0034.jpg 1 95 26 34 34
0576_0021_0030_0104_0104.jpg 1 21 30 104 104
0577_0062_0059_0075_0075.jpg 1 62 59 75 75
0578_0041_0018_0059_0059.jpg 1 41 18 59 59
0579_0053_0024_0087_0087.jpg 1 53 24 87 87
0580_0046_0033_0053_0053.jpg 1 46 33 53 53
0581_0057_0060_0037_0037.jpg 1 57 60 37 37
0582_0037_0036_0080_0080.jpg 1 37 36 80 80
0583_0014_0045_0050_0050.jpg 1 14 45 50 50
0584_0014_0110_0024_0024.jpg 1 14 110 24 24
0585_0010_0040_0101_0101.jpg 1 10 40 101 101
0586_0021_0013_0058_0058.jpg 1 21 13 58 58
0587_0091_0069_0025_0025.jpg 1 91 69 25 25
0588_0051_0030_0037_0037.jpg 1 51 30 37 37
0589_0022_0026_0102_0102.jpg 1 22 26 102 102
0590_0055_0029_0078_0078.jpg 1 55 29 78 78
0591_0021_0052_0081_0081.jpg 1 21 52 81 81
0592_0074_0092_0036_0036.jpg 1 74 92 36 36
0593_0069_0018_0026_0026.jpg 1 69 18 26 26
0594_0085_0017_0026_0026.jpg 1 85 17 26 26
0595_0016_0018_0067_0067.jpg 1 16 18 67 67
0596_0086_0037_0037_0037.jpg 1 86 37 37 37
0597_0021_0053_0028_0028.jpg 1 21 53 28 28
0598_0015_0046_0091_0091.jpg 1 15 46 91 91
0599_0034_0007_0098_0098.jpg 1 34 7 98 98
0600_0021_0032_0081_0081.jpg 1 21 32 81 81
0601_0042_0014_0093_0093.jpg 1 42 14 93 93
0602_0012_0046_0097_0097.jpg 1 12 46 97 97
0603_0091_0087_0034_0034.jpg 1 91 87 34 34
0604_0039_0008_0089_0089.jpg 1 39 8 89 89
0605_0018_0013_0071_0071.jpg 1 18 13 71 71
0606_0030_0060_0042_0042.jpg 1 30 60 42 42
0607_0055_0080_0033_0033.jpg 1 55 80 33 33
0608_0079_0025_0035_0035.jpg 1 79 25 35 35
0609_0077_0061_0061_0061.jpg 1 77 61 61 61
0610_0009_0020_0075_0075.jpg 1 9 20 75 75
0611_0023_0020_0092_0092.jpg 1 23 20 92 92
0612_0009_0010_0096_0096.jpg 1 9 10 96 96
0613_0071_0016_0066_0066.jpg 1 71 16 66 66
0614_0081_0038_0032_0032.jpg 1 81 38 32 32
0615_0040_0032_0071_0071.jpg 1 40 32 71 71
0616_0020_0019_0030_0030.jpg 1 20 19 30 30
0617_0020_0029_0084_0084.jpg 1 20 29 84 84
0618_0035_0010_0086_0086.jpg 1 35 10 86 86
0619_0074_0037_0063_0063.jpg 1 74 37 63 63
0620_0011_0013_0088_0088.jpg 1 11 13 88 88
0621_0051_0019_0092_0092.jpg 1 51 19 92 92
0622_0017_0014_0084_0084.jpg 1 17 14 84 84
0623_0076_0077_0062_0062.jpg 1 76 77 62 62
0624_0026_0030_0027_0027.jpg 1 26 30 27 27
0625_0062_0058_0062_0062.jpg 1 62 58 62 62
0626_0011_0047_0039_0039.jpg 1 11 47 39 39
0627_0107_0022_0029_0029.jpg 1 107 22 29 29
0628_0039_0011_0057_0057.jpg 1 39 11 57 57
0629_0048_0086_0048_0048.jpg 1 48 86 48 48
0630_0055_0042_0071_0071.jpg 1 55 42 71 71
0631_0068_0022_0061_0061.jpg 1 68 22 61 61
0632_0047_0008_0068_0068.jpg 1 47 8 68 68
0633_0081_0075_0039_0039.jpg 1 81 75 39 39
0634_0049_0011_0083_0083.jpg 1 49 11 83 83
0635_0005_0005_0104_0104.jpg 1 5 5 104 104
0636_0019_0018_0104_0104.jpg 1 19 18 104 104
0637_0027_0063_0042_0042.jpg 1 27 63 42 42
0638_0025_0025_0102_0102.jpg 1 25 25 102 102
0639_0054_0066_0048_0048.jpg 1 54 66 48 48
0640_0075_0069_0028_0028.jpg 1 75 69 28 28
0641_0062_0065_0054_0054.jpg 1 62 65 54 54
0642_0048_0033_0084_0084.jpg 1 48 33 84 84
0643_0036_0096_0032_0032.jpg 1 36 96 32 32
0644_0008_0006_0096_0096.jpg 1 8 6 96 96
0645_0028_0044_0093_0093.jpg 1 28 44 93 93
0646_0037_0051_0062_0062.jpg 1 37 51 62 62
0647_0067_0038_0037_0037.jpg 1 67 38 37 37
0648_0010_0024_0104_0104.jpg 1 10 24 104 104
0649_0011_0063_0039_0039.jpg 1 11 63 39 39
0650_0065_0088_0045_0045.jpg 1 65 88 45 45
0651_0014_0024_0053_0053.jpg 1 14 24 53 53
0652_0037_0011_0103_0103.jpg 1 37 11 103 103
0653_0015_0067_0061_0061.jpg 1 15 67 61 61
0654_0067_0060_0055_0055.jpg 1 67 60 55 55
0655_0010_0014_0087_0087.jpg 1 10 14 87 87
0656_0036_0077_0057_0057.jpg 1 36 77 57 57
0657_0036_0018_0091_0091.jpg 1 36 18 91 91
0658_0061_0072_0036_0036.jpg 1 61 72 36 36
0659_0029_0027_0103_0103.jpg 1 29 27 103 103
0660_0036_0025_0093_0093.jpg 1 36 25 93 93
0661_0038_0029_0098_0098.jpg 1 38 29 98 98
0662_0053_0023_0046_0046.jpg 1 53 23 46 46
0663_0018_0013_0048_0048.jpg 1 18 13 48 48
0664_0040_0034_0092_0092.jpg 1 40 34 92 92
0665_0076_0015_0063_0063.jpg 1 76 15 63 63
0666_0037_0081_0027_0027.jpg 1 37 81 27 27
0667_0060_0072_0042_0042.jpg 1 60 72 42 42
0668_0033_0041_0077_0077.jpg 1 33 41 77 77
0669_0054_0031_0082_0082.jpg 1 54 31 82 82
0670_0032_0054_0069_0069.jpg 1 32 54 69 69
0671_0065_0045_0035_0035.jpg 1 65 45 35 35
0672_0029_0053_0081_0081.jpg 1 29 53 81 81
0673_0043_0037_0078_0078.jpg 1 43 37 78 78
0674_0041_0011_0086_0086.jpg 1 41 11 86 86
0675_0053_0039_0087_0087.jpg 1 53 39 87 87
0676_0010_0010_0080_0080.jpg 1 10 10 80 80
0677_0018_0036_0099_0099.jpg 1 18 36 99 99
0678_0027_0023_0052_0052.jpg 1 27 23 52 52
0679_0022_0059_0050_0050.jpg 1 22 59 50 50
0680_0018_0020_0100_0100.jpg 1 18 20 100 100
0681_0095_0029_0033_0033.jpg 1 95 29 33 33
0682_0067_0032_0027_0027.jpg 1 67 32 27 27
0683_0053_0022_0066_0066.jpg 1 53 22 66 66
0684_0073_0022_0030_0030.jpg 1 73 22 30 30
0685_0040_0045_0093_0093.jpg 1 40 45 93 93
0686_0046_0044_0033_0033.jpg 1 46 44 33 33
0687_0096_0086_0024_0024.jpg 1 96 86 24 24
0688_0022_0039_0096_0096.jpg 1 22 39 96 96
0689_0062_0041_0072_0072.jpg 1 62 41 72 72
0690_0041_0027_0035_0035.jpg 1 41 27 35 35
0691_0047_0010_0053_0053.jpg 1 47 10 53 53
0692_0062_0109_0026_0026.jpg 1 62 109 26 26
0693_0073_0062_0062_0062.jpg 1 73 62 62 62
0694_0067_0091_0029_0029.jpg 1 67 91 29 29
0695_0049_0008_0088_0088.jpg 1 49 8 88 88
0696_0013_0062_0074_0074.jpg 1 13 62 74 74
0697_0037_0033_0081_0081.jpg 1 37 33 81 81
0698_0037_0015_0093_0093.jpg 1 37 15 93 93
0699_0025_0019_0051_0051.jpg 1 25 19 51 51
0700_0049_0030_0088_0088.jpg 1 49 30 88 88
0701_0059_0093_0033_0033.jpg 1 59 93 33 33
0702_0053_0025_0034_0034.jpg 1 53 25 34 34
0703_0079_0070_0028_0028.jpg 1 79 70 28 28
0704_0053_0059_0082_0082.jpg 1 53 59 82 82
0705_0059_0085_0044_0044.jpg 1 59 85 44 44
0706_0037_0021_0058_0058.jpg 1 37 21 58 58
0707_0039_0030_0102_0102.jpg 1 39 30 102 102
0708_0025_0046_0088_0088.jpg 1 25 46 88 88
0709_0013_0045_0086_0086.jpg 1 13 45 86 86
0710_0039_0005_0097_0097.jpg 1 39 5 97 97
0711_0012_0007_0099_0099.jpg 1 12 7 99 99
0712_0014_0030_0080_0080.jpg 1 14 30 80 80
0713_0037_0055_0040_0040.jpg 1 37 55 40 40
0714_0093_0063_0037_0037.jpg 1 93 63 37 37
0715_0058_0018_0049_0049.jpg 1 58 18 49 49
0716_0032_0047_0077_0077.jpg 1 32 47 77 77
0717_0006_0047_0095_0095.jpg 1 6 47 95 95
0718_0060_0031_0039_0039.jpg 1 60 31 39 39
0719_0012_0013_0081_0081.jpg 1 12 13 81 81
0720_0028_0024_0084_0084.jpg 1 28 24 84 84
0721_0010_0005_0103_0103.jpg 1 10 5 103 103
0722_0023_0093_0032_0032.jpg 1 23 93 32 32
0723_0079_0042_0056_0056.jpg 1 79 42 56 56
0724_0021_0011_0050_0050.jpg 1 21 11 50 50
0725_0030_0014_0076_0076.jpg 1 30 14 76 76
0726_0078_0032_0038_0038.jpg 1 78 32 38 38
0727_0043_0044_0098_0098.jpg 1 43 44 98 98
0728_0018_0030_0092_0092.jpg 1 18 30 92 92
0729_0038_0030_0089_0089.jpg 1 38 30 89 89
0730_0017_0040_0076_0076.jpg 1 17 40 76 76
0731_0069_0075_0039_0039.jpg 1 69 75 39 39
0732_0052_0014_0044_0044.jpg 1 52 14 44 44
0733_0094_0055_0024_0024.jpg 1 94 55 24 24
0734_0051_0035_0054_0054.jpg 1 51 35 54 54
0735_0087_0023_0035_0035.jpg 1 87 23 35 35
0736_0018_0074_0027_0027.jpg 1 18 74 27 27
0737_0041_0049_0046_0046.jpg 1 41 49 46 46
0738_0055_0056_0042_0042.jpg 1 55 56 42 42
0739_0053_0045_0067_0067.jpg 1 53 45 67 67
0740_0012_0044_0087_0087.jpg 1 12 44 87 87
0741_0088_0041_0024_0024.jpg 1 88 41 24 24
0742_0057_0045_0035_0035.jpg 1 57 45 35 35
0743_0060_0055_0033_0033.jpg 1 60 55 33 33
0744_0034_0021_0101_0101.jpg 1 34 21 101 101
0745_0018_0050_0078_0078.jpg 1 18 50 78 78
0746_0016_0051_0073_0073.jpg 1 16 51 73 73
0747_0048_0016_0067_0067.jpg 1 48 16 67 67
0748_0039_0012_0097_0097.jpg 1 39 12 97 97
0749_0017_0026_0081_0081.jpg 1 17 26 81 81
0750_0014_0022_0029_0029.jpg 1 14 22 29 29
0751_0054_0053_0087_0087.jpg 1 54 53 87 87
0752_0016_0069_0062_0062.jpg 1 16 69 62 62
0753_0058_0014_0076_0076.jpg 1 58 14 76 76
0754_0035_0055_0067_0067.jpg 1 35 55 67 67
0755_0025_0085_0024_0024.jpg 1 25 85 24 24
0756_0023_0058_0054_0054.jpg 1 23 58 54 54
0757_0066_0039_0075_0075.jpg 1 66 39 75 75
0758_0079_0057_0052_0052.jpg 1 79 57 52 52
0759_0031_0011_0066_0066.jpg 1 31 11 66 66
0760_0051_0047_0076_0076.jpg 1 51 47 76 76
0761_0029_0035_0097_0097.jpg 1 29 35 97 97
0762_0042_0034_0085_0085.jpg 1 42 34 85 85
0763_0069_0084_0025_0025.jpg 1 69 84 25 25
0764_0018_0055_0062_0062.jpg 1 18 55 62 62
0765_0012_0033_0054_0054.jpg 1 12 33 54 54
0766_0012_0040_0071_0071.jpg 1 12 40 71 71
0767_0065_0052_0060_0060.jpg 1 65 52 60 60
0768_0025_0090_0028_0028.jpg 1 25 90 28 28
0769_0049_0007_0095_0095.jpg 1 49 7 95 95
0770_0049_0045_0072_0072.jpg 1 49 45 72 72
0771_0055_0045_0076_0076.jpg 1 55 45 76 76
0772_0064_0098_0037_0037.jpg 1 64 98 37 37
0773_0036_0068_0074_0074.jpg 1 36 68 74 74
0774_0061_0046_0061_0061.jpg 1 61 46 61 61
0775_0045_0040_0088_0088.jpg 1 45 40 88 88
0776_0058_0094_0039_0039.jpg 1 58 94 39 39
0777_0084_0054_0026_0026.jpg 1 84 54 26 26
0778_0047_0021_0063_0063.jpg 1 47 21 63 63
0779_0032_0066_0057_0057.jpg 1 32 66 57 57
0780_0044_0021_0081_0081.jpg 1 44 21 81 81
0781_0055_0040_0063_0063.jpg 1 55 40 63 63
0782_0030_0013_0090_0090.jpg 1 30 13 90 90
0783_0062_0040_0061_0061.jpg 1 62 40 61 61
0784_0011_0025_0093_0093.jpg 1 11 25 93 93
0785_0030_0049_0088_0088.jpg 1 30 49 88 88
0786_0053_0019_0029_0029.jpg 1 53 19 29 29
0787_0049_0025_0082_0082.jpg 1 49 25 82 82
0788_0024_0024_0094_0094.jpg 1 24 24 94 94
0789_0053_0095_0034_0034.jpg 1 53 95 34 34
0790_0075_0061_0051_0051.jpg 1 75 61 51 51
0791_0027_0043_0091_0091.jpg 1 27 43 91 91
0792_0031_0038_0053_0053.jpg 1 31 38 53 53
0793_0018_0006_0101_0101.jpg 1 18 6 101 101
0794_0061_0045_0033_0033.jpg 1 61 45 33 33
0795_0030_0091_0032_0032.jpg 1 30 91 32 32
0796_0062_0046_0059_0059.jpg 1 62 46 59 59
0797_0074_0013_0046_0046.jpg 1 74 13 46 46
0798_0008_0041_0099_0099.jpg 1 8 41 99 99
0799_0037_0061_0068_0068.jpg 1 37 61 68 68
0800_0013_0090_0049_0049.jpg 1 13 90 49 49
0801_0039_0073_0066_0066.jpg 1 39 73 66 66
0802_0032_0025_0082_0082.jpg 1 32 25 82 82
0803_0085_0063_0043_0043.jpg 1 85 63 43 43
0804_0073_0035_0045_0045.jpg 1 73 35 45 45
0805_0010_0035_0063_0063.jpg 1 10 35 63 63
0806_0034_0047_0041_0041.jpg 1 34 47 41 41
0807_0073_0035_0044_0044.jpg 1 73 35 44 44
0808_0008_0054_0086_0086.jpg 1 8 54 86 86
0809_0020_0055_0068_0068.jpg 1 20 55 68 68
0810_0054_0013_0075_0075.jpg 1 54 13 75 75
0811_0035_0032_0079_0079.jpg 1 35 32 79 79
0812_0030_0013_0056_0056.jpg 1 30 13 56 56
0813_0028_0018_0037_0037.jpg 1 28 18 37 37
0814_0078_0009_0057_0057.jpg 1 78 9 57 57
0815_0073_0083_0024_0024.jpg 1 73 83 24 24
0816_0056_0012_0035_0035.jpg 1 56 12 35 35
0817_0031_0008_0073_0073.jpg 1 31 8 73 73
0818_0019_0040_0068_0068.jpg 1 19 40 68 68
0819_0069_0018_0054_0054.jpg 1 69 18 54 54
0820_0080_0030_0045_0045.jpg 1 80 30 45 45
0821_0032_0017_0090_0090.jpg 1 32 17 90 90
0822_0076_0055_0062_0062.jpg 1 76 55 62 62
0823_0009_0050_0089_0089.jpg 1 9 50 89 89
0824_0024_0025_0084_0084.jpg 1 24 25 84 84
0825_0024_0055_0078_0078.jpg 1 24 55 78 78
0826_0014_0052_0061_0061.jpg 1 14 52 61 61
0827_0046_0075_0065_0065.jpg 1 46 75 65 65
0828_0023_0040_0086_0086.jpg 1 23 40 86 86
0829_0027_0024_0088_0088.jpg 1 27 24 88 88
0830_0049_0009_0071_0071.jpg 1 49 9 71 71
0831_0056_0057_0052_0052.jpg 1 56 57 52 52
0832_0036_0034_0102_0102.jpg 1 36 34 102 102
0833_0014_0061_0036_0036.jpg 1 14 61 36 36
0834_0030_0052_0052_0052.jpg 1 30 52 52 52
0835_0039_0074_0058_0058.jpg 1 39 74 58 58
0836_0012_0069_0062_0062.jpg 1 12 69 62 62
0837_0060_0084_0027_0027.jpg 1 60 84 27 27
0838_0068_0031_0058_0058.jpg 1 68 31 58 58
0839_0026_0054_0088_0088.jpg 1 26 54 88 88
0840_0018_0080_0048_0048.jpg 1 18 80 48 48
0841_0018_0004_0101_0101.jpg 1 18 4 101 101
0842_0025_0049_0029_0029.jpg 1 25 49 29 29
0843_0052_0063_0061_0061.jpg 1 52 63 61 61
0844_0020_0061_0041_0041.jpg 1 20 61 41 41
0845_0017_0011_0054_0054.jpg 1 17 11 54 54
0846_0041_0014_0087_0087.jpg 1 41 14 87 87
0847_0102_0030_0036_0036.jpg 1 102 30 36 36
0848_0013_0022_0032_0032.jpg 1 13 22 32 32
0849_0074_0056_0036_0036.jpg 1 74 56 36 36
0850_0061_0059_0076_0076.jpg 1 61 59 76 76
0851_0015_0011_0081_0081.jpg 1 15 11 81 81
0852_0014_0015_0084_0084.jpg 1 14 15 84 84
0853_0023_0031_0093_0093.jpg 1 23 31 93 93
0854_0021_0070_0069_0069.jpg 1 21 70 69 69
0855_0031_0014_0059_0059.jpg 1 31 14 59 59
0856_0039_0049_0079_0079.jpg 1 39 49 79 79
0857_0087_0041_0028_0028.jpg 1 87 41 28 28
0858_0035_0007_0097_0097.jpg 1 35 7 97 97
0859_0026_0054_0074_0074.jpg 1 26 54 74 74
0860_0017_0030_0077_0077.jpg 1 17 30 77 77
0861_0015_0043_0090_0090.jpg 1 15 43 90 90
0862_0058_0030_0079_0079.jpg 1 58 30 79 79
0863_0017_0071_0038_0038.jpg 1 17 71 38 38
0864_0020_0031_0093_0093.jpg 1 20 31 93 93
0865_0024_0008_0104_0104.jpg 1 24 8 104 104
0866_0015_0013_0088_0088.jpg 1 15 13 88 88
0867_0056_0071_0055_0055.jpg 1 56 71 55 55
0868_0098_0048_0036_0036.jpg 1 98 48 36 36
0869_0053_0082_0050_0050.jpg 1 53 82 50 50
0870_0033_0057_0066_0066.jpg 1 33 57 66 66
0871_0064_0068_0065_0065.jpg 1 64 68 65 65
0872_0067_0044_0066_0066.jpg 1 67 44 66 66
0873_0070_0015_0064_0064.jpg 1 70 15 64 64
0874_0026_0068_0069_0069.jpg 1 26 68 69 69
0875_0071_0041_0048_0048.jpg 1 71 41 48 48
0876_0032_0018_0080_0080.jpg 1 32 18 80 80
0877_0033_0040_0044_0044.jpg 1 33 40 44 44
0878_0018_0054_0053_0053.jpg 1 18 54 53 53
0879_0036_0095_0041_0041.jpg 1 36 95 41 41
0880_0041_0012_0066_0066.jpg 1 41 12 66 66
0881_0036_0053_0090_0090.jpg 1 36 53 90 90
0882_0068_0043_0067_0067.jpg 1 68 43 67 67
0883_0057_0024_0060_0060.jpg 1 57 24 60 60
0884_0035_0037_0081_0081.jpg 1 35 37 81 81
0885_0015_0040_0089_0089.jpg 1 15 40 89 89
0886_0049_0093_0027_0027.jpg 1 49 93 27 27
0887_0058_0032_0051_0051.jpg 1 58 32 51 51
0888_0048_0035_0073_0073.jpg 1 48 35 73 73
0889_0010_0023_0087_0087.jpg 1 10 23 87 87
0890_0107_0058_0029_0029.jpg 1 107 58 29 29
0891_0011_0062_0061_0061.jpg 1 11 62 61 61
0892_0042_0013_0103_0103.jpg 1 42 13 103 103
0893_0016_0013_0098_0098.jpg 1 16 13 98 98
0894_0059_0038_0040_0040.jpg 1 59 38 40 40
0895_0046_0010_0065_0065.jpg 1 46 10 65 65
0896_0025_0031_0067_0067.jpg 1 25 31 67 67
0897_0045_0036_0098_0098.jpg 1 45 36 98 98
0898_0022_0037_0037_0037.jpg 1 22 37 37 37
0899_0013_0018_0093_0093.jpg 1 13 18 93 93
0900_0039_0013_0088_0088.jpg 1 39 13 88 88
0901_0038_0020_0079_0079.jpg 1 38 20 79 79
0902_0066_0064_0066_0066.jpg 1 66 64 66 66
0903_0044_0024_0097_0097.jpg 1 44 24 97 97
0904_0021_0030_0074_0074.jpg 1 21 30 74 74
0905_0073_0027_0060_0060.jpg 1 73 27 60 60
0906_0026_0041_0034_0034.jpg 1 26 41 34 34
0907_0010_0030_0065_0065.jpg 1 10 30 65 65
0908_0070_0028_0060_0060.jpg 1 70 28 60 60
0909_0060_0030_0073_0073.jpg 1 60 30 73 73
0910_0047_0057_0031_0031.jpg 1 47 57 31 31
0911_0033_0054_0069_0069.jpg 1 33 54 69 69
0912_0012_0032_0079_0079.jpg 1 12 32 79 79
0913_0039_0010_0075_0075.jpg 1 39 10 75 75
0914_0012_0037_0086_0086.jpg 1 12 37 86 86
0915_0039_0024_0096_0096.jpg 1 39 24 96 96
0916_0013_0069_0066_0066.jpg 1 13 69 66 66
0917_0006_0031_0091_0091.jpg 1 6 31 91 91
0918_0073_0076_0054_0054.jpg 1 73 76 54 54
0919_0103_0097_0032_0032.jpg 1 103 97 32 32
0920_0071_0051_0055_0055.jpg 1 71 51 55 55
0921_0032_0026_0070_0070.jpg 1 32 26 70 70
0922_0044_0023_0098_0098.jpg 1 44 23 98 98
0923_0017_0016_0080_0080.jpg 1 17 16 80 80
0924_0055_0038_0078_0078.jpg 1 55 38 78 78
0925_0023_0101_0026_0026.jpg 1 23 101 26 26
0926_0044_0035_0024_0024.jpg 1 44 35 24 24
0927_0092_0025_0038_0038.jpg 1 92 25 38 38
0928_0108_0098_0029_0029.jpg 1 108 98 29 29
0929_0041_0043_0087_0087.jpg 1 41 43 87 87
0930_0052_0075_0053_0053.jpg 1 52 75 53 53
0931_0041_0046_0032_0032.jpg 1 41 46 32 32
0932_0089_0068_0046_0046.jpg 1 89 68 46 46
0933_0034_0015_0075_0075.jpg 1 34 15 75 75
0934_0050_0009_0058_0058.jpg 1 50 9 58 58
0935_0038_0072_0062_0062.jpg 1 38 72 62 62
0936_0056_0077_0053_0053.jpg 1 56 77 53 53
0937_0038_0029_0070_0070.jpg 1 38 29 70 70
0938_0071_0056_0025_0025.jpg 1 71 56 25 25
0939_0012_0031_0064_0064.jpg 1 12 31 64 64
0940_0077_0094_0044_0044.jpg 1 77 94 44 44
0941_0046_0011_0097_0097.jpg 1 46 11 97 97
0942_0041_0013_0036_0036.jpg 1 41 13 36 36
0943_0024_0012_0058_0058.jpg 1 24 12 58 58
0944_0033_0058_0075_0075.jpg 1 33 58 75 75
0945_0019_0020_0100_0100.jpg 1 19 20 100 100
0946_0065_0074_0037_0037.jpg 1 65 74 37 37
0947_0084_0026_0027_0027.jpg 1 84 26 27 27
0948_0014_0010_0081_0081.jpg 1 14 10 81 81
0949_0095_0079_0036_0036.jpg 1 95 79 36 36
0950_0047_0047_0088_0088.jpg 1 47 47 88 88
0951_0043_0043_0048_0048.jpg 1 43 43 48 48
0952_0046_0023_0046_0046.jpg 1 46 23 46 46
0953_0020_0044_0048_0048.jpg 1 20 44 48 48
0954_0078_0076_0050_0050.jpg 1 78 76 50 50
0955_0030_0033_0104_0104.jpg 1 30 33 104 104
0956_0055_0054_0060_0060.jpg 1 55 54 60 60
0957_0051_0008_0084_0084.jpg 1 51 8 84 84
0958_0019_0021_0048_0048.jpg 1 19 21 48 48
0959_0053_0060_0065_0065.jpg 1 53 60 65 65
0960_0097_0088_0030_0030.jpg 1 97 88 30 30
0961_0052_0089_0048_0048.jpg 1 52 89 48 48
0962_0044_0070_0057_0057.jpg 1 44 70 57 57
0963_0064_0072_0053_0053.jpg 1 64 72 53 53
0964_0057_0028_0050_0050.jpg 1 57 28 50 50
0965_0054_0061_0073_0073.jpg 1 54 61 73 73
0966_0042_0049_0060_0060.jpg 1 42 49 60 60
0967_0084_0032_0026_0026.jpg 1 84 32 26 26
0968_0034_0029_0064_0064.jpg 1 34 29 64 64
0969_0103_0104_0027_0027.jpg 1 103 104 27 27
0970_0055_0050_0077_0077.jpg 1 55 50 77 77
0971_0071_0033_0036_0036.jpg 1 71 33 36 36
0972_0073_0018_0066_0066.jpg 1 73 18 66 66
0973_0041_0012_0035_0035.jpg 1 41 12 35 35
0974_0086_0055_0034_0034.jpg 1 86 55 34 34
0975_0026_0065_0075_0075.jpg 1 26 65 75 75
0976_0036_0043_0077_0077.jpg 1 36 43 77 77
0977_0066_0078_0043_0043.jpg 1 66 78 43 43
0978_0093_0086_0046_0046.jpg 1 93 86 46 46
0979_0068_0100_0026_0026.jpg 1 68 100 26 26
0980_0076_0028_0055_0055.jpg 1 76 28 55 55
0981_0070_0065_0027_0027.jpg 1 70 65 27 27
0982_0016_0050_0090_0090.jpg 1 16 50 90 90
0983_0088_0042_0027_0027.jpg 1 88 42 27 27
0984_0045_0037_0075_0075.jpg 1 45 37 75 75
0985_0089_0012_0041_0041.jpg 1 89 12 41 41
0986_0072_0015_0064_0064.jpg 1 72 15 64 64
0987_0037_0036_0077_0077.jpg 1 37 36 77 77
0988_0066_0062_0065_0065.jpg 1 66 62 65 65
0989_0010_0011_0094_0094.jpg 1 10 11 94 94
0990_0011_0026_0078_0078.jpg 1 11 26 78 78
0991_0034_0035_0096_0096.jpg 1 34 35 96 96
0992_0071_0078_0059_0059.jpg 1 71 78 59 59
0993_0008_0038_0086_0086.jpg 1 8 38 86 86
0994_0034_0048_0069_0069.jpg 1 34 48 69 69
0995_0041_0074_0027_0027.jpg 1 41 74 27 27
0996_0067_0062_0042_0042.jpg 1 67 62 42 42
0997_0020_0038_0090_0090.jpg 1 20 38 90 90
0998_0009_0019_0100_0100.jpg 1 9 19 100 100
0999_0010_0014_0092_0092.jpg 1 10 14 92 92
1000_0045_0030_0026_0026.jpg 1 45 30 26 26
1001_0026_0064_0050_0050.jpg 1 26 64 50 50
1002_0040_0053_0080_0080.jpg 1 40 53 80 80
1003_0013_0026_0068_0068.jpg 1 13 26 68 68
1004_0058_0021_0051_0051.jpg 1 58 21 51 51
1005_0064_0038_0049_0049.jpg 1 64 38 49 49
1006_0098_0093_0033_0033.jpg 1 98 93 33 33
1007_0021_0020_0086_0086.jpg 1 21 20 86 86
1008_0043_0027_0098_0098.jpg 1 43 27 98 98
1009_0049_0029_0086_0086.jpg 1 49 29 86 86
1010_0010_0070_0061_0061.jpg 1 10 70 61 61
1011_0021_0054_0053_0053.jpg 1 21 54 53 53
1012_0095_0039_0043_0043.jpg 1 95 39 43 43
1013_0069_0026_0068_0068.jpg 1 69 26 68 68
1014_0024_0061_0061_0061.jpg 1 24 61 61 61
1015_0058_0074_0025_0025.jpg 1 58 74 25 25
1016_0080_0063_0045_0045.jpg 1 80 63 45 45
1017_0039_0053_0085_0085.jpg 1 39 53 85 85
1018_0031_0016_0092_0092.jpg 1 31 16 92 92
1019_0052_0069_0071_0071.jpg 1 52 69 71 71
1020_0059_0082_0035_0035.jpg 1 59 82 35 35
1021_0036_0060_0052_0052.jpg 1 36 60 52 52
1022_0030_0052_0083_0083.jpg 1 30 52 83 83
1023_0014_0034_0090_0090.jpg 1 14 34 90 90
1024_0073_0025_0049_0049.jpg 1 73 25 49 49
1025_0024_0010_0049_0049.jpg 1 24 10 49 49
1026_0036_0023_0095_0095.jpg 1 36 23 95 95
1027_0007_0057_0085_0085.jpg 1 7 57 85 85
1028_0024_0057_0057_0057.jpg 1 24 57 57 57
1029_0026_0047_0068_0068.jpg 1 26 47 68 68
1030_0018_0044_0030_0030.jpg 1 18 44 30 30
1031_0018_0066_0073_0073.jpg 1 18 66 73 73
1032_0023_0037_0031_0031.jpg 1 23 37 31 31
1033_0044_0008_0083_0083.jpg 1 44 8 83 83
1034_0064_0063_0059_0059.jpg 1 64 63 59 59
1035_0059_0071_0053_0053.jpg 1 59 71 53 53
1036_0027_0041_0081_0081.jpg 1 27 41 81 81
1037_0067_0046_0059_0059.jpg 1 67 46 59 59
1038_0022_0014_0035_0035.jpg 1 22 14 35 35
1039_0077_0025_0040_0040.jpg 1 77 25 40 40
1040_0021_0016_0061_0061.jpg 1 21 16 61 61
1041_0010_0041_0068_0068.jpg 1 10 41 68 68
1042_0069_0073_0053_0053.jpg 1 69 73 53 53
1043_0030_0032_0045_0045.jpg 1 30 32 45 45
1044_0037_0055_0051_0051.jpg 1 37 55 51 51
1045_0035_0048_0055_0055.jpg 1 35 48 55 55
1046_0018_0040_0070_0070.jpg 1 18 40 70 70
1047_0033_0043_0084_0084.jpg 1 33 43 84 84
1048_0036_0039_0084_0084.jpg 1 36 39 84 84
1049_0028_0033_0089_0089.jpg 1 28 33 89 89
1050_0042_0023_0047_0047.jpg 1 42 23 47 47
1051_0021_0017_0094_0094.jpg 1 21 17 94 94
1052_0055_0018_0075_0075.jpg 1 55 18 75 75
1053_0029_0032_0080_0080.jpg 1 29 32 80 80
1054_0073_0034_0040_0040.jpg 1 73 34 40 40
1055_0064_0078_0048_0048.jpg 1 64 78 48 48
1056_0033_0040_0100_0100.jpg 1 33 40 100 100
1057_0031_0014_0051_0051.jpg 1 31 14 51 51
1058_0054_0024_0073_0073.jpg 1 54 24 73 73
1059_0054_0023_0060_0060.jpg 1 54 23 60 60
1060_0049_0051_0030_0030.jpg 1 49 51 30 30
1061_0007_0023_0104_0104.jpg 1 7 23 104 104
1062_0103_0065_0034_0034.jpg 1 103 65 34 34
1063_0005_0017_0101_0101.jpg 1 5 17 101 101
1064_0036_0022_0090_0090.jpg 1 36 22 90 90
1065_0087_0043_0041_0041.jpg 1 87 43 41 41
1066_0035_0013_0060_0060.jpg 1 35 13 60 60
1067_0009_0012_0083_0083.jpg 1 9 12 83 83
1068_0035_0094_0044_0044.jpg 1 35 94 44 44
1069_0073_0023_0025_0025.jpg 1 73 23 25 25
1070_0051_0035_0035_0035.jpg 1 51 35 35 35
1071_0048_0080_0031_0031.jpg 1 48 80 31 31
1072_0074_0053_0040_0040.jpg 1 74 53 40 40
1073_0066_0081_0041_0041.jpg 1 66 81 41 41
1074_0067_0059_0060_0060.jpg 1 67 59 60 60
1075_0017_0064_0037_0037.jpg 1 17 64 37 37
1076_0020_0041_0093_0093.jpg 1 20 41 93 93
1077_0038_0052_0089_0089.jpg 1 38 52 89 89
1078_0049_0047_0067_0067.jpg 1 49 47 67 67
1079_0094_0015_0033_0033.jpg 1 94 15 33 33
1080_0028_0019_0076_0076.jpg 1 28 19 76 76
1081_0052_0018_0085_0085.jpg 1 52 18 85 85
1082_0036_0035_0048_0048.jpg 1 36 35 48 48
1083_0051_0045_0087_0087.jpg 1 51 45 87 87
1084_0050_0035_0038_0038.jpg 1 50 35 38 38
1085_0085_0048_0036_0036.jpg 1 85 48 36 36
1086_0040_0023_0101_0101.jpg 1 40 23 101 101
1087_0095_0071_0024_0024.jpg 1 95 71 24 24
1088_0021_0035_0103_0103.jpg 1 21 35 103 103
1089_0041_0016_0083_0083.jpg 1 41 16 83 83
1090_0086_0077_0038_0038.jpg 1 86 77 38 38
1091_0092_0084_0045_0045.jpg 1 92 84 45 45
1092_0061_0049_0042_0042.jpg 1 61 49 42 42
1093_0052_0033_0075_0075.jpg 1 52 33 75 75
1094_0090_0034_0049_0049.jpg 1 90 34 49 49
1095_0013_0110_0027_0027.jpg 1 13 110 27 27
1096_0069_0072_0046_0046.jpg 1 69 72 46 46
1097_0042_0073_0059_0059.jpg 1 42 73 59 59
1098_0017_0045_0066_0066.jpg 1 17 45 66 66
1099_0023_0081_0042_0042.jpg 1 23 81 42 42
1100_0047_0053_0073_0073.jpg 1 47 53 73 73
1101_0037_0026_0035_0035.jpg 1 37 26 35 35
1102_0036_0012_0048_0048.jpg 1 36 12 48 48
1103_0065_0059_0063_0063.jpg 1 65 59 63 63
1104_0024_0056_0079_0079.jpg 1 24 56 79 79
1105_0013_0039_0100_0100.jpg 1 13 39 100 100
1106_0033_0019_0027_0027.jpg 1 33 19 27 27
1107_0036_0067_0030_0030.jpg 1 36 67 30 30
1108_0019_0049_0094_0094.jpg 1 19 49 94 94
1109_0012_0021_0082_0082.jpg 1 12 21 82 82
1110_0043_0014_0080_0080.jpg 1 43 14 80 80
1111_0035_0028_0096_0096.jpg 1 35 28 96 96
1112_0009_0015_0077_0077.jpg 1 9 15 77 77
1113_0035_0024_0077_0077.jpg 1 35 24 77 77
1114_0015_0052_0060_0060.jpg 1 15 52 60 60
1115_0077_0040_0063_0063.jpg 1 77 40 63 63
1116_0068_0030_0070_0070.jpg 1 68 30 70 70
1117_0074_0051_0065_0065.jpg 1 74 51 65 65
1118_0049_0015_0093_0093.jpg 1 49 15 93 93
1119_0062_0029_0031_0031.jpg 1 62 29 31 31
1120_0059_0034_0060_0060.jpg 1 59 34 60 60
1121_0038_0018_0094_0094.jpg 1 38 18 94 94
1122_0059_0020_0081_0081.jpg 1 59 20 81 81
1123_0047_0048_0046_0046.jpg 1 47 48 46 46
1124_0091_0025_0042_0042.jpg 1 91 25 42 42
1125_0042_0045_0065_0065.jpg 1 42 45 65 65
1126_0069_0087_0028_0028.jpg 1 69 87 28 28
1127_0060_0044_0060_0060.jpg 1 60 44 60 60
1128_0027_0007_0081_0081.jpg 1 27 7 81 81
1129_0024_0034_0075_0075.jpg 1 24 34 75 75
1130_0095_0035_0034_0034.jpg 1 95 35 34 34
1131_0030_0009_0093_0093.jpg 1 30 9 93 93
1132_0040_0008_0070_0070.jpg 1 40 8 70 70
1133_0043_0037_0097_0097.jpg 1 43 37 97 97
1134_0054_0016_0085_0085.jpg 1 54 16 85 85
1135_0085_0053_0033_0033.jpg 1 85 53 33 33
1136_0013_0028_0091_0091.jpg 1 13 28 91 91
1137_0022_0044_0066_0066.jpg 1 22 44 66 66
1138_0041_0060_0032_0032.jpg 1 41 60 32 32
1139_0022_0045_0032_0032.jpg 1 22 45 32 32
1140_0056_0047_0087_0087.jpg 1 56 47 87 87
1141_0028_0027_0065_0065.jpg 1 28 27 65 65
1142_0068_0033_0066_0066.jpg 1 68 33 66 66
1143_0036_0014_0092_0092.jpg 1 36 14 92 92
