0001_0041_0028_0082_0082.jpg 1 41 28 82 82
0002_0074_0018_0027_0027.jpg 1 74 18 27 27
0003_0019_0022_0061_0061.jpg 1 19 22 61 61
0004_0020_0051_0024_0024.jpg 1 20 51 24 24
0005_0021_0012_0076_0076.jpg 1 21 12 76 76
0006_0035_0081_0038_0038.jpg 1 35 81 38 38
0007_0084_0069_0047_0047.jpg 1 84 69 47 47
0008_0060_0016_0030_0030.jpg 1 60 16 30 30
0009_0094_0042_0030_0030.jpg 1 94 42 30 30
0010_0013_0034_0101_0101.jpg 1 13 34 101 101
0011_0017_0049_0077_0077.jpg 1 17 49 77 77
0012_0051_0035_0065_0065.jpg 1 51 35 65 65
0013_0046_0046_0044_0044.jpg 1 46 46 44 44
0014_0074_0035_0045_0045.jpg 1 74 35 45 45
0015_0071_0039_0052_0052.jpg 1 71 39 52 52
0016_0011_0026_0100_0100.jpg 1 11 26 100 100
0017_0005_0035_0103_0103.jpg 1 5 35 103 103
0018_0043_0023_0088_0088.jpg 1 43 23 88 88
0019_0037_0046_0089_0089.jpg 1 37 46 89 89
0020_0032_0018_0088_0088.jpg 1 32 18 88 88
0021_0039_0048_0050_0050.jpg 1 39 48 50 50
0022_0027_0027_0096_0096.jpg 1 27 27 96 96
0023_0024_0038_0073_0073.jpg 1 24 38 73 73
0024_0067_0068_0066_0066.jpg 1 67 68 66 66
0025_0042_0034_0051_0051.jpg 1 42 34 51 51
0026_0067_0010_0059_0059.jpg 1 67 10 59 59
0027_0020_0060_0036_0036.jpg 1 20 60 36 36
0028_0051_0014_0076_0076.jpg 1 51 14 76 76
0029_0016_0032_0096_0096.jpg 1 16 32 96 96
0030_0053_0049_0054_0054.jpg 1 53 49 54 54
0031_0031_0015_0036_0036.jpg 1 31 15 36 36
0032_0047_0075_0053_0053.jpg 1 47 75 53 53
0033_0087_0070_0048_0048.jpg 1 87 70 48 48
0034_0041_0108_0026_0026.jpg 1 41 108 26 26
0035_0015_0012_0058_0058.jpg 1 15 12 58 58
0036_0029_0024_0040_0040.jpg 1 29 24 40 40
0037_0016_0015_0032_0032.jpg 1 16 15 32 32
0038_0073_0034_0053_0053.jpg 1 73 34 53 53
0039_0007_0039_0096_0096.jpg 1 7 39 96 96
0040_0011_0035_0089_0089.jpg 1 11 35 89 89
0041_0039_0038_0074_0074.jpg 1 39 38 74 74
0042_0084_0024_0025_0025.jpg 1 84 24 25 25
0043_0050_0031_0047_0047.jpg 1 50 31 47 47
0044_0054_0097_0030_0030.jpg 1 54 97 30 30
0045_0032_0038_0103_0103.jpg 1 32 38 103 103
0046_0089_0044_0037_0037.jpg 1 89 44 37 37
0047_0016_0059_0050_0050.jpg 1 16 59 50 50
0048_0051_0030_0066_0066.jpg 1 51 30 66 66
0049_0078_0036_0035_0035.jpg 1 78 36 35 35
0050_0053_0044_0087_0087.jpg 1 53 44 87 87
0051_0082_0052_0046_0046.jpg 1 82 52 46 46
0052_0085_0070_0027_0027.jpg 1 85 70 27 27
0053_0006_0012_0094_0094.jpg 1 6 12 94 94
0054_0016_0046_0025_0025.jpg 1 16 46 25 25
0055_0053_0042_0032_0032.jpg 1 53 42 32 32
0056_0009_0032_0081_0081.jpg 1 9 32 81 81
0057_0037_0053_0048_0048.jpg 1 37 53 48 48
0058_0052_0051_0088_0088.jpg 1 52 51 88 88
0059_0075_0051_0047_0047.jpg 1 75 51 47 47
0060_0052_0042_0076_0076.jpg 1 52 42 76 76
0061_0096_0084_0024_0024.jpg 1 96 84 24 24
0062_0020_0084_0030_0030.jpg 1 20 84 30 30
0063_0067_0041_0073_0073.jpg 1 67 41 73 73
0064_0025_0055_0072_0072.jpg 1 25 55 72 72
0065_0061_0023_0057_0057.jpg 1 61 23 57 57
0066_0084_0051_0025_0025.jpg 1 84 51 25 25
0067_0068_0075_0053_0053.jpg 1 68 75 53 53
0068_0047_0033_0053_0053.jpg 1 47 33 53 53
0069_0028_0028_0092_0092.jpg 1 28 28 92 92
0070_0014_0047_0092_0092.jpg 1 14 47 92 92
0071_0017_0036_0097_0097.jpg 1 17 36 97 97
0072_0023_0037_0094_0094.jpg 1 23 37 94 94
0073_0041_0056_0062_0062.jpg 1 41 56 62 62
0074_0047_0043_0057_0057.jpg 1 47 43 57 57
0075_0088_0093_0032_0032.jpg 1 88 93 32 32
0076_0021_0011_0079_0079.jpg 1 21 11 79 79
0077_0006_0031_0092_0092.jpg 1 6 31 92 92
0078_0040_0065_0077_0077.jpg 1 40 65 77 77
0079_0072_0048_0045_0045.jpg 1 72 48 45 45
0080_0052_0007_0089_0089.jpg 1 52 7 89 89
0081_0040_0030_0077_0077.jpg 1 40 30 77 77
0082_0083_0106_0025_0025.jpg 1 83 106 25 25
0083_0089_0042_0042_0042.jpg 1 89 42 42 42
0084_0029_0029_0057_0057.jpg 1 29 29 57 57
0085_0014_0095_0028_0028.jpg 1 14 95 28 28
0086_0087_0015_0051_0051.jpg 1 87 15 51 51
0087_0052_0030_0042_0042.jpg 1 52 30 42 42
0088_0052_0021_0081_0081.jpg 1 52 21 81 81
0089_0028_0020_0045_0045.jpg 1 28 20 45 45
0090_0033_0027_0097_0097.jpg 1 33 27 97 97
0091_0048_0016_0076_0076.jpg 1 48 16 76 76
0092_0037_0028_0102_0102.jpg 1 37 28 102 102
0093_0032_0048_0080_0080.jpg 1 32 48 80 80
0094_0015_0053_0084_0084.jpg 1 15 53 84 84
0095_0053_0063_0063_0063.jpg 1 53 63 63 63
0096_0071_0076_0029_0029.jpg 1 71 76 29 29
0097_0050_0029_0073_0073.jpg 1 50 29 73 73
0098_0030_0031_0104_0104.jpg 1 30 31 104 104
0099_0075_0039_0025_0025.jpg 1 75 39 25 25
0100_0011_0023_0092_0092.jpg 1 11 23 92 92
0101_0081_0058_0046_0046.jpg 1 81 58 46 46
0102_0050_0045_0067_0067.jpg 1 50 45 67 67
0103_0019_0053_0032_0032.jpg 1 19 53 32 32
0104_0024_0026_0096_0096.jpg 1 24 26 96 96
0105_0028_0019_0063_0063.jpg 1 28 19 63 63
0106_0033_0033_0077_0077.jpg 1 33 33 77 77
0107_0082_0029_0042_0042.jpg 1 82 29 42 42
0108_0060_0067_0050_0050.jpg 1 60 67 50 50
0109_0031_0033_0101_0101.jpg 1 31 33 101 101
0110_0018_0053_0071_0071.jpg 1 18 53 71 71
0111_0034_0006_0100_0100.jpg 1 34 6 100 100
0112_0050_0018_0046_0046.jpg 1 50 18 46 46
0113_0073_0056_0048_0048.jpg 1 73 56 48 48
0114_0010_0058_0081_0081.jpg 1 10 58 81 81
0115_0018_0027_0073_0073.jpg 1 18 27 73 73
0116_0038_0005_0101_0101.jpg 1 38 5 101 101
0117_0012_0010_0078_0078.jpg 1 12 10 78 78
0118_0034_0043_0099_0099.jpg 1 34 43 99 99
0119_0008_0017_0103_0103.jpg 1 8 17 103 103
0120_0020_0045_0098_0098.jpg 1 20 45 98 98
0121_0050_0034_0086_0086.jpg 1 50 34 86 86
0122_0095_0032_0037_0037.jpg 1 95 32 37 37
0123_0017_0016_0027_0027.jpg 1 17 16 27 27
0124_0007_0019_0104_0104.jpg 1 7 19 104 104
0125_0036_0015_0092_0092.jpg 1 36 15 92 92
0126_0009_0020_0083_0083.jpg 1 9 20 83 83
0127_0044_0014_0096_0096.jpg 1 44 14 96 96
0128_0038_0058_0073_0073.jpg 1 38 58 73 73
0129_0047_0041_0085_0085.jpg 1 47 41 85 85
0130_0076_0042_0038_0038.jpg 1 76 42 38 38
0131_0075_0099_0028_0028.jpg 1 75 99 28 28
0132_0015_0075_0061_0061.jpg 1 15 75 61 61
0133_0024_0029_0045_0045.jpg 1 24 29 45 45
0134_0044_0020_0038_0038.jpg 1 44 20 38 38
0135_0043_0022_0050_0050.jpg 1 43 22 50 50
0136_0034_0026_0087_0087.jpg 1 34 26 87 87
0137_0044_0033_0098_0098.jpg 1 44 33 98 98
0138_0041_0019_0047_0047.jpg 1 41 19 47 47
0139_0014_0017_0070_0070.jpg 1 14 17 70 70
0140_0030_0014_0100_0100.jpg 1 30 14 100 100
0141_0005_0031_0102_0102.jpg 1 5 31 102 102
0142_0014_0093_0042_0042.jpg 1 14 93 42 42
0143_0036_0073_0047_0047.jpg 1 36 73 47 47
0144_0037_0031_0100_0100.jpg 1 37 31 100 100
0145_0070_0016_0031_0031.jpg 1 70 16 31 31
0146_0006_0030_0091_0091.jpg 1 6 30 91 91
0147_0012_0018_0104_0104.jpg 1 12 18 104 104
0148_0050_0050_0078_0078.jpg 1 50 50 78 78
0149_0079_0038_0047_0047.jpg 1 79 38 47 47
0150_0012_0029_0082_0082.jpg 1 12 29 82 82
0151_0038_0021_0103_0103.jpg 1 38 21 103 103
0152_0012_0040_0086_0086.jpg 1 12 40 86 86
0153_0056_0023_0035_0035.jpg 1 56 23 35 35
0154_0070_0063_0030_0030.jpg 1 70 63 30 30
0155_0032_0078_0060_0060.jpg 1 32 78 60 60
0156_0026_0007_0088_0088.jpg 1 26 7 88 88
0157_0072_0016_0045_0045.jpg 1 72 16 45 45
0158_0027_0042_0068_0068.jpg 1 27 42 68 68
0159_0021_0009_0073_0073.jpg 1 21 9 73 73
0160_0087_0011_0040_0040.jpg 1 87 11 40 40
0161_0012_0025_0085_0085.jpg 1 12 25 85 85
0162_0025_0013_0098_0098.jpg 1 25 13 98 98
0163_0066_0087_0043_0043.jpg 1 66 87 43 43
0164_0082_0024_0031_0031.jpg 1 82 24 31 31
0165_0029_0038_0054_0054.jpg 1 29 38 54 54
0166_0013_0012_0039_0039.jpg 1 13 12 39 39
0167_0040_0038_0051_0051.jpg 1 40 38 51 51
0168_0066_0062_0056_0056.jpg 1 66 62 56 56
0169_0102_0050_0032_0032.jpg 1 102 50 32 32
0170_0057_0051_0059_0059.jpg 1 57 51 59 59
0171_0036_0012_0034_0034.jpg 1 36 12 34 34
0172_0055_0060_0078_0078.jpg 1 55 60 78 78
0173_0077_0087_0051_0051.jpg 1 77 87 51 51
0174_0056_0083_0050_0050.jpg 1 56 83 50 50
0175_0082_0097_0030_0030.jpg 1 82 97 30 30
0176_0020_0016_0099_0099.jpg 1 20 16 99 99
0177_0012_0028_0078_0078.jpg 1 12 28 78 78
0178_0031_0038_0082_0082.jpg 1 31 38 82 82
0179_0007_0019_0091_0091.jpg 1 7 19 91 91
0180_0052_0047_0030_0030.jpg 1 52 47 30 30
0181_0022_0023_0103_0103.jpg 1 22 23 103 103
0182_0098_0074_0031_0031.jpg 1 98 74 31 31
0183_0031_0051_0029_0029.jpg 1 31 51 29 29
0184_0074_0073_0035_0035.jpg 1 74 73 35 35
0185_0019_0024_0101_0101.jpg 1 19 24 101 101
0186_0076_0090_0025_0025.jpg 1 76 90 25 25
0187_0079_0039_0049_0049.jpg 1 79 39 49 49
0188_0096_0012_0033_0033.jpg 1 96 12 33 33
0189_0066_0031_0065_0065.jpg 1 66 31 65 65
0190_0075_0068_0058_0058.jpg 1 75 68 58 58
0191_0091_0103_0035_0035.jpg 1 91 103 35 35
0192_0083_0057_0028_0028.jpg 1 83 57 28 28
0193_0032_0029_0079_0079.jpg 1 32 29 79 79
0194_0039_0022_0095_0095.jpg 1 39 22 95 95
0195_0032_0008_0102_0102.jpg 1 32 8 102 102
0196_0010_0011_0098_0098.jpg 1 10 11 98 98
0197_0091_0027_0045_0045.jpg 1 91 27 45 45
0198_0060_0042_0024_0024.jpg 1 60 42 24 24
0199_0057_0025_0040_0040.jpg 1 57 25 40 40
0200_0038_0026_0072_0072.jpg 1 38 26 72 72
0201_0027_0039_0082_0082.jpg 1 27 39 82 82
0202_0019_0020_0062_0062.jpg 1 19 20 62 62
0203_0021_0081_0035_0035.jpg 1 21 81 35 35
0204_0098_0031_0035_0035.jpg 1 98 31 35 35
0205_0016_0029_0051_0051.jpg 1 16 29 51 51
0206_0077_0048_0047_0047.jpg 1 77 48 47 47
0207_0049_0040_0078_0078.jpg 1 49 40 78 78
0208_0007_0026_0090_0090.jpg 1 7 26 90 90
0209_0089_0098_0028_0028.jpg 1 89 98 28 28
0210_0035_0025_0092_0092.jpg 1 35 25 92 92
0211_0050_0013_0091_0091.jpg 1 50 13 91 91
0212_0053_0098_0031_0031.jpg 1 53 98 31 31
0213_0009_0030_0088_0088.jpg 1 9 30 88 88
0214_0083_0009_0053_0053.jpg 1 83 9 53 53
0215_0076_0020_0034_0034.jpg 1 76 20 34 34
0216_0039_0006_0102_0102.jpg 1 39 6 102 102
0217_0017_0025_0067_0067.jpg 1 17 25 67 67
0218_0091_0047_0040_0040.jpg 1 91 47 40 40
0219_0021_0035_0072_0072.jpg 1 21 35 72 72
0220_0029_0035_0042_0042.jpg 1 29 35 42 42
0221_0005_0032_0097_0097.jpg 1 5 32 97 97
0222_0050_0055_0047_0047.jpg 1 50 55 47 47
0223_0086_0077_0037_0037.jpg 1 86 77 37 37
0224_0019_0064_0033_0033.jpg 1 19 64 33 33
0225_0045_0009_0062_0062.jpg 1 45 9 62 62
0226_0013_0012_0034_0034.jpg 1 13 12 34 34
0227_0061_0019_0056_0056.jpg 1 61 19 56 56
0228_0019_0037_0056_0056.jpg 1 19 37 56 56
0229_0011_0069_0066_0066.jpg 1 11 69 66 66
0230_0034_0043_0036_0036.jpg 1 34 43 36 36
0231_0029_0024_0069_0069.jpg 1 29 24 69 69
0232_0068_0046_0056_0056.jpg 1 68 46 56 56
0233_0066_0047_0040_0040.jpg 1 66 47 40 40
0234_0029_0029_0066_0066.jpg 1 29 29 66 66
0235_0049_0075_0028_0028.jpg 1 49 75 28 28
0236_0030_0018_0099_0099.jpg 1 30 18 99 99
0237_0024_0032_0104_0104.jpg 1 24 32 104 104
0238_0035_0020_0099_0099.jpg 1 35 20 99 99
0239_0016_0020_0095_0095.jpg 1 16 20 95 95
0240_0051_0048_0086_0086.jpg 1 51 48 86 86
0241_0023_0046_0042_0042.jpg 1 23 46 42 42
0242_0013_0031_0079_0079.jpg 1 13 31 79 79
0243_0014_0007_0089_0089.jpg 1 14 7 89 89
0244_0025_0011_0067_0067.jpg 1 25 11 67 67
0245_0012_0070_0058_0058.jpg 1 12 70 58 58
0246_0008_0047_0089_0089.jpg 1 8 47 89 89
0247_0051_0013_0046_0046.jpg 1 51 13 46 46
0248_0020_0091_0035_0035.jpg 1 20 91 35 35
0249_0041_0019_0093_0093.jpg 1 41 19 93 93
0250_0042_0019_0049_0049.jpg 1 42 19 49 49
0251_0071_0089_0038_0038.jpg 1 71 89 38 38
0252_0083_0050_0050_0050.jpg 1 83 50 50 50
0253_0023_0065_0035_0035.jpg 1 23 65 35 35
0254_0025_0025_0099_0099.jpg 1 25 25 99 99
0255_0027_0089_0049_0049.jpg 1 27 89 49 49
0256_0022_0045_0075_0075.jpg 1 22 45 75 75
0257_0024_0022_0092_0092.jpg 1 24 22 92 92
0258_0012_0038_0101_0101.jpg 1 12 38 101 101
0259_0022_0012_0039_0039.jpg 1 22 12 39 39
0260_0073_0060_0035_0035.jpg 1 73 60 35 35
0261_0085_0062_0043_0043.jpg 1 85 62 43 43
0262_0039_0033_0059_0059.jpg 1 39 33 59 59
0263_0083_0097_0041_0041.jpg 1 83 97 41 41
0264_0039_0022_0053_0053.jpg 1 39 22 53 53
0265_0038_0016_0076_0076.jpg 1 38 16 76 76
0266_0075_0029_0041_0041.jpg 1 75 29 41 41
0267_0040_0079_0043_0043.jpg 1 40 79 43 43
0268_0027_0030_0098_0098.jpg 1 27 30 98 98
0269_0007_0035_0080_0080.jpg 1 7 35 80 80
0270_0072_0063_0040_0040.jpg 1 72 63 40 40
0271_0080_0058_0032_0032.jpg 1 80 58 32 32
0272_0071_0017_0040_0040.jpg 1 71 17 40 40
0273_0046_0072_0030_0030.jpg 1 46 72 30 30
0274_0058_0020_0054_0054.jpg 1 58 20 54 54
0275_0027_0013_0097_0097.jpg 1 27 13 97 97
0276_0045_0035_0079_0079.jpg 1 45 35 79 79
0277_0026_0028_0092_0092.jpg 1 26 28 92 92
0278_0107_0092_0030_0030.jpg 1 107 92 30 30
0279_0014_0020_0083_0083.jpg 1 14 20 83 83
0280_0019_0039_0088_0088.jpg 1 19 39 88 88
0281_0030_0081_0033_0033.jpg 1 30 81 33 33
0282_0022_0057_0076_0076.jpg 1 22 57 76 76
0283_0014_0013_0104_0104.jpg 1 14 13 104 104
0284_0069_0021_0028_0028.jpg 1 69 21 28 28
0285_0084_0019_0035_0035.jpg 1 84 19 35 35
0286_0035_0012_0086_0086.jpg 1 35 12 86 86
0287_0066_0063_0075_0075.jpg 1 66 63 75 75
0288_0013_0022_0081_0081.jpg 1 13 22 81 81
0289_0010_0069_0065_0065.jpg 1 10 69 65 65
0290_0047_0059_0064_0064.jpg 1 47 59 64 64
0291_0072_0066_0067_0067.jpg 1 72 66 67 67
0292_0054_0022_0071_0071.jpg 1 54 22 71 71
0293_0031_0077_0038_0038.jpg 1 31 77 38 38
0294_0031_0035_0057_0057.jpg 1 31 35 57 57
0295_0010_0026_0078_0078.jpg 1 10 26 78 78
0296_0082_0060_0032_0032.jpg 1 82 60 32 32
0297_0012_0083_0053_0053.jpg 1 12 83 53 53
0298_0021_0053_0085_0085.jpg 1 21 53 85 85
0299_0025_0017_0029_0029.jpg 1 25 17 29 29
0300_0012_0034_0064_0064.jpg 1 12 34 64 64
0301_0012_0035_0100_0100.jpg 1 12 35 100 100
0302_0027_0079_0059_0059.jpg 1 27 79 59 59
0303_0029_0065_0051_0051.jpg 1 29 65 51 51
0304_0014_0017_0080_0080.jpg 1 14 17 80 80
0305_0033_0017_0075_0075.jpg 1 33 17 75 75
0306_0043_0043_0031_0031.jpg 1 43 43 31 31
0307_0030_0066_0054_0054.jpg 1 30 66 54 54
0308_0033_0043_0068_0068.jpg 1 33 43 68 68
0309_0029_0074_0033_0033.jpg 1 29 74 33 33
0310_0097_0017_0038_0038.jpg 1 97 17 38 38
0311_0059_0034_0032_0032.jpg 1 59 34 32 32
0312_0014_0008_0097_0097.jpg 1 14 8 97 97
0313_0049_0029_0047_0047.jpg 1 49 29 47 47
0314_0021_0066_0045_0045.jpg 1 21 66 45 45
0315_0010_0041_0046_0046.jpg 1 10 41 46 46
0316_0022_0065_0056_0056.jpg 1 22 65 56 56
0317_0059_0045_0059_0059.jpg 1 59 45 59 59
0318_0056_0079_0047_0047.jpg 1 56 79 47 47
0319_0041_0027_0046_0046.jpg 1 41 27 46 46
0320_0033_0092_0040_0040.jpg 1 33 92 40 40
0321_0031_0017_0052_0052.jpg 1 31 17 52 52
0322_0022_0030_0086_0086.jpg 1 22 30 86 86
0323_0032_0071_0063_0063.jpg 1 32 71 63 63
0324_0047_0029_0085_0085.jpg 1 47 29 85 85
0325_0089_0093_0042_0042.jpg 1 89 93 42 42
0326_0015_0039_0097_0097.jpg 1 15 39 97 97
0327_0032_0035_0046_0046.jpg 1 32 35 46 46
0328_0032_0022_0101_0101.jpg 1 32 22 101 101
0329_0088_0063_0039_0039.jpg 1 88 63 39 39
0330_0025_0032_0028_0028.jpg 1 25 32 28 28
0331_0023_0016_0090_0090.jpg 1 23 16 90 90
0332_0028_0008_0081_0081.jpg 1 28 8 81 81
0333_0025_0027_0099_0099.jpg 1 25 27 99 99
0334_0069_0068_0060_0060.jpg 1 69 68 60 60
0335_0040_0056_0070_0070.jpg 1 40 56 70 70
0336_0027_0037_0071_0071.jpg 1 27 37 71 71
0337_0010_0029_0077_0077.jpg 1 10 29 77 77
0338_0007_0007_0097_0097.jpg 1 7 7 97 97
0339_0041_0044_0064_0064.jpg 1 41 44 64 64
0340_0056_0063_0070_0070.jpg 1 56 63 70 70
0341_0019_0043_0097_0097.jpg 1 19 43 97 97
0342_0040_0052_0032_0032.jpg 1 40 52 32 32
0343_0029_0058_0068_0068.jpg 1 29 58 68 68
0344_0044_0044_0096_0096.jpg 1 44 44 96 96
0345_0024_0013_0051_0051.jpg 1 24 13 51 51
0346_0075_0022_0051_0051.jpg 1 75 22 51 51
0347_0070_0051_0034_0034.jpg 1 70 51 34 34
0348_0016_0022_0090_0090.jpg 1 16 22 90 90
0349_0023_0027_0066_0066.jpg 1 23 27 66 66
0350_0016_0053_0061_0061.jpg 1 16 53 61 61
0351_0045_0017_0085_0085.jpg 1 45 17 85 85
0352_0064_0074_0032_0032.jpg 1 64 74 32 32
0353_0035_0027_0046_0046.jpg 1 35 27 46 46
0354_0072_0065_0066_0066.jpg 1 72 65 66 66
0355_0045_0059_0066_0066.jpg 1 45 59 66 66
0356_0016_0046_0071_0071.jpg 1 16 46 71 71
0357_0013_0028_0102_0102.jpg 1 13 28 102 102
0358_0026_0093_0043_0043.jpg 1 26 93 43 43
0359_0080_0108_0029_0029.jpg 1 80 108 29 29
0360_0037_0008_0098_0098.jpg 1 37 8 98 98
0361_0026_0015_0057_0057.jpg 1 26 15 57 57
0362_0017_0046_0073_0073.jpg 1 17 46 73 73
0363_0043_0014_0043_0043.jpg 1 43 14 43 43
0364_0050_0077_0034_0034.jpg 1 50 77 34 34
0365_0070_0040_0032_0032.jpg 1 70 40 32 32
0366_0078_0015_0045_0045.jpg 1 78 15 45 45
0367_0047_0076_0064_0064.jpg 1 47 76 64 64
0368_0009_0008_0078_0078.jpg 1 9 8 78 78
0369_0082_0092_0032_0032.jpg 1 82 92 32 32
0370_0105_0028_0031_0031.jpg 1 105 28 31 31
0371_0041_0013_0079_0079.jpg 1 41 13 79 79
0372_0095_0074_0039_0039.jpg 1 95 74 39 39
0373_0058_0033_0083_0083.jpg 1 58 33 83 83
0374_0044_0040_0046_0046.jpg 1 44 40 46 46
0375_0038_0092_0033_0033.jpg 1 38 92 33 33
0376_0044_0044_0067_0067.jpg 1 44 44 67 67
0377_0040_0057_0057_0057.jpg 1 40 57 57 57
0378_0052_0036_0088_0088.jpg 1 52 36 88 88
0379_0058_0035_0036_0036.jpg 1 58 35 36 36
0380_0078_0066_0058_0058.jpg 1 78 66 58 58
0381_0049_0028_0055_0055.jpg 1 49 28 55 55
0382_0100_0087_0034_0034.jpg 1 100 87 34 34
0383_0016_0031_0063_0063.jpg 1 16 31 63 63
0384_0022_0057_0081_0081.jpg 1 22 57 81 81
0385_0035_0013_0036_0036.jpg 1 35 13 36 36
0386_0081_0077_0029_0029.jpg 1 81 77 29 29
0387_0013_0047_0096_0096.jpg 1 13 47 96 96
0388_0072_0032_0035_0035.jpg 1 72 32 35 35
0389_0007_0019_0099_0099.jpg 1 7 19 99 99
0390_0026_0051_0070_0070.jpg 1 26 51 70 70
0391_0046_0017_0068_0068.jpg 1 46 17 68 68
0392_0016_0041_0092_0092.jpg 1 16 41 92 92
0393_0059_0065_0056_0056.jpg 1 59 65 56 56
0394_0036_0010_0102_0102.jpg 1 36 10 102 102
0395_0109_0023_0028_0028.jpg 1 109 23 28 28
0396_0012_0015_0093_0093.jpg 1 12 15 93 93
0397_0091_0082_0039_0039.jpg 1 91 82 39 39
0398_0068_0010_0064_0064.jpg 1 68 10 64 64
0399_0030_0025_0050_0050.jpg 1 30 25 50 50
0400_0015_0022_0068_0068.jpg 1 15 22 68 68
0401_0019_0060_0045_0045.jpg 1 19 60 45 45
0402_0031_0035_0057_0057.jpg 1 31 35 57 57
0403_0040_0061_0035_0035.jpg 1 40 61 35 35
0404_0021_0050_0058_0058.jpg 1 21 50 58 58
0405_0047_0028_0073_0073.jpg 1 47 28 73 73
0406_0020_0033_0046_0046.jpg 1 20 33 46 46
0407_0050_0064_0047_0047.jpg 1 50 64 47 47
0408_0019_0010_0101_0101.jpg 1 19 10 101 101
0409_0041_0034_0077_0077.jpg 1 41 34 77 77
0410_0007_0025_0104_0104.jpg 1 7 25 104 104
0411_0013_0026_0077_0077.jpg 1 13 26 77 77
0412_0047_0031_0068_0068.jpg 1 47 31 68 68
0413_0028_0026_0104_0104.jpg 1 28 26 104 104
0414_0057_0012_0066_0066.jpg 1 57 12 66 66
0415_0018_0011_0095_0095.jpg 1 18 11 95 95
0416_0024_0017_0055_0055.jpg 1 24 17 55 55
0417_0040_0028_0093_0093.jpg 1 40 28 93 93
0418_0028_0020_0087_0087.jpg 1 28 20 87 87
0419_0013_0036_0100_0100.jpg 1 13 36 100 100
0420_0068_0087_0041_0041.jpg 1 68 87 41 41
0421_0070_0030_0033_0033.jpg 1 70 30 33 33
0422_0049_0044_0053_0053.jpg 1 49 44 53 53
0423_0019_0021_0104_0104.jpg 1 19 21 104 104
0424_0027_0012_0082_0082.jpg 1 27 12 82 82
0425_0004_0032_0102_0102.jpg 1 4 32 102 102
0426_0009_0066_0073_0073.jpg 1 9 66 73 73
0427_0019_0083_0039_0039.jpg 1 19 83 39 39
0428_0080_0043_0031_0031.jpg 1 80 43 31 31
0429_0055_0014_0086_0086.jpg 1 55 14 86 86
0430_0015_0012_0086_0086.jpg 1 15 12 86 86
0431_0055_0043_0074_0074.jpg 1 55 43 74 74
0432_0027_0038_0082_0082.jpg 1 27 38 82 82
0433_0033_0013_0039_0039.jpg 1 33 13 39 39
0434_0012_0040_0092_0092.jpg 1 12 40 92 92
0435_0062_0056_0050_0050.jpg 1 62 56 50 50
0436_0023_0021_0097_0097.jpg 1 23 21 97 97
0437_0006_0006_0093_0093.jpg 1 6 6 93 93
0438_0031_0043_0027_0027.jpg 1 31 43 27 27
0439_0065_0061_0037_0037.jpg 1 65 61 37 37
0440_0071_0035_0042_0042.jpg 1 71 35 42 42
0441_0018_0005_0100_0100.jpg 1 18 5 100 100
0442_0040_0034_0094_0094.jpg 1 40 34 94 94
0443_0048_0075_0051_0051.jpg 1 48 75 51 51
0444_0043_0029_0077_0077.jpg 1 43 29 77 77
0445_0072_0050_0057_0057.jpg 1 72 50 57 57
0446_0084_0045_0055_0055.jpg 1 84 45 55 55
0447_0015_0055_0075_0075.jpg 1 15 55 75 75
0448_0044_0044_0083_0083.jpg 1 44 44 83 83
0449_0008_0015_0101_0101.jpg 1 8 15 101 101
0450_0025_0011_0070_0070.jpg 1 25 11 70 70
0451_0019_0041_0073_0073.jpg 1 19 41 73 73
0452_0048_0033_0036_0036.jpg 1 48 33 36 36
0453_0015_0052_0071_0071.jpg 1 15 52 71 71
0454_0008_0043_0078_0078.jpg 1 8 43 78 78
0455_0014_0026_0025_0025.jpg 1 14 26 25 25
0456_0076_0068_0052_0052.jpg 1 76 68 52 52
0457_0034_0026_0101_0101.jpg 1 34 26 101 101
0458_0012_0055_0071_0071.jpg 1 12 55 71 71
0459_0032_0030_0060_0060.jpg 1 32 30 60 60
0460_0041_0028_0099_0099.jpg 1 41 28 99 99
0461_0045_0036_0087_0087.jpg 1 45 36 87 87
0462_0039_0018_0049_0049.jpg 1 39 18 49 49
0463_0085_0076_0055_0055.jpg 1 85 76 55 55
0464_0095_0098_0035_0035.jpg 1 95 98 35 35
0465_0068_0062_0052_0052.jpg 1 68 62 52 52
0466_0057_0067_0055_0055.jpg 1 57 67 55 55
0467_0053_0009_0087_0087.jpg 1 53 9 87 87
0468_0067_0064_0054_0054.jpg 1 67 64 54 54
0469_0042_0023_0056_0056.jpg 1 42 23 56 56
0470_0006_0009_0091_0091.jpg 1 6 9 91 91
0471_0062_0013_0068_0068.jpg 1 62 13 68 68
0472_0008_0018_0091_0091.jpg 1 8 18 91 91
0473_0036_0069_0064_0064.jpg 1 36 69 64 64
0474_0074_0075_0044_0044.jpg 1 74 75 44 44
0475_0057_0011_0061_0061.jpg 1 57 11 61 61
0476_0023_0044_0088_0088.jpg 1 23 44 88 88
0477_0038_0019_0042_0042.jpg 1 38 19 42 42
0478_0060_0086_0049_0049.jpg 1 60 86 49 49
0479_0061_0026_0045_0045.jpg 1 61 26 45 45
0480_0040_0034_0032_0032.jpg 1 40 34 32 32
0481_0075_0026_0036_0036.jpg 1 75 26 36 36
0482_0081_0018_0057_0057.jpg 1 81 18 57 57
0483_0040_0075_0031_0031.jpg 1 40 75 31 31
0484_0033_0023_0091_0091.jpg 1 33 23 91 91
0485_0007_0018_0088_0088.jpg 1 7 18 88 88
0486_0040_0054_0076_0076.jpg 1 40 54 76 76
0487_0083_0046_0044_0044.jpg 1 83 46 44 44
0488_0017_0061_0078_0078.jpg 1 17 61 78 78
0489_0008_0004_0101_0101.jpg 1 8 4 101 101
0490_0012_0073_0037_0037.jpg 1 12 73 37 37
0491_0062_0014_0044_0044.jpg 1 62 14 44 44
0492_0035_0068_0033_0033.jpg 1 35 68 33 33
0493_0031_0013_0046_0046.jpg 1 31 13 46 46
0494_0010_0028_0066_0066.jpg 1 10 28 66 66
0495_0064_0060_0036_0036.jpg 1 64 60 36 36
0496_0014_0012_0096_0096.jpg 1 14 12 96 96
0497_0094_0085_0043_0043.jpg 1 94 85 43 43
0498_0090_0028_0043_0043.jpg 1 90 28 43 43
0499_0093_0036_0024_0024.jpg 1 93 36 24 24
0500_0027_0075_0029_0029.jpg 1 27 75 29 29
0501_0030_0092_0031_0031.jpg 1 30 92 31 31
0502_0036_0049_0048_0048.jpg 1 36 49 48 48
0503_0012_0037_0099_0099.jpg 1 12 37 99 99
0504_0055_0084_0056_0056.jpg 1 55 84 56 56
0505_0048_0020_0072_0072.jpg 1 48 20 72 72
0506_0083_0051_0041_0041.jpg 1 83 51 41 41
0507_0074_0074_0034_0034.jpg 1 74 74 34 34
0508_0024_0076_0029_0029.jpg 1 24 76 29 29
0509_0097_0064_0027_0027.jpg 1 97 64 27 27
0510_0025_0070_0036_0036.jpg 1 25 70 36 36
0511_0043_0023_0100_0100.jpg 1 43 23 100 100
0512_0008_0061_0079_0079.jpg 1 8 61 79 79
0513_0029_0040_0079_0079.jpg 1 29 40 79 79
0514_0047_0048_0091_0091.jpg 1 47 48 91 91
0515_0027_0051_0082_0082.jpg 1 27 51 82 82
0516_0032_0058_0081_0081.jpg 1 32 58 81 81
0517_0016_0096_0043_0043.jpg 1 16 96 43 43
0518_0045_0030_0047_0047.jpg 1 45 30 47 47
0519_0032_0076_0045_0045.jpg 1 32 76 45 45
0520_0028_0047_0093_0093.jpg 1 28 47 93 93
0521_0012_0038_0078_0078.jpg 1 12 38 78 78
0522_0080_0036_0060_0060.jpg 1 80 36 60 60
0523_0056_0078_0049_0049.jpg 1 56 78 49 49
0524_0015_0057_0061_0061.jpg 1 15 57 61 61
0525_0035_0042_0090_0090.jpg 1 35 42 90 90
0526_0040_0041_0096_0096.jpg 1 40 41 96 96
0527_0033_0020_0087_0087.jpg 1 33 20 87 87
0528_0084_0083_0051_0051.jpg 1 84 83 51 51
0529_0050_0067_0028_0028.jpg 1 50 67 28 28
0530_0076_0050_0025_0025.jpg 1 76 50 25 25
0531_0058_0023_0046_0046.jpg 1 58 23 46 46
0532_0060_0045_0065_0065.jpg 1 60 45 65 65
0533_0038_0037_0102_0102.jpg 1 38 37 102 102
0534_0023_0013_0095_0095.jpg 1 23 13 95 95
0535_0030_0087_0025_0025.jpg 1 30 87 25 25
0536_0091_0090_0034_0034.jpg 1 91 90 34 34
0537_0013_0011_0056_0056.jpg 1 13 11 56 56
0538_0050_0012_0091_0091.jpg 1 50 12 91 91
0539_0016_0056_0058_0058.jpg 1 16 56 58 58
0540_0082_0022_0055_0055.jpg 1 82 22 55 55
0541_0055_0086_0048_0048.jpg 1 55 86 48 48
0542_0017_0030_0057_0057.jpg 1 17 30 57 57
0543_0039_0035_0062_0062.jpg 1 39 35 62 62
0544_0022_0044_0099_0099.jpg 1 22 44 99 99
0545_0010_0036_0094_0094.jpg 1 10 36 94 94
0546_0069_0013_0039_0039.jpg 1 69 13 39 39
0547_0059_0052_0069_0069.jpg 1 59 52 69 69
0548_0056_0042_0027_0027.jpg 1 56 42 27 27
0549_0107_0102_0025_0025.jpg 1 107 102 25 25
0550_0058_0047_0084_0084.jpg 1 58 47 84 84
0551_0027_0047_0066_0066.jpg 1 27 47 66 66
0552_0038_0026_0067_0067.jpg 1 38 26 67 67
0553_0027_0080_0045_0045.jpg 1 27 80 45 45
0554_0070_0090_0031_0031.jpg 1 70 90 31 31
0555_0020_0022_0097_0097.jpg 1 20 22 97 97
0556_0108_0090_0027_0027.jpg 1 108 90 27 27
0557_0040_0039_0095_0095.jpg 1 40 39 95 95
0558_0036_0040_0056_0056.jpg 1 36 40 56 56
0559_0030_0096_0036_0036.jpg 1 30 96 36 36
0560_0023_0030_0032_0032.jpg 1 23 30 32 32
0561_0061_0022_0054_0054.jpg 1 61 22 54 54
0562_0030_0083_0055_0055.jpg 1 30 83 55 55
0563_0045_0027_0093_0093.jpg 1 45 27 93 93
0564_0038_0016_0034_0034.jpg 1 38 16 34 34
0565_0027_0042_0035_0035.jpg 1 27 42 35 35
0566_0011_0051_0090_0090.jpg 1 11 51 90 90
0567_0040_0045_0079_0079.jpg 1 40 45 79 79
0568_0057_0067_0025_0025.jpg 1 57 67 25 25
0569_0040_0046_0057_0057.jpg 1 40 46 57 57
0570_0009_0034_0103_0103.jpg 1 9 34 103 103
0571_0042_0047_0078_0078.jpg 1 42 47 78 78
0572_0056_0011_0039_0039.jpg 1 56 11 39 39
0573_0010_0028_0101_0101.jpg 1 10 28 101 101
0574_0035_0041_0101_0101.jpg 1 35 41 101 101
0575_0019_0062_0057_0057.jpg 1 19 62 57 57
0576_0044_0055_0046_0046.jpg 1 44 55 46 46
0577_0019_0017_0102_0102.jpg 1 19 17 102 102
0578_0042_0037_0089_0089.jpg 1 42 37 89 89
0579_0021_0054_0055_0055.jpg 1 21 54 55 55
0580_0041_0031_0024_0024.jpg 1 41 31 24 24
0581_0053_0043_0082_0082.jpg 1 53 43 82 82
0582_0018_0011_0078_0078.jpg 1 18 11 78 78
0583_0040_0029_0037_0037.jpg 1 40 29 37 37
0584_0057_0018_0058_0058.jpg 1 57 18 58 58
0585_0017_0093_0042_0042.jpg 1 17 93 42 42
0586_0032_0034_0030_0030.jpg 1 32 34 30 30
0587_0021_0048_0055_0055.jpg 1 21 48 55 55
0588_0053_0026_0088_0088.jpg 1 53 26 88 88
0589_0042_0084_0049_0049.jpg 1 42 84 49 49
0590_0015_0022_0101_0101.jpg 1 15 22 101 101
0591_0063_0041_0078_0078.jpg 1 63 41 78 78
0592_0029_0012_0091_0091.jpg 1 29 12 91 91
0593_0105_0061_0031_0031.jpg 1 105 61 31 31
0594_0050_0024_0057_0057.jpg 1 50 24 57 57
0595_0030_0012_0057_0057.jpg 1 30 12 57 57
0596_0051_0008_0068_0068.jpg 1 51 8 68 68
0597_0044_0020_0083_0083.jpg 1 44 20 83 83
0598_0047_0029_0082_0082.jpg 1 47 29 82 82
0599_0012_0048_0088_0088.jpg 1 12 48 88 88
0600_0005_0036_0097_0097.jpg 1 5 36 97 97
0601_0056_0065_0067_0067.jpg 1 56 65 67 67
0602_0090_0031_0036_0036.jpg 1 90 31 36 36
0603_0009_0017_0090_0090.jpg 1 9 17 90 90
0604_0056_0056_0036_0036.jpg 1 56 56 36 36
0605_0076_0058_0041_0041.jpg 1 76 58 41 41
0606_0014_0047_0033_0033.jpg 1 14 47 33 33
0607_0060_0041_0045_0045.jpg 1 60 41 45 45
0608_0054_0058_0072_0072.jpg 1 54 58 72 72
0609_0041_0074_0053_0053.jpg 1 41 74 53 53
0610_0046_0052_0082_0082.jpg 1 46 52 82 82
0611_0068_0071_0062_0062.jpg 1 68 71 62 62
0612_0072_0041_0050_0050.jpg 1 72 41 50 50
0613_0067_0070_0034_0034.jpg 1 67 70 34 34
0614_0009_0025_0090_0090.jpg 1 9 25 90 90
0615_0072_0034_0058_0058.jpg 1 72 34 58 58
0616_0019_0052_0074_0074.jpg 1 19 52 74 74
0617_0050_0011_0066_0066.jpg 1 50 11 66 66
0618_0028_0035_0080_0080.jpg 1 28 35 80 80
0619_0021_0011_0095_0095.jpg 1 21 11 95 95
0620_0011_0046_0045_0045.jpg 1 11 46 45 45
0621_0016_0059_0045_0045.jpg 1 16 59 45 45
0622_0038_0063_0047_0047.jpg 1 38 63 47 47
0623_0038_0047_0027_0027.jpg 1 38 47 27 27
0624_0012_0020_0099_0099.jpg 1 12 20 99 99
0625_0037_0075_0029_0029.jpg 1 37 75 29 29
0626_0023_0016_0097_0097.jpg 1 23 16 97 97
0627_0029_0026_0101_0101.jpg 1 29 26 101 101
0628_0037_0014_0045_0045.jpg 1 37 14 45 45
0629_0025_0026_0100_0100.jpg 1 25 26 100 100
0630_0056_0045_0060_0060.jpg 1 56 45 60 60
0631_0063_0064_0071_0071.jpg 1 63 64 71 71
0632_0050_0011_0054_0054.jpg 1 50 11 54 54
0633_0094_0030_0032_0032.jpg 1 94 30 32 32
0634_0061_0033_0067_0067.jpg 1 61 33 67 67
0635_0056_0048_0074_0074.jpg 1 56 48 74 74
0636_0009_0033_0090_0090.jpg 1 9 33 90 90
0637_0012_0079_0057_0057.jpg 1 12 79 57 57
0638_0035_0056_0041_0041.jpg 1 35 56 41 41
0639_0037_0061_0061_0061.jpg 1 37 61 61 61
0640_0046_0027_0094_0094.jpg 1 46 27 94 94
0641_0051_0042_0069_0069.jpg 1 51 42 69 69
0642_0015_0009_0096_0096.jpg 1 15 9 96 96
0643_0067_0010_0051_0051.jpg 1 67 10 51 51
0644_0034_0027_0098_0098.jpg 1 34 27 98 98
0645_0012_0028_0104_0104.jpg 1 12 28 104 104
0646_0081_0034_0032_0032.jpg 1 81 34 32 32
0647_0037_0043_0081_0081.jpg 1 37 43 81 81
0648_0016_0049_0063_0063.jpg 1 16 49 63 63
0649_0047_0042_0090_0090.jpg 1 47 42 90 90
0650_0085_0088_0031_0031.jpg 1 85 88 31 31
0651_0045_0007_0090_0090.jpg 1 45 7 90 90
0652_0033_0015_0061_0061.jpg 1 33 15 61 61
0653_0089_0055_0047_0047.jpg 1 89 55 47 47
0654_0012_0044_0100_0100.jpg 1 12 44 100 100
0655_0031_0015_0069_0069.jpg 1 31 15 69 69
0656_0012_0009_0089_0089.jpg 1 12 9 89 89
0657_0083_0072_0053_0053.jpg 1 83 72 53 53
0658_0020_0038_0055_0055.jpg 1 20 38 55 55
0659_0085_0074_0037_0037.jpg 1 85 74 37 37
0660_0039_0025_0083_0083.jpg 1 39 25 83 83
0661_0033_0035_0091_0091.jpg 1 33 35 91 91
0662_0021_0043_0081_0081.jpg 1 21 43 81 81
0663_0028_0008_0099_0099.jpg 1 28 8 99 99
0664_0038_0032_0093_0093.jpg 1 38 32 93 93
0665_0057_0010_0054_0054.jpg 1 57 10 54 54
0666_0063_0055_0061_0061.jpg 1 63 55 61 61
0667_0093_0018_0044_0044.jpg 1 93 18 44 44
0668_0027_0013_0059_0059.jpg 1 27 13 59 59
0669_0011_0038_0066_0066.jpg 1 11 38 66 66
0670_0050_0060_0071_0071.jpg 1 50 60 71 71
0671_0064_0016_0035_0035.jpg 1 64 16 35 35
0672_0035_0034_0075_0075.jpg 1 35 34 75 75
0673_0024_0018_0076_0076.jpg 1 24 18 76 76
0674_0010_0030_0064_0064.jpg 1 10 30 64 64
0675_0019_0042_0072_0072.jpg 1 19 42 72 72
0676_0058_0045_0045_0045.jpg 1 58 45 45 45
0677_0048_0043_0080_0080.jpg 1 48 43 80 80
0678_0057_0012_0034_0034.jpg 1 57 12 34 34
0679_0010_0013_0074_0074.jpg 1 10 13 74 74
0680_0046_0014_0084_0084.jpg 1 46 14 84 84
0681_0088_0021_0025_0025.jpg 1 88 21 25 25
0682_0027_0089_0034_0034.jpg 1 27 89 34 34
0683_0023_0032_0051_0051.jpg 1 23 32 51 51
0684_0071_0020_0029_0029.jpg 1 71 20 29 29
0685_0029_0018_0099_0099.jpg 1 29 18 99 99
0686_0012_0036_0091_0091.jpg 1 12 36 91 91
0687_0016_0032_0033_0033.jpg 1 16 32 33 33
0688_0037_0012_0066_0066.jpg 1 37 12 66 66
0689_0068_0061_0072_0072.jpg 1 68 61 72 72
0690_0063_0031_0060_0060.jpg 1 63 31 60 60
0691_0084_0031_0054_0054.jpg 1 84 31 54 54
0692_0061_0069_0051_0051.jpg 1 61 69 51 51
0693_0045_0017_0083_0083.jpg 1 45 17 83 83
0694_0027_0052_0046_0046.jpg 1 27 52 46 46
0695_0061_0027_0064_0064.jpg 1 61 27 64 64
0696_0031_0050_0081_0081.jpg 1 31 50 81 81
0697_0058_0064_0070_0070.jpg 1 58 64 70 70
0698_0040_0039_0100_0100.jpg 1 40 39 100 100
0699_0016_0040_0070_0070.jpg 1 16 40 70 70
0700_0020_0015_0093_0093.jpg 1 20 15 93 93
0701_0071_0054_0062_0062.jpg 1 71 54 62 62
0702_0030_0042_0099_0099.jpg 1 30 42 99 99
0703_0029_0040_0072_0072.jpg 1 29 40 72 72
0704_0098_0041_0028_0028.jpg 1 98 41 28 28
0705_0040_0021_0081_0081.jpg 1 40 21 81 81
0706_0013_0019_0068_0068.jpg 1 13 19 68 68
0707_0070_0036_0046_0046.jpg 1 70 36 46 46
0708_0053_0058_0077_0077.jpg 1 53 58 77 77
0709_0011_0017_0104_0104.jpg 1 11 17 104 104
0710_0050_0016_0080_0080.jpg 1 50 16 80 80
0711_0046_0047_0064_0064.jpg 1 46 47 64 64
0712_0009_0012_0072_0072.jpg 1 9 12 72 72
0713_0031_0066_0024_0024.jpg 1 31 66 24 24
0714_0023_0034_0080_0080.jpg 1 23 34 80 80
0715_0044_0064_0027_0027.jpg 1 44 64 27 27
0716_0037_0079_0059_0059.jpg 1 37 79 59 59
0717_0079_0083_0055_0055.jpg 1 79 83 55 55
0718_0024_0026_0025_0025.jpg 1 24 26 25 25
0719_0101_0081_0032_0032.jpg 1 101 81 32 32
0720_0046_0095_0030_0030.jpg 1 46 95 30 30
0721_0006_0011_0087_0087.jpg 1 6 11 87 87
0722_0071_0027_0064_0064.jpg 1 71 27 64 64
0723_0094_0113_0024_0024.jpg 1 94 113 24 24
0724_0050_0029_0086_0086.jpg 1 50 29 86 86
0725_0031_0022_0101_0101.jpg 1 31 22 101 101
0726_0048_0019_0038_0038.jpg 1 48 19 38 38
0727_0095_0087_0041_0041.jpg 1 95 87 41 41
0728_0049_0049_0083_0083.jpg 1 49 49 83 83
0729_0018_0012_0041_0041.jpg 1 18 12 41 41
0730_0013_0069_0039_0039.jpg 1 13 69 39 39
0731_0054_0065_0045_0045.jpg 1 54 65 45 45
0732_0031_0087_0036_0036.jpg 1 31 87 36 36
0733_0031_0069_0067_0067.jpg 1 31 69 67 67
0734_0044_0043_0099_0099.jpg 1 44 43 99 99
0735_0031_0057_0082_0082.jpg 1 31 57 82 82
0736_0017_0010_0061_0061.jpg 1 17 10 61 61
0737_0036_0048_0060_0060.jpg 1 36 48 60 60
0738_0021_0025_0062_0062.jpg 1 21 25 62 62
0739_0045_0020_0072_0072.jpg 1 45 20 72 72
0740_0025_0037_0075_0075.jpg 1 25 37 75 75
0741_0008_0008_0102_0102.jpg 1 8 8 102 102
0742_0051_0022_0092_0092.jpg 1 51 22 92 92
0743_0099_0014_0036_0036.jpg 1 99 14 36 36
0744_0035_0011_0071_0071.jpg 1 35 11 71 71
0745_0098_0089_0034_0034.jpg 1 98 89 34 34
0746_0081_0072_0050_0050.jpg 1 81 72 50 50
0747_0029_0016_0091_0091.jpg 1 29 16 91 91
0748_0039_0065_0051_0051.jpg 1 39 65 51 51
0749_0043_0046_0025_0025.jpg 1 43 46 25 25
0750_0019_0046_0047_0047.jpg 1 19 46 47 47
0751_0056_0052_0046_0046.jpg 1 56 52 46 46
0752_0033_0031_0091_0091.jpg 1 33 31 91 91
0753_0071_0036_0044_0044.jpg 1 71 36 44 44
0754_0034_0056_0049_0049.jpg 1 34 56 49 49
0755_0025_0009_0098_0098.jpg 1 25 9 98 98
0756_0029_0055_0086_0086.jpg 1 29 55 86 86
0757_0050_0041_0077_0077.jpg 1 50 41 77 77
0758_0083_0094_0024_0024.jpg 1 83 94 24 24
0759_0010_0064_0065_0065.jpg 1 10 64 65 65
0760_0045_0041_0097_0097.jpg 1 45 41 97 97
0761_0035_0008_0104_0104.jpg 1 35 8 104 104
0762_0009_0025_0097_0097.jpg 1 9 25 97 97
0763_0016_0098_0031_0031.jpg 1 16 98 31 31
0764_0014_0081_0049_0049.jpg 1 14 81 49 49
0765_0034_0071_0049_0049.jpg 1 34 71 49 49
0766_0075_0040_0047_0047.jpg 1 75 40 47 47
0767_0042_0053_0069_0069.jpg 1 42 53 69 69
0768_0017_0029_0088_0088.jpg 1 17 29 88 88
0769_0007_0036_0094_0094.jpg 1 7 36 94 94
0770_0087_0096_0030_0030.jpg 1 87 96 30 30
0771_0081_0064_0047_0047.jpg 1 81 64 47 47
0772_0031_0014_0100_0100.jpg 1 31 14 100 100
0773_0017_0034_0096_0096.jpg 1 17 34 96 96
0774_0080_0048_0032_0032.jpg 1 80 48 32 32
0775_0053_0046_0077_0077.jpg 1 53 46 77 77
0776_0051_0017_0055_0055.jpg 1 51 17 55 55
0777_0039_0025_0031_0031.jpg 1 39 25 31 31
0778_0080_0063_0048_0048.jpg 1 80 63 48 48
0779_0051_0016_0070_0070.jpg 1 51 16 70 70
0780_0026_0052_0080_0080.jpg 1 26 52 80 80
0781_0104_0086_0031_0031.jpg 1 104 86 31 31
0782_0083_0024_0032_0032.jpg 1 83 24 32 32
0783_0068_0084_0051_0051.jpg 1 68 84 51 51
0784_0039_0010_0068_0068.jpg 1 39 10 68 68
0785_0034_0020_0101_0101.jpg 1 34 20 101 101
0786_0068_0074_0053_0053.jpg 1 68 74 53 53
0787_0026_0011_0044_0044.jpg 1 26 11 44 44
0788_0037_0067_0052_0052.jpg 1 37 67 52 52
0789_0017_0008_0070_0070.jpg 1 17 8 70 70
0790_0031_0007_0098_0098.jpg 1 31 7 98 98
0791_0092_0078_0025_0025.jpg 1 92 78 25 25
0792_0090_0044_0029_0029.jpg 1 90 44 29 29
0793_0022_0068_0069_0069.jpg 1 22 68 69 69
0794_0012_0077_0037_0037.jpg 1 12 77 37 37
0795_0025_0037_0095_0095.jpg 1 25 37 95 95
0796_0075_0010_0061_0061.jpg 1 75 10 61 61
0797_0018_0019_0046_0046.jpg 1 18 19 46 46
0798_0031_0035_0088_0088.jpg 1 31 35 88 88
0799_0049_0029_0051_0051.jpg 1 49 29 51 51
0800_0022_0079_0033_0033.jpg 1 22 79 33 33
0801_0091_0032_0045_0045.jpg 1 91 32 45 45
0802_0045_0069_0056_0056.jpg 1 45 69 56 56
0803_0100_0064_0025_0025.jpg 1 100 64 25 25
0804_0101_0109_0028_0028.jpg 1 101 109 28 28
0805_0029_0046_0084_0084.jpg 1 29 46 84 84
0806_0070_0032_0059_0059.jpg 1 70 32 59 59
0807_0065_0034_0027_0027.jpg 1 65 34 27 27
0808_0030_0034_0096_0096.jpg 1 30 34 96 96
0809_0099_0056_0029_0029.jpg 1 99 56 29 29
0810_0029_0045_0099_0099.jpg 1 29 45 99 99
0811_0080_0040_0060_0060.jpg 1 80 40 60 60
0812_0022_0013_0093_0093.jpg 1 22 13 93 93
0813_0079_0019_0032_0032.jpg 1 79 19 32 32
0814_0031_0048_0064_0064.jpg 1 31 48 64 64
0815_0047_0047_0079_0079.jpg 1 47 47 79 79
0816_0048_0057_0029_0029.jpg 1 48 57 29 29
0817_0028_0004_0102_0102.jpg 1 28 4 102 102
0818_0015_0025_0025_0025.jpg 1 15 25 25 25
0819_0072_0067_0060_0060.jpg 1 72 67 60 60
0820_0016_0018_0066_0066.jpg 1 16 18 66 66
0821_0036_0019_0076_0076.jpg 1 36 19 76 76
0822_0015_0029_0095_0095.jpg 1 15 29 95 95
0823_0029_0038_0066_0066.jpg 1 29 38 66 66
0824_0010_0022_0097_0097.jpg 1 10 22 97 97
0825_0021_0050_0092_0092.jpg 1 21 50 92 92
0826_0036_0102_0028_0028.jpg 1 36 102 28 28
0827_0049_0046_0047_0047.jpg 1 49 46 47 47
0828_0031_0042_0077_0077.jpg 1 31 42 77 77
0829_0018_0012_0103_0103.jpg 1 18 12 103 103
0830_0075_0073_0034_0034.jpg 1 75 73 34 34
0831_0055_0066_0032_0032.jpg 1 55 66 32 32
0832_0028_0033_0082_0082.jpg 1 28 33 82 82
0833_0009_0007_0098_0098.jpg 1 9 7 98 98
0834_0011_0018_0085_0085.jpg 1 11 18 85 85
0835_0022_0059_0056_0056.jpg 1 22 59 56 56
0836_0055_0023_0079_0079.jpg 1 55 23 79 79
0837_0035_0023_0074_0074.jpg 1 35 23 74 74
0838_0095_0071_0035_0035.jpg 1 95 71 35 35
0839_0008_0029_0089_0089.jpg 1 8 29 89 89
0840_0045_0031_0098_0098.jpg 1 45 31 98 98
0841_0015_0074_0038_0038.jpg 1 15 74 38 38
0842_0027_0055_0047_0047.jpg 1 27 55 47 47
0843_0045_0039_0080_0080.jpg 1 45 39 80 80
0844_0042_0036_0096_0096.jpg 1 42 36 96 96
0845_0026_0052_0067_0067.jpg 1 26 52 67 67
0846_0040_0049_0036_0036.jpg 1 40 49 36 36
0847_0026_0085_0045_0045.jpg 1 26 85 45 45
0848_0018_0007_0094_0094.jpg 1 18 7 94 94
0849_0011_0048_0074_0074.jpg 1 11 48 74 74
0850_0047_0027_0053_0053.jpg 1 47 27 53 53
0851_0045_0025_0059_0059.jpg 1 45 25 59 59
0852_0063_0053_0043_0043.jpg 1 63 53 43 43
0853_0013_0013_0041_0041.jpg 1 13 13 41 41
0854_0044_0024_0062_0062.jpg 1 44 24 62 62
0855_0024_0018_0090_0090.jpg 1 24 18 90 90
0856_0052_0085_0051_0051.jpg 1 52 85 51 51
0857_0073_0048_0043_0043.jpg 1 73 48 43 43
0858_0016_0037_0085_0085.jpg 1 16 37 85 85
0859_0016_0036_0104_0104.jpg 1 16 36 104 104
0860_0064_0029_0075_0075.jpg 1 64 29 75 75
0861_0066_0018_0042_0042.jpg 1 66 18 42 42
0862_0025_0035_0094_0094.jpg 1 25 35 94 94
0863_0038_0074_0066_0066.jpg 1 38 74 66 66
0864_0048_0054_0081_0081.jpg 1 48 54 81 81
0865_0031_0058_0037_0037.jpg 1 31 58 37 37
0866_0068_0040_0058_0058.jpg 1 68 40 58 58
0867_0054_0034_0024_0024.jpg 1 54 34 24 24
0868_0010_0026_0096_0096.jpg 1 10 26 96 96
0869_0021_0033_0068_0068.jpg 1 21 33 68 68
0870_0061_0055_0068_0068.jpg 1 61 55 68 68
0871_0087_0071_0051_0051.jpg 1 87 71 51 51
0872_0031_0034_0076_0076.jpg 1 31 34 76 76
0873_0060_0068_0051_0051.jpg 1 60 68 51 51
0874_0012_0014_0078_0078.jpg 1 12 14 78 78
0875_0040_0056_0064_0064.jpg 1 40 56 64 64
0876_0064_0086_0046_0046.jpg 1 64 86 46 46
0877_0049_0023_0081_0081.jpg 1 49 23 81 81
0878_0051_0051_0090_0090.jpg 1 51 51 90 90
0879_0045_0048_0089_0089.jpg 1 45 48 89 89
0880_0027_0018_0097_0097.jpg 1 27 18 97 97
0881_0026_0081_0024_0024.jpg 1 26 81 24 24
0882_0046_0077_0061_0061.jpg 1 46 77 61 61
0883_0030_0043_0050_0050.jpg 1 30 43 50 50
0884_0054_0015_0078_0078.jpg 1 54 15 78 78
0885_0052_0054_0060_0060.jpg 1 52 54 60 60
0886_0006_0008_0103_0103.jpg 1 6 8 103 103
0887_0007_0023_0097_0097.jpg 1 7 23 97 97
0888_0047_0044_0046_0046.jpg 1 47 44 46 46
0889_0044_0025_0058_0058.jpg 1 44 25 58 58
0890_0010_0071_0070_0070.jpg 1 10 71 70 70
0891_0036_0015_0063_0063.jpg 1 36 15 63 63
0892_0032_0027_0027_0027.jpg 1 32 27 27 27
0893_0057_0018_0061_0061.jpg 1 57 18 61 61
0894_0084_0061_0049_0049.jpg 1 84 61 49 49
0895_0071_0067_0036_0036.jpg 1 71 67 36 36
0896_0015_0072_0053_0053.jpg 1 15 72 53 53
0897_0061_0071_0044_0044.jpg 1 61 71 44 44
0898_0016_0046_0027_0027.jpg 1 16 46 27 27
0899_0006_0044_0086_0086.jpg 1 6 44 86 86
0900_0036_0079_0028_0028.jpg 1 36 79 28 28
0901_0011_0042_0058_0058.jpg 1 11 42 58 58
0902_0033_0023_0103_0103.jpg 1 33 23 103 103
0903_0036_0007_0102_0102.jpg 1 36 7 102 102
0904_0028_0057_0040_0040.jpg 1 28 57 40 40
0905_0030_0058_0050_0050.jpg 1 30 58 50 50
0906_0102_0035_0032_0032.jpg 1 102 35 32 32
0907_0066_0043_0068_0068.jpg 1 66 43 68 68
0908_0010_0036_0062_0062.jpg 1 10 36 62 62
0909_0043_0013_0071_0071.jpg 1 43 13 71 71
0910_0047_0028_0075_0075.jpg 1 47 28 75 75
0911_0086_0064_0034_0034.jpg 1 86 64 34 34
0912_0066_0069_0036_0036.jpg 1 66 69 36 36
0913_0051_0039_0087_0087.jpg 1 51 39 87 87
0914_0066_0088_0041_0041.jpg 1 66 88 41 41
0915_0059_0049_0083_0083.jpg 1 59 49 83 83
0916_0013_0040_0060_0060.jpg 1 13 40 60 60
0917_0048_0047_0081_0081.jpg 1 48 47 81 81
0918_0063_0015_0068_0068.jpg 1 63 15 68 68
0919_0028_0055_0024_0024.jpg 1 28 55 24 24
0920_0018_0093_0043_0043.jpg 1 18 93 43 43
0921_0044_0028_0067_0067.jpg 1 44 28 67 67
0922_0106_0068_0027_0027.jpg 1 106 68 27 27
0923_0057_0030_0057_0057.jpg 1 57 30 57 57
0924_0023_0022_0069_0069.jpg 1 23 22 69 69
0925_0063_0039_0079_0079.jpg 1 63 39 79 79
0926_0013_0096_0033_0033.jpg 1 13 96 33 33
0927_0039_0050_0072_0072.jpg 1 39 50 72 72
0928_0039_0055_0076_0076.jpg 1 39 55 76 76
0929_0040_0013_0050_0050.jpg 1 40 13 50 50
0930_0087_0055_0051_0051.jpg 1 87 55 51 51
0931_0065_0033_0058_0058.jpg 1 65 33 58 58
0932_0067_0071_0062_0062.jpg 1 67 71 62 62
0933_0033_0026_0092_0092.jpg 1 33 26 92 92
0934_0046_0082_0042_0042.jpg 1 46 82 42 42
0935_0052_0085_0025_0025.jpg 1 52 85 25 25
0936_0032_0043_0096_0096.jpg 1 32 43 96 96
0937_0035_0028_0102_0102.jpg 1 35 28 102 102
0938_0015_0016_0098_0098.jpg 1 15 16 98 98
0939_0015_0091_0028_0028.jpg 1 15 91 28 28
0940_0019_0038_0104_0104.jpg 1 19 38 104 104
0941_0012_0012_0091_0091.jpg 1 12 12 91 91
0942_0023_0035_0030_0030.jpg 1 23 35 30 30
0943_0038_0084_0037_0037.jpg 1 38 84 37 37
0944_0026_0060_0047_0047.jpg 1 26 60 47 47
0945_0060_0059_0065_0065.jpg 1 60 59 65 65
0946_0069_0018_0060_0060.jpg 1 69 18 60 60
0947_0011_0044_0042_0042.jpg 1 11 44 42 42
0948_0091_0087_0048_0048.jpg 1 91 87 48 48
0949_0060_0020_0066_0066.jpg 1 60 20 66 66
0950_0042_0025_0095_0095.jpg 1 42 25 95 95
0951_0080_0056_0048_0048.jpg 1 80 56 48 48
0952_0046_0040_0051_0051.jpg 1 46 40 51 51
0953_0054_0060_0070_0070.jpg 1 54 60 70 70
0954_0041_0048_0088_0088.jpg 1 41 48 88 88
0955_0044_0025_0058_0058.jpg 1 44 25 58 58
0956_0032_0023_0067_0067.jpg 1 32 23 67 67
0957_0069_0103_0032_0032.jpg 1 69 103 32 32
0958_0026_0008_0104_0104.jpg 1 26 8 104 104
0959_0092_0075_0033_0033.jpg 1 92 75 33 33
0960_0024_0028_0084_0084.jpg 1 24 28 84 84
0961_0029_0084_0043_0043.jpg 1 29 84 43 43
0962_0029_0067_0068_0068.jpg 1 29 67 68 68
0963_0048_0026_0089_0089.jpg 1 48 26 89 89
0964_0055_0012_0057_0057.jpg 1 55 12 57 57
0965_0025_0021_0024_0024.jpg 1 25 21 24 24
0966_0034_0041_0099_0099.jpg 1 34 41 99 99
0967_0040_0089_0047_0047.jpg 1 40 89 47 47
0968_0084_0040_0036_0036.jpg 1 84 40 36 36
0969_0047_0060_0082_0082.jpg 1 47 60 82 82
0970_0073_0072_0056_0056.jpg 1 73 72 56 56
0971_0014_0042_0096_0096.jpg 1 14 42 96 96
0972_0057_0025_0048_0048.jpg 1 57 25 48 48
0973_0006_0041_0098_0098.jpg 1 6 41 98 98
0974_0075_0020_0060_0060.jpg 1 75 20 60 60
0975_0064_0040_0054_0054.jpg 1 64 40 54 54
0976_0028_0025_0035_0035.jpg 1 28 25 35 35
0977_0049_0070_0027_0027.jpg 1 49 70 27 27
0978_0055_0053_0050_0050.jpg 1 55 53 50 50
0979_0094_0042_0041_0041.jpg 1 94 42 41 41
0980_0039_0081_0025_0025.jpg 1 39 81 25 25
0981_0063_0014_0058_0058.jpg 1 63 14 58 58
0982_0080_0011_0056_0056.jpg 1 80 11 56 56
0983_0041_0043_0095_0095.jpg 1 41 43 95 95
0984_0069_0083_0035_0035.jpg 1 69 83 35 35
0985_0041_0047_0043_0043.jpg 1 41 47 43 43
0986_0035_0027_0060_0060.jpg 1 35 27 60 60
0987_0028_0031_0056_0056.jpg 1 28 31 56 56
0988_0070_0022_0045_0045.jpg 1 70 22 45 45
0989_0032_0058_0057_0057.jpg 1 32 58 57 57
0990_0009_0026_0096_0096.jpg 1 9 26 96 96
0991_0025_0061_0079_0079.jpg 1 25 61 79 79
0992_0037_0072_0036_0036.jpg 1 37 72 36 36
0993_0018_0066_0066_0066.jpg 1 18 66 66 66
0994_0067_0075_0038_0038.jpg 1 67 75 38 38
0995_0042_0030_0079_0079.jpg 1 42 30 79 79
0996_0026_0049_0084_0084.jpg 1 26 49 84 84
0997_0019_0079_0053_0053.jpg 1 19 79 53 53
0998_0047_0022_0071_0071.jpg 1 47 22 71 71
0999_0059_0026_0079_0079.jpg 1 59 26 79 79
1000_0073_0081_0041_0041.jpg 1 73 81 41 41
1001_0012_0012_0085_0085.jpg 1 12 12 85 85
1002_0065_0027_0071_0071.jpg 1 65 27 71 71
1003_0041_0010_0075_0075.jpg 1 41 10 75 75
1004_0083_0035_0050_0050.jpg 1 83 35 50 50
1005_0062_0016_0028_0028.jpg 1 62 16 28 28
1006_0110_0107_0024_0024.jpg 1 110 107 24 24
1007_0009_0050_0060_0060.jpg 1 9 50 60 60
1008_0016_0040_0081_0081.jpg 1 16 40 81 81
1009_0025_0064_0077_0077.jpg 1 25 64 77 77
1010_0056_0046_0087_0087.jpg 1 56 46 87 87
1011_0015_0043_0094_0094.jpg 1 15 43 94 94
1012_0041_0010_0102_0102.jpg 1 41 10 102 102
1013_0034_0028_0074_0074.jpg 1 34 28 74 74
1014_0014_0019_0091_0091.jpg 1 14 19 91 91
1015_0029_0081_0044_0044.jpg 1 29 81 44 44
1016_0014_0029_0068_0068.jpg 1 14 29 68 68
1017_0028_0018_0059_0059.jpg 1 28 18 59 59
1018_0011_0020_0102_0102.jpg 1 11 20 102 102
1019_0060_0019_0067_0067.jpg 1 60 19 67 67
1020_0052_0024_0051_0051.jpg 1 52 24 51 51
1021_0058_0027_0063_0063.jpg 1 58 27 63 63
1022_0062_0033_0027_0027.jpg 1 62 33 27 27
1023_0012_0024_0098_0098.jpg 1 12 24 98 98
1024_0027_0019_0099_0099.jpg 1 27 19 99 99
1025_0042_0078_0062_0062.jpg 1 42 78 62 62
1026_0047_0028_0083_0083.jpg 1 47 28 83 83
1027_0017_0035_0103_0103.jpg 1 17 35 103 103
1028_0031_0062_0038_0038.jpg 1 31 62 38 38
1029_0064_0034_0070_0070.jpg 1 64 34 70 70
1030_0083_0072_0034_0034.jpg 1 83 72 34 34
1031_0048_0020_0056_0056.jpg 1 48 20 56 56
1032_0032_0015_0058_0058.jpg 1 32 15 58 58
1033_0008_0045_0089_0089.jpg 1 8 45 89 89
1034_0033_0035_0039_0039.jpg 1 33 35 39 39
1035_0020_0098_0026_0026.jpg 1 20 98 26 26
1036_0031_0032_0085_0085.jpg 1 31 32 85 85
1037_0031_0007_0079_0079.jpg 1 31 7 79 79
1038_0103_0074_0031_0031.jpg 1 103 74 31 31
1039_0010_0045_0089_0089.jpg 1 10 45 89 89
1040_0070_0032_0034_0034.jpg 1 70 32 34 34
